[35m[1mConsolidate compiler generated dependencies of target ldlidar_sl_ros2_node[0m
[100%] Built target ldlidar_sl_ros2_node
-- Install configuration: ""
-- Installing: /home/arjun/optimus1_ws/install/ldlidar_sl_ros2/lib/ldlidar_sl_ros2/ldlidar_sl_ros2_node
-- Set runtime path of "/home/arjun/optimus1_ws/install/ldlidar_sl_ros2/lib/ldlidar_sl_ros2/ldlidar_sl_ros2_node" to ""
-- Installing: /home/arjun/optimus1_ws/install/ldlidar_sl_ros2/share/ldlidar_sl_ros2//launch
-- Installing: /home/arjun/optimus1_ws/install/ldlidar_sl_ros2/share/ldlidar_sl_ros2//launch/viewer_ld14p.launch.py
-- Installing: /home/arjun/optimus1_ws/install/ldlidar_sl_ros2/share/ldlidar_sl_ros2//launch/ld14.launch.py
-- Installing: /home/arjun/optimus1_ws/install/ldlidar_sl_ros2/share/ldlidar_sl_ros2//launch/ld14p.launch.py
-- Installing: /home/arjun/optimus1_ws/install/ldlidar_sl_ros2/share/ldlidar_sl_ros2//launch/viewer_ld14.launch.py
-- Installing: /home/arjun/optimus1_ws/install/ldlidar_sl_ros2/share/ldlidar_sl_ros2//rviz2
-- Installing: /home/arjun/optimus1_ws/install/ldlidar_sl_ros2/share/ldlidar_sl_ros2//rviz2/ldlidar.rviz
-- Installing: /home/arjun/optimus1_ws/install/ldlidar_sl_ros2/share/ldlidar_sl_ros2//scripts
-- Installing: /home/arjun/optimus1_ws/install/ldlidar_sl_ros2/share/ldlidar_sl_ros2//scripts/delete_udev_rules.sh
-- Installing: /home/arjun/optimus1_ws/install/ldlidar_sl_ros2/share/ldlidar_sl_ros2//scripts/create_udev_rules.sh
-- Installing: /home/arjun/optimus1_ws/install/ldlidar_sl_ros2/share/ldlidar_sl_ros2//scripts/ldlidar.rules
-- Installing: /home/arjun/optimus1_ws/install/ldlidar_sl_ros2/share/ament_index/resource_index/package_run_dependencies/ldlidar_sl_ros2
-- Installing: /home/arjun/optimus1_ws/install/ldlidar_sl_ros2/share/ament_index/resource_index/parent_prefix_path/ldlidar_sl_ros2
-- Installing: /home/arjun/optimus1_ws/install/ldlidar_sl_ros2/share/ldlidar_sl_ros2/environment/ament_prefix_path.sh
-- Installing: /home/arjun/optimus1_ws/install/ldlidar_sl_ros2/share/ldlidar_sl_ros2/environment/ament_prefix_path.dsv
-- Installing: /home/arjun/optimus1_ws/install/ldlidar_sl_ros2/share/ldlidar_sl_ros2/environment/path.sh
-- Installing: /home/arjun/optimus1_ws/install/ldlidar_sl_ros2/share/ldlidar_sl_ros2/environment/path.dsv
-- Installing: /home/arjun/optimus1_ws/install/ldlidar_sl_ros2/share/ldlidar_sl_ros2/local_setup.bash
-- Installing: /home/arjun/optimus1_ws/install/ldlidar_sl_ros2/share/ldlidar_sl_ros2/local_setup.sh
-- Installing: /home/arjun/optimus1_ws/install/ldlidar_sl_ros2/share/ldlidar_sl_ros2/local_setup.zsh
-- Installing: /home/arjun/optimus1_ws/install/ldlidar_sl_ros2/share/ldlidar_sl_ros2/local_setup.dsv
-- Installing: /home/arjun/optimus1_ws/install/ldlidar_sl_ros2/share/ldlidar_sl_ros2/package.dsv
-- Installing: /home/arjun/optimus1_ws/install/ldlidar_sl_ros2/share/ament_index/resource_index/packages/ldlidar_sl_ros2
-- Installing: /home/arjun/optimus1_ws/install/ldlidar_sl_ros2/share/ldlidar_sl_ros2/cmake/ldlidar_sl_ros2Config.cmake
-- Installing: /home/arjun/optimus1_ws/install/ldlidar_sl_ros2/share/ldlidar_sl_ros2/cmake/ldlidar_sl_ros2Config-version.cmake
-- Installing: /home/arjun/optimus1_ws/install/ldlidar_sl_ros2/share/ldlidar_sl_ros2/package.xml
