[0.026s] Invoking command in '/home/arjun/optimus1_ws/build/ldlidar_sl_ros2': CMAKE_PREFIX_PATH=${CMAKE_PREFIX_PATH}:/home/arjun/opt_ws/install/my_bot_controller:/home/arjun/ros2_ws/install/my_robot_controller:/opt/ros/humble /usr/bin/cmake --build /home/arjun/optimus1_ws/build/ldlidar_sl_ros2 -- -j8 -l8
[0.099s] [35m[1mConsolidate compiler generated dependencies of target ldlidar_sl_ros2_node[0m
[0.152s] [100%] Built target ldlidar_sl_ros2_node
[0.167s] Invoked command in '/home/arjun/optimus1_ws/build/ldlidar_sl_ros2' returned '0': CMAKE_PREFIX_PATH=${CMAKE_PREFIX_PATH}:/home/arjun/opt_ws/install/my_bot_controller:/home/arjun/ros2_ws/install/my_robot_controller:/opt/ros/humble /usr/bin/cmake --build /home/arjun/optimus1_ws/build/ldlidar_sl_ros2 -- -j8 -l8
[0.200s] Invoking command in '/home/arjun/optimus1_ws/build/ldlidar_sl_ros2': CMAKE_PREFIX_PATH=${CMAKE_PREFIX_PATH}:/home/arjun/opt_ws/install/my_bot_controller:/home/arjun/ros2_ws/install/my_robot_controller:/opt/ros/humble /usr/bin/cmake --install /home/arjun/optimus1_ws/build/ldlidar_sl_ros2
[0.205s] -- Install configuration: ""
[0.206s] -- Installing: /home/arjun/optimus1_ws/install/ldlidar_sl_ros2/lib/ldlidar_sl_ros2/ldlidar_sl_ros2_node
[0.208s] -- Set runtime path of "/home/arjun/optimus1_ws/install/ldlidar_sl_ros2/lib/ldlidar_sl_ros2/ldlidar_sl_ros2_node" to ""
[0.208s] -- Installing: /home/arjun/optimus1_ws/install/ldlidar_sl_ros2/share/ldlidar_sl_ros2//launch
[0.209s] -- Installing: /home/arjun/optimus1_ws/install/ldlidar_sl_ros2/share/ldlidar_sl_ros2//launch/viewer_ld14p.launch.py
[0.209s] -- Installing: /home/arjun/optimus1_ws/install/ldlidar_sl_ros2/share/ldlidar_sl_ros2//launch/ld14.launch.py
[0.209s] -- Installing: /home/arjun/optimus1_ws/install/ldlidar_sl_ros2/share/ldlidar_sl_ros2//launch/ld14p.launch.py
[0.209s] -- Installing: /home/arjun/optimus1_ws/install/ldlidar_sl_ros2/share/ldlidar_sl_ros2//launch/viewer_ld14.launch.py
[0.209s] -- Installing: /home/arjun/optimus1_ws/install/ldlidar_sl_ros2/share/ldlidar_sl_ros2//rviz2
[0.210s] -- Installing: /home/arjun/optimus1_ws/install/ldlidar_sl_ros2/share/ldlidar_sl_ros2//rviz2/ldlidar.rviz
[0.210s] -- Installing: /home/arjun/optimus1_ws/install/ldlidar_sl_ros2/share/ldlidar_sl_ros2//scripts
[0.210s] -- Installing: /home/arjun/optimus1_ws/install/ldlidar_sl_ros2/share/ldlidar_sl_ros2//scripts/delete_udev_rules.sh
[0.210s] -- Installing: /home/arjun/optimus1_ws/install/ldlidar_sl_ros2/share/ldlidar_sl_ros2//scripts/create_udev_rules.sh
[0.210s] -- Installing: /home/arjun/optimus1_ws/install/ldlidar_sl_ros2/share/ldlidar_sl_ros2//scripts/ldlidar.rules
[0.210s] -- Installing: /home/arjun/optimus1_ws/install/ldlidar_sl_ros2/share/ament_index/resource_index/package_run_dependencies/ldlidar_sl_ros2
[0.213s] -- Installing: /home/arjun/optimus1_ws/install/ldlidar_sl_ros2/share/ament_index/resource_index/parent_prefix_path/ldlidar_sl_ros2
[0.214s] -- Installing: /home/arjun/optimus1_ws/install/ldlidar_sl_ros2/share/ldlidar_sl_ros2/environment/ament_prefix_path.sh
[0.215s] -- Installing: /home/arjun/optimus1_ws/install/ldlidar_sl_ros2/share/ldlidar_sl_ros2/environment/ament_prefix_path.dsv
[0.215s] -- Installing: /home/arjun/optimus1_ws/install/ldlidar_sl_ros2/share/ldlidar_sl_ros2/environment/path.sh
[0.215s] -- Installing: /home/arjun/optimus1_ws/install/ldlidar_sl_ros2/share/ldlidar_sl_ros2/environment/path.dsv
[0.215s] -- Installing: /home/arjun/optimus1_ws/install/ldlidar_sl_ros2/share/ldlidar_sl_ros2/local_setup.bash
[0.215s] -- Installing: /home/arjun/optimus1_ws/install/ldlidar_sl_ros2/share/ldlidar_sl_ros2/local_setup.sh
[0.215s] -- Installing: /home/arjun/optimus1_ws/install/ldlidar_sl_ros2/share/ldlidar_sl_ros2/local_setup.zsh
[0.215s] -- Installing: /home/arjun/optimus1_ws/install/ldlidar_sl_ros2/share/ldlidar_sl_ros2/local_setup.dsv
[0.215s] -- Installing: /home/arjun/optimus1_ws/install/ldlidar_sl_ros2/share/ldlidar_sl_ros2/package.dsv
[0.216s] -- Installing: /home/arjun/optimus1_ws/install/ldlidar_sl_ros2/share/ament_index/resource_index/packages/ldlidar_sl_ros2
[0.216s] -- Installing: /home/arjun/optimus1_ws/install/ldlidar_sl_ros2/share/ldlidar_sl_ros2/cmake/ldlidar_sl_ros2Config.cmake
[0.216s] -- Installing: /home/arjun/optimus1_ws/install/ldlidar_sl_ros2/share/ldlidar_sl_ros2/cmake/ldlidar_sl_ros2Config-version.cmake
[0.216s] -- Installing: /home/arjun/optimus1_ws/install/ldlidar_sl_ros2/share/ldlidar_sl_ros2/package.xml
[0.227s] Invoked command in '/home/arjun/optimus1_ws/build/ldlidar_sl_ros2' returned '0': CMAKE_PREFIX_PATH=${CMAKE_PREFIX_PATH}:/home/arjun/opt_ws/install/my_bot_controller:/home/arjun/ros2_ws/install/my_robot_controller:/opt/ros/humble /usr/bin/cmake --install /home/arjun/optimus1_ws/build/ldlidar_sl_ros2
