[0.024s] Invoking command in '/home/arjun/optimus1_ws/build/serial': CMAKE_PREFIX_PATH=${CMAKE_PREFIX_PATH}:/home/arjun/opt_ws/install/my_bot_controller:/home/arjun/ros2_ws/install/my_robot_controller:/opt/ros/humble /usr/bin/cmake /home/arjun/optimus1_ws/src/serial -DCMAKE_INSTALL_PREFIX=/home/arjun/optimus1_ws/install/serial
[0.160s] -- The C compiler identification is GNU 11.4.0
[0.225s] -- The CXX compiler identification is GNU 11.4.0
[0.235s] -- Detecting C compiler ABI info
[0.315s] -- Detecting C compiler ABI info - done
[0.331s] -- Check for working C compiler: /usr/bin/cc - skipped
[0.331s] -- Detecting C compile features
[0.332s] -- Detecting C compile features - done
[0.337s] -- Detecting CXX compiler ABI info
[0.432s] -- Detecting CXX compiler ABI info - done
[0.448s] -- Check for working CXX compiler: /usr/bin/c++ - skipped
[0.448s] -- Detecting CXX compile features
[0.449s] -- Detecting CXX compile features - done
[0.453s] -- Found ament_cmake: 1.3.5 (/opt/ros/humble/share/ament_cmake/cmake)
[0.697s] -- Found Python3: /usr/bin/python3.10 (found version "3.10.12") found components: Interpreter 
[0.805s] -- Found ament_cmake_gtest: 1.3.5 (/opt/ros/humble/share/ament_cmake_gtest/cmake)
[0.820s] -- Found Boost: /usr/lib/x86_64-linux-gnu/cmake/Boost-1.74.0/BoostConfig.cmake (found version "1.74.0")  
[0.827s] -- Found gtest sources under '/opt/ros/humble/src/gtest_vendor': C++ tests using 'Google Test' will be built
[0.831s] -- Looking for pthread.h
[0.907s] -- Looking for pthread.h - found
[0.907s] -- Performing Test CMAKE_HAVE_LIBC_PTHREAD
[0.974s] -- Performing Test CMAKE_HAVE_LIBC_PTHREAD - Success
[0.975s] -- Found Threads: TRUE  
[1.062s] -- Configuring done
[1.073s] -- Generating done
[1.075s] -- Build files have been written to: /home/arjun/optimus1_ws/build/serial
[1.079s] Invoked command in '/home/arjun/optimus1_ws/build/serial' returned '0': CMAKE_PREFIX_PATH=${CMAKE_PREFIX_PATH}:/home/arjun/opt_ws/install/my_bot_controller:/home/arjun/ros2_ws/install/my_robot_controller:/opt/ros/humble /usr/bin/cmake /home/arjun/optimus1_ws/src/serial -DCMAKE_INSTALL_PREFIX=/home/arjun/optimus1_ws/install/serial
[1.081s] Invoking command in '/home/arjun/optimus1_ws/build/serial': CMAKE_PREFIX_PATH=${CMAKE_PREFIX_PATH}:/home/arjun/opt_ws/install/my_bot_controller:/home/arjun/ros2_ws/install/my_robot_controller:/opt/ros/humble /usr/bin/cmake --build /home/arjun/optimus1_ws/build/serial -- -j8 -l8
[1.132s] [ 21%] [32mBuilding CXX object CMakeFiles/serial.dir/src/impl/list_ports/list_ports_linux.cc.o[0m
[1.133s] [ 21%] [32mBuilding CXX object CMakeFiles/serial.dir/src/serial.cc.o[0m
[1.133s] [ 21%] [32mBuilding CXX object CMakeFiles/serial.dir/src/impl/unix.cc.o[0m
[1.134s] [ 28%] [32mBuilding CXX object gtest/CMakeFiles/gtest.dir/src/gtest-all.cc.o[0m
[1.134s] [ 35%] [32mBuilding CXX object gtest/CMakeFiles/gtest_main.dir/src/gtest_main.cc.o[0m
[2.100s] [ 42%] [32m[1mLinking CXX static library libserial.a[0m
[2.152s] [ 42%] Built target serial
[2.178s] [ 50%] [32mBuilding CXX object CMakeFiles/serial_example.dir/examples/serial_example.cc.o[0m
[2.802s] [ 57%] [32m[1mLinking CXX static library libgtest_main.a[0m
[2.921s] [ 57%] Built target gtest_main
[3.130s] [ 64%] [32m[1mLinking CXX executable serial_example[0m
[3.505s] [ 64%] Built target serial_example
[6.712s] [ 71%] [32m[1mLinking CXX static library libgtest.a[0m
[6.766s] [ 71%] Built target gtest
[6.785s] [ 78%] [32mBuilding CXX object tests/CMakeFiles/serial-test-timer.dir/unit/unix_timer_tests.cc.o[0m
[6.785s] [ 85%] [32mBuilding CXX object tests/CMakeFiles/serial-test.dir/unix_serial_tests.cc.o[0m
[7.799s] In file included from [01m[K/usr/include/boost/bind.hpp:30[m[K,
[7.799s]                  from [01m[K/home/arjun/optimus1_ws/src/serial/tests/unix_serial_tests.cc:23[m[K:
[7.799s] [01m[K/usr/include/boost/bind.hpp:36:1:[m[K [01;36m[Knote: [m[K‘[01m[K#pragma message: The practice of declaring the Bind placeholders (_1, _2, ...) in the global namespace is deprecated. Please use <boost/bind/bind.hpp> + using namespace boost::placeholders, or define BOOST_BIND_GLOBAL_PLACEHOLDERS to retain the current behavior.[m[K’
[7.799s]    36 | [01;36m[KBOOST_PRAGMA_MESSAGE[m[K(
[7.799s]       | [01;36m[K^~~~~~~~~~~~~~~~~~~~[m[K
[7.968s] [ 92%] [32m[1mLinking CXX executable serial-test-timer[0m
[8.019s] [100%] [32m[1mLinking CXX executable serial-test[0m
[8.113s] [100%] Built target serial-test-timer
[8.160s] [100%] Built target serial-test
