[0.032s] Invoking command in '/home/arjun/optimus1_ws/build/ldlidar_sl_ros2': CMAKE_PREFIX_PATH=${CMAKE_PREFIX_PATH}:/home/arjun/opt_ws/install/my_bot_controller:/home/arjun/ros2_ws/install/my_robot_controller:/opt/ros/humble /usr/bin/cmake /home/arjun/optimus1_ws/src/ldlidar_sl_ros2 -DCMAKE_INSTALL_PREFIX=/home/arjun/optimus1_ws/install/ldlidar_sl_ros2
[0.169s] -- The C compiler identification is GNU 11.4.0
[0.240s] -- The CXX compiler identification is GNU 11.4.0
[0.247s] -- Detecting C compiler ABI info
[0.332s] -- Detecting C compiler ABI info - done
[0.347s] -- Check for working C compiler: /usr/bin/cc - skipped
[0.347s] -- Detecting C compile features
[0.348s] -- Detecting C compile features - done
[0.352s] -- Detecting CXX compiler ABI info
[0.432s] -- Detecting CXX compiler ABI info - done
[0.444s] -- Check for working CXX compiler: /usr/bin/c++ - skipped
[0.444s] -- Detecting CXX compile features
[0.445s] -- Detecting CXX compile features - done
[0.449s] -- Found ament_cmake: 1.3.5 (/opt/ros/humble/share/ament_cmake/cmake)
[0.681s] -- Found Python3: /usr/bin/python3.10 (found version "3.10.12") found components: Interpreter 
[0.820s] -- Found rclcpp: 16.0.5 (/opt/ros/humble/share/rclcpp/cmake)
[0.902s] -- Found rosidl_generator_c: 3.1.5 (/opt/ros/humble/share/rosidl_generator_c/cmake)
[0.913s] -- Found rosidl_adapter: 3.1.5 (/opt/ros/humble/share/rosidl_adapter/cmake)
[0.928s] -- Found rosidl_generator_cpp: 3.1.5 (/opt/ros/humble/share/rosidl_generator_cpp/cmake)
[0.955s] -- Using all available rosidl_typesupport_c: rosidl_typesupport_fastrtps_c;rosidl_typesupport_introspection_c
[0.995s] -- Using all available rosidl_typesupport_cpp: rosidl_typesupport_fastrtps_cpp;rosidl_typesupport_introspection_cpp
[1.155s] -- Found rmw_implementation_cmake: 6.1.1 (/opt/ros/humble/share/rmw_implementation_cmake/cmake)
[1.163s] -- Found rmw_cyclonedds_cpp: 1.3.4 (/opt/ros/humble/share/rmw_cyclonedds_cpp/cmake)
[1.240s] -- Using RMW implementation 'rmw_cyclonedds_cpp' as default
[1.261s] -- Looking for pthread.h
[1.371s] -- Looking for pthread.h - found
[1.372s] -- Performing Test CMAKE_HAVE_LIBC_PTHREAD
[1.507s] -- Performing Test CMAKE_HAVE_LIBC_PTHREAD - Success
[1.509s] -- Found Threads: TRUE  
[1.874s] -- Found sensor_msgs: 4.2.3 (/opt/ros/humble/share/sensor_msgs/cmake)
[2.069s] -- Found ament_lint_auto: 0.12.7 (/opt/ros/humble/share/ament_lint_auto/cmake)
[2.181s] -- Added test 'copyright' to check source files copyright and LICENSE
[2.184s] -- Added test 'cppcheck' to perform static code analysis on C / C++ code
[2.184s] -- Configured cppcheck include dirs: /home/arjun/optimus1_ws/src/ldlidar_sl_ros2/include;/home/arjun/optimus1_ws/src/ldlidar_sl_ros2/ldlidar_driver/include
[2.184s] -- Configured cppcheck exclude dirs and/or files: 
[2.186s] -- Added test 'cpplint' to check C / C++ code against the Google style
[2.187s] -- Configured cpplint exclude dirs and/or files: 
[2.187s] -- Added test 'flake8' to check Python code syntax and style conventions
[2.188s] -- Added test 'lint_cmake' to check CMake code style
[2.189s] -- Added test 'pep257' to check Python code against some of the docstring style conventions in PEP 257
[2.190s] -- Added test 'uncrustify' to check C / C++ code style
[2.190s] -- Configured uncrustify additional arguments: 
[2.191s] -- Added test 'xmllint' to check XML markup files
[2.193s] -- Configuring done
[2.212s] -- Generating done
[2.215s] -- Build files have been written to: /home/arjun/optimus1_ws/build/ldlidar_sl_ros2
[2.229s] Invoked command in '/home/arjun/optimus1_ws/build/ldlidar_sl_ros2' returned '0': CMAKE_PREFIX_PATH=${CMAKE_PREFIX_PATH}:/home/arjun/opt_ws/install/my_bot_controller:/home/arjun/ros2_ws/install/my_robot_controller:/opt/ros/humble /usr/bin/cmake /home/arjun/optimus1_ws/src/ldlidar_sl_ros2 -DCMAKE_INSTALL_PREFIX=/home/arjun/optimus1_ws/install/ldlidar_sl_ros2
[2.231s] Invoking command in '/home/arjun/optimus1_ws/build/ldlidar_sl_ros2': CMAKE_PREFIX_PATH=${CMAKE_PREFIX_PATH}:/home/arjun/opt_ws/install/my_bot_controller:/home/arjun/ros2_ws/install/my_robot_controller:/opt/ros/humble /usr/bin/cmake --build /home/arjun/optimus1_ws/build/ldlidar_sl_ros2 -- -j8 -l8
[2.306s] [ 12%] [32mBuilding CXX object CMakeFiles/ldlidar_sl_ros2_node.dir/src/demo.cpp.o[0m
[2.308s] [ 25%] [32mBuilding CXX object CMakeFiles/ldlidar_sl_ros2_node.dir/ldlidar_driver/src/ldlidar_driver.cpp.o[0m
[2.308s] [ 37%] [32mBuilding CXX object CMakeFiles/ldlidar_sl_ros2_node.dir/ldlidar_driver/src/log_module.cpp.o[0m
[2.318s] [ 50%] [32mBuilding CXX object CMakeFiles/ldlidar_sl_ros2_node.dir/ldlidar_driver/src/lipkg.cpp.o[0m
[2.319s] [ 62%] [32mBuilding CXX object CMakeFiles/ldlidar_sl_ros2_node.dir/ldlidar_driver/src/serial_interface_linux.cpp.o[0m
[2.347s] [ 75%] [32mBuilding CXX object CMakeFiles/ldlidar_sl_ros2_node.dir/ldlidar_driver/src/slbf.cpp.o[0m
[2.363s] [ 87%] [32mBuilding CXX object CMakeFiles/ldlidar_sl_ros2_node.dir/ldlidar_driver/src/sl_transform.cpp.o[0m
[9.401s] [100%] [32m[1mLinking CXX executable ldlidar_sl_ros2_node[0m
[9.608s] [100%] Built target ldlidar_sl_ros2_node
