[0.048s] Invoking command in '/home/arjun/optimus1_ws/build/ldlidar_sl_ros2': CMAKE_PREFIX_PATH=${CMAKE_PREFIX_PATH}:/home/arjun/optimus1_ws/install/serial_motor_demo:/home/arjun/optimus1_ws/install/serial:/home/arjun/optimus1_ws/install/ldlidar_sl_ros2:/home/arjun/optimus1_ws/install/diffdrive_arduino:/home/arjun/opt_ws/install/my_bot_controller:/home/arjun/ros2_ws/install/my_robot_controller:/opt/ros/humble /usr/bin/cmake /home/arjun/optimus1_ws/src/ldlidar_sl_ros2 -DCMAKE_INSTALL_PREFIX=/home/arjun/optimus1_ws/install/ldlidar_sl_ros2
[0.064s] -- Found ament_cmake: 1.3.5 (/opt/ros/humble/share/ament_cmake/cmake)
[0.255s] -- Override CMake install command with custom implementation using symlinks instead of copying resources
[0.279s] -- Found rclcpp: 16.0.5 (/opt/ros/humble/share/rclcpp/cmake)
[0.339s] -- Found rosidl_generator_c: 3.1.5 (/opt/ros/humble/share/rosidl_generator_c/cmake)
[0.344s] -- Found rosidl_adapter: 3.1.5 (/opt/ros/humble/share/rosidl_adapter/cmake)
[0.353s] -- Found rosidl_generator_cpp: 3.1.5 (/opt/ros/humble/share/rosidl_generator_cpp/cmake)
[0.370s] -- Using all available rosidl_typesupport_c: rosidl_typesupport_fastrtps_c;rosidl_typesupport_introspection_c
[0.405s] -- Using all available rosidl_typesupport_cpp: rosidl_typesupport_fastrtps_cpp;rosidl_typesupport_introspection_cpp
[0.556s] -- Found rmw_implementation_cmake: 6.1.1 (/opt/ros/humble/share/rmw_implementation_cmake/cmake)
[0.564s] -- Found rmw_cyclonedds_cpp: 1.3.4 (/opt/ros/humble/share/rmw_cyclonedds_cpp/cmake)
[0.649s] -- Using RMW implementation 'rmw_cyclonedds_cpp' as default
[0.969s] -- Found sensor_msgs: 4.2.3 (/opt/ros/humble/share/sensor_msgs/cmake)
[1.175s] -- Found ament_lint_auto: 0.12.7 (/opt/ros/humble/share/ament_lint_auto/cmake)
[1.274s] -- Added test 'copyright' to check source files copyright and LICENSE
[1.275s] -- Added test 'cppcheck' to perform static code analysis on C / C++ code
[1.276s] -- Configured cppcheck include dirs: /home/arjun/optimus1_ws/src/ldlidar_sl_ros2/include;/home/arjun/optimus1_ws/src/ldlidar_sl_ros2/ldlidar_driver/include
[1.276s] -- Configured cppcheck exclude dirs and/or files: 
[1.277s] -- Added test 'cpplint' to check C / C++ code against the Google style
[1.278s] -- Configured cpplint exclude dirs and/or files: 
[1.278s] -- Added test 'flake8' to check Python code syntax and style conventions
[1.278s] -- Added test 'lint_cmake' to check CMake code style
[1.279s] -- Added test 'pep257' to check Python code against some of the docstring style conventions in PEP 257
[1.280s] -- Added test 'uncrustify' to check C / C++ code style
[1.280s] -- Configured uncrustify additional arguments: 
[1.281s] -- Added test 'xmllint' to check XML markup files
[1.282s] -- Configuring done
[1.295s] -- Generating done
[1.297s] -- Build files have been written to: /home/arjun/optimus1_ws/build/ldlidar_sl_ros2
[1.304s] Invoked command in '/home/arjun/optimus1_ws/build/ldlidar_sl_ros2' returned '0': CMAKE_PREFIX_PATH=${CMAKE_PREFIX_PATH}:/home/arjun/optimus1_ws/install/serial_motor_demo:/home/arjun/optimus1_ws/install/serial:/home/arjun/optimus1_ws/install/ldlidar_sl_ros2:/home/arjun/optimus1_ws/install/diffdrive_arduino:/home/arjun/opt_ws/install/my_bot_controller:/home/arjun/ros2_ws/install/my_robot_controller:/opt/ros/humble /usr/bin/cmake /home/arjun/optimus1_ws/src/ldlidar_sl_ros2 -DCMAKE_INSTALL_PREFIX=/home/arjun/optimus1_ws/install/ldlidar_sl_ros2
[1.306s] Invoking command in '/home/arjun/optimus1_ws/build/ldlidar_sl_ros2': CMAKE_PREFIX_PATH=${CMAKE_PREFIX_PATH}:/home/arjun/optimus1_ws/install/serial_motor_demo:/home/arjun/optimus1_ws/install/serial:/home/arjun/optimus1_ws/install/ldlidar_sl_ros2:/home/arjun/optimus1_ws/install/diffdrive_arduino:/home/arjun/opt_ws/install/my_bot_controller:/home/arjun/ros2_ws/install/my_robot_controller:/opt/ros/humble /usr/bin/cmake --build /home/arjun/optimus1_ws/build/ldlidar_sl_ros2 -- -j8 -l8
[1.346s] [35m[1mConsolidate compiler generated dependencies of target ldlidar_sl_ros2_node[0m
[1.376s] [100%] Built target ldlidar_sl_ros2_node
[1.389s] Invoked command in '/home/arjun/optimus1_ws/build/ldlidar_sl_ros2' returned '0': CMAKE_PREFIX_PATH=${CMAKE_PREFIX_PATH}:/home/arjun/optimus1_ws/install/serial_motor_demo:/home/arjun/optimus1_ws/install/serial:/home/arjun/optimus1_ws/install/ldlidar_sl_ros2:/home/arjun/optimus1_ws/install/diffdrive_arduino:/home/arjun/opt_ws/install/my_bot_controller:/home/arjun/ros2_ws/install/my_robot_controller:/opt/ros/humble /usr/bin/cmake --build /home/arjun/optimus1_ws/build/ldlidar_sl_ros2 -- -j8 -l8
[1.430s] Invoking command in '/home/arjun/optimus1_ws/build/ldlidar_sl_ros2': CMAKE_PREFIX_PATH=${CMAKE_PREFIX_PATH}:/home/arjun/optimus1_ws/install/serial_motor_demo:/home/arjun/optimus1_ws/install/serial:/home/arjun/optimus1_ws/install/ldlidar_sl_ros2:/home/arjun/optimus1_ws/install/diffdrive_arduino:/home/arjun/opt_ws/install/my_bot_controller:/home/arjun/ros2_ws/install/my_robot_controller:/opt/ros/humble /usr/bin/cmake --install /home/arjun/optimus1_ws/build/ldlidar_sl_ros2
[1.439s] -- Install configuration: ""
[1.439s] -- Execute custom install script
[1.440s] -- Up-to-date symlink: /home/arjun/optimus1_ws/install/ldlidar_sl_ros2/lib/ldlidar_sl_ros2/ldlidar_sl_ros2_node
[1.440s] -- Symlinking: /home/arjun/optimus1_ws/install/ldlidar_sl_ros2/share/ldlidar_sl_ros2//launch/ld14.launch.py
[1.449s] -- Symlinking: /home/arjun/optimus1_ws/install/ldlidar_sl_ros2/share/ldlidar_sl_ros2//launch/ld14p.launch.py
[1.458s] -- Symlinking: /home/arjun/optimus1_ws/install/ldlidar_sl_ros2/share/ldlidar_sl_ros2//launch/viewer_ld14.launch.py
[1.467s] -- Symlinking: /home/arjun/optimus1_ws/install/ldlidar_sl_ros2/share/ldlidar_sl_ros2//launch/viewer_ld14p.launch.py
[1.476s] -- Symlinking: /home/arjun/optimus1_ws/install/ldlidar_sl_ros2/share/ldlidar_sl_ros2//rviz2/ldlidar.rviz
[1.486s] -- Symlinking: /home/arjun/optimus1_ws/install/ldlidar_sl_ros2/share/ldlidar_sl_ros2//scripts/create_udev_rules.sh
[1.494s] -- Symlinking: /home/arjun/optimus1_ws/install/ldlidar_sl_ros2/share/ldlidar_sl_ros2//scripts/delete_udev_rules.sh
[1.504s] -- Symlinking: /home/arjun/optimus1_ws/install/ldlidar_sl_ros2/share/ldlidar_sl_ros2//scripts/ldlidar.rules
[1.512s] -- Up-to-date symlink: /home/arjun/optimus1_ws/install/ldlidar_sl_ros2/share/ament_index/resource_index/package_run_dependencies/ldlidar_sl_ros2
[1.512s] -- Up-to-date symlink: /home/arjun/optimus1_ws/install/ldlidar_sl_ros2/share/ament_index/resource_index/parent_prefix_path/ldlidar_sl_ros2
[1.512s] -- Symlinking: /home/arjun/optimus1_ws/install/ldlidar_sl_ros2/share/ldlidar_sl_ros2/environment/ament_prefix_path.sh
[1.521s] -- Symlinking: /home/arjun/optimus1_ws/install/ldlidar_sl_ros2/share/ldlidar_sl_ros2/environment/ament_prefix_path.dsv
[1.531s] -- Symlinking: /home/arjun/optimus1_ws/install/ldlidar_sl_ros2/share/ldlidar_sl_ros2/environment/path.sh
[1.540s] -- Symlinking: /home/arjun/optimus1_ws/install/ldlidar_sl_ros2/share/ldlidar_sl_ros2/environment/path.dsv
[1.549s] -- Symlinking: /home/arjun/optimus1_ws/install/ldlidar_sl_ros2/share/ldlidar_sl_ros2/local_setup.bash
[1.558s] -- Symlinking: /home/arjun/optimus1_ws/install/ldlidar_sl_ros2/share/ldlidar_sl_ros2/local_setup.sh
[1.571s] -- Symlinking: /home/arjun/optimus1_ws/install/ldlidar_sl_ros2/share/ldlidar_sl_ros2/local_setup.zsh
[1.580s] -- Symlinking: /home/arjun/optimus1_ws/install/ldlidar_sl_ros2/share/ldlidar_sl_ros2/local_setup.dsv
[1.595s] -- Symlinking: /home/arjun/optimus1_ws/install/ldlidar_sl_ros2/share/ldlidar_sl_ros2/package.dsv
[1.607s] -- Up-to-date symlink: /home/arjun/optimus1_ws/install/ldlidar_sl_ros2/share/ament_index/resource_index/packages/ldlidar_sl_ros2
[1.607s] -- Symlinking: /home/arjun/optimus1_ws/install/ldlidar_sl_ros2/share/ldlidar_sl_ros2/cmake/ldlidar_sl_ros2Config.cmake
[1.624s] -- Symlinking: /home/arjun/optimus1_ws/install/ldlidar_sl_ros2/share/ldlidar_sl_ros2/cmake/ldlidar_sl_ros2Config-version.cmake
[1.641s] -- Symlinking: /home/arjun/optimus1_ws/install/ldlidar_sl_ros2/share/ldlidar_sl_ros2/package.xml
[1.660s] Invoked command in '/home/arjun/optimus1_ws/build/ldlidar_sl_ros2' returned '0': CMAKE_PREFIX_PATH=${CMAKE_PREFIX_PATH}:/home/arjun/optimus1_ws/install/serial_motor_demo:/home/arjun/optimus1_ws/install/serial:/home/arjun/optimus1_ws/install/ldlidar_sl_ros2:/home/arjun/optimus1_ws/install/diffdrive_arduino:/home/arjun/opt_ws/install/my_bot_controller:/home/arjun/ros2_ws/install/my_robot_controller:/opt/ros/humble /usr/bin/cmake --install /home/arjun/optimus1_ws/build/ldlidar_sl_ros2
