[0.041s] Invoking command in '/home/arjun/optimus1_ws/build/amr': CMAKE_PREFIX_PATH=${CMAKE_PREFIX_PATH}:/home/arjun/opt_ws/install/my_bot_controller:/home/arjun/ros2_ws/install/my_robot_controller:/opt/ros/humble /usr/bin/cmake /home/arjun/optimus1_ws/src/amr -DCMAKE_INSTALL_PREFIX=/home/arjun/optimus1_ws/install/amr
[0.186s] -- The C compiler identification is GNU 11.4.0
[0.252s] -- The CXX compiler identification is GNU 11.4.0
[0.262s] -- Detecting C compiler ABI info
[0.345s] -- Detecting C compiler ABI info - done
[0.361s] -- Check for working C compiler: /usr/bin/cc - skipped
[0.361s] -- Detecting C compile features
[0.362s] -- Detecting C compile features - done
[0.367s] -- Detecting CXX compiler ABI info
[0.466s] -- Detecting CXX compiler ABI info - done
[0.476s] -- Check for working CXX compiler: /usr/bin/c++ - skipped
[0.476s] -- Detecting CXX compile features
[0.477s] -- Detecting CXX compile features - done
[0.480s] -- Found ament_cmake: 1.3.5 (/opt/ros/humble/share/ament_cmake/cmake)
[0.727s] -- Found Python3: /usr/bin/python3.10 (found version "3.10.12") found components: Interpreter 
[0.857s] -- Found ament_lint_auto: 0.12.7 (/opt/ros/humble/share/ament_lint_auto/cmake)
[0.965s] -- Added test 'copyright' to check source files copyright and LICENSE
[0.971s] -- Added test 'flake8' to check Python code syntax and style conventions
[0.972s] -- Added test 'lint_cmake' to check CMake code style
[0.973s] -- Added test 'pep257' to check Python code against some of the docstring style conventions in PEP 257
[0.976s] -- Added test 'xmllint' to check XML markup files
[0.979s] -- Configuring done
[0.983s] -- Generating done
[0.984s] -- Build files have been written to: /home/arjun/optimus1_ws/build/amr
[0.990s] Invoked command in '/home/arjun/optimus1_ws/build/amr' returned '0': CMAKE_PREFIX_PATH=${CMAKE_PREFIX_PATH}:/home/arjun/opt_ws/install/my_bot_controller:/home/arjun/ros2_ws/install/my_robot_controller:/opt/ros/humble /usr/bin/cmake /home/arjun/optimus1_ws/src/amr -DCMAKE_INSTALL_PREFIX=/home/arjun/optimus1_ws/install/amr
[0.992s] Invoking command in '/home/arjun/optimus1_ws/build/amr': CMAKE_PREFIX_PATH=${CMAKE_PREFIX_PATH}:/home/arjun/opt_ws/install/my_bot_controller:/home/arjun/ros2_ws/install/my_robot_controller:/opt/ros/humble /usr/bin/cmake --build /home/arjun/optimus1_ws/build/amr -- -j8 -l8
[1.030s] Invoked command in '/home/arjun/optimus1_ws/build/amr' returned '0': CMAKE_PREFIX_PATH=${CMAKE_PREFIX_PATH}:/home/arjun/opt_ws/install/my_bot_controller:/home/arjun/ros2_ws/install/my_robot_controller:/opt/ros/humble /usr/bin/cmake --build /home/arjun/optimus1_ws/build/amr -- -j8 -l8
[1.059s] Invoking command in '/home/arjun/optimus1_ws/build/amr': CMAKE_PREFIX_PATH=${CMAKE_PREFIX_PATH}:/home/arjun/opt_ws/install/my_bot_controller:/home/arjun/ros2_ws/install/my_robot_controller:/opt/ros/humble /usr/bin/cmake --install /home/arjun/optimus1_ws/build/amr
[1.066s] -- Install configuration: ""
[1.066s] -- Installing: /home/arjun/optimus1_ws/install/amr/share/amr//config
[1.066s] -- Installing: /home/arjun/optimus1_ws/install/amr/share/amr//config/empty.yaml
[1.066s] -- Installing: /home/arjun/optimus1_ws/install/amr/share/amr//config/nav2_params.yaml
[1.066s] -- Installing: /home/arjun/optimus1_ws/install/amr/share/amr//config/main.rviz
[1.066s] -- Installing: /home/arjun/optimus1_ws/install/amr/share/amr//config/drive_bot.rviz
[1.067s] -- Installing: /home/arjun/optimus1_ws/install/amr/share/amr//config/gazebo_params.yaml
[1.067s] -- Installing: /home/arjun/optimus1_ws/install/amr/share/amr//config/gaz_ros2_ctl_use_sim.yaml
[1.067s] -- Installing: /home/arjun/optimus1_ws/install/amr/share/amr//config/my_controllers.yaml
[1.067s] -- Installing: /home/arjun/optimus1_ws/install/amr/share/amr//config/twist_mux.yaml
[1.067s] -- Installing: /home/arjun/optimus1_ws/install/amr/share/amr//config/joystick.yaml
[1.067s] -- Installing: /home/arjun/optimus1_ws/install/amr/share/amr//config/view_bot.rviz
[1.068s] -- Installing: /home/arjun/optimus1_ws/install/amr/share/amr//config/map.rviz
[1.068s] -- Installing: /home/arjun/optimus1_ws/install/amr/share/amr//config/mapper_params_online_async.yaml
[1.068s] -- Installing: /home/arjun/optimus1_ws/install/amr/share/amr//description
[1.068s] -- Installing: /home/arjun/optimus1_ws/install/amr/share/amr//description/lidar.xacro
[1.068s] -- Installing: /home/arjun/optimus1_ws/install/amr/share/amr//description/robot.urdf.xacro
[1.068s] -- Installing: /home/arjun/optimus1_ws/install/amr/share/amr//description/gazebo_control.xacro
[1.069s] -- Installing: /home/arjun/optimus1_ws/install/amr/share/amr//description/lifting.xacro
[1.069s] -- Installing: /home/arjun/optimus1_ws/install/amr/share/amr//description/robot_core.xacro
[1.069s] -- Installing: /home/arjun/optimus1_ws/install/amr/share/amr//description/ros2_control.xacro
[1.069s] -- Installing: /home/arjun/optimus1_ws/install/amr/share/amr//description/inertial_macros.xacro
[1.069s] -- Installing: /home/arjun/optimus1_ws/install/amr/share/amr//launch
[1.069s] -- Installing: /home/arjun/optimus1_ws/install/amr/share/amr//launch/localization_launch.py
[1.070s] -- Installing: /home/arjun/optimus1_ws/install/amr/share/amr//launch/rsp.launch.py
[1.070s] -- Installing: /home/arjun/optimus1_ws/install/amr/share/amr//launch/joystick.launch.py
[1.070s] -- Installing: /home/arjun/optimus1_ws/install/amr/share/amr//launch/rplidar.launch.py
[1.070s] -- Installing: /home/arjun/optimus1_ws/install/amr/share/amr//launch/launch_sim.launch.py
[1.070s] -- Installing: /home/arjun/optimus1_ws/install/amr/share/amr//launch/launch_robot.launch.py
[1.070s] -- Installing: /home/arjun/optimus1_ws/install/amr/share/amr//launch/navigation_launch.py
[1.071s] -- Installing: /home/arjun/optimus1_ws/install/amr/share/amr//launch/online_async_launch.py
[1.071s] -- Installing: /home/arjun/optimus1_ws/install/amr/share/amr//worlds
[1.071s] -- Installing: /home/arjun/optimus1_ws/install/amr/share/amr//worlds/empty.world
[1.071s] -- Installing: /home/arjun/optimus1_ws/install/amr/share/amr//worlds/obstacles.world
[1.071s] -- Installing: /home/arjun/optimus1_ws/install/amr/share/ament_index/resource_index/package_run_dependencies/amr
[1.071s] -- Installing: /home/arjun/optimus1_ws/install/amr/share/ament_index/resource_index/parent_prefix_path/amr
[1.072s] -- Installing: /home/arjun/optimus1_ws/install/amr/share/amr/environment/ament_prefix_path.sh
[1.073s] -- Installing: /home/arjun/optimus1_ws/install/amr/share/amr/environment/ament_prefix_path.dsv
[1.074s] -- Installing: /home/arjun/optimus1_ws/install/amr/share/amr/environment/path.sh
[1.074s] -- Installing: /home/arjun/optimus1_ws/install/amr/share/amr/environment/path.dsv
[1.074s] -- Installing: /home/arjun/optimus1_ws/install/amr/share/amr/local_setup.bash
[1.074s] -- Installing: /home/arjun/optimus1_ws/install/amr/share/amr/local_setup.sh
[1.074s] -- Installing: /home/arjun/optimus1_ws/install/amr/share/amr/local_setup.zsh
[1.074s] -- Installing: /home/arjun/optimus1_ws/install/amr/share/amr/local_setup.dsv
[1.074s] -- Installing: /home/arjun/optimus1_ws/install/amr/share/amr/package.dsv
[1.075s] -- Installing: /home/arjun/optimus1_ws/install/amr/share/ament_index/resource_index/packages/amr
[1.075s] -- Installing: /home/arjun/optimus1_ws/install/amr/share/amr/cmake/amrConfig.cmake
[1.075s] -- Installing: /home/arjun/optimus1_ws/install/amr/share/amr/cmake/amrConfig-version.cmake
[1.075s] -- Installing: /home/arjun/optimus1_ws/install/amr/share/amr/package.xml
[1.077s] Invoked command in '/home/arjun/optimus1_ws/build/amr' returned '0': CMAKE_PREFIX_PATH=${CMAKE_PREFIX_PATH}:/home/arjun/opt_ws/install/my_bot_controller:/home/arjun/ros2_ws/install/my_robot_controller:/opt/ros/humble /usr/bin/cmake --install /home/arjun/optimus1_ws/build/amr
