[0.031s] Invoking command in '/home/arjun/optimus1_ws/build/serial': CMAKE_PREFIX_PATH=${CMAKE_PREFIX_PATH}:/home/arjun/optimus1_ws/install/serial_motor_demo:/home/arjun/opt_ws/install/my_bot_controller:/home/arjun/ros2_ws/install/my_robot_controller:/opt/ros/humble /usr/bin/cmake --build /home/arjun/optimus1_ws/build/serial -- -j8 -l8
[0.130s] [ 14%] Built target gtest
[0.134s] [ 57%] Built target serial
[0.135s] [ 42%] Built target gtest_main
[0.200s] [ 71%] Built target serial_example
[0.205s] [ 85%] Built target serial-test-timer
[0.209s] [100%] Built target serial-test
[0.242s] Invoked command in '/home/arjun/optimus1_ws/build/serial' returned '0': CMAKE_PREFIX_PATH=${CMAKE_PREFIX_PATH}:/home/arjun/optimus1_ws/install/serial_motor_demo:/home/arjun/opt_ws/install/my_bot_controller:/home/arjun/ros2_ws/install/my_robot_controller:/opt/ros/humble /usr/bin/cmake --build /home/arjun/optimus1_ws/build/serial -- -j8 -l8
[0.309s] Invoking command in '/home/arjun/optimus1_ws/build/serial': CMAKE_PREFIX_PATH=${CMAKE_PREFIX_PATH}:/home/arjun/optimus1_ws/install/serial_motor_demo:/home/arjun/opt_ws/install/my_bot_controller:/home/arjun/ros2_ws/install/my_robot_controller:/opt/ros/humble /usr/bin/cmake --install /home/arjun/optimus1_ws/build/serial
[0.318s] -- Install configuration: ""
[0.319s] -- Execute custom install script
[0.319s] -- Up-to-date symlink: /home/arjun/optimus1_ws/install/serial/lib/libserial.a
[0.320s] -- Up-to-date symlink: /home/arjun/optimus1_ws/install/serial/include/serial/serial.h
[0.320s] -- Up-to-date symlink: /home/arjun/optimus1_ws/install/serial/include/serial/v8stdint.h
[0.321s] -- Up-to-date symlink: /home/arjun/optimus1_ws/install/serial/share/serial/environment/library_path.sh
[0.321s] -- Up-to-date symlink: /home/arjun/optimus1_ws/install/serial/share/serial/environment/library_path.dsv
[0.322s] -- Up-to-date symlink: /home/arjun/optimus1_ws/install/serial/share/ament_index/resource_index/package_run_dependencies/serial
[0.324s] -- Up-to-date symlink: /home/arjun/optimus1_ws/install/serial/share/ament_index/resource_index/parent_prefix_path/serial
[0.324s] -- Up-to-date symlink: /home/arjun/optimus1_ws/install/serial/share/serial/environment/ament_prefix_path.sh
[0.325s] -- Up-to-date symlink: /home/arjun/optimus1_ws/install/serial/share/serial/environment/ament_prefix_path.dsv
[0.325s] -- Up-to-date symlink: /home/arjun/optimus1_ws/install/serial/share/serial/environment/path.sh
[0.325s] -- Up-to-date symlink: /home/arjun/optimus1_ws/install/serial/share/serial/environment/path.dsv
[0.326s] -- Up-to-date symlink: /home/arjun/optimus1_ws/install/serial/share/serial/local_setup.bash
[0.326s] -- Up-to-date symlink: /home/arjun/optimus1_ws/install/serial/share/serial/local_setup.sh
[0.326s] -- Up-to-date symlink: /home/arjun/optimus1_ws/install/serial/share/serial/local_setup.zsh
[0.326s] -- Up-to-date symlink: /home/arjun/optimus1_ws/install/serial/share/serial/local_setup.dsv
[0.326s] -- Symlinking: /home/arjun/optimus1_ws/install/serial/share/serial/package.dsv
[0.344s] -- Up-to-date symlink: /home/arjun/optimus1_ws/install/serial/share/ament_index/resource_index/packages/serial
[0.344s] -- Up-to-date symlink: /home/arjun/optimus1_ws/install/serial/share/serial/cmake/ament_cmake_export_include_directories-extras.cmake
[0.344s] -- Up-to-date symlink: /home/arjun/optimus1_ws/install/serial/share/serial/cmake/ament_cmake_export_libraries-extras.cmake
[0.345s] -- Up-to-date symlink: /home/arjun/optimus1_ws/install/serial/share/serial/cmake/serialConfig.cmake
[0.345s] -- Up-to-date symlink: /home/arjun/optimus1_ws/install/serial/share/serial/cmake/serialConfig-version.cmake
[0.345s] -- Up-to-date symlink: /home/arjun/optimus1_ws/install/serial/share/serial/package.xml
[0.353s] Invoked command in '/home/arjun/optimus1_ws/build/serial' returned '0': CMAKE_PREFIX_PATH=${CMAKE_PREFIX_PATH}:/home/arjun/optimus1_ws/install/serial_motor_demo:/home/arjun/opt_ws/install/my_bot_controller:/home/arjun/ros2_ws/install/my_robot_controller:/opt/ros/humble /usr/bin/cmake --install /home/arjun/optimus1_ws/build/serial
