[0.025s] Invoking command in '/home/arjun/optimus1_ws/build/serial': CMAKE_PREFIX_PATH=${CMAKE_PREFIX_PATH}:/home/arjun/optimus1_ws/install/serial_motor_demo:/home/arjun/opt_ws/install/my_bot_controller:/home/arjun/ros2_ws/install/my_robot_controller:/opt/ros/humble /usr/bin/cmake --build /home/arjun/optimus1_ws/build/serial -- -j8 -l8
[0.075s] [ 21%] Built target gtest_main
[0.075s] [ 42%] Built target serial
[0.076s] [ 57%] Built target gtest
[0.117s] [ 71%] Built target serial-test
[0.127s] [ 85%] Built target serial_example
[0.128s] [100%] Built target serial-test-timer
[0.150s] Invoked command in '/home/arjun/optimus1_ws/build/serial' returned '0': CMAKE_PREFIX_PATH=${CMAKE_PREFIX_PATH}:/home/arjun/optimus1_ws/install/serial_motor_demo:/home/arjun/opt_ws/install/my_bot_controller:/home/arjun/ros2_ws/install/my_robot_controller:/opt/ros/humble /usr/bin/cmake --build /home/arjun/optimus1_ws/build/serial -- -j8 -l8
[0.189s] Invoking command in '/home/arjun/optimus1_ws/build/serial': CMAKE_PREFIX_PATH=${CMAKE_PREFIX_PATH}:/home/arjun/optimus1_ws/install/serial_motor_demo:/home/arjun/opt_ws/install/my_bot_controller:/home/arjun/ros2_ws/install/my_robot_controller:/opt/ros/humble /usr/bin/cmake --install /home/arjun/optimus1_ws/build/serial
[0.199s] -- Install configuration: ""
[0.199s] -- Execute custom install script
[0.200s] -- Up-to-date symlink: /home/arjun/optimus1_ws/install/serial/lib/libserial.a
[0.200s] -- Up-to-date symlink: /home/arjun/optimus1_ws/install/serial/include/serial/serial.h
[0.200s] -- Up-to-date symlink: /home/arjun/optimus1_ws/install/serial/include/serial/v8stdint.h
[0.200s] -- Up-to-date symlink: /home/arjun/optimus1_ws/install/serial/share/serial/environment/library_path.sh
[0.201s] -- Up-to-date symlink: /home/arjun/optimus1_ws/install/serial/share/serial/environment/library_path.dsv
[0.201s] -- Up-to-date symlink: /home/arjun/optimus1_ws/install/serial/share/ament_index/resource_index/package_run_dependencies/serial
[0.201s] -- Up-to-date symlink: /home/arjun/optimus1_ws/install/serial/share/ament_index/resource_index/parent_prefix_path/serial
[0.201s] -- Up-to-date symlink: /home/arjun/optimus1_ws/install/serial/share/serial/environment/ament_prefix_path.sh
[0.202s] -- Up-to-date symlink: /home/arjun/optimus1_ws/install/serial/share/serial/environment/ament_prefix_path.dsv
[0.202s] -- Up-to-date symlink: /home/arjun/optimus1_ws/install/serial/share/serial/environment/path.sh
[0.202s] -- Up-to-date symlink: /home/arjun/optimus1_ws/install/serial/share/serial/environment/path.dsv
[0.202s] -- Up-to-date symlink: /home/arjun/optimus1_ws/install/serial/share/serial/local_setup.bash
[0.202s] -- Up-to-date symlink: /home/arjun/optimus1_ws/install/serial/share/serial/local_setup.sh
[0.202s] -- Up-to-date symlink: /home/arjun/optimus1_ws/install/serial/share/serial/local_setup.zsh
[0.203s] -- Up-to-date symlink: /home/arjun/optimus1_ws/install/serial/share/serial/local_setup.dsv
[0.203s] -- Symlinking: /home/arjun/optimus1_ws/install/serial/share/serial/package.dsv
[0.218s] -- Up-to-date symlink: /home/arjun/optimus1_ws/install/serial/share/ament_index/resource_index/packages/serial
[0.218s] -- Up-to-date symlink: /home/arjun/optimus1_ws/install/serial/share/serial/cmake/ament_cmake_export_include_directories-extras.cmake
[0.219s] -- Up-to-date symlink: /home/arjun/optimus1_ws/install/serial/share/serial/cmake/ament_cmake_export_libraries-extras.cmake
[0.219s] -- Up-to-date symlink: /home/arjun/optimus1_ws/install/serial/share/serial/cmake/serialConfig.cmake
[0.219s] -- Up-to-date symlink: /home/arjun/optimus1_ws/install/serial/share/serial/cmake/serialConfig-version.cmake
[0.220s] -- Up-to-date symlink: /home/arjun/optimus1_ws/install/serial/share/serial/package.xml
[0.232s] Invoked command in '/home/arjun/optimus1_ws/build/serial' returned '0': CMAKE_PREFIX_PATH=${CMAKE_PREFIX_PATH}:/home/arjun/optimus1_ws/install/serial_motor_demo:/home/arjun/opt_ws/install/my_bot_controller:/home/arjun/ros2_ws/install/my_robot_controller:/opt/ros/humble /usr/bin/cmake --install /home/arjun/optimus1_ws/build/serial
