[0.056s] Invoking command in '/home/arjun/optimus1_ws/build/amr': CMAKE_PREFIX_PATH=${CMAKE_PREFIX_PATH}:/home/arjun/opt_ws/install/my_bot_controller:/home/arjun/ros2_ws/install/my_robot_controller:/opt/ros/humble /usr/bin/cmake --build /home/arjun/optimus1_ws/build/amr -- -j8 -l8
[0.137s] Invoked command in '/home/arjun/optimus1_ws/build/amr' returned '0': CMAKE_PREFIX_PATH=${CMAKE_PREFIX_PATH}:/home/arjun/opt_ws/install/my_bot_controller:/home/arjun/ros2_ws/install/my_robot_controller:/opt/ros/humble /usr/bin/cmake --build /home/arjun/optimus1_ws/build/amr -- -j8 -l8
[0.182s] Invoking command in '/home/arjun/optimus1_ws/build/amr': CMAKE_PREFIX_PATH=${CMAKE_PREFIX_PATH}:/home/arjun/opt_ws/install/my_bot_controller:/home/arjun/ros2_ws/install/my_robot_controller:/opt/ros/humble /usr/bin/cmake --install /home/arjun/optimus1_ws/build/amr
[0.203s] -- Install configuration: ""
[0.208s] -- Up-to-date: /home/arjun/optimus1_ws/install/amr/share/amr//config
[0.209s] -- Up-to-date: /home/arjun/optimus1_ws/install/amr/share/amr//config/empty.yaml
[0.209s] -- Up-to-date: /home/arjun/optimus1_ws/install/amr/share/amr//config/nav2_params.yaml
[0.210s] -- Up-to-date: /home/arjun/optimus1_ws/install/amr/share/amr//config/main.rviz
[0.210s] -- Up-to-date: /home/arjun/optimus1_ws/install/amr/share/amr//config/drive_bot.rviz
[0.211s] -- Up-to-date: /home/arjun/optimus1_ws/install/amr/share/amr//config/gazebo_params.yaml
[0.211s] -- Up-to-date: /home/arjun/optimus1_ws/install/amr/share/amr//config/gaz_ros2_ctl_use_sim.yaml
[0.211s] -- Up-to-date: /home/arjun/optimus1_ws/install/amr/share/amr//config/my_controllers.yaml
[0.212s] -- Up-to-date: /home/arjun/optimus1_ws/install/amr/share/amr//config/twist_mux.yaml
[0.212s] -- Up-to-date: /home/arjun/optimus1_ws/install/amr/share/amr//config/joystick.yaml
[0.213s] -- Up-to-date: /home/arjun/optimus1_ws/install/amr/share/amr//config/view_bot.rviz
[0.213s] -- Up-to-date: /home/arjun/optimus1_ws/install/amr/share/amr//config/map.rviz
[0.213s] -- Up-to-date: /home/arjun/optimus1_ws/install/amr/share/amr//config/mapper_params_online_async.yaml
[0.214s] -- Up-to-date: /home/arjun/optimus1_ws/install/amr/share/amr//description
[0.217s] -- Up-to-date: /home/arjun/optimus1_ws/install/amr/share/amr//description/lidar.xacro
[0.217s] -- Up-to-date: /home/arjun/optimus1_ws/install/amr/share/amr//description/robot.urdf.xacro
[0.217s] -- Up-to-date: /home/arjun/optimus1_ws/install/amr/share/amr//description/gazebo_control.xacro
[0.217s] -- Up-to-date: /home/arjun/optimus1_ws/install/amr/share/amr//description/lifting.xacro
[0.218s] -- Up-to-date: /home/arjun/optimus1_ws/install/amr/share/amr//description/robot_core.xacro
[0.218s] -- Up-to-date: /home/arjun/optimus1_ws/install/amr/share/amr//description/ros2_control.xacro
[0.218s] -- Up-to-date: /home/arjun/optimus1_ws/install/amr/share/amr//description/inertial_macros.xacro
[0.218s] -- Up-to-date: /home/arjun/optimus1_ws/install/amr/share/amr//launch
[0.219s] -- Up-to-date: /home/arjun/optimus1_ws/install/amr/share/amr//launch/localization_launch.py
[0.219s] -- Up-to-date: /home/arjun/optimus1_ws/install/amr/share/amr//launch/rsp.launch.py
[0.219s] -- Up-to-date: /home/arjun/optimus1_ws/install/amr/share/amr//launch/joystick.launch.py
[0.220s] -- Up-to-date: /home/arjun/optimus1_ws/install/amr/share/amr//launch/rplidar.launch.py
[0.220s] -- Up-to-date: /home/arjun/optimus1_ws/install/amr/share/amr//launch/launch_sim.launch.py
[0.220s] -- Up-to-date: /home/arjun/optimus1_ws/install/amr/share/amr//launch/launch_robot.launch.py
[0.220s] -- Up-to-date: /home/arjun/optimus1_ws/install/amr/share/amr//launch/navigation_launch.py
[0.220s] -- Up-to-date: /home/arjun/optimus1_ws/install/amr/share/amr//launch/online_async_launch.py
[0.221s] -- Up-to-date: /home/arjun/optimus1_ws/install/amr/share/amr//worlds
[0.221s] -- Up-to-date: /home/arjun/optimus1_ws/install/amr/share/amr//worlds/empty.world
[0.221s] -- Up-to-date: /home/arjun/optimus1_ws/install/amr/share/amr//worlds/obstacles.world
[0.221s] -- Up-to-date: /home/arjun/optimus1_ws/install/amr/share/ament_index/resource_index/package_run_dependencies/amr
[0.221s] -- Up-to-date: /home/arjun/optimus1_ws/install/amr/share/ament_index/resource_index/parent_prefix_path/amr
[0.222s] -- Up-to-date: /home/arjun/optimus1_ws/install/amr/share/amr/environment/ament_prefix_path.sh
[0.222s] -- Up-to-date: /home/arjun/optimus1_ws/install/amr/share/amr/environment/ament_prefix_path.dsv
[0.222s] -- Up-to-date: /home/arjun/optimus1_ws/install/amr/share/amr/environment/path.sh
[0.222s] -- Up-to-date: /home/arjun/optimus1_ws/install/amr/share/amr/environment/path.dsv
[0.222s] -- Up-to-date: /home/arjun/optimus1_ws/install/amr/share/amr/local_setup.bash
[0.222s] -- Up-to-date: /home/arjun/optimus1_ws/install/amr/share/amr/local_setup.sh
[0.222s] -- Up-to-date: /home/arjun/optimus1_ws/install/amr/share/amr/local_setup.zsh
[0.222s] -- Up-to-date: /home/arjun/optimus1_ws/install/amr/share/amr/local_setup.dsv
[0.223s] -- Installing: /home/arjun/optimus1_ws/install/amr/share/amr/package.dsv
[0.223s] -- Up-to-date: /home/arjun/optimus1_ws/install/amr/share/ament_index/resource_index/packages/amr
[0.223s] -- Up-to-date: /home/arjun/optimus1_ws/install/amr/share/amr/cmake/amrConfig.cmake
[0.223s] -- Up-to-date: /home/arjun/optimus1_ws/install/amr/share/amr/cmake/amrConfig-version.cmake
[0.223s] -- Up-to-date: /home/arjun/optimus1_ws/install/amr/share/amr/package.xml
[0.226s] Invoked command in '/home/arjun/optimus1_ws/build/amr' returned '0': CMAKE_PREFIX_PATH=${CMAKE_PREFIX_PATH}:/home/arjun/opt_ws/install/my_bot_controller:/home/arjun/ros2_ws/install/my_robot_controller:/opt/ros/humble /usr/bin/cmake --install /home/arjun/optimus1_ws/build/amr
