[0.036s] Invoking command in '/home/arjun/optimus1_ws/build/diffdrive_arduino': CMAKE_PREFIX_PATH=${CMAKE_PREFIX_PATH}:/home/arjun/opt_ws/install/my_bot_controller:/home/arjun/ros2_ws/install/my_robot_controller:/opt/ros/humble /usr/bin/cmake /home/arjun/optimus1_ws/src/diffdrive_arduino -DCMAKE_INSTALL_PREFIX=/home/arjun/optimus1_ws/install/diffdrive_arduino
[0.213s] -- The CXX compiler identification is GNU 11.4.0
[0.228s] -- Detecting CXX compiler ABI info
[0.334s] -- Detecting CXX compiler ABI info - done
[0.348s] -- Check for working CXX compiler: /usr/bin/c++ - skipped
[0.348s] -- Detecting CXX compile features
[0.349s] -- Detecting CXX compile features - done
[0.358s] -- Found ament_cmake: 1.3.5 (/opt/ros/humble/share/ament_cmake/cmake)
[0.601s] -- Found Python3: /usr/bin/python3.10 (found version "3.10.12") found components: Interpreter 
[0.744s] -- Found hardware_interface: 2.30.0 (/opt/ros/humble/share/hardware_interface/cmake)
[0.821s] -- Found rosidl_generator_c: 3.1.5 (/opt/ros/humble/share/rosidl_generator_c/cmake)
[0.832s] -- Found rosidl_adapter: 3.1.5 (/opt/ros/humble/share/rosidl_adapter/cmake)
[0.851s] -- Found rosidl_generator_cpp: 3.1.5 (/opt/ros/humble/share/rosidl_generator_cpp/cmake)
[0.886s] -- Using all available rosidl_typesupport_c: rosidl_typesupport_fastrtps_c;rosidl_typesupport_introspection_c
[0.931s] -- Using all available rosidl_typesupport_cpp: rosidl_typesupport_fastrtps_cpp;rosidl_typesupport_introspection_cpp
[2.322s] -- Found rmw_implementation_cmake: 6.1.1 (/opt/ros/humble/share/rmw_implementation_cmake/cmake)
[2.329s] -- Found rmw_cyclonedds_cpp: 1.3.4 (/opt/ros/humble/share/rmw_cyclonedds_cpp/cmake)
[2.412s] -- Using RMW implementation 'rmw_cyclonedds_cpp' as default
[2.438s] -- Looking for C++ include pthread.h
[2.749s] -- Looking for C++ include pthread.h - found
[2.749s] -- Performing Test CMAKE_HAVE_LIBC_PTHREAD
[3.025s] -- Performing Test CMAKE_HAVE_LIBC_PTHREAD - Success
[3.027s] -- Found Threads: TRUE  
[3.599s] -- Found ament_cmake_gtest: 1.3.5 (/opt/ros/humble/share/ament_cmake_gtest/cmake)
[3.760s] -- Configuring done
[3.856s] -- Generating done
[3.859s] -- Build files have been written to: /home/arjun/optimus1_ws/build/diffdrive_arduino
[3.893s] Invoked command in '/home/arjun/optimus1_ws/build/diffdrive_arduino' returned '0': CMAKE_PREFIX_PATH=${CMAKE_PREFIX_PATH}:/home/arjun/opt_ws/install/my_bot_controller:/home/arjun/ros2_ws/install/my_robot_controller:/opt/ros/humble /usr/bin/cmake /home/arjun/optimus1_ws/src/diffdrive_arduino -DCMAKE_INSTALL_PREFIX=/home/arjun/optimus1_ws/install/diffdrive_arduino
[3.894s] Invoking command in '/home/arjun/optimus1_ws/build/diffdrive_arduino': CMAKE_PREFIX_PATH=${CMAKE_PREFIX_PATH}:/home/arjun/opt_ws/install/my_bot_controller:/home/arjun/ros2_ws/install/my_robot_controller:/opt/ros/humble /usr/bin/cmake --build /home/arjun/optimus1_ws/build/diffdrive_arduino -- -j8 -l8
[4.079s] [ 50%] [32mBuilding CXX object CMakeFiles/diffdrive_arduino.dir/hardware/diffbot_system.cpp.o[0m
[4.376s] In file included from [01m[K/home/arjun/optimus1_ws/src/diffdrive_arduino/hardware/include/diffdrive_arduino/diffbot_system.hpp:34[m[K,
[4.376s]                  from [01m[K/home/arjun/optimus1_ws/src/diffdrive_arduino/hardware/diffbot_system.cpp:15[m[K:
[4.376s] [01m[K/home/arjun/optimus1_ws/src/diffdrive_arduino/hardware/include/diffdrive_arduino/arduino_comms.hpp:7:10:[m[K [01;31m[Kfatal error: [m[Klibserial/SerialPort.h: No such file or directory
[4.376s]     7 | #include [01;31m[K<libserial/SerialPort.h>[m[K
[4.376s]       |          [01;31m[K^~~~~~~~~~~~~~~~~~~~~~~~[m[K
[4.376s] compilation terminated.
[4.379s] gmake[2]: *** [CMakeFiles/diffdrive_arduino.dir/build.make:76: CMakeFiles/diffdrive_arduino.dir/hardware/diffbot_system.cpp.o] Error 1
[4.379s] gmake[1]: *** [CMakeFiles/Makefile2:137: CMakeFiles/diffdrive_arduino.dir/all] Error 2
[4.379s] gmake: *** [Makefile:146: all] Error 2
[4.382s] Invoked command in '/home/arjun/optimus1_ws/build/diffdrive_arduino' returned '2': CMAKE_PREFIX_PATH=${CMAKE_PREFIX_PATH}:/home/arjun/opt_ws/install/my_bot_controller:/home/arjun/ros2_ws/install/my_robot_controller:/opt/ros/humble /usr/bin/cmake --build /home/arjun/optimus1_ws/build/diffdrive_arduino -- -j8 -l8
