[0.036s] Invoking command in '/home/arjun/optimus1_ws/build/serial': CMAKE_PREFIX_PATH=${CMAKE_PREFIX_PATH}:/home/arjun/optimus1_ws/install/serial_motor_demo:/home/arjun/optimus1_ws/install/serial:/home/arjun/optimus1_ws/install/ldlidar_sl_ros2:/home/arjun/optimus1_ws/install/diffdrive_arduino:/home/arjun/opt_ws/install/my_bot_controller:/home/arjun/ros2_ws/install/my_robot_controller:/opt/ros/humble /usr/bin/cmake /home/arjun/optimus1_ws/src/serial -DCMAKE_INSTALL_PREFIX=/home/arjun/optimus1_ws/install/serial
[0.055s] -- Found ament_cmake: 1.3.5 (/opt/ros/humble/share/ament_cmake/cmake)
[0.277s] -- Override CMake install command with custom implementation using symlinks instead of copying resources
[0.291s] -- Found ament_cmake_gtest: 1.3.5 (/opt/ros/humble/share/ament_cmake_gtest/cmake)
[0.300s] -- Found gtest sources under '/opt/ros/humble/src/gtest_vendor': C++ tests using 'Google Test' will be built
[0.443s] -- Configuring done
[0.475s] -- Generating done
[0.478s] -- Build files have been written to: /home/arjun/optimus1_ws/build/serial
[0.483s] Invoked command in '/home/arjun/optimus1_ws/build/serial' returned '0': CMAKE_PREFIX_PATH=${CMAKE_PREFIX_PATH}:/home/arjun/optimus1_ws/install/serial_motor_demo:/home/arjun/optimus1_ws/install/serial:/home/arjun/optimus1_ws/install/ldlidar_sl_ros2:/home/arjun/optimus1_ws/install/diffdrive_arduino:/home/arjun/opt_ws/install/my_bot_controller:/home/arjun/ros2_ws/install/my_robot_controller:/opt/ros/humble /usr/bin/cmake /home/arjun/optimus1_ws/src/serial -DCMAKE_INSTALL_PREFIX=/home/arjun/optimus1_ws/install/serial
[0.485s] Invoking command in '/home/arjun/optimus1_ws/build/serial': CMAKE_PREFIX_PATH=${CMAKE_PREFIX_PATH}:/home/arjun/optimus1_ws/install/serial_motor_demo:/home/arjun/optimus1_ws/install/serial:/home/arjun/optimus1_ws/install/ldlidar_sl_ros2:/home/arjun/optimus1_ws/install/diffdrive_arduino:/home/arjun/opt_ws/install/my_bot_controller:/home/arjun/ros2_ws/install/my_robot_controller:/opt/ros/humble /usr/bin/cmake --build /home/arjun/optimus1_ws/build/serial -- -j8 -l8
[0.543s] [35m[1mConsolidate compiler generated dependencies of target gtest[0m
[0.543s] [35m[1mConsolidate compiler generated dependencies of target serial[0m
[0.557s] [35m[1mConsolidate compiler generated dependencies of target gtest_main[0m
[0.567s] [ 14%] Built target gtest
[0.579s] [ 42%] Built target serial
[0.582s] [ 57%] Built target gtest_main
[0.597s] [35m[1mConsolidate compiler generated dependencies of target serial_example[0m
[0.602s] [35m[1mConsolidate compiler generated dependencies of target serial-test-timer[0m
[0.611s] [35m[1mConsolidate compiler generated dependencies of target serial-test[0m
[0.617s] [ 71%] Built target serial_example
[0.628s] [ 85%] Built target serial-test-timer
[0.642s] [100%] Built target serial-test
[0.678s] Invoked command in '/home/arjun/optimus1_ws/build/serial' returned '0': CMAKE_PREFIX_PATH=${CMAKE_PREFIX_PATH}:/home/arjun/optimus1_ws/install/serial_motor_demo:/home/arjun/optimus1_ws/install/serial:/home/arjun/optimus1_ws/install/ldlidar_sl_ros2:/home/arjun/optimus1_ws/install/diffdrive_arduino:/home/arjun/opt_ws/install/my_bot_controller:/home/arjun/ros2_ws/install/my_robot_controller:/opt/ros/humble /usr/bin/cmake --build /home/arjun/optimus1_ws/build/serial -- -j8 -l8
[0.727s] Invoking command in '/home/arjun/optimus1_ws/build/serial': CMAKE_PREFIX_PATH=${CMAKE_PREFIX_PATH}:/home/arjun/optimus1_ws/install/serial_motor_demo:/home/arjun/optimus1_ws/install/serial:/home/arjun/optimus1_ws/install/ldlidar_sl_ros2:/home/arjun/optimus1_ws/install/diffdrive_arduino:/home/arjun/opt_ws/install/my_bot_controller:/home/arjun/ros2_ws/install/my_robot_controller:/opt/ros/humble /usr/bin/cmake --install /home/arjun/optimus1_ws/build/serial
[0.735s] -- Install configuration: ""
[0.735s] -- Execute custom install script
[0.735s] -- Up-to-date symlink: /home/arjun/optimus1_ws/install/serial/lib/libserial.a
[0.736s] -- Up-to-date symlink: /home/arjun/optimus1_ws/install/serial/include/serial/serial.h
[0.736s] -- Up-to-date symlink: /home/arjun/optimus1_ws/install/serial/include/serial/v8stdint.h
[0.736s] -- Up-to-date symlink: /home/arjun/optimus1_ws/install/serial/share/serial/environment/library_path.sh
[0.736s] -- Up-to-date symlink: /home/arjun/optimus1_ws/install/serial/share/serial/environment/library_path.dsv
[0.737s] -- Up-to-date symlink: /home/arjun/optimus1_ws/install/serial/share/ament_index/resource_index/package_run_dependencies/serial
[0.737s] -- Up-to-date symlink: /home/arjun/optimus1_ws/install/serial/share/ament_index/resource_index/parent_prefix_path/serial
[0.737s] -- Up-to-date symlink: /home/arjun/optimus1_ws/install/serial/share/serial/environment/ament_prefix_path.sh
[0.738s] -- Up-to-date symlink: /home/arjun/optimus1_ws/install/serial/share/serial/environment/ament_prefix_path.dsv
[0.738s] -- Up-to-date symlink: /home/arjun/optimus1_ws/install/serial/share/serial/environment/path.sh
[0.738s] -- Up-to-date symlink: /home/arjun/optimus1_ws/install/serial/share/serial/environment/path.dsv
[0.738s] -- Up-to-date symlink: /home/arjun/optimus1_ws/install/serial/share/serial/local_setup.bash
[0.739s] -- Up-to-date symlink: /home/arjun/optimus1_ws/install/serial/share/serial/local_setup.sh
[0.739s] -- Up-to-date symlink: /home/arjun/optimus1_ws/install/serial/share/serial/local_setup.zsh
[0.739s] -- Up-to-date symlink: /home/arjun/optimus1_ws/install/serial/share/serial/local_setup.dsv
[0.739s] -- Up-to-date symlink: /home/arjun/optimus1_ws/install/serial/share/serial/package.dsv
[0.740s] -- Up-to-date symlink: /home/arjun/optimus1_ws/install/serial/share/ament_index/resource_index/packages/serial
[0.740s] -- Up-to-date symlink: /home/arjun/optimus1_ws/install/serial/share/serial/cmake/ament_cmake_export_include_directories-extras.cmake
[0.740s] -- Up-to-date symlink: /home/arjun/optimus1_ws/install/serial/share/serial/cmake/ament_cmake_export_libraries-extras.cmake
[0.740s] -- Up-to-date symlink: /home/arjun/optimus1_ws/install/serial/share/serial/cmake/serialConfig.cmake
[0.740s] -- Up-to-date symlink: /home/arjun/optimus1_ws/install/serial/share/serial/cmake/serialConfig-version.cmake
[0.741s] -- Up-to-date symlink: /home/arjun/optimus1_ws/install/serial/share/serial/package.xml
[0.748s] Invoked command in '/home/arjun/optimus1_ws/build/serial' returned '0': CMAKE_PREFIX_PATH=${CMAKE_PREFIX_PATH}:/home/arjun/optimus1_ws/install/serial_motor_demo:/home/arjun/optimus1_ws/install/serial:/home/arjun/optimus1_ws/install/ldlidar_sl_ros2:/home/arjun/optimus1_ws/install/diffdrive_arduino:/home/arjun/opt_ws/install/my_bot_controller:/home/arjun/ros2_ws/install/my_robot_controller:/opt/ros/humble /usr/bin/cmake --install /home/arjun/optimus1_ws/build/serial
