[0.022s] Invoking command in '/home/arjun/optimus1_ws/build/serial': CMAKE_PREFIX_PATH=${CMAKE_PREFIX_PATH}:/home/arjun/optimus1_ws/install/serial_motor_demo:/home/arjun/optimus1_ws/install/diffdrive_arduino:/home/arjun/opt_ws/install/my_bot_controller:/home/arjun/ros2_ws/install/my_robot_controller:/opt/ros/humble /usr/bin/cmake /home/arjun/optimus1_ws/src/serial -DAMENT_CMAKE_SYMLINK_INSTALL=1 -DCMAKE_INSTALL_PREFIX=/home/arjun/optimus1_ws/install/serial
[0.033s] -- Found ament_cmake: 1.3.10 (/opt/ros/humble/share/ament_cmake/cmake)
[0.203s] -- Found Python3: /usr/bin/python3 (found version "3.10.12") found components: Interpreter 
[0.280s] -- Override CMake install command with custom implementation using symlinks instead of copying resources
[0.438s] -- Found ament_cmake_gtest: 1.3.10 (/opt/ros/humble/share/ament_cmake_gtest/cmake)
[0.471s] -- Found gtest sources under '/opt/ros/humble/src/gtest_vendor': C++ tests using 'Google Test' will be built
[0.628s] -- Configuring done
[0.683s] -- Generating done
[0.685s] -- Build files have been written to: /home/arjun/optimus1_ws/build/serial
[0.688s] Invoked command in '/home/arjun/optimus1_ws/build/serial' returned '0': CMAKE_PREFIX_PATH=${CMAKE_PREFIX_PATH}:/home/arjun/optimus1_ws/install/serial_motor_demo:/home/arjun/optimus1_ws/install/diffdrive_arduino:/home/arjun/opt_ws/install/my_bot_controller:/home/arjun/ros2_ws/install/my_robot_controller:/opt/ros/humble /usr/bin/cmake /home/arjun/optimus1_ws/src/serial -DAMENT_CMAKE_SYMLINK_INSTALL=1 -DCMAKE_INSTALL_PREFIX=/home/arjun/optimus1_ws/install/serial
[0.689s] Invoking command in '/home/arjun/optimus1_ws/build/serial': CMAKE_PREFIX_PATH=${CMAKE_PREFIX_PATH}:/home/arjun/optimus1_ws/install/serial_motor_demo:/home/arjun/optimus1_ws/install/diffdrive_arduino:/home/arjun/opt_ws/install/my_bot_controller:/home/arjun/ros2_ws/install/my_robot_controller:/opt/ros/humble /usr/bin/cmake --build /home/arjun/optimus1_ws/build/serial -- -j8 -l8
[0.718s] [35m[1mConsolidate compiler generated dependencies of target gtest[0m
[0.719s] [35m[1mConsolidate compiler generated dependencies of target gtest_main[0m
[0.720s] [35m[1mConsolidate compiler generated dependencies of target serial[0m
[0.733s] [ 14%] [32mBuilding CXX object gtest/CMakeFiles/gtest_main.dir/src/gtest_main.cc.o[0m
[0.733s] [ 14%] [32mBuilding CXX object gtest/CMakeFiles/gtest.dir/src/gtest-all.cc.o[0m
[0.736s] [ 21%] [32mBuilding CXX object CMakeFiles/serial.dir/src/serial.cc.o[0m
[0.736s] [ 35%] [32mBuilding CXX object CMakeFiles/serial.dir/src/impl/list_ports/list_ports_linux.cc.o[0m
[0.736s] [ 35%] [32mBuilding CXX object CMakeFiles/serial.dir/src/impl/unix.cc.o[0m
[1.691s] [ 42%] [32m[1mLinking CXX static library libserial.a[0m
[1.829s] [ 42%] Built target serial
[1.876s] [35m[1mConsolidate compiler generated dependencies of target serial_example[0m
[1.924s] [ 50%] [32mBuilding CXX object CMakeFiles/serial_example.dir/examples/serial_example.cc.o[0m
[2.317s] [ 57%] [32m[1mLinking CXX static library libgtest_main.a[0m
[2.437s] [ 57%] Built target gtest_main
[2.526s] [ 64%] [32m[1mLinking CXX executable serial_example[0m
[2.658s] [ 64%] Built target serial_example
[4.295s] [ 71%] [32m[1mLinking CXX static library libgtest.a[0m
[4.340s] [ 71%] Built target gtest
[4.348s] [35m[1mConsolidate compiler generated dependencies of target serial-test-timer[0m
[4.348s] [35m[1mConsolidate compiler generated dependencies of target serial-test[0m
[4.358s] [ 85%] [32mBuilding CXX object tests/CMakeFiles/serial-test-timer.dir/unit/unix_timer_tests.cc.o[0m
[4.358s] [ 85%] [32mBuilding CXX object tests/CMakeFiles/serial-test.dir/unix_serial_tests.cc.o[0m
[5.071s] In file included from [01m[K/usr/include/boost/bind.hpp:30[m[K,
[5.071s]                  from [01m[K/home/arjun/optimus1_ws/src/serial/tests/unix_serial_tests.cc:23[m[K:
[5.071s] [01m[K/usr/include/boost/bind.hpp:36:1:[m[K [01;36m[Knote: [m[K‘[01m[K#pragma message: The practice of declaring the Bind placeholders (_1, _2, ...) in the global namespace is deprecated. Please use <boost/bind/bind.hpp> + using namespace boost::placeholders, or define BOOST_BIND_GLOBAL_PLACEHOLDERS to retain the current behavior.[m[K’
[5.071s]    36 | [01;36m[KBOOST_PRAGMA_MESSAGE[m[K(
[5.072s]       | [01;36m[K^~~~~~~~~~~~~~~~~~~~[m[K
[5.136s] [ 92%] [32m[1mLinking CXX executable serial-test-timer[0m
[5.255s] [100%] [32m[1mLinking CXX executable serial-test[0m
[5.259s] [100%] Built target serial-test-timer
[5.379s] [100%] Built target serial-test
