[0.266s] DEBUG:colcon:Command line arguments: ['/usr/bin/colcon', 'build']
[0.267s] DEBUG:colcon:Parsed command line arguments: Namespace(log_base=None, log_level=None, verb_name='build', build_base='build', install_base='install', merge_install=False, symlink_install=False, test_result_base=None, continue_on_error=False, executor='parallel', parallel_workers=8, event_handlers=None, ignore_user_meta=False, metas=['./colcon.meta'], base_paths=['.'], packages_ignore=None, packages_ignore_regex=None, paths=None, packages_up_to=None, packages_up_to_regex=None, packages_above=None, packages_above_and_dependencies=None, packages_above_depth=None, packages_select_by_dep=None, packages_skip_by_dep=None, packages_skip_up_to=None, packages_select_build_failed=False, packages_skip_build_finished=False, packages_select_test_failures=False, packages_skip_test_passed=False, packages_select=None, packages_skip=None, packages_select_regex=None, packages_skip_regex=None, packages_start=None, packages_end=None, allow_overriding=[], cmake_args=None, cmake_target=None, cmake_target_skip_unavailable=False, cmake_clean_cache=False, cmake_clean_first=False, cmake_force_configure=False, ament_cmake_args=None, catkin_cmake_args=None, catkin_skip_building_tests=False, verb_parser=<colcon_defaults.argument_parser.defaults.DefaultArgumentsDecorator object at 0x7f14d3d53fd0>, verb_extension=<colcon_core.verb.build.BuildVerb object at 0x7f14d36f34f0>, main=<bound method BuildVerb.main of <colcon_core.verb.build.BuildVerb object at 0x7f14d36f34f0>>)
[0.285s] Level 1:colcon.colcon_core.package_discovery:discover_packages(colcon_meta) check parameters
[0.285s] Level 1:colcon.colcon_core.package_discovery:discover_packages(recursive) check parameters
[0.285s] Level 1:colcon.colcon_core.package_discovery:discover_packages(ignore) check parameters
[0.285s] Level 1:colcon.colcon_core.package_discovery:discover_packages(path) check parameters
[0.285s] Level 1:colcon.colcon_core.package_discovery:discover_packages(colcon_meta) discover
[0.285s] Level 1:colcon.colcon_core.package_discovery:discover_packages(recursive) discover
[0.285s] INFO:colcon.colcon_core.package_discovery:Crawling recursively for packages in '/home/arjun/optimus1_ws'
[0.285s] Level 1:colcon.colcon_core.package_identification:_identify(.) by extensions ['ignore', 'ignore_ament_install']
[0.285s] Level 1:colcon.colcon_core.package_identification:_identify(.) by extension 'ignore'
[0.285s] Level 1:colcon.colcon_core.package_identification:_identify(.) by extension 'ignore_ament_install'
[0.285s] Level 1:colcon.colcon_core.package_identification:_identify(.) by extensions ['colcon_pkg']
[0.285s] Level 1:colcon.colcon_core.package_identification:_identify(.) by extension 'colcon_pkg'
[0.285s] Level 1:colcon.colcon_core.package_identification:_identify(.) by extensions ['colcon_meta']
[0.285s] Level 1:colcon.colcon_core.package_identification:_identify(.) by extension 'colcon_meta'
[0.285s] Level 1:colcon.colcon_core.package_identification:_identify(.) by extensions ['ros']
[0.285s] Level 1:colcon.colcon_core.package_identification:_identify(.) by extension 'ros'
[0.294s] Level 1:colcon.colcon_core.package_identification:_identify(.) by extensions ['cmake', 'python']
[0.294s] Level 1:colcon.colcon_core.package_identification:_identify(.) by extension 'cmake'
[0.294s] Level 1:colcon.colcon_core.package_identification:_identify(.) by extension 'python'
[0.294s] Level 1:colcon.colcon_core.package_identification:_identify(.) by extensions ['python_setup_py']
[0.294s] Level 1:colcon.colcon_core.package_identification:_identify(.) by extension 'python_setup_py'
[0.294s] Level 1:colcon.colcon_core.package_identification:_identify(build) by extensions ['ignore', 'ignore_ament_install']
[0.294s] Level 1:colcon.colcon_core.package_identification:_identify(build) by extension 'ignore'
[0.294s] Level 1:colcon.colcon_core.package_identification:_identify(build) ignored
[0.294s] Level 1:colcon.colcon_core.package_identification:_identify(install) by extensions ['ignore', 'ignore_ament_install']
[0.294s] Level 1:colcon.colcon_core.package_identification:_identify(install) by extension 'ignore'
[0.294s] Level 1:colcon.colcon_core.package_identification:_identify(install) ignored
[0.294s] Level 1:colcon.colcon_core.package_identification:_identify(log) by extensions ['ignore', 'ignore_ament_install']
[0.294s] Level 1:colcon.colcon_core.package_identification:_identify(log) by extension 'ignore'
[0.294s] Level 1:colcon.colcon_core.package_identification:_identify(log) ignored
[0.295s] Level 1:colcon.colcon_core.package_identification:_identify(ros_arduino_bridge) by extensions ['ignore', 'ignore_ament_install']
[0.295s] Level 1:colcon.colcon_core.package_identification:_identify(ros_arduino_bridge) by extension 'ignore'
[0.295s] Level 1:colcon.colcon_core.package_identification:_identify(ros_arduino_bridge) by extension 'ignore_ament_install'
[0.295s] Level 1:colcon.colcon_core.package_identification:_identify(ros_arduino_bridge) by extensions ['colcon_pkg']
[0.295s] Level 1:colcon.colcon_core.package_identification:_identify(ros_arduino_bridge) by extension 'colcon_pkg'
[0.295s] Level 1:colcon.colcon_core.package_identification:_identify(ros_arduino_bridge) by extensions ['colcon_meta']
[0.295s] Level 1:colcon.colcon_core.package_identification:_identify(ros_arduino_bridge) by extension 'colcon_meta'
[0.295s] Level 1:colcon.colcon_core.package_identification:_identify(ros_arduino_bridge) by extensions ['ros']
[0.295s] Level 1:colcon.colcon_core.package_identification:_identify(ros_arduino_bridge) by extension 'ros'
[0.295s] Level 1:colcon.colcon_core.package_identification:_identify(ros_arduino_bridge) by extensions ['cmake', 'python']
[0.295s] Level 1:colcon.colcon_core.package_identification:_identify(ros_arduino_bridge) by extension 'cmake'
[0.295s] Level 1:colcon.colcon_core.package_identification:_identify(ros_arduino_bridge) by extension 'python'
[0.295s] Level 1:colcon.colcon_core.package_identification:_identify(ros_arduino_bridge) by extensions ['python_setup_py']
[0.295s] Level 1:colcon.colcon_core.package_identification:_identify(ros_arduino_bridge) by extension 'python_setup_py'
[0.295s] Level 1:colcon.colcon_core.package_identification:_identify(serial_motor_demo) by extensions ['ignore', 'ignore_ament_install']
[0.295s] Level 1:colcon.colcon_core.package_identification:_identify(serial_motor_demo) by extension 'ignore'
[0.295s] Level 1:colcon.colcon_core.package_identification:_identify(serial_motor_demo) by extension 'ignore_ament_install'
[0.295s] Level 1:colcon.colcon_core.package_identification:_identify(serial_motor_demo) by extensions ['colcon_pkg']
[0.295s] Level 1:colcon.colcon_core.package_identification:_identify(serial_motor_demo) by extension 'colcon_pkg'
[0.295s] Level 1:colcon.colcon_core.package_identification:_identify(serial_motor_demo) by extensions ['colcon_meta']
[0.295s] Level 1:colcon.colcon_core.package_identification:_identify(serial_motor_demo) by extension 'colcon_meta'
[0.295s] Level 1:colcon.colcon_core.package_identification:_identify(serial_motor_demo) by extensions ['ros']
[0.295s] Level 1:colcon.colcon_core.package_identification:_identify(serial_motor_demo) by extension 'ros'
[0.297s] DEBUG:colcon.colcon_core.package_identification:Package 'serial_motor_demo' with type 'ros.ament_python' and name 'serial_motor_demo'
[0.297s] Level 1:colcon.colcon_core.package_identification:_identify(serial_motor_demo_msgs) by extensions ['ignore', 'ignore_ament_install']
[0.297s] Level 1:colcon.colcon_core.package_identification:_identify(serial_motor_demo_msgs) by extension 'ignore'
[0.297s] Level 1:colcon.colcon_core.package_identification:_identify(serial_motor_demo_msgs) by extension 'ignore_ament_install'
[0.297s] Level 1:colcon.colcon_core.package_identification:_identify(serial_motor_demo_msgs) by extensions ['colcon_pkg']
[0.297s] Level 1:colcon.colcon_core.package_identification:_identify(serial_motor_demo_msgs) by extension 'colcon_pkg'
[0.297s] Level 1:colcon.colcon_core.package_identification:_identify(serial_motor_demo_msgs) by extensions ['colcon_meta']
[0.297s] Level 1:colcon.colcon_core.package_identification:_identify(serial_motor_demo_msgs) by extension 'colcon_meta'
[0.298s] Level 1:colcon.colcon_core.package_identification:_identify(serial_motor_demo_msgs) by extensions ['ros']
[0.298s] Level 1:colcon.colcon_core.package_identification:_identify(serial_motor_demo_msgs) by extension 'ros'
[0.298s] DEBUG:colcon.colcon_core.package_identification:Package 'serial_motor_demo_msgs' with type 'ros.ament_cmake' and name 'serial_motor_demo_msgs'
[0.298s] Level 1:colcon.colcon_core.package_identification:_identify(src) by extensions ['ignore', 'ignore_ament_install']
[0.298s] Level 1:colcon.colcon_core.package_identification:_identify(src) by extension 'ignore'
[0.298s] Level 1:colcon.colcon_core.package_identification:_identify(src) by extension 'ignore_ament_install'
[0.298s] Level 1:colcon.colcon_core.package_identification:_identify(src) by extensions ['colcon_pkg']
[0.298s] Level 1:colcon.colcon_core.package_identification:_identify(src) by extension 'colcon_pkg'
[0.298s] Level 1:colcon.colcon_core.package_identification:_identify(src) by extensions ['colcon_meta']
[0.298s] Level 1:colcon.colcon_core.package_identification:_identify(src) by extension 'colcon_meta'
[0.298s] Level 1:colcon.colcon_core.package_identification:_identify(src) by extensions ['ros']
[0.298s] Level 1:colcon.colcon_core.package_identification:_identify(src) by extension 'ros'
[0.298s] Level 1:colcon.colcon_core.package_identification:_identify(src) by extensions ['cmake', 'python']
[0.298s] Level 1:colcon.colcon_core.package_identification:_identify(src) by extension 'cmake'
[0.298s] Level 1:colcon.colcon_core.package_identification:_identify(src) by extension 'python'
[0.298s] Level 1:colcon.colcon_core.package_identification:_identify(src) by extensions ['python_setup_py']
[0.298s] Level 1:colcon.colcon_core.package_identification:_identify(src) by extension 'python_setup_py'
[0.299s] Level 1:colcon.colcon_core.package_identification:_identify(src/amr) by extensions ['ignore', 'ignore_ament_install']
[0.299s] Level 1:colcon.colcon_core.package_identification:_identify(src/amr) by extension 'ignore'
[0.299s] Level 1:colcon.colcon_core.package_identification:_identify(src/amr) by extension 'ignore_ament_install'
[0.299s] Level 1:colcon.colcon_core.package_identification:_identify(src/amr) by extensions ['colcon_pkg']
[0.299s] Level 1:colcon.colcon_core.package_identification:_identify(src/amr) by extension 'colcon_pkg'
[0.299s] Level 1:colcon.colcon_core.package_identification:_identify(src/amr) by extensions ['colcon_meta']
[0.299s] Level 1:colcon.colcon_core.package_identification:_identify(src/amr) by extension 'colcon_meta'
[0.299s] Level 1:colcon.colcon_core.package_identification:_identify(src/amr) by extensions ['ros']
[0.299s] Level 1:colcon.colcon_core.package_identification:_identify(src/amr) by extension 'ros'
[0.299s] DEBUG:colcon.colcon_core.package_identification:Package 'src/amr' with type 'ros.ament_cmake' and name 'amr'
[0.299s] Level 1:colcon.colcon_core.package_identification:_identify(src/diffdrive_arduino) by extensions ['ignore', 'ignore_ament_install']
[0.299s] Level 1:colcon.colcon_core.package_identification:_identify(src/diffdrive_arduino) by extension 'ignore'
[0.299s] Level 1:colcon.colcon_core.package_identification:_identify(src/diffdrive_arduino) by extension 'ignore_ament_install'
[0.299s] Level 1:colcon.colcon_core.package_identification:_identify(src/diffdrive_arduino) by extensions ['colcon_pkg']
[0.299s] Level 1:colcon.colcon_core.package_identification:_identify(src/diffdrive_arduino) by extension 'colcon_pkg'
[0.299s] Level 1:colcon.colcon_core.package_identification:_identify(src/diffdrive_arduino) by extensions ['colcon_meta']
[0.299s] Level 1:colcon.colcon_core.package_identification:_identify(src/diffdrive_arduino) by extension 'colcon_meta'
[0.299s] Level 1:colcon.colcon_core.package_identification:_identify(src/diffdrive_arduino) by extensions ['ros']
[0.299s] Level 1:colcon.colcon_core.package_identification:_identify(src/diffdrive_arduino) by extension 'ros'
[0.300s] DEBUG:colcon.colcon_core.package_identification:Package 'src/diffdrive_arduino' with type 'ros.ament_cmake' and name 'diffdrive_arduino'
[0.300s] Level 1:colcon.colcon_core.package_identification:_identify(src/ldlidar_sl_ros2) by extensions ['ignore', 'ignore_ament_install']
[0.300s] Level 1:colcon.colcon_core.package_identification:_identify(src/ldlidar_sl_ros2) by extension 'ignore'
[0.300s] Level 1:colcon.colcon_core.package_identification:_identify(src/ldlidar_sl_ros2) by extension 'ignore_ament_install'
[0.300s] Level 1:colcon.colcon_core.package_identification:_identify(src/ldlidar_sl_ros2) by extensions ['colcon_pkg']
[0.300s] Level 1:colcon.colcon_core.package_identification:_identify(src/ldlidar_sl_ros2) by extension 'colcon_pkg'
[0.300s] Level 1:colcon.colcon_core.package_identification:_identify(src/ldlidar_sl_ros2) by extensions ['colcon_meta']
[0.301s] Level 1:colcon.colcon_core.package_identification:_identify(src/ldlidar_sl_ros2) by extension 'colcon_meta'
[0.301s] Level 1:colcon.colcon_core.package_identification:_identify(src/ldlidar_sl_ros2) by extensions ['ros']
[0.301s] Level 1:colcon.colcon_core.package_identification:_identify(src/ldlidar_sl_ros2) by extension 'ros'
[0.301s] DEBUG:colcon.colcon_core.package_identification:Package 'src/ldlidar_sl_ros2' with type 'ros.ament_cmake' and name 'ldlidar_sl_ros2'
[0.301s] Level 1:colcon.colcon_core.package_identification:_identify(src/serial) by extensions ['ignore', 'ignore_ament_install']
[0.301s] Level 1:colcon.colcon_core.package_identification:_identify(src/serial) by extension 'ignore'
[0.301s] Level 1:colcon.colcon_core.package_identification:_identify(src/serial) by extension 'ignore_ament_install'
[0.301s] Level 1:colcon.colcon_core.package_identification:_identify(src/serial) by extensions ['colcon_pkg']
[0.301s] Level 1:colcon.colcon_core.package_identification:_identify(src/serial) by extension 'colcon_pkg'
[0.301s] Level 1:colcon.colcon_core.package_identification:_identify(src/serial) by extensions ['colcon_meta']
[0.301s] Level 1:colcon.colcon_core.package_identification:_identify(src/serial) by extension 'colcon_meta'
[0.301s] Level 1:colcon.colcon_core.package_identification:_identify(src/serial) by extensions ['ros']
[0.301s] Level 1:colcon.colcon_core.package_identification:_identify(src/serial) by extension 'ros'
[0.302s] DEBUG:colcon.colcon_core.package_identification:Package 'src/serial' with type 'ros.ament_cmake' and name 'serial'
[0.302s] Level 1:colcon.colcon_core.package_discovery:discover_packages(recursive) using defaults
[0.302s] Level 1:colcon.colcon_core.package_discovery:discover_packages(ignore) discover
[0.302s] Level 1:colcon.colcon_core.package_discovery:discover_packages(ignore) using defaults
[0.302s] Level 1:colcon.colcon_core.package_discovery:discover_packages(path) discover
[0.302s] Level 1:colcon.colcon_core.package_discovery:discover_packages(path) using defaults
[0.319s] Level 1:colcon.colcon_core.package_discovery:discover_packages(prefix_path) check parameters
[0.319s] Level 1:colcon.colcon_core.package_discovery:discover_packages(prefix_path) discover
[0.321s] DEBUG:colcon.colcon_installed_package_information.package_discovery:Found 1 installed packages in /home/arjun/optimus_ws/install
[0.322s] DEBUG:colcon.colcon_installed_package_information.package_discovery:Found 1 installed packages in /home/arjun/opt_ws/install
[0.323s] DEBUG:colcon.colcon_installed_package_information.package_discovery:Found 1 installed packages in /home/arjun/ros2_ws/install
[0.323s] DEBUG:colcon.colcon_installed_package_information.package_discovery:Found 4 installed packages in /home/arjun/optimus1_ws/install
[0.324s] DEBUG:colcon.colcon_installed_package_information.package_discovery:Found 1 installed packages in /home/arjun/js_ws/install
[0.325s] DEBUG:colcon.colcon_installed_package_information.package_discovery:Found 2 installed packages in /home/arjun/jetbot_ws/install
[0.326s] DEBUG:colcon.colcon_installed_package_information.package_discovery:Found 386 installed packages in /opt/ros/humble
[0.328s] Level 1:colcon.colcon_core.package_discovery:discover_packages(prefix_path) using defaults
[0.383s] Level 5:colcon.colcon_core.verb:set package 'amr' build argument 'cmake_args' from command line to 'None'
[0.383s] Level 5:colcon.colcon_core.verb:set package 'amr' build argument 'cmake_target' from command line to 'None'
[0.383s] Level 5:colcon.colcon_core.verb:set package 'amr' build argument 'cmake_target_skip_unavailable' from command line to 'False'
[0.383s] Level 5:colcon.colcon_core.verb:set package 'amr' build argument 'cmake_clean_cache' from command line to 'False'
[0.383s] Level 5:colcon.colcon_core.verb:set package 'amr' build argument 'cmake_clean_first' from command line to 'False'
[0.383s] Level 5:colcon.colcon_core.verb:set package 'amr' build argument 'cmake_force_configure' from command line to 'False'
[0.383s] Level 5:colcon.colcon_core.verb:set package 'amr' build argument 'ament_cmake_args' from command line to 'None'
[0.383s] Level 5:colcon.colcon_core.verb:set package 'amr' build argument 'catkin_cmake_args' from command line to 'None'
[0.383s] Level 5:colcon.colcon_core.verb:set package 'amr' build argument 'catkin_skip_building_tests' from command line to 'False'
[0.383s] DEBUG:colcon.colcon_core.verb:Building package 'amr' with the following arguments: {'ament_cmake_args': None, 'build_base': '/home/arjun/optimus1_ws/build/amr', 'catkin_cmake_args': None, 'catkin_skip_building_tests': False, 'cmake_args': None, 'cmake_clean_cache': False, 'cmake_clean_first': False, 'cmake_force_configure': False, 'cmake_target': None, 'cmake_target_skip_unavailable': False, 'install_base': '/home/arjun/optimus1_ws/install/amr', 'merge_install': False, 'path': '/home/arjun/optimus1_ws/src/amr', 'symlink_install': False, 'test_result_base': None}
[0.384s] Level 5:colcon.colcon_core.verb:set package 'diffdrive_arduino' build argument 'cmake_args' from command line to 'None'
[0.384s] Level 5:colcon.colcon_core.verb:set package 'diffdrive_arduino' build argument 'cmake_target' from command line to 'None'
[0.384s] Level 5:colcon.colcon_core.verb:set package 'diffdrive_arduino' build argument 'cmake_target_skip_unavailable' from command line to 'False'
[0.384s] Level 5:colcon.colcon_core.verb:set package 'diffdrive_arduino' build argument 'cmake_clean_cache' from command line to 'False'
[0.384s] Level 5:colcon.colcon_core.verb:set package 'diffdrive_arduino' build argument 'cmake_clean_first' from command line to 'False'
[0.384s] Level 5:colcon.colcon_core.verb:set package 'diffdrive_arduino' build argument 'cmake_force_configure' from command line to 'False'
[0.384s] Level 5:colcon.colcon_core.verb:set package 'diffdrive_arduino' build argument 'ament_cmake_args' from command line to 'None'
[0.384s] Level 5:colcon.colcon_core.verb:set package 'diffdrive_arduino' build argument 'catkin_cmake_args' from command line to 'None'
[0.384s] Level 5:colcon.colcon_core.verb:set package 'diffdrive_arduino' build argument 'catkin_skip_building_tests' from command line to 'False'
[0.384s] DEBUG:colcon.colcon_core.verb:Building package 'diffdrive_arduino' with the following arguments: {'ament_cmake_args': None, 'build_base': '/home/arjun/optimus1_ws/build/diffdrive_arduino', 'catkin_cmake_args': None, 'catkin_skip_building_tests': False, 'cmake_args': None, 'cmake_clean_cache': False, 'cmake_clean_first': False, 'cmake_force_configure': False, 'cmake_target': None, 'cmake_target_skip_unavailable': False, 'install_base': '/home/arjun/optimus1_ws/install/diffdrive_arduino', 'merge_install': False, 'path': '/home/arjun/optimus1_ws/src/diffdrive_arduino', 'symlink_install': False, 'test_result_base': None}
[0.385s] Level 5:colcon.colcon_core.verb:set package 'ldlidar_sl_ros2' build argument 'cmake_args' from command line to 'None'
[0.385s] Level 5:colcon.colcon_core.verb:set package 'ldlidar_sl_ros2' build argument 'cmake_target' from command line to 'None'
[0.385s] Level 5:colcon.colcon_core.verb:set package 'ldlidar_sl_ros2' build argument 'cmake_target_skip_unavailable' from command line to 'False'
[0.385s] Level 5:colcon.colcon_core.verb:set package 'ldlidar_sl_ros2' build argument 'cmake_clean_cache' from command line to 'False'
[0.385s] Level 5:colcon.colcon_core.verb:set package 'ldlidar_sl_ros2' build argument 'cmake_clean_first' from command line to 'False'
[0.385s] Level 5:colcon.colcon_core.verb:set package 'ldlidar_sl_ros2' build argument 'cmake_force_configure' from command line to 'False'
[0.385s] Level 5:colcon.colcon_core.verb:set package 'ldlidar_sl_ros2' build argument 'ament_cmake_args' from command line to 'None'
[0.385s] Level 5:colcon.colcon_core.verb:set package 'ldlidar_sl_ros2' build argument 'catkin_cmake_args' from command line to 'None'
[0.385s] Level 5:colcon.colcon_core.verb:set package 'ldlidar_sl_ros2' build argument 'catkin_skip_building_tests' from command line to 'False'
[0.385s] DEBUG:colcon.colcon_core.verb:Building package 'ldlidar_sl_ros2' with the following arguments: {'ament_cmake_args': None, 'build_base': '/home/arjun/optimus1_ws/build/ldlidar_sl_ros2', 'catkin_cmake_args': None, 'catkin_skip_building_tests': False, 'cmake_args': None, 'cmake_clean_cache': False, 'cmake_clean_first': False, 'cmake_force_configure': False, 'cmake_target': None, 'cmake_target_skip_unavailable': False, 'install_base': '/home/arjun/optimus1_ws/install/ldlidar_sl_ros2', 'merge_install': False, 'path': '/home/arjun/optimus1_ws/src/ldlidar_sl_ros2', 'symlink_install': False, 'test_result_base': None}
[0.386s] Level 5:colcon.colcon_core.verb:set package 'serial' build argument 'cmake_args' from command line to 'None'
[0.386s] Level 5:colcon.colcon_core.verb:set package 'serial' build argument 'cmake_target' from command line to 'None'
[0.386s] Level 5:colcon.colcon_core.verb:set package 'serial' build argument 'cmake_target_skip_unavailable' from command line to 'False'
[0.386s] Level 5:colcon.colcon_core.verb:set package 'serial' build argument 'cmake_clean_cache' from command line to 'False'
[0.386s] Level 5:colcon.colcon_core.verb:set package 'serial' build argument 'cmake_clean_first' from command line to 'False'
[0.386s] Level 5:colcon.colcon_core.verb:set package 'serial' build argument 'cmake_force_configure' from command line to 'False'
[0.386s] Level 5:colcon.colcon_core.verb:set package 'serial' build argument 'ament_cmake_args' from command line to 'None'
[0.386s] Level 5:colcon.colcon_core.verb:set package 'serial' build argument 'catkin_cmake_args' from command line to 'None'
[0.386s] Level 5:colcon.colcon_core.verb:set package 'serial' build argument 'catkin_skip_building_tests' from command line to 'False'
[0.386s] DEBUG:colcon.colcon_core.verb:Building package 'serial' with the following arguments: {'ament_cmake_args': None, 'build_base': '/home/arjun/optimus1_ws/build/serial', 'catkin_cmake_args': None, 'catkin_skip_building_tests': False, 'cmake_args': None, 'cmake_clean_cache': False, 'cmake_clean_first': False, 'cmake_force_configure': False, 'cmake_target': None, 'cmake_target_skip_unavailable': False, 'install_base': '/home/arjun/optimus1_ws/install/serial', 'merge_install': False, 'path': '/home/arjun/optimus1_ws/src/serial', 'symlink_install': False, 'test_result_base': None}
[0.387s] Level 5:colcon.colcon_core.verb:set package 'serial_motor_demo_msgs' build argument 'cmake_args' from command line to 'None'
[0.387s] Level 5:colcon.colcon_core.verb:set package 'serial_motor_demo_msgs' build argument 'cmake_target' from command line to 'None'
[0.387s] Level 5:colcon.colcon_core.verb:set package 'serial_motor_demo_msgs' build argument 'cmake_target_skip_unavailable' from command line to 'False'
[0.387s] Level 5:colcon.colcon_core.verb:set package 'serial_motor_demo_msgs' build argument 'cmake_clean_cache' from command line to 'False'
[0.387s] Level 5:colcon.colcon_core.verb:set package 'serial_motor_demo_msgs' build argument 'cmake_clean_first' from command line to 'False'
[0.387s] Level 5:colcon.colcon_core.verb:set package 'serial_motor_demo_msgs' build argument 'cmake_force_configure' from command line to 'False'
[0.387s] Level 5:colcon.colcon_core.verb:set package 'serial_motor_demo_msgs' build argument 'ament_cmake_args' from command line to 'None'
[0.387s] Level 5:colcon.colcon_core.verb:set package 'serial_motor_demo_msgs' build argument 'catkin_cmake_args' from command line to 'None'
[0.387s] Level 5:colcon.colcon_core.verb:set package 'serial_motor_demo_msgs' build argument 'catkin_skip_building_tests' from command line to 'False'
[0.387s] DEBUG:colcon.colcon_core.verb:Building package 'serial_motor_demo_msgs' with the following arguments: {'ament_cmake_args': None, 'build_base': '/home/arjun/optimus1_ws/build/serial_motor_demo_msgs', 'catkin_cmake_args': None, 'catkin_skip_building_tests': False, 'cmake_args': None, 'cmake_clean_cache': False, 'cmake_clean_first': False, 'cmake_force_configure': False, 'cmake_target': None, 'cmake_target_skip_unavailable': False, 'install_base': '/home/arjun/optimus1_ws/install/serial_motor_demo_msgs', 'merge_install': False, 'path': '/home/arjun/optimus1_ws/serial_motor_demo_msgs', 'symlink_install': False, 'test_result_base': None}
[0.388s] Level 5:colcon.colcon_core.verb:set package 'serial_motor_demo' build argument 'cmake_args' from command line to 'None'
[0.388s] Level 5:colcon.colcon_core.verb:set package 'serial_motor_demo' build argument 'cmake_target' from command line to 'None'
[0.388s] Level 5:colcon.colcon_core.verb:set package 'serial_motor_demo' build argument 'cmake_target_skip_unavailable' from command line to 'False'
[0.388s] Level 5:colcon.colcon_core.verb:set package 'serial_motor_demo' build argument 'cmake_clean_cache' from command line to 'False'
[0.388s] Level 5:colcon.colcon_core.verb:set package 'serial_motor_demo' build argument 'cmake_clean_first' from command line to 'False'
[0.388s] Level 5:colcon.colcon_core.verb:set package 'serial_motor_demo' build argument 'cmake_force_configure' from command line to 'False'
[0.388s] Level 5:colcon.colcon_core.verb:set package 'serial_motor_demo' build argument 'ament_cmake_args' from command line to 'None'
[0.388s] Level 5:colcon.colcon_core.verb:set package 'serial_motor_demo' build argument 'catkin_cmake_args' from command line to 'None'
[0.388s] Level 5:colcon.colcon_core.verb:set package 'serial_motor_demo' build argument 'catkin_skip_building_tests' from command line to 'False'
[0.388s] DEBUG:colcon.colcon_core.verb:Building package 'serial_motor_demo' with the following arguments: {'ament_cmake_args': None, 'build_base': '/home/arjun/optimus1_ws/build/serial_motor_demo', 'catkin_cmake_args': None, 'catkin_skip_building_tests': False, 'cmake_args': None, 'cmake_clean_cache': False, 'cmake_clean_first': False, 'cmake_force_configure': False, 'cmake_target': None, 'cmake_target_skip_unavailable': False, 'install_base': '/home/arjun/optimus1_ws/install/serial_motor_demo', 'merge_install': False, 'path': '/home/arjun/optimus1_ws/serial_motor_demo', 'symlink_install': False, 'test_result_base': None}
[0.388s] INFO:colcon.colcon_core.executor:Executing jobs using 'parallel' executor
[0.392s] DEBUG:colcon.colcon_parallel_executor.executor.parallel:run_until_complete
[0.392s] INFO:colcon.colcon_ros.task.ament_cmake.build:Building ROS package in '/home/arjun/optimus1_ws/serial_motor_demo_msgs' with build type 'ament_cmake'
[0.392s] INFO:colcon.colcon_cmake.task.cmake.build:Building CMake package in '/home/arjun/optimus1_ws/serial_motor_demo_msgs'
[0.395s] INFO:colcon.colcon_core.plugin_system:Skipping extension 'colcon_core.shell.bat': Not used on non-Windows systems
[0.395s] INFO:colcon.colcon_core.shell:Skip shell extension 'powershell' for command environment: Not usable outside of PowerShell
[0.395s] DEBUG:colcon.colcon_core.shell:Skip shell extension 'dsv' for command environment
[0.402s] INFO:colcon.colcon_ros.task.ament_cmake.build:Building ROS package in '/home/arjun/optimus1_ws/src/amr' with build type 'ament_cmake'
[0.402s] INFO:colcon.colcon_cmake.task.cmake.build:Building CMake package in '/home/arjun/optimus1_ws/src/amr'
[0.404s] INFO:colcon.colcon_core.shell:Skip shell extension 'powershell' for command environment: Not usable outside of PowerShell
[0.404s] DEBUG:colcon.colcon_core.shell:Skip shell extension 'dsv' for command environment
[0.413s] INFO:colcon.colcon_ros.task.ament_cmake.build:Building ROS package in '/home/arjun/optimus1_ws/src/diffdrive_arduino' with build type 'ament_cmake'
[0.413s] INFO:colcon.colcon_cmake.task.cmake.build:Building CMake package in '/home/arjun/optimus1_ws/src/diffdrive_arduino'
[0.414s] INFO:colcon.colcon_core.shell:Skip shell extension 'powershell' for command environment: Not usable outside of PowerShell
[0.414s] DEBUG:colcon.colcon_core.shell:Skip shell extension 'dsv' for command environment
[0.424s] INFO:colcon.colcon_ros.task.ament_cmake.build:Building ROS package in '/home/arjun/optimus1_ws/src/ldlidar_sl_ros2' with build type 'ament_cmake'
[0.424s] INFO:colcon.colcon_cmake.task.cmake.build:Building CMake package in '/home/arjun/optimus1_ws/src/ldlidar_sl_ros2'
[0.426s] INFO:colcon.colcon_core.shell:Skip shell extension 'powershell' for command environment: Not usable outside of PowerShell
[0.426s] DEBUG:colcon.colcon_core.shell:Skip shell extension 'dsv' for command environment
[0.436s] INFO:colcon.colcon_ros.task.ament_cmake.build:Building ROS package in '/home/arjun/optimus1_ws/src/serial' with build type 'ament_cmake'
[0.436s] INFO:colcon.colcon_cmake.task.cmake.build:Building CMake package in '/home/arjun/optimus1_ws/src/serial'
[0.437s] INFO:colcon.colcon_core.shell:Skip shell extension 'powershell' for command environment: Not usable outside of PowerShell
[0.437s] DEBUG:colcon.colcon_core.shell:Skip shell extension 'dsv' for command environment
[0.452s] DEBUG:colcon.colcon_core.event_handler.log_command:Invoking command in '/home/arjun/optimus1_ws/build/serial_motor_demo_msgs': CMAKE_PREFIX_PATH=${CMAKE_PREFIX_PATH}:/home/arjun/opt_ws/install/my_bot_controller:/home/arjun/ros2_ws/install/my_robot_controller:/opt/ros/humble /usr/bin/cmake --build /home/arjun/optimus1_ws/build/serial_motor_demo_msgs -- -j8 -l8
[0.455s] DEBUG:colcon.colcon_core.event_handler.log_command:Invoking command in '/home/arjun/optimus1_ws/build/amr': CMAKE_PREFIX_PATH=${CMAKE_PREFIX_PATH}:/home/arjun/opt_ws/install/my_bot_controller:/home/arjun/ros2_ws/install/my_robot_controller:/opt/ros/humble /usr/bin/cmake --build /home/arjun/optimus1_ws/build/amr -- -j8 -l8
[0.459s] DEBUG:colcon.colcon_core.event_handler.log_command:Invoking command in '/home/arjun/optimus1_ws/build/diffdrive_arduino': CMAKE_PREFIX_PATH=${CMAKE_PREFIX_PATH}:/home/arjun/opt_ws/install/my_bot_controller:/home/arjun/ros2_ws/install/my_robot_controller:/opt/ros/humble /usr/bin/cmake --build /home/arjun/optimus1_ws/build/diffdrive_arduino -- -j8 -l8
[0.465s] DEBUG:colcon.colcon_core.event_handler.log_command:Invoking command in '/home/arjun/optimus1_ws/build/ldlidar_sl_ros2': CMAKE_PREFIX_PATH=${CMAKE_PREFIX_PATH}:/home/arjun/opt_ws/install/my_bot_controller:/home/arjun/ros2_ws/install/my_robot_controller:/opt/ros/humble /usr/bin/cmake --build /home/arjun/optimus1_ws/build/ldlidar_sl_ros2 -- -j8 -l8
[0.471s] DEBUG:colcon.colcon_core.event_handler.log_command:Invoking command in '/home/arjun/optimus1_ws/build/serial': CMAKE_PREFIX_PATH=${CMAKE_PREFIX_PATH}:/home/arjun/opt_ws/install/my_bot_controller:/home/arjun/ros2_ws/install/my_robot_controller:/opt/ros/humble /usr/bin/cmake --build /home/arjun/optimus1_ws/build/serial -- -j8 -l8
[0.495s] DEBUG:colcon.colcon_core.event_handler.log_command:Invoked command in '/home/arjun/optimus1_ws/build/amr' returned '0': CMAKE_PREFIX_PATH=${CMAKE_PREFIX_PATH}:/home/arjun/opt_ws/install/my_bot_controller:/home/arjun/ros2_ws/install/my_robot_controller:/opt/ros/humble /usr/bin/cmake --build /home/arjun/optimus1_ws/build/amr -- -j8 -l8
[0.550s] DEBUG:colcon.colcon_core.event_handler.log_command:Invoking command in '/home/arjun/optimus1_ws/build/amr': CMAKE_PREFIX_PATH=${CMAKE_PREFIX_PATH}:/home/arjun/opt_ws/install/my_bot_controller:/home/arjun/ros2_ws/install/my_robot_controller:/opt/ros/humble /usr/bin/cmake --install /home/arjun/optimus1_ws/build/amr
[0.571s] Level 1:colcon.colcon_core.environment:create_environment_scripts_only(amr)
[0.580s] DEBUG:colcon.colcon_core.event_handler.log_command:Invoked command in '/home/arjun/optimus1_ws/build/amr' returned '0': CMAKE_PREFIX_PATH=${CMAKE_PREFIX_PATH}:/home/arjun/opt_ws/install/my_bot_controller:/home/arjun/ros2_ws/install/my_robot_controller:/opt/ros/humble /usr/bin/cmake --install /home/arjun/optimus1_ws/build/amr
[0.583s] Level 1:colcon.colcon_core.environment:checking '/home/arjun/optimus1_ws/install/amr' for CMake module files
[0.584s] Level 1:colcon.colcon_core.environment:checking '/home/arjun/optimus1_ws/install/amr' for CMake config files
[0.585s] Level 1:colcon.colcon_core.shell:create_environment_hook('amr', 'cmake_prefix_path')
[0.588s] INFO:colcon.colcon_core.shell:Creating environment hook '/home/arjun/optimus1_ws/install/amr/share/amr/hook/cmake_prefix_path.ps1'
[0.589s] INFO:colcon.colcon_core.shell:Creating environment descriptor '/home/arjun/optimus1_ws/install/amr/share/amr/hook/cmake_prefix_path.dsv'
[0.589s] INFO:colcon.colcon_core.shell:Creating environment hook '/home/arjun/optimus1_ws/install/amr/share/amr/hook/cmake_prefix_path.sh'
[0.591s] Level 1:colcon.colcon_core.environment:checking '/home/arjun/optimus1_ws/install/amr/bin'
[0.592s] Level 1:colcon.colcon_core.environment:checking '/home/arjun/optimus1_ws/install/amr/lib/pkgconfig/amr.pc'
[0.592s] Level 1:colcon.colcon_core.environment:checking '/home/arjun/optimus1_ws/install/amr/lib/python3.10/site-packages'
[0.592s] Level 1:colcon.colcon_core.environment:checking '/home/arjun/optimus1_ws/install/amr/bin'
[0.595s] INFO:colcon.colcon_core.shell:Creating package script '/home/arjun/optimus1_ws/install/amr/share/amr/package.ps1'
[0.597s] INFO:colcon.colcon_core.shell:Creating package descriptor '/home/arjun/optimus1_ws/install/amr/share/amr/package.dsv'
[0.599s] INFO:colcon.colcon_core.shell:Creating package script '/home/arjun/optimus1_ws/install/amr/share/amr/package.sh'
[0.600s] INFO:colcon.colcon_core.shell:Creating package script '/home/arjun/optimus1_ws/install/amr/share/amr/package.bash'
[0.601s] INFO:colcon.colcon_core.shell:Creating package script '/home/arjun/optimus1_ws/install/amr/share/amr/package.zsh'
[0.603s] Level 1:colcon.colcon_core.environment:create_file_with_runtime_dependencies(/home/arjun/optimus1_ws/install/amr/share/colcon-core/packages/amr)
[0.607s] DEBUG:colcon.colcon_core.event_handler.log_command:Invoked command in '/home/arjun/optimus1_ws/build/ldlidar_sl_ros2' returned '0': CMAKE_PREFIX_PATH=${CMAKE_PREFIX_PATH}:/home/arjun/opt_ws/install/my_bot_controller:/home/arjun/ros2_ws/install/my_robot_controller:/opt/ros/humble /usr/bin/cmake --build /home/arjun/optimus1_ws/build/ldlidar_sl_ros2 -- -j8 -l8
[0.634s] Level 1:colcon.colcon_core.environment:create_environment_scripts_only(amr)
[0.638s] Level 1:colcon.colcon_core.environment:checking '/home/arjun/optimus1_ws/install/amr' for CMake module files
[0.639s] Level 1:colcon.colcon_core.environment:checking '/home/arjun/optimus1_ws/install/amr' for CMake config files
[0.639s] Level 1:colcon.colcon_core.shell:create_environment_hook('amr', 'cmake_prefix_path')
[0.641s] INFO:colcon.colcon_core.shell:Creating environment hook '/home/arjun/optimus1_ws/install/amr/share/amr/hook/cmake_prefix_path.ps1'
[0.641s] INFO:colcon.colcon_core.shell:Creating environment descriptor '/home/arjun/optimus1_ws/install/amr/share/amr/hook/cmake_prefix_path.dsv'
[0.642s] INFO:colcon.colcon_core.shell:Creating environment hook '/home/arjun/optimus1_ws/install/amr/share/amr/hook/cmake_prefix_path.sh'
[0.643s] Level 1:colcon.colcon_core.environment:checking '/home/arjun/optimus1_ws/install/amr/bin'
[0.643s] Level 1:colcon.colcon_core.environment:checking '/home/arjun/optimus1_ws/install/amr/lib/pkgconfig/amr.pc'
[0.643s] Level 1:colcon.colcon_core.environment:checking '/home/arjun/optimus1_ws/install/amr/lib/python3.10/site-packages'
[0.644s] Level 1:colcon.colcon_core.environment:checking '/home/arjun/optimus1_ws/install/amr/bin'
[0.646s] INFO:colcon.colcon_core.shell:Creating package script '/home/arjun/optimus1_ws/install/amr/share/amr/package.ps1'
[0.648s] INFO:colcon.colcon_core.shell:Creating package descriptor '/home/arjun/optimus1_ws/install/amr/share/amr/package.dsv'
[0.648s] INFO:colcon.colcon_core.shell:Creating package script '/home/arjun/optimus1_ws/install/amr/share/amr/package.sh'
[0.650s] INFO:colcon.colcon_core.shell:Creating package script '/home/arjun/optimus1_ws/install/amr/share/amr/package.bash'
[0.651s] INFO:colcon.colcon_core.shell:Creating package script '/home/arjun/optimus1_ws/install/amr/share/amr/package.zsh'
[0.651s] Level 1:colcon.colcon_core.environment:create_file_with_runtime_dependencies(/home/arjun/optimus1_ws/install/amr/share/colcon-core/packages/amr)
[0.653s] DEBUG:colcon.colcon_core.event_handler.log_command:Invoked command in '/home/arjun/optimus1_ws/build/serial' returned '0': CMAKE_PREFIX_PATH=${CMAKE_PREFIX_PATH}:/home/arjun/opt_ws/install/my_bot_controller:/home/arjun/ros2_ws/install/my_robot_controller:/opt/ros/humble /usr/bin/cmake --build /home/arjun/optimus1_ws/build/serial -- -j8 -l8
[0.657s] DEBUG:colcon.colcon_core.event_handler.log_command:Invoking command in '/home/arjun/optimus1_ws/build/ldlidar_sl_ros2': CMAKE_PREFIX_PATH=${CMAKE_PREFIX_PATH}:/home/arjun/opt_ws/install/my_bot_controller:/home/arjun/ros2_ws/install/my_robot_controller:/opt/ros/humble /usr/bin/cmake --install /home/arjun/optimus1_ws/build/ldlidar_sl_ros2
[0.669s] Level 1:colcon.colcon_core.environment:create_environment_scripts_only(ldlidar_sl_ros2)
[0.673s] Level 1:colcon.colcon_core.environment:checking '/home/arjun/optimus1_ws/install/ldlidar_sl_ros2' for CMake module files
[0.674s] DEBUG:colcon.colcon_core.event_handler.log_command:Invoked command in '/home/arjun/optimus1_ws/build/ldlidar_sl_ros2' returned '0': CMAKE_PREFIX_PATH=${CMAKE_PREFIX_PATH}:/home/arjun/opt_ws/install/my_bot_controller:/home/arjun/ros2_ws/install/my_robot_controller:/opt/ros/humble /usr/bin/cmake --install /home/arjun/optimus1_ws/build/ldlidar_sl_ros2
[0.675s] Level 1:colcon.colcon_core.environment:checking '/home/arjun/optimus1_ws/install/ldlidar_sl_ros2' for CMake config files
[0.675s] Level 1:colcon.colcon_core.shell:create_environment_hook('ldlidar_sl_ros2', 'cmake_prefix_path')
[0.678s] INFO:colcon.colcon_core.shell:Creating environment hook '/home/arjun/optimus1_ws/install/ldlidar_sl_ros2/share/ldlidar_sl_ros2/hook/cmake_prefix_path.ps1'
[0.679s] INFO:colcon.colcon_core.shell:Creating environment descriptor '/home/arjun/optimus1_ws/install/ldlidar_sl_ros2/share/ldlidar_sl_ros2/hook/cmake_prefix_path.dsv'
[0.679s] INFO:colcon.colcon_core.shell:Creating environment hook '/home/arjun/optimus1_ws/install/ldlidar_sl_ros2/share/ldlidar_sl_ros2/hook/cmake_prefix_path.sh'
[0.680s] Level 1:colcon.colcon_core.environment:checking '/home/arjun/optimus1_ws/install/ldlidar_sl_ros2/lib'
[0.681s] Level 1:colcon.colcon_core.environment:checking '/home/arjun/optimus1_ws/install/ldlidar_sl_ros2/bin'
[0.681s] Level 1:colcon.colcon_core.environment:checking '/home/arjun/optimus1_ws/install/ldlidar_sl_ros2/lib/pkgconfig/ldlidar_sl_ros2.pc'
[0.681s] Level 1:colcon.colcon_core.environment:checking '/home/arjun/optimus1_ws/install/ldlidar_sl_ros2/lib/python3.10/site-packages'
[0.682s] Level 1:colcon.colcon_core.environment:checking '/home/arjun/optimus1_ws/install/ldlidar_sl_ros2/bin'
[0.685s] INFO:colcon.colcon_core.shell:Creating package script '/home/arjun/optimus1_ws/install/ldlidar_sl_ros2/share/ldlidar_sl_ros2/package.ps1'
[0.686s] INFO:colcon.colcon_core.shell:Creating package descriptor '/home/arjun/optimus1_ws/install/ldlidar_sl_ros2/share/ldlidar_sl_ros2/package.dsv'
[0.687s] INFO:colcon.colcon_core.shell:Creating package script '/home/arjun/optimus1_ws/install/ldlidar_sl_ros2/share/ldlidar_sl_ros2/package.sh'
[0.688s] INFO:colcon.colcon_core.shell:Creating package script '/home/arjun/optimus1_ws/install/ldlidar_sl_ros2/share/ldlidar_sl_ros2/package.bash'
[0.688s] INFO:colcon.colcon_core.shell:Creating package script '/home/arjun/optimus1_ws/install/ldlidar_sl_ros2/share/ldlidar_sl_ros2/package.zsh'
[0.688s] Level 1:colcon.colcon_core.environment:create_file_with_runtime_dependencies(/home/arjun/optimus1_ws/install/ldlidar_sl_ros2/share/colcon-core/packages/ldlidar_sl_ros2)
[0.692s] DEBUG:colcon.colcon_core.event_handler.log_command:Invoking command in '/home/arjun/optimus1_ws/build/serial': CMAKE_PREFIX_PATH=${CMAKE_PREFIX_PATH}:/home/arjun/opt_ws/install/my_bot_controller:/home/arjun/ros2_ws/install/my_robot_controller:/opt/ros/humble /usr/bin/cmake --install /home/arjun/optimus1_ws/build/serial
[0.707s] Level 1:colcon.colcon_core.environment:create_environment_scripts_only(serial)
[0.710s] Level 1:colcon.colcon_core.environment:checking '/home/arjun/optimus1_ws/install/serial' for CMake module files
[0.711s] Level 1:colcon.colcon_core.environment:checking '/home/arjun/optimus1_ws/install/serial' for CMake config files
[0.712s] DEBUG:colcon.colcon_core.event_handler.log_command:Invoked command in '/home/arjun/optimus1_ws/build/serial' returned '0': CMAKE_PREFIX_PATH=${CMAKE_PREFIX_PATH}:/home/arjun/opt_ws/install/my_bot_controller:/home/arjun/ros2_ws/install/my_robot_controller:/opt/ros/humble /usr/bin/cmake --install /home/arjun/optimus1_ws/build/serial
[0.713s] Level 1:colcon.colcon_core.shell:create_environment_hook('serial', 'cmake_prefix_path')
[0.715s] INFO:colcon.colcon_core.shell:Creating environment hook '/home/arjun/optimus1_ws/install/serial/share/serial/hook/cmake_prefix_path.ps1'
[0.716s] INFO:colcon.colcon_core.shell:Creating environment descriptor '/home/arjun/optimus1_ws/install/serial/share/serial/hook/cmake_prefix_path.dsv'
[0.717s] INFO:colcon.colcon_core.shell:Creating environment hook '/home/arjun/optimus1_ws/install/serial/share/serial/hook/cmake_prefix_path.sh'
[0.718s] Level 1:colcon.colcon_core.environment:checking '/home/arjun/optimus1_ws/install/serial/lib'
[0.718s] Level 1:colcon.colcon_core.environment:checking '/home/arjun/optimus1_ws/install/serial/bin'
[0.718s] Level 1:colcon.colcon_core.environment:checking '/home/arjun/optimus1_ws/install/serial/lib/pkgconfig/serial.pc'
[0.719s] Level 1:colcon.colcon_core.environment:checking '/home/arjun/optimus1_ws/install/serial/lib/python3.10/site-packages'
[0.720s] Level 1:colcon.colcon_core.environment:checking '/home/arjun/optimus1_ws/install/serial/bin'
[0.723s] INFO:colcon.colcon_core.shell:Creating package script '/home/arjun/optimus1_ws/install/serial/share/serial/package.ps1'
[0.724s] INFO:colcon.colcon_core.shell:Creating package descriptor '/home/arjun/optimus1_ws/install/serial/share/serial/package.dsv'
[0.724s] INFO:colcon.colcon_core.shell:Creating package script '/home/arjun/optimus1_ws/install/serial/share/serial/package.sh'
[0.725s] INFO:colcon.colcon_core.shell:Creating package script '/home/arjun/optimus1_ws/install/serial/share/serial/package.bash'
[0.725s] INFO:colcon.colcon_core.shell:Creating package script '/home/arjun/optimus1_ws/install/serial/share/serial/package.zsh'
[0.726s] Level 1:colcon.colcon_core.environment:create_file_with_runtime_dependencies(/home/arjun/optimus1_ws/install/serial/share/colcon-core/packages/serial)
[0.738s] Level 1:colcon.colcon_core.environment:create_environment_scripts_only(ldlidar_sl_ros2)
[0.741s] Level 1:colcon.colcon_core.environment:checking '/home/arjun/optimus1_ws/install/ldlidar_sl_ros2' for CMake module files
[0.741s] Level 1:colcon.colcon_core.environment:checking '/home/arjun/optimus1_ws/install/ldlidar_sl_ros2' for CMake config files
[0.742s] Level 1:colcon.colcon_core.shell:create_environment_hook('ldlidar_sl_ros2', 'cmake_prefix_path')
[0.743s] INFO:colcon.colcon_core.shell:Creating environment hook '/home/arjun/optimus1_ws/install/ldlidar_sl_ros2/share/ldlidar_sl_ros2/hook/cmake_prefix_path.ps1'
[0.743s] INFO:colcon.colcon_core.shell:Creating environment descriptor '/home/arjun/optimus1_ws/install/ldlidar_sl_ros2/share/ldlidar_sl_ros2/hook/cmake_prefix_path.dsv'
[0.744s] INFO:colcon.colcon_core.shell:Creating environment hook '/home/arjun/optimus1_ws/install/ldlidar_sl_ros2/share/ldlidar_sl_ros2/hook/cmake_prefix_path.sh'
[0.744s] Level 1:colcon.colcon_core.environment:checking '/home/arjun/optimus1_ws/install/ldlidar_sl_ros2/lib'
[0.744s] Level 1:colcon.colcon_core.environment:checking '/home/arjun/optimus1_ws/install/ldlidar_sl_ros2/bin'
[0.745s] Level 1:colcon.colcon_core.environment:checking '/home/arjun/optimus1_ws/install/ldlidar_sl_ros2/lib/pkgconfig/ldlidar_sl_ros2.pc'
[0.745s] Level 1:colcon.colcon_core.environment:checking '/home/arjun/optimus1_ws/install/ldlidar_sl_ros2/lib/python3.10/site-packages'
[0.745s] Level 1:colcon.colcon_core.environment:checking '/home/arjun/optimus1_ws/install/ldlidar_sl_ros2/bin'
[0.747s] INFO:colcon.colcon_core.shell:Creating package script '/home/arjun/optimus1_ws/install/ldlidar_sl_ros2/share/ldlidar_sl_ros2/package.ps1'
[0.747s] INFO:colcon.colcon_core.shell:Creating package descriptor '/home/arjun/optimus1_ws/install/ldlidar_sl_ros2/share/ldlidar_sl_ros2/package.dsv'
[0.748s] INFO:colcon.colcon_core.shell:Creating package script '/home/arjun/optimus1_ws/install/ldlidar_sl_ros2/share/ldlidar_sl_ros2/package.sh'
[0.748s] INFO:colcon.colcon_core.shell:Creating package script '/home/arjun/optimus1_ws/install/ldlidar_sl_ros2/share/ldlidar_sl_ros2/package.bash'
[0.748s] INFO:colcon.colcon_core.shell:Creating package script '/home/arjun/optimus1_ws/install/ldlidar_sl_ros2/share/ldlidar_sl_ros2/package.zsh'
[0.749s] Level 1:colcon.colcon_core.environment:create_file_with_runtime_dependencies(/home/arjun/optimus1_ws/install/ldlidar_sl_ros2/share/colcon-core/packages/ldlidar_sl_ros2)
[0.759s] Level 1:colcon.colcon_core.environment:create_environment_scripts_only(serial)
[0.761s] Level 1:colcon.colcon_core.environment:checking '/home/arjun/optimus1_ws/install/serial' for CMake module files
[0.761s] Level 1:colcon.colcon_core.environment:checking '/home/arjun/optimus1_ws/install/serial' for CMake config files
[0.761s] Level 1:colcon.colcon_core.shell:create_environment_hook('serial', 'cmake_prefix_path')
[0.763s] INFO:colcon.colcon_core.shell:Creating environment hook '/home/arjun/optimus1_ws/install/serial/share/serial/hook/cmake_prefix_path.ps1'
[0.764s] INFO:colcon.colcon_core.shell:Creating environment descriptor '/home/arjun/optimus1_ws/install/serial/share/serial/hook/cmake_prefix_path.dsv'
[0.764s] INFO:colcon.colcon_core.shell:Creating environment hook '/home/arjun/optimus1_ws/install/serial/share/serial/hook/cmake_prefix_path.sh'
[0.765s] Level 1:colcon.colcon_core.environment:checking '/home/arjun/optimus1_ws/install/serial/lib'
[0.765s] Level 1:colcon.colcon_core.environment:checking '/home/arjun/optimus1_ws/install/serial/bin'
[0.765s] Level 1:colcon.colcon_core.environment:checking '/home/arjun/optimus1_ws/install/serial/lib/pkgconfig/serial.pc'
[0.765s] Level 1:colcon.colcon_core.environment:checking '/home/arjun/optimus1_ws/install/serial/lib/python3.10/site-packages'
[0.765s] Level 1:colcon.colcon_core.environment:checking '/home/arjun/optimus1_ws/install/serial/bin'
[0.767s] INFO:colcon.colcon_core.shell:Creating package script '/home/arjun/optimus1_ws/install/serial/share/serial/package.ps1'
[0.767s] INFO:colcon.colcon_core.shell:Creating package descriptor '/home/arjun/optimus1_ws/install/serial/share/serial/package.dsv'
[0.768s] INFO:colcon.colcon_core.shell:Creating package script '/home/arjun/optimus1_ws/install/serial/share/serial/package.sh'
[0.768s] INFO:colcon.colcon_core.shell:Creating package script '/home/arjun/optimus1_ws/install/serial/share/serial/package.bash'
[0.769s] INFO:colcon.colcon_core.shell:Creating package script '/home/arjun/optimus1_ws/install/serial/share/serial/package.zsh'
[0.769s] Level 1:colcon.colcon_core.environment:create_file_with_runtime_dependencies(/home/arjun/optimus1_ws/install/serial/share/colcon-core/packages/serial)
[0.918s] DEBUG:colcon.colcon_core.event_handler.log_command:Invoked command in '/home/arjun/optimus1_ws/build/serial_motor_demo_msgs' returned '0': CMAKE_PREFIX_PATH=${CMAKE_PREFIX_PATH}:/home/arjun/opt_ws/install/my_bot_controller:/home/arjun/ros2_ws/install/my_robot_controller:/opt/ros/humble /usr/bin/cmake --build /home/arjun/optimus1_ws/build/serial_motor_demo_msgs -- -j8 -l8
[0.997s] DEBUG:colcon.colcon_core.event_handler.log_command:Invoking command in '/home/arjun/optimus1_ws/build/serial_motor_demo_msgs': CMAKE_PREFIX_PATH=${CMAKE_PREFIX_PATH}:/home/arjun/opt_ws/install/my_bot_controller:/home/arjun/ros2_ws/install/my_robot_controller:/opt/ros/humble /usr/bin/cmake --install /home/arjun/optimus1_ws/build/serial_motor_demo_msgs
[1.074s] Level 1:colcon.colcon_core.environment:create_environment_scripts_only(serial_motor_demo_msgs)
[1.076s] Level 1:colcon.colcon_core.environment:checking '/home/arjun/optimus1_ws/install/serial_motor_demo_msgs' for CMake module files
[1.077s] DEBUG:colcon.colcon_core.event_handler.log_command:Invoked command in '/home/arjun/optimus1_ws/build/serial_motor_demo_msgs' returned '0': CMAKE_PREFIX_PATH=${CMAKE_PREFIX_PATH}:/home/arjun/opt_ws/install/my_bot_controller:/home/arjun/ros2_ws/install/my_robot_controller:/opt/ros/humble /usr/bin/cmake --install /home/arjun/optimus1_ws/build/serial_motor_demo_msgs
[1.077s] Level 1:colcon.colcon_core.environment:checking '/home/arjun/optimus1_ws/install/serial_motor_demo_msgs' for CMake config files
[1.078s] Level 1:colcon.colcon_core.shell:create_environment_hook('serial_motor_demo_msgs', 'cmake_prefix_path')
[1.079s] INFO:colcon.colcon_core.shell:Creating environment hook '/home/arjun/optimus1_ws/install/serial_motor_demo_msgs/share/serial_motor_demo_msgs/hook/cmake_prefix_path.ps1'
[1.080s] INFO:colcon.colcon_core.shell:Creating environment descriptor '/home/arjun/optimus1_ws/install/serial_motor_demo_msgs/share/serial_motor_demo_msgs/hook/cmake_prefix_path.dsv'
[1.080s] INFO:colcon.colcon_core.shell:Creating environment hook '/home/arjun/optimus1_ws/install/serial_motor_demo_msgs/share/serial_motor_demo_msgs/hook/cmake_prefix_path.sh'
[1.080s] Level 1:colcon.colcon_core.environment:checking '/home/arjun/optimus1_ws/install/serial_motor_demo_msgs/lib'
[1.080s] Level 1:colcon.colcon_core.shell:create_environment_hook('serial_motor_demo_msgs', 'ld_library_path_lib')
[1.082s] INFO:colcon.colcon_core.shell:Creating environment hook '/home/arjun/optimus1_ws/install/serial_motor_demo_msgs/share/serial_motor_demo_msgs/hook/ld_library_path_lib.ps1'
[1.082s] INFO:colcon.colcon_core.shell:Creating environment descriptor '/home/arjun/optimus1_ws/install/serial_motor_demo_msgs/share/serial_motor_demo_msgs/hook/ld_library_path_lib.dsv'
[1.082s] INFO:colcon.colcon_core.shell:Creating environment hook '/home/arjun/optimus1_ws/install/serial_motor_demo_msgs/share/serial_motor_demo_msgs/hook/ld_library_path_lib.sh'
[1.082s] Level 1:colcon.colcon_core.environment:checking '/home/arjun/optimus1_ws/install/serial_motor_demo_msgs/bin'
[1.082s] Level 1:colcon.colcon_core.environment:checking '/home/arjun/optimus1_ws/install/serial_motor_demo_msgs/lib/pkgconfig/serial_motor_demo_msgs.pc'
[1.083s] Level 1:colcon.colcon_core.environment:checking '/home/arjun/optimus1_ws/install/serial_motor_demo_msgs/lib/python3.10/site-packages'
[1.083s] Level 1:colcon.colcon_core.environment:checking '/home/arjun/optimus1_ws/install/serial_motor_demo_msgs/bin'
[1.084s] INFO:colcon.colcon_core.shell:Creating package script '/home/arjun/optimus1_ws/install/serial_motor_demo_msgs/share/serial_motor_demo_msgs/package.ps1'
[1.084s] INFO:colcon.colcon_core.shell:Creating package descriptor '/home/arjun/optimus1_ws/install/serial_motor_demo_msgs/share/serial_motor_demo_msgs/package.dsv'
[1.085s] INFO:colcon.colcon_core.shell:Creating package script '/home/arjun/optimus1_ws/install/serial_motor_demo_msgs/share/serial_motor_demo_msgs/package.sh'
[1.085s] INFO:colcon.colcon_core.shell:Creating package script '/home/arjun/optimus1_ws/install/serial_motor_demo_msgs/share/serial_motor_demo_msgs/package.bash'
[1.085s] INFO:colcon.colcon_core.shell:Creating package script '/home/arjun/optimus1_ws/install/serial_motor_demo_msgs/share/serial_motor_demo_msgs/package.zsh'
[1.086s] Level 1:colcon.colcon_core.environment:create_file_with_runtime_dependencies(/home/arjun/optimus1_ws/install/serial_motor_demo_msgs/share/colcon-core/packages/serial_motor_demo_msgs)
[1.164s] Level 1:colcon.colcon_core.environment:create_environment_scripts_only(serial_motor_demo_msgs)
[1.167s] Level 1:colcon.colcon_core.environment:checking '/home/arjun/optimus1_ws/install/serial_motor_demo_msgs' for CMake module files
[1.167s] Level 1:colcon.colcon_core.environment:checking '/home/arjun/optimus1_ws/install/serial_motor_demo_msgs' for CMake config files
[1.168s] Level 1:colcon.colcon_core.shell:create_environment_hook('serial_motor_demo_msgs', 'cmake_prefix_path')
[1.169s] INFO:colcon.colcon_core.shell:Creating environment hook '/home/arjun/optimus1_ws/install/serial_motor_demo_msgs/share/serial_motor_demo_msgs/hook/cmake_prefix_path.ps1'
[1.169s] INFO:colcon.colcon_core.shell:Creating environment descriptor '/home/arjun/optimus1_ws/install/serial_motor_demo_msgs/share/serial_motor_demo_msgs/hook/cmake_prefix_path.dsv'
[1.169s] INFO:colcon.colcon_core.shell:Creating environment hook '/home/arjun/optimus1_ws/install/serial_motor_demo_msgs/share/serial_motor_demo_msgs/hook/cmake_prefix_path.sh'
[1.170s] Level 1:colcon.colcon_core.environment:checking '/home/arjun/optimus1_ws/install/serial_motor_demo_msgs/lib'
[1.170s] Level 1:colcon.colcon_core.shell:create_environment_hook('serial_motor_demo_msgs', 'ld_library_path_lib')
[1.171s] INFO:colcon.colcon_core.shell:Creating environment hook '/home/arjun/optimus1_ws/install/serial_motor_demo_msgs/share/serial_motor_demo_msgs/hook/ld_library_path_lib.ps1'
[1.172s] INFO:colcon.colcon_core.shell:Creating environment descriptor '/home/arjun/optimus1_ws/install/serial_motor_demo_msgs/share/serial_motor_demo_msgs/hook/ld_library_path_lib.dsv'
[1.172s] INFO:colcon.colcon_core.shell:Creating environment hook '/home/arjun/optimus1_ws/install/serial_motor_demo_msgs/share/serial_motor_demo_msgs/hook/ld_library_path_lib.sh'
[1.172s] Level 1:colcon.colcon_core.environment:checking '/home/arjun/optimus1_ws/install/serial_motor_demo_msgs/bin'
[1.172s] Level 1:colcon.colcon_core.environment:checking '/home/arjun/optimus1_ws/install/serial_motor_demo_msgs/lib/pkgconfig/serial_motor_demo_msgs.pc'
[1.172s] Level 1:colcon.colcon_core.environment:checking '/home/arjun/optimus1_ws/install/serial_motor_demo_msgs/lib/python3.10/site-packages'
[1.173s] Level 1:colcon.colcon_core.environment:checking '/home/arjun/optimus1_ws/install/serial_motor_demo_msgs/bin'
[1.174s] INFO:colcon.colcon_core.shell:Creating package script '/home/arjun/optimus1_ws/install/serial_motor_demo_msgs/share/serial_motor_demo_msgs/package.ps1'
[1.174s] INFO:colcon.colcon_core.shell:Creating package descriptor '/home/arjun/optimus1_ws/install/serial_motor_demo_msgs/share/serial_motor_demo_msgs/package.dsv'
[1.175s] INFO:colcon.colcon_core.shell:Creating package script '/home/arjun/optimus1_ws/install/serial_motor_demo_msgs/share/serial_motor_demo_msgs/package.sh'
[1.175s] INFO:colcon.colcon_core.shell:Creating package script '/home/arjun/optimus1_ws/install/serial_motor_demo_msgs/share/serial_motor_demo_msgs/package.bash'
[1.176s] INFO:colcon.colcon_core.shell:Creating package script '/home/arjun/optimus1_ws/install/serial_motor_demo_msgs/share/serial_motor_demo_msgs/package.zsh'
[1.176s] Level 1:colcon.colcon_core.environment:create_file_with_runtime_dependencies(/home/arjun/optimus1_ws/install/serial_motor_demo_msgs/share/colcon-core/packages/serial_motor_demo_msgs)
[1.177s] INFO:colcon.colcon_ros.task.ament_python.build:Building ROS package in '/home/arjun/optimus1_ws/serial_motor_demo' with build type 'ament_python'
[1.177s] Level 1:colcon.colcon_core.shell:create_environment_hook('serial_motor_demo', 'ament_prefix_path')
[1.178s] INFO:colcon.colcon_core.shell:Creating environment hook '/home/arjun/optimus1_ws/install/serial_motor_demo/share/serial_motor_demo/hook/ament_prefix_path.ps1'
[1.179s] INFO:colcon.colcon_core.shell:Creating environment descriptor '/home/arjun/optimus1_ws/install/serial_motor_demo/share/serial_motor_demo/hook/ament_prefix_path.dsv'
[1.179s] INFO:colcon.colcon_core.shell:Creating environment hook '/home/arjun/optimus1_ws/install/serial_motor_demo/share/serial_motor_demo/hook/ament_prefix_path.sh'
[1.181s] INFO:colcon.colcon_core.shell:Skip shell extension 'powershell' for command environment: Not usable outside of PowerShell
[1.181s] DEBUG:colcon.colcon_core.shell:Skip shell extension 'dsv' for command environment
[1.468s] INFO:colcon.colcon_core.task.python.build:Building Python package in '/home/arjun/optimus1_ws/serial_motor_demo'
[1.469s] INFO:colcon.colcon_core.shell:Skip shell extension 'powershell' for command environment: Not usable outside of PowerShell
[1.470s] DEBUG:colcon.colcon_core.shell:Skip shell extension 'dsv' for command environment
[1.926s] DEBUG:colcon.colcon_core.event_handler.log_command:Invoking command in '/home/arjun/optimus1_ws/serial_motor_demo': AMENT_PREFIX_PATH=/home/arjun/optimus1_ws/install/serial_motor_demo_msgs:${AMENT_PREFIX_PATH} CMAKE_PREFIX_PATH=/home/arjun/optimus1_ws/install/serial_motor_demo_msgs:${CMAKE_PREFIX_PATH} LD_LIBRARY_PATH=/home/arjun/optimus1_ws/install/serial_motor_demo_msgs/lib:${LD_LIBRARY_PATH} PYTHONPATH=/home/arjun/optimus1_ws/build/serial_motor_demo/prefix_override:/home/arjun/optimus1_ws/install/serial_motor_demo/lib/python3.10/site-packages:/home/arjun/optimus1_ws/install/serial_motor_demo_msgs/local/lib/python3.10/dist-packages:${PYTHONPATH} /usr/bin/python3 setup.py egg_info --egg-base ../build/serial_motor_demo build --build-base /home/arjun/optimus1_ws/build/serial_motor_demo/build install --record /home/arjun/optimus1_ws/build/serial_motor_demo/install.log --install-scripts $base/lib/serial_motor_demo --single-version-externally-managed
[2.235s] Level 1:colcon.colcon_core.environment:checking '/home/arjun/optimus1_ws/install/serial_motor_demo' for CMake module files
[2.235s] DEBUG:colcon.colcon_core.event_handler.log_command:Invoked command in '/home/arjun/optimus1_ws/serial_motor_demo' returned '0': AMENT_PREFIX_PATH=/home/arjun/optimus1_ws/install/serial_motor_demo_msgs:${AMENT_PREFIX_PATH} CMAKE_PREFIX_PATH=/home/arjun/optimus1_ws/install/serial_motor_demo_msgs:${CMAKE_PREFIX_PATH} LD_LIBRARY_PATH=/home/arjun/optimus1_ws/install/serial_motor_demo_msgs/lib:${LD_LIBRARY_PATH} PYTHONPATH=/home/arjun/optimus1_ws/build/serial_motor_demo/prefix_override:/home/arjun/optimus1_ws/install/serial_motor_demo/lib/python3.10/site-packages:/home/arjun/optimus1_ws/install/serial_motor_demo_msgs/local/lib/python3.10/dist-packages:${PYTHONPATH} /usr/bin/python3 setup.py egg_info --egg-base ../build/serial_motor_demo build --build-base /home/arjun/optimus1_ws/build/serial_motor_demo/build install --record /home/arjun/optimus1_ws/build/serial_motor_demo/install.log --install-scripts $base/lib/serial_motor_demo --single-version-externally-managed
[2.236s] Level 1:colcon.colcon_core.environment:checking '/home/arjun/optimus1_ws/install/serial_motor_demo' for CMake config files
[2.236s] Level 1:colcon.colcon_core.environment:checking '/home/arjun/optimus1_ws/install/serial_motor_demo/lib'
[2.236s] Level 1:colcon.colcon_core.environment:checking '/home/arjun/optimus1_ws/install/serial_motor_demo/bin'
[2.236s] Level 1:colcon.colcon_core.environment:checking '/home/arjun/optimus1_ws/install/serial_motor_demo/lib/pkgconfig/serial_motor_demo.pc'
[2.237s] Level 1:colcon.colcon_core.environment:checking '/home/arjun/optimus1_ws/install/serial_motor_demo/lib/python3.10/site-packages'
[2.237s] Level 1:colcon.colcon_core.shell:create_environment_hook('serial_motor_demo', 'pythonpath')
[2.238s] INFO:colcon.colcon_core.shell:Creating environment hook '/home/arjun/optimus1_ws/install/serial_motor_demo/share/serial_motor_demo/hook/pythonpath.ps1'
[2.238s] INFO:colcon.colcon_core.shell:Creating environment descriptor '/home/arjun/optimus1_ws/install/serial_motor_demo/share/serial_motor_demo/hook/pythonpath.dsv'
[2.238s] INFO:colcon.colcon_core.shell:Creating environment hook '/home/arjun/optimus1_ws/install/serial_motor_demo/share/serial_motor_demo/hook/pythonpath.sh'
[2.239s] Level 1:colcon.colcon_core.environment:checking '/home/arjun/optimus1_ws/install/serial_motor_demo/bin'
[2.239s] Level 1:colcon.colcon_core.environment:create_environment_scripts_only(serial_motor_demo)
[2.240s] INFO:colcon.colcon_core.shell:Creating package script '/home/arjun/optimus1_ws/install/serial_motor_demo/share/serial_motor_demo/package.ps1'
[2.240s] INFO:colcon.colcon_core.shell:Creating package descriptor '/home/arjun/optimus1_ws/install/serial_motor_demo/share/serial_motor_demo/package.dsv'
[2.241s] INFO:colcon.colcon_core.shell:Creating package script '/home/arjun/optimus1_ws/install/serial_motor_demo/share/serial_motor_demo/package.sh'
[2.241s] INFO:colcon.colcon_core.shell:Creating package script '/home/arjun/optimus1_ws/install/serial_motor_demo/share/serial_motor_demo/package.bash'
[2.241s] INFO:colcon.colcon_core.shell:Creating package script '/home/arjun/optimus1_ws/install/serial_motor_demo/share/serial_motor_demo/package.zsh'
[2.242s] Level 1:colcon.colcon_core.environment:create_file_with_runtime_dependencies(/home/arjun/optimus1_ws/install/serial_motor_demo/share/colcon-core/packages/serial_motor_demo)
[3.931s] DEBUG:colcon.colcon_core.event_handler.log_command:Invoked command in '/home/arjun/optimus1_ws/build/diffdrive_arduino' returned '0': CMAKE_PREFIX_PATH=${CMAKE_PREFIX_PATH}:/home/arjun/opt_ws/install/my_bot_controller:/home/arjun/ros2_ws/install/my_robot_controller:/opt/ros/humble /usr/bin/cmake --build /home/arjun/optimus1_ws/build/diffdrive_arduino -- -j8 -l8
[3.953s] DEBUG:colcon.colcon_core.event_handler.log_command:Invoking command in '/home/arjun/optimus1_ws/build/diffdrive_arduino': CMAKE_PREFIX_PATH=${CMAKE_PREFIX_PATH}:/home/arjun/opt_ws/install/my_bot_controller:/home/arjun/ros2_ws/install/my_robot_controller:/opt/ros/humble /usr/bin/cmake --install /home/arjun/optimus1_ws/build/diffdrive_arduino
[3.968s] Level 1:colcon.colcon_core.environment:create_environment_scripts_only(diffdrive_arduino)
[3.970s] Level 1:colcon.colcon_core.environment:checking '/home/arjun/optimus1_ws/install/diffdrive_arduino' for CMake module files
[3.971s] DEBUG:colcon.colcon_core.event_handler.log_command:Invoked command in '/home/arjun/optimus1_ws/build/diffdrive_arduino' returned '0': CMAKE_PREFIX_PATH=${CMAKE_PREFIX_PATH}:/home/arjun/opt_ws/install/my_bot_controller:/home/arjun/ros2_ws/install/my_robot_controller:/opt/ros/humble /usr/bin/cmake --install /home/arjun/optimus1_ws/build/diffdrive_arduino
[3.971s] Level 1:colcon.colcon_core.environment:checking '/home/arjun/optimus1_ws/install/diffdrive_arduino' for CMake config files
[3.971s] Level 1:colcon.colcon_core.shell:create_environment_hook('diffdrive_arduino', 'cmake_prefix_path')
[3.973s] INFO:colcon.colcon_core.shell:Creating environment hook '/home/arjun/optimus1_ws/install/diffdrive_arduino/share/diffdrive_arduino/hook/cmake_prefix_path.ps1'
[3.973s] INFO:colcon.colcon_core.shell:Creating environment descriptor '/home/arjun/optimus1_ws/install/diffdrive_arduino/share/diffdrive_arduino/hook/cmake_prefix_path.dsv'
[3.973s] INFO:colcon.colcon_core.shell:Creating environment hook '/home/arjun/optimus1_ws/install/diffdrive_arduino/share/diffdrive_arduino/hook/cmake_prefix_path.sh'
[3.973s] Level 1:colcon.colcon_core.environment:checking '/home/arjun/optimus1_ws/install/diffdrive_arduino/lib'
[3.974s] Level 1:colcon.colcon_core.shell:create_environment_hook('diffdrive_arduino', 'ld_library_path_lib')
[3.975s] INFO:colcon.colcon_core.shell:Creating environment hook '/home/arjun/optimus1_ws/install/diffdrive_arduino/share/diffdrive_arduino/hook/ld_library_path_lib.ps1'
[3.975s] INFO:colcon.colcon_core.shell:Creating environment descriptor '/home/arjun/optimus1_ws/install/diffdrive_arduino/share/diffdrive_arduino/hook/ld_library_path_lib.dsv'
[3.975s] INFO:colcon.colcon_core.shell:Creating environment hook '/home/arjun/optimus1_ws/install/diffdrive_arduino/share/diffdrive_arduino/hook/ld_library_path_lib.sh'
[3.975s] Level 1:colcon.colcon_core.environment:checking '/home/arjun/optimus1_ws/install/diffdrive_arduino/bin'
[3.976s] Level 1:colcon.colcon_core.environment:checking '/home/arjun/optimus1_ws/install/diffdrive_arduino/lib/pkgconfig/diffdrive_arduino.pc'
[3.976s] Level 1:colcon.colcon_core.environment:checking '/home/arjun/optimus1_ws/install/diffdrive_arduino/lib/python3.10/site-packages'
[3.976s] Level 1:colcon.colcon_core.environment:checking '/home/arjun/optimus1_ws/install/diffdrive_arduino/bin'
[3.977s] INFO:colcon.colcon_core.shell:Creating package script '/home/arjun/optimus1_ws/install/diffdrive_arduino/share/diffdrive_arduino/package.ps1'
[3.977s] INFO:colcon.colcon_core.shell:Creating package descriptor '/home/arjun/optimus1_ws/install/diffdrive_arduino/share/diffdrive_arduino/package.dsv'
[3.978s] INFO:colcon.colcon_core.shell:Creating package script '/home/arjun/optimus1_ws/install/diffdrive_arduino/share/diffdrive_arduino/package.sh'
[3.978s] INFO:colcon.colcon_core.shell:Creating package script '/home/arjun/optimus1_ws/install/diffdrive_arduino/share/diffdrive_arduino/package.bash'
[3.978s] INFO:colcon.colcon_core.shell:Creating package script '/home/arjun/optimus1_ws/install/diffdrive_arduino/share/diffdrive_arduino/package.zsh'
[3.979s] Level 1:colcon.colcon_core.environment:create_file_with_runtime_dependencies(/home/arjun/optimus1_ws/install/diffdrive_arduino/share/colcon-core/packages/diffdrive_arduino)
[3.997s] Level 1:colcon.colcon_core.environment:create_environment_scripts_only(diffdrive_arduino)
[3.999s] Level 1:colcon.colcon_core.environment:checking '/home/arjun/optimus1_ws/install/diffdrive_arduino' for CMake module files
[4.000s] Level 1:colcon.colcon_core.environment:checking '/home/arjun/optimus1_ws/install/diffdrive_arduino' for CMake config files
[4.000s] Level 1:colcon.colcon_core.shell:create_environment_hook('diffdrive_arduino', 'cmake_prefix_path')
[4.001s] INFO:colcon.colcon_core.shell:Creating environment hook '/home/arjun/optimus1_ws/install/diffdrive_arduino/share/diffdrive_arduino/hook/cmake_prefix_path.ps1'
[4.002s] INFO:colcon.colcon_core.shell:Creating environment descriptor '/home/arjun/optimus1_ws/install/diffdrive_arduino/share/diffdrive_arduino/hook/cmake_prefix_path.dsv'
[4.002s] INFO:colcon.colcon_core.shell:Creating environment hook '/home/arjun/optimus1_ws/install/diffdrive_arduino/share/diffdrive_arduino/hook/cmake_prefix_path.sh'
[4.002s] Level 1:colcon.colcon_core.environment:checking '/home/arjun/optimus1_ws/install/diffdrive_arduino/lib'
[4.002s] Level 1:colcon.colcon_core.shell:create_environment_hook('diffdrive_arduino', 'ld_library_path_lib')
[4.004s] INFO:colcon.colcon_core.shell:Creating environment hook '/home/arjun/optimus1_ws/install/diffdrive_arduino/share/diffdrive_arduino/hook/ld_library_path_lib.ps1'
[4.004s] INFO:colcon.colcon_core.shell:Creating environment descriptor '/home/arjun/optimus1_ws/install/diffdrive_arduino/share/diffdrive_arduino/hook/ld_library_path_lib.dsv'
[4.004s] INFO:colcon.colcon_core.shell:Creating environment hook '/home/arjun/optimus1_ws/install/diffdrive_arduino/share/diffdrive_arduino/hook/ld_library_path_lib.sh'
[4.004s] Level 1:colcon.colcon_core.environment:checking '/home/arjun/optimus1_ws/install/diffdrive_arduino/bin'
[4.004s] Level 1:colcon.colcon_core.environment:checking '/home/arjun/optimus1_ws/install/diffdrive_arduino/lib/pkgconfig/diffdrive_arduino.pc'
[4.005s] Level 1:colcon.colcon_core.environment:checking '/home/arjun/optimus1_ws/install/diffdrive_arduino/lib/python3.10/site-packages'
[4.005s] Level 1:colcon.colcon_core.environment:checking '/home/arjun/optimus1_ws/install/diffdrive_arduino/bin'
[4.006s] INFO:colcon.colcon_core.shell:Creating package script '/home/arjun/optimus1_ws/install/diffdrive_arduino/share/diffdrive_arduino/package.ps1'
[4.007s] INFO:colcon.colcon_core.shell:Creating package descriptor '/home/arjun/optimus1_ws/install/diffdrive_arduino/share/diffdrive_arduino/package.dsv'
[4.007s] INFO:colcon.colcon_core.shell:Creating package script '/home/arjun/optimus1_ws/install/diffdrive_arduino/share/diffdrive_arduino/package.sh'
[4.007s] INFO:colcon.colcon_core.shell:Creating package script '/home/arjun/optimus1_ws/install/diffdrive_arduino/share/diffdrive_arduino/package.bash'
[4.008s] INFO:colcon.colcon_core.shell:Creating package script '/home/arjun/optimus1_ws/install/diffdrive_arduino/share/diffdrive_arduino/package.zsh'
[4.008s] Level 1:colcon.colcon_core.environment:create_file_with_runtime_dependencies(/home/arjun/optimus1_ws/install/diffdrive_arduino/share/colcon-core/packages/diffdrive_arduino)
[4.008s] DEBUG:colcon.colcon_parallel_executor.executor.parallel:closing loop
[4.009s] DEBUG:colcon.colcon_parallel_executor.executor.parallel:loop closed
[4.009s] DEBUG:colcon.colcon_parallel_executor.executor.parallel:run_until_complete finished with '0'
[4.009s] DEBUG:colcon.colcon_core.event_reactor:joining thread
[4.014s] INFO:colcon.colcon_core.plugin_system:Skipping extension 'colcon_notification.desktop_notification.terminal_notifier': Not used on non-Darwin systems
[4.014s] INFO:colcon.colcon_core.plugin_system:Skipping extension 'colcon_notification.desktop_notification.win32': Not used on non-Windows systems
[4.014s] INFO:colcon.colcon_notification.desktop_notification:Sending desktop notification using 'notify2'
[4.032s] DEBUG:colcon.colcon_core.event_reactor:joined thread
[4.034s] INFO:colcon.colcon_core.shell:Creating prefix script '/home/arjun/optimus1_ws/install/local_setup.ps1'
[4.035s] INFO:colcon.colcon_core.shell:Creating prefix util module '/home/arjun/optimus1_ws/install/_local_setup_util_ps1.py'
[4.038s] INFO:colcon.colcon_core.shell:Creating prefix chain script '/home/arjun/optimus1_ws/install/setup.ps1'
[4.041s] INFO:colcon.colcon_core.shell:Creating prefix script '/home/arjun/optimus1_ws/install/local_setup.sh'
[4.042s] INFO:colcon.colcon_core.shell:Creating prefix util module '/home/arjun/optimus1_ws/install/_local_setup_util_sh.py'
[4.043s] INFO:colcon.colcon_core.shell:Creating prefix chain script '/home/arjun/optimus1_ws/install/setup.sh'
[4.045s] INFO:colcon.colcon_core.shell:Creating prefix script '/home/arjun/optimus1_ws/install/local_setup.bash'
[4.046s] INFO:colcon.colcon_core.shell:Creating prefix chain script '/home/arjun/optimus1_ws/install/setup.bash'
[4.048s] INFO:colcon.colcon_core.shell:Creating prefix script '/home/arjun/optimus1_ws/install/local_setup.zsh'
[4.049s] INFO:colcon.colcon_core.shell:Creating prefix chain script '/home/arjun/optimus1_ws/install/setup.zsh'
