[0.022s] Invoking command in '/home/arjun/optimus1_ws/build/serial': CMAKE_PREFIX_PATH=${CMAKE_PREFIX_PATH}:/home/arjun/opt_ws/install/my_bot_controller:/home/arjun/ros2_ws/install/my_robot_controller:/opt/ros/humble /usr/bin/cmake --build /home/arjun/optimus1_ws/build/serial -- -j8 -l8
[0.083s] [ 14%] Built target gtest_main
[0.083s] [ 28%] Built target gtest
[0.086s] [ 57%] Built target serial
[0.117s] [ 71%] Built target serial_example
[0.120s] [ 85%] Built target serial-test
[0.120s] [100%] Built target serial-test-timer
[0.131s] Invoked command in '/home/arjun/optimus1_ws/build/serial' returned '0': CMAKE_PREFIX_PATH=${CMAKE_PREFIX_PATH}:/home/arjun/opt_ws/install/my_bot_controller:/home/arjun/ros2_ws/install/my_robot_controller:/opt/ros/humble /usr/bin/cmake --build /home/arjun/optimus1_ws/build/serial -- -j8 -l8
[0.162s] Invoking command in '/home/arjun/optimus1_ws/build/serial': CMAKE_PREFIX_PATH=${CMAKE_PREFIX_PATH}:/home/arjun/opt_ws/install/my_bot_controller:/home/arjun/ros2_ws/install/my_robot_controller:/opt/ros/humble /usr/bin/cmake --install /home/arjun/optimus1_ws/build/serial
[0.178s] -- Install configuration: ""
[0.178s] -- Up-to-date: /home/arjun/optimus1_ws/install/serial/lib/libserial.a
[0.179s] -- Up-to-date: /home/arjun/optimus1_ws/install/serial/include/serial/serial.h
[0.179s] -- Up-to-date: /home/arjun/optimus1_ws/install/serial/include/serial/v8stdint.h
[0.179s] -- Up-to-date: /home/arjun/optimus1_ws/install/serial/share/serial/environment/library_path.sh
[0.179s] -- Up-to-date: /home/arjun/optimus1_ws/install/serial/share/serial/environment/library_path.dsv
[0.179s] -- Up-to-date: /home/arjun/optimus1_ws/install/serial/share/ament_index/resource_index/package_run_dependencies/serial
[0.179s] -- Up-to-date: /home/arjun/optimus1_ws/install/serial/share/ament_index/resource_index/parent_prefix_path/serial
[0.179s] -- Up-to-date: /home/arjun/optimus1_ws/install/serial/share/serial/environment/ament_prefix_path.sh
[0.179s] -- Up-to-date: /home/arjun/optimus1_ws/install/serial/share/serial/environment/ament_prefix_path.dsv
[0.179s] -- Up-to-date: /home/arjun/optimus1_ws/install/serial/share/serial/environment/path.sh
[0.180s] -- Up-to-date: /home/arjun/optimus1_ws/install/serial/share/serial/environment/path.dsv
[0.182s] -- Up-to-date: /home/arjun/optimus1_ws/install/serial/share/serial/local_setup.bash
[0.183s] -- Up-to-date: /home/arjun/optimus1_ws/install/serial/share/serial/local_setup.sh
[0.183s] -- Up-to-date: /home/arjun/optimus1_ws/install/serial/share/serial/local_setup.zsh
[0.183s] -- Up-to-date: /home/arjun/optimus1_ws/install/serial/share/serial/local_setup.dsv
[0.183s] -- Installing: /home/arjun/optimus1_ws/install/serial/share/serial/package.dsv
[0.183s] -- Up-to-date: /home/arjun/optimus1_ws/install/serial/share/ament_index/resource_index/packages/serial
[0.183s] -- Up-to-date: /home/arjun/optimus1_ws/install/serial/share/serial/cmake/ament_cmake_export_include_directories-extras.cmake
[0.183s] -- Up-to-date: /home/arjun/optimus1_ws/install/serial/share/serial/cmake/ament_cmake_export_libraries-extras.cmake
[0.184s] -- Up-to-date: /home/arjun/optimus1_ws/install/serial/share/serial/cmake/serialConfig.cmake
[0.184s] -- Up-to-date: /home/arjun/optimus1_ws/install/serial/share/serial/cmake/serialConfig-version.cmake
[0.184s] -- Up-to-date: /home/arjun/optimus1_ws/install/serial/share/serial/package.xml
[0.184s] Invoked command in '/home/arjun/optimus1_ws/build/serial' returned '0': CMAKE_PREFIX_PATH=${CMAKE_PREFIX_PATH}:/home/arjun/opt_ws/install/my_bot_controller:/home/arjun/ros2_ws/install/my_robot_controller:/opt/ros/humble /usr/bin/cmake --install /home/arjun/optimus1_ws/build/serial
