[0.026s] Invoking command in '/home/arjun/optimus1_ws/build/serial': CMAKE_PREFIX_PATH=${CMAKE_PREFIX_PATH}:/home/arjun/optimus1_ws/install/serial_motor_demo:/home/arjun/opt_ws/install/my_bot_controller:/home/arjun/ros2_ws/install/my_robot_controller:/opt/ros/humble /usr/bin/cmake /home/arjun/optimus1_ws/src/serial -DAMENT_CMAKE_SYMLINK_INSTALL=1 -DCMAKE_INSTALL_PREFIX=/home/arjun/optimus1_ws/install/serial
[0.037s] -- Found ament_cmake: 1.3.5 (/opt/ros/humble/share/ament_cmake/cmake)
[0.217s] -- Override CMake install command with custom implementation using symlinks instead of copying resources
[0.236s] -- Found ament_cmake_gtest: 1.3.5 (/opt/ros/humble/share/ament_cmake_gtest/cmake)
[0.242s] -- Found gtest sources under '/opt/ros/humble/src/gtest_vendor': C++ tests using 'Google Test' will be built
[0.320s] -- Configuring done
[0.338s] -- Generating done
[0.340s] -- Build files have been written to: /home/arjun/optimus1_ws/build/serial
[0.343s] Invoked command in '/home/arjun/optimus1_ws/build/serial' returned '0': CMAKE_PREFIX_PATH=${CMAKE_PREFIX_PATH}:/home/arjun/optimus1_ws/install/serial_motor_demo:/home/arjun/opt_ws/install/my_bot_controller:/home/arjun/ros2_ws/install/my_robot_controller:/opt/ros/humble /usr/bin/cmake /home/arjun/optimus1_ws/src/serial -DAMENT_CMAKE_SYMLINK_INSTALL=1 -DCMAKE_INSTALL_PREFIX=/home/arjun/optimus1_ws/install/serial
[0.345s] Invoking command in '/home/arjun/optimus1_ws/build/serial': CMAKE_PREFIX_PATH=${CMAKE_PREFIX_PATH}:/home/arjun/optimus1_ws/install/serial_motor_demo:/home/arjun/opt_ws/install/my_bot_controller:/home/arjun/ros2_ws/install/my_robot_controller:/opt/ros/humble /usr/bin/cmake --build /home/arjun/optimus1_ws/build/serial -- -j8 -l8
[0.373s] [35m[1mConsolidate compiler generated dependencies of target gtest_main[0m
[0.374s] [35m[1mConsolidate compiler generated dependencies of target gtest[0m
[0.375s] [35m[1mConsolidate compiler generated dependencies of target serial[0m
[0.387s] [ 28%] Built target gtest
[0.387s] [ 28%] Built target gtest_main
[0.388s] [ 57%] Built target serial
[0.401s] [35m[1mConsolidate compiler generated dependencies of target serial_example[0m
[0.401s] [35m[1mConsolidate compiler generated dependencies of target serial-test-timer[0m
[0.401s] [35m[1mConsolidate compiler generated dependencies of target serial-test[0m
[0.414s] [ 71%] Built target serial_example
[0.415s] [ 85%] Built target serial-test-timer
[0.416s] [100%] Built target serial-test
[0.425s] Invoked command in '/home/arjun/optimus1_ws/build/serial' returned '0': CMAKE_PREFIX_PATH=${CMAKE_PREFIX_PATH}:/home/arjun/optimus1_ws/install/serial_motor_demo:/home/arjun/opt_ws/install/my_bot_controller:/home/arjun/ros2_ws/install/my_robot_controller:/opt/ros/humble /usr/bin/cmake --build /home/arjun/optimus1_ws/build/serial -- -j8 -l8
[0.449s] Invoking command in '/home/arjun/optimus1_ws/build/serial': CMAKE_PREFIX_PATH=${CMAKE_PREFIX_PATH}:/home/arjun/optimus1_ws/install/serial_motor_demo:/home/arjun/opt_ws/install/my_bot_controller:/home/arjun/ros2_ws/install/my_robot_controller:/opt/ros/humble /usr/bin/cmake --install /home/arjun/optimus1_ws/build/serial
[0.455s] -- Install configuration: ""
[0.455s] -- Execute custom install script
[0.456s] -- Symlinking: /home/arjun/optimus1_ws/install/serial/lib/libserial.a
[0.463s] -- Symlinking: /home/arjun/optimus1_ws/install/serial/include/serial/serial.h
[0.469s] -- Symlinking: /home/arjun/optimus1_ws/install/serial/include/serial/v8stdint.h
[0.475s] -- Symlinking: /home/arjun/optimus1_ws/install/serial/share/serial/environment/library_path.sh
[0.482s] -- Symlinking: /home/arjun/optimus1_ws/install/serial/share/serial/environment/library_path.dsv
[0.488s] -- Symlinking: /home/arjun/optimus1_ws/install/serial/share/ament_index/resource_index/package_run_dependencies/serial
[0.496s] -- Symlinking: /home/arjun/optimus1_ws/install/serial/share/ament_index/resource_index/parent_prefix_path/serial
[0.508s] -- Symlinking: /home/arjun/optimus1_ws/install/serial/share/serial/environment/ament_prefix_path.sh
[0.514s] -- Symlinking: /home/arjun/optimus1_ws/install/serial/share/serial/environment/ament_prefix_path.dsv
[0.521s] -- Symlinking: /home/arjun/optimus1_ws/install/serial/share/serial/environment/path.sh
[0.527s] -- Symlinking: /home/arjun/optimus1_ws/install/serial/share/serial/environment/path.dsv
[0.534s] -- Symlinking: /home/arjun/optimus1_ws/install/serial/share/serial/local_setup.bash
[0.541s] -- Symlinking: /home/arjun/optimus1_ws/install/serial/share/serial/local_setup.sh
[0.549s] -- Symlinking: /home/arjun/optimus1_ws/install/serial/share/serial/local_setup.zsh
[0.559s] -- Symlinking: /home/arjun/optimus1_ws/install/serial/share/serial/local_setup.dsv
[0.568s] -- Symlinking: /home/arjun/optimus1_ws/install/serial/share/serial/package.dsv
[0.577s] -- Symlinking: /home/arjun/optimus1_ws/install/serial/share/ament_index/resource_index/packages/serial
[0.587s] -- Symlinking: /home/arjun/optimus1_ws/install/serial/share/serial/cmake/ament_cmake_export_include_directories-extras.cmake
[0.596s] -- Symlinking: /home/arjun/optimus1_ws/install/serial/share/serial/cmake/ament_cmake_export_libraries-extras.cmake
[0.606s] -- Symlinking: /home/arjun/optimus1_ws/install/serial/share/serial/cmake/serialConfig.cmake
[0.613s] -- Symlinking: /home/arjun/optimus1_ws/install/serial/share/serial/cmake/serialConfig-version.cmake
[0.623s] -- Symlinking: /home/arjun/optimus1_ws/install/serial/share/serial/package.xml
[0.635s] Invoked command in '/home/arjun/optimus1_ws/build/serial' returned '0': CMAKE_PREFIX_PATH=${CMAKE_PREFIX_PATH}:/home/arjun/optimus1_ws/install/serial_motor_demo:/home/arjun/opt_ws/install/my_bot_controller:/home/arjun/ros2_ws/install/my_robot_controller:/opt/ros/humble /usr/bin/cmake --install /home/arjun/optimus1_ws/build/serial
