[0.088s] DEBUG:colcon:Command line arguments: ['/usr/bin/colcon', 'build', '--symlink-install']
[0.088s] DEBUG:colcon:Parsed command line arguments: Namespace(log_base=None, log_level=None, verb_name='build', build_base='build', install_base='install', merge_install=False, symlink_install=True, test_result_base=None, continue_on_error=False, executor='parallel', parallel_workers=8, event_handlers=None, ignore_user_meta=False, metas=['./colcon.meta'], base_paths=['.'], packages_ignore=None, packages_ignore_regex=None, paths=None, packages_up_to=None, packages_up_to_regex=None, packages_above=None, packages_above_and_dependencies=None, packages_above_depth=None, packages_select_by_dep=None, packages_skip_by_dep=None, packages_skip_up_to=None, packages_select_build_failed=False, packages_skip_build_finished=False, packages_select_test_failures=False, packages_skip_test_passed=False, packages_select=None, packages_skip=None, packages_select_regex=None, packages_skip_regex=None, packages_start=None, packages_end=None, allow_overriding=[], cmake_args=None, cmake_target=None, cmake_target_skip_unavailable=False, cmake_clean_cache=False, cmake_clean_first=False, cmake_force_configure=False, ament_cmake_args=None, catkin_cmake_args=None, catkin_skip_building_tests=False, mixin_files=None, mixin=None, verb_parser=<colcon_mixin.mixin.mixin_argument.MixinArgumentDecorator object at 0x729b7f6434f0>, verb_extension=<colcon_core.verb.build.BuildVerb object at 0x729b7f73fc70>, main=<bound method BuildVerb.main of <colcon_core.verb.build.BuildVerb object at 0x729b7f73fc70>>, mixin_verb=('build',))
[0.221s] Level 1:colcon.colcon_core.package_discovery:discover_packages(colcon_meta) check parameters
[0.222s] Level 1:colcon.colcon_core.package_discovery:discover_packages(recursive) check parameters
[0.222s] Level 1:colcon.colcon_core.package_discovery:discover_packages(ignore) check parameters
[0.222s] Level 1:colcon.colcon_core.package_discovery:discover_packages(path) check parameters
[0.222s] Level 1:colcon.colcon_core.package_discovery:discover_packages(colcon_meta) discover
[0.222s] Level 1:colcon.colcon_core.package_discovery:discover_packages(recursive) discover
[0.222s] INFO:colcon.colcon_core.package_discovery:Crawling recursively for packages in '/home/arjun/optimus1_ws'
[0.222s] Level 1:colcon.colcon_core.package_identification:_identify(.) by extensions ['ignore', 'ignore_ament_install']
[0.222s] Level 1:colcon.colcon_core.package_identification:_identify(.) by extension 'ignore'
[0.222s] Level 1:colcon.colcon_core.package_identification:_identify(.) by extension 'ignore_ament_install'
[0.222s] Level 1:colcon.colcon_core.package_identification:_identify(.) by extensions ['colcon_pkg']
[0.222s] Level 1:colcon.colcon_core.package_identification:_identify(.) by extension 'colcon_pkg'
[0.222s] Level 1:colcon.colcon_core.package_identification:_identify(.) by extensions ['colcon_meta']
[0.222s] Level 1:colcon.colcon_core.package_identification:_identify(.) by extension 'colcon_meta'
[0.222s] Level 1:colcon.colcon_core.package_identification:_identify(.) by extensions ['ros']
[0.222s] Level 1:colcon.colcon_core.package_identification:_identify(.) by extension 'ros'
[0.230s] Level 1:colcon.colcon_core.package_identification:_identify(.) by extensions ['cmake', 'python']
[0.230s] Level 1:colcon.colcon_core.package_identification:_identify(.) by extension 'cmake'
[0.230s] Level 1:colcon.colcon_core.package_identification:_identify(.) by extension 'python'
[0.230s] Level 1:colcon.colcon_core.package_identification:_identify(.) by extensions ['python_setup_py']
[0.230s] Level 1:colcon.colcon_core.package_identification:_identify(.) by extension 'python_setup_py'
[0.231s] Level 1:colcon.colcon_core.package_identification:_identify(build) by extensions ['ignore', 'ignore_ament_install']
[0.231s] Level 1:colcon.colcon_core.package_identification:_identify(build) by extension 'ignore'
[0.231s] Level 1:colcon.colcon_core.package_identification:_identify(build) ignored
[0.231s] Level 1:colcon.colcon_core.package_identification:_identify(install) by extensions ['ignore', 'ignore_ament_install']
[0.231s] Level 1:colcon.colcon_core.package_identification:_identify(install) by extension 'ignore'
[0.231s] Level 1:colcon.colcon_core.package_identification:_identify(install) ignored
[0.231s] Level 1:colcon.colcon_core.package_identification:_identify(log) by extensions ['ignore', 'ignore_ament_install']
[0.231s] Level 1:colcon.colcon_core.package_identification:_identify(log) by extension 'ignore'
[0.231s] Level 1:colcon.colcon_core.package_identification:_identify(log) ignored
[0.231s] Level 1:colcon.colcon_core.package_identification:_identify(ros_arduino_bridge) by extensions ['ignore', 'ignore_ament_install']
[0.231s] Level 1:colcon.colcon_core.package_identification:_identify(ros_arduino_bridge) by extension 'ignore'
[0.231s] Level 1:colcon.colcon_core.package_identification:_identify(ros_arduino_bridge) by extension 'ignore_ament_install'
[0.231s] Level 1:colcon.colcon_core.package_identification:_identify(ros_arduino_bridge) by extensions ['colcon_pkg']
[0.231s] Level 1:colcon.colcon_core.package_identification:_identify(ros_arduino_bridge) by extension 'colcon_pkg'
[0.231s] Level 1:colcon.colcon_core.package_identification:_identify(ros_arduino_bridge) by extensions ['colcon_meta']
[0.231s] Level 1:colcon.colcon_core.package_identification:_identify(ros_arduino_bridge) by extension 'colcon_meta'
[0.231s] Level 1:colcon.colcon_core.package_identification:_identify(ros_arduino_bridge) by extensions ['ros']
[0.231s] Level 1:colcon.colcon_core.package_identification:_identify(ros_arduino_bridge) by extension 'ros'
[0.231s] Level 1:colcon.colcon_core.package_identification:_identify(ros_arduino_bridge) by extensions ['cmake', 'python']
[0.232s] Level 1:colcon.colcon_core.package_identification:_identify(ros_arduino_bridge) by extension 'cmake'
[0.232s] Level 1:colcon.colcon_core.package_identification:_identify(ros_arduino_bridge) by extension 'python'
[0.232s] Level 1:colcon.colcon_core.package_identification:_identify(ros_arduino_bridge) by extensions ['python_setup_py']
[0.232s] Level 1:colcon.colcon_core.package_identification:_identify(ros_arduino_bridge) by extension 'python_setup_py'
[0.232s] Level 1:colcon.colcon_core.package_identification:_identify(serial_motor_demo) by extensions ['ignore', 'ignore_ament_install']
[0.232s] Level 1:colcon.colcon_core.package_identification:_identify(serial_motor_demo) by extension 'ignore'
[0.232s] Level 1:colcon.colcon_core.package_identification:_identify(serial_motor_demo) by extension 'ignore_ament_install'
[0.232s] Level 1:colcon.colcon_core.package_identification:_identify(serial_motor_demo) by extensions ['colcon_pkg']
[0.232s] Level 1:colcon.colcon_core.package_identification:_identify(serial_motor_demo) by extension 'colcon_pkg'
[0.232s] Level 1:colcon.colcon_core.package_identification:_identify(serial_motor_demo) by extensions ['colcon_meta']
[0.232s] Level 1:colcon.colcon_core.package_identification:_identify(serial_motor_demo) by extension 'colcon_meta'
[0.232s] Level 1:colcon.colcon_core.package_identification:_identify(serial_motor_demo) by extensions ['ros']
[0.232s] Level 1:colcon.colcon_core.package_identification:_identify(serial_motor_demo) by extension 'ros'
[0.234s] DEBUG:colcon.colcon_core.package_identification:Package 'serial_motor_demo' with type 'ros.ament_python' and name 'serial_motor_demo'
[0.234s] Level 1:colcon.colcon_core.package_identification:_identify(serial_motor_demo_msgs) by extensions ['ignore', 'ignore_ament_install']
[0.234s] Level 1:colcon.colcon_core.package_identification:_identify(serial_motor_demo_msgs) by extension 'ignore'
[0.234s] Level 1:colcon.colcon_core.package_identification:_identify(serial_motor_demo_msgs) by extension 'ignore_ament_install'
[0.234s] Level 1:colcon.colcon_core.package_identification:_identify(serial_motor_demo_msgs) by extensions ['colcon_pkg']
[0.234s] Level 1:colcon.colcon_core.package_identification:_identify(serial_motor_demo_msgs) by extension 'colcon_pkg'
[0.234s] Level 1:colcon.colcon_core.package_identification:_identify(serial_motor_demo_msgs) by extensions ['colcon_meta']
[0.234s] Level 1:colcon.colcon_core.package_identification:_identify(serial_motor_demo_msgs) by extension 'colcon_meta'
[0.234s] Level 1:colcon.colcon_core.package_identification:_identify(serial_motor_demo_msgs) by extensions ['ros']
[0.234s] Level 1:colcon.colcon_core.package_identification:_identify(serial_motor_demo_msgs) by extension 'ros'
[0.235s] DEBUG:colcon.colcon_core.package_identification:Package 'serial_motor_demo_msgs' with type 'ros.ament_cmake' and name 'serial_motor_demo_msgs'
[0.235s] Level 1:colcon.colcon_core.package_identification:_identify(src) by extensions ['ignore', 'ignore_ament_install']
[0.235s] Level 1:colcon.colcon_core.package_identification:_identify(src) by extension 'ignore'
[0.235s] Level 1:colcon.colcon_core.package_identification:_identify(src) by extension 'ignore_ament_install'
[0.235s] Level 1:colcon.colcon_core.package_identification:_identify(src) by extensions ['colcon_pkg']
[0.235s] Level 1:colcon.colcon_core.package_identification:_identify(src) by extension 'colcon_pkg'
[0.235s] Level 1:colcon.colcon_core.package_identification:_identify(src) by extensions ['colcon_meta']
[0.235s] Level 1:colcon.colcon_core.package_identification:_identify(src) by extension 'colcon_meta'
[0.235s] Level 1:colcon.colcon_core.package_identification:_identify(src) by extensions ['ros']
[0.235s] Level 1:colcon.colcon_core.package_identification:_identify(src) by extension 'ros'
[0.235s] Level 1:colcon.colcon_core.package_identification:_identify(src) by extensions ['cmake', 'python']
[0.235s] Level 1:colcon.colcon_core.package_identification:_identify(src) by extension 'cmake'
[0.236s] Level 1:colcon.colcon_core.package_identification:_identify(src) by extension 'python'
[0.236s] Level 1:colcon.colcon_core.package_identification:_identify(src) by extensions ['python_setup_py']
[0.236s] Level 1:colcon.colcon_core.package_identification:_identify(src) by extension 'python_setup_py'
[0.236s] Level 1:colcon.colcon_core.package_identification:_identify(src/amr) by extensions ['ignore', 'ignore_ament_install']
[0.236s] Level 1:colcon.colcon_core.package_identification:_identify(src/amr) by extension 'ignore'
[0.236s] Level 1:colcon.colcon_core.package_identification:_identify(src/amr) by extension 'ignore_ament_install'
[0.236s] Level 1:colcon.colcon_core.package_identification:_identify(src/amr) by extensions ['colcon_pkg']
[0.236s] Level 1:colcon.colcon_core.package_identification:_identify(src/amr) by extension 'colcon_pkg'
[0.236s] Level 1:colcon.colcon_core.package_identification:_identify(src/amr) by extensions ['colcon_meta']
[0.236s] Level 1:colcon.colcon_core.package_identification:_identify(src/amr) by extension 'colcon_meta'
[0.237s] Level 1:colcon.colcon_core.package_identification:_identify(src/amr) by extensions ['ros']
[0.237s] Level 1:colcon.colcon_core.package_identification:_identify(src/amr) by extension 'ros'
[0.237s] DEBUG:colcon.colcon_core.package_identification:Package 'src/amr' with type 'ros.ament_cmake' and name 'amr'
[0.237s] Level 1:colcon.colcon_core.package_identification:_identify(src/diffdrive_arduino) by extensions ['ignore', 'ignore_ament_install']
[0.237s] Level 1:colcon.colcon_core.package_identification:_identify(src/diffdrive_arduino) by extension 'ignore'
[0.237s] Level 1:colcon.colcon_core.package_identification:_identify(src/diffdrive_arduino) by extension 'ignore_ament_install'
[0.237s] Level 1:colcon.colcon_core.package_identification:_identify(src/diffdrive_arduino) by extensions ['colcon_pkg']
[0.237s] Level 1:colcon.colcon_core.package_identification:_identify(src/diffdrive_arduino) by extension 'colcon_pkg'
[0.237s] Level 1:colcon.colcon_core.package_identification:_identify(src/diffdrive_arduino) by extensions ['colcon_meta']
[0.237s] Level 1:colcon.colcon_core.package_identification:_identify(src/diffdrive_arduino) by extension 'colcon_meta'
[0.237s] Level 1:colcon.colcon_core.package_identification:_identify(src/diffdrive_arduino) by extensions ['ros']
[0.237s] Level 1:colcon.colcon_core.package_identification:_identify(src/diffdrive_arduino) by extension 'ros'
[0.238s] DEBUG:colcon.colcon_core.package_identification:Package 'src/diffdrive_arduino' with type 'ros.ament_cmake' and name 'diffdrive_arduino'
[0.239s] Level 1:colcon.colcon_core.package_identification:_identify(src/ldlidar_sl_ros2) by extensions ['ignore', 'ignore_ament_install']
[0.239s] Level 1:colcon.colcon_core.package_identification:_identify(src/ldlidar_sl_ros2) by extension 'ignore'
[0.239s] Level 1:colcon.colcon_core.package_identification:_identify(src/ldlidar_sl_ros2) by extension 'ignore_ament_install'
[0.239s] Level 1:colcon.colcon_core.package_identification:_identify(src/ldlidar_sl_ros2) by extensions ['colcon_pkg']
[0.239s] Level 1:colcon.colcon_core.package_identification:_identify(src/ldlidar_sl_ros2) by extension 'colcon_pkg'
[0.239s] Level 1:colcon.colcon_core.package_identification:_identify(src/ldlidar_sl_ros2) by extensions ['colcon_meta']
[0.239s] Level 1:colcon.colcon_core.package_identification:_identify(src/ldlidar_sl_ros2) by extension 'colcon_meta'
[0.239s] Level 1:colcon.colcon_core.package_identification:_identify(src/ldlidar_sl_ros2) by extensions ['ros']
[0.239s] Level 1:colcon.colcon_core.package_identification:_identify(src/ldlidar_sl_ros2) by extension 'ros'
[0.239s] DEBUG:colcon.colcon_core.package_identification:Package 'src/ldlidar_sl_ros2' with type 'ros.ament_cmake' and name 'ldlidar_sl_ros2'
[0.240s] Level 1:colcon.colcon_core.package_identification:_identify(src/serial) by extensions ['ignore', 'ignore_ament_install']
[0.240s] Level 1:colcon.colcon_core.package_identification:_identify(src/serial) by extension 'ignore'
[0.240s] Level 1:colcon.colcon_core.package_identification:_identify(src/serial) by extension 'ignore_ament_install'
[0.240s] Level 1:colcon.colcon_core.package_identification:_identify(src/serial) by extensions ['colcon_pkg']
[0.240s] Level 1:colcon.colcon_core.package_identification:_identify(src/serial) by extension 'colcon_pkg'
[0.240s] Level 1:colcon.colcon_core.package_identification:_identify(src/serial) by extensions ['colcon_meta']
[0.240s] Level 1:colcon.colcon_core.package_identification:_identify(src/serial) by extension 'colcon_meta'
[0.240s] Level 1:colcon.colcon_core.package_identification:_identify(src/serial) by extensions ['ros']
[0.240s] Level 1:colcon.colcon_core.package_identification:_identify(src/serial) by extension 'ros'
[0.240s] DEBUG:colcon.colcon_core.package_identification:Package 'src/serial' with type 'ros.ament_cmake' and name 'serial'
[0.240s] Level 1:colcon.colcon_core.package_discovery:discover_packages(recursive) using defaults
[0.241s] Level 1:colcon.colcon_core.package_discovery:discover_packages(ignore) discover
[0.241s] Level 1:colcon.colcon_core.package_discovery:discover_packages(ignore) using defaults
[0.241s] Level 1:colcon.colcon_core.package_discovery:discover_packages(path) discover
[0.241s] Level 1:colcon.colcon_core.package_discovery:discover_packages(path) using defaults
[0.257s] Level 1:colcon.colcon_core.package_discovery:discover_packages(prefix_path) check parameters
[0.257s] Level 1:colcon.colcon_core.package_discovery:discover_packages(prefix_path) discover
[0.259s] DEBUG:colcon.colcon_installed_package_information.package_discovery:Found 1 installed packages in /home/arjun/optimus_ws/install
[0.259s] DEBUG:colcon.colcon_installed_package_information.package_discovery:Found 1 installed packages in /home/arjun/opt_ws/install
[0.260s] DEBUG:colcon.colcon_installed_package_information.package_discovery:Found 1 installed packages in /home/arjun/ros2_ws/install
[0.260s] DEBUG:colcon.colcon_installed_package_information.package_discovery:Found 6 installed packages in /home/arjun/optimus1_ws/install
[0.260s] DEBUG:colcon.colcon_installed_package_information.package_discovery:Found 1 installed packages in /home/arjun/js_ws/install
[0.261s] DEBUG:colcon.colcon_installed_package_information.package_discovery:Found 2 installed packages in /home/arjun/jetbot_ws/install
[0.262s] DEBUG:colcon.colcon_installed_package_information.package_discovery:Found 395 installed packages in /opt/ros/humble
[0.263s] Level 1:colcon.colcon_core.package_discovery:discover_packages(prefix_path) using defaults
[0.307s] Level 5:colcon.colcon_core.verb:set package 'amr' build argument 'cmake_args' from command line to 'None'
[0.307s] Level 5:colcon.colcon_core.verb:set package 'amr' build argument 'cmake_target' from command line to 'None'
[0.307s] Level 5:colcon.colcon_core.verb:set package 'amr' build argument 'cmake_target_skip_unavailable' from command line to 'False'
[0.307s] Level 5:colcon.colcon_core.verb:set package 'amr' build argument 'cmake_clean_cache' from command line to 'False'
[0.307s] Level 5:colcon.colcon_core.verb:set package 'amr' build argument 'cmake_clean_first' from command line to 'False'
[0.307s] Level 5:colcon.colcon_core.verb:set package 'amr' build argument 'cmake_force_configure' from command line to 'False'
[0.307s] Level 5:colcon.colcon_core.verb:set package 'amr' build argument 'ament_cmake_args' from command line to 'None'
[0.307s] Level 5:colcon.colcon_core.verb:set package 'amr' build argument 'catkin_cmake_args' from command line to 'None'
[0.307s] Level 5:colcon.colcon_core.verb:set package 'amr' build argument 'catkin_skip_building_tests' from command line to 'False'
[0.307s] DEBUG:colcon.colcon_core.verb:Building package 'amr' with the following arguments: {'ament_cmake_args': None, 'build_base': '/home/arjun/optimus1_ws/build/amr', 'catkin_cmake_args': None, 'catkin_skip_building_tests': False, 'cmake_args': None, 'cmake_clean_cache': False, 'cmake_clean_first': False, 'cmake_force_configure': False, 'cmake_target': None, 'cmake_target_skip_unavailable': False, 'install_base': '/home/arjun/optimus1_ws/install/amr', 'merge_install': False, 'path': '/home/arjun/optimus1_ws/src/amr', 'symlink_install': True, 'test_result_base': None}
[0.308s] Level 5:colcon.colcon_core.verb:set package 'diffdrive_arduino' build argument 'cmake_args' from command line to 'None'
[0.308s] Level 5:colcon.colcon_core.verb:set package 'diffdrive_arduino' build argument 'cmake_target' from command line to 'None'
[0.308s] Level 5:colcon.colcon_core.verb:set package 'diffdrive_arduino' build argument 'cmake_target_skip_unavailable' from command line to 'False'
[0.308s] Level 5:colcon.colcon_core.verb:set package 'diffdrive_arduino' build argument 'cmake_clean_cache' from command line to 'False'
[0.308s] Level 5:colcon.colcon_core.verb:set package 'diffdrive_arduino' build argument 'cmake_clean_first' from command line to 'False'
[0.308s] Level 5:colcon.colcon_core.verb:set package 'diffdrive_arduino' build argument 'cmake_force_configure' from command line to 'False'
[0.308s] Level 5:colcon.colcon_core.verb:set package 'diffdrive_arduino' build argument 'ament_cmake_args' from command line to 'None'
[0.308s] Level 5:colcon.colcon_core.verb:set package 'diffdrive_arduino' build argument 'catkin_cmake_args' from command line to 'None'
[0.308s] Level 5:colcon.colcon_core.verb:set package 'diffdrive_arduino' build argument 'catkin_skip_building_tests' from command line to 'False'
[0.308s] DEBUG:colcon.colcon_core.verb:Building package 'diffdrive_arduino' with the following arguments: {'ament_cmake_args': None, 'build_base': '/home/arjun/optimus1_ws/build/diffdrive_arduino', 'catkin_cmake_args': None, 'catkin_skip_building_tests': False, 'cmake_args': None, 'cmake_clean_cache': False, 'cmake_clean_first': False, 'cmake_force_configure': False, 'cmake_target': None, 'cmake_target_skip_unavailable': False, 'install_base': '/home/arjun/optimus1_ws/install/diffdrive_arduino', 'merge_install': False, 'path': '/home/arjun/optimus1_ws/src/diffdrive_arduino', 'symlink_install': True, 'test_result_base': None}
[0.308s] Level 5:colcon.colcon_core.verb:set package 'ldlidar_sl_ros2' build argument 'cmake_args' from command line to 'None'
[0.308s] Level 5:colcon.colcon_core.verb:set package 'ldlidar_sl_ros2' build argument 'cmake_target' from command line to 'None'
[0.308s] Level 5:colcon.colcon_core.verb:set package 'ldlidar_sl_ros2' build argument 'cmake_target_skip_unavailable' from command line to 'False'
[0.308s] Level 5:colcon.colcon_core.verb:set package 'ldlidar_sl_ros2' build argument 'cmake_clean_cache' from command line to 'False'
[0.308s] Level 5:colcon.colcon_core.verb:set package 'ldlidar_sl_ros2' build argument 'cmake_clean_first' from command line to 'False'
[0.308s] Level 5:colcon.colcon_core.verb:set package 'ldlidar_sl_ros2' build argument 'cmake_force_configure' from command line to 'False'
[0.308s] Level 5:colcon.colcon_core.verb:set package 'ldlidar_sl_ros2' build argument 'ament_cmake_args' from command line to 'None'
[0.308s] Level 5:colcon.colcon_core.verb:set package 'ldlidar_sl_ros2' build argument 'catkin_cmake_args' from command line to 'None'
[0.308s] Level 5:colcon.colcon_core.verb:set package 'ldlidar_sl_ros2' build argument 'catkin_skip_building_tests' from command line to 'False'
[0.308s] DEBUG:colcon.colcon_core.verb:Building package 'ldlidar_sl_ros2' with the following arguments: {'ament_cmake_args': None, 'build_base': '/home/arjun/optimus1_ws/build/ldlidar_sl_ros2', 'catkin_cmake_args': None, 'catkin_skip_building_tests': False, 'cmake_args': None, 'cmake_clean_cache': False, 'cmake_clean_first': False, 'cmake_force_configure': False, 'cmake_target': None, 'cmake_target_skip_unavailable': False, 'install_base': '/home/arjun/optimus1_ws/install/ldlidar_sl_ros2', 'merge_install': False, 'path': '/home/arjun/optimus1_ws/src/ldlidar_sl_ros2', 'symlink_install': True, 'test_result_base': None}
[0.309s] Level 5:colcon.colcon_core.verb:set package 'serial' build argument 'cmake_args' from command line to 'None'
[0.309s] Level 5:colcon.colcon_core.verb:set package 'serial' build argument 'cmake_target' from command line to 'None'
[0.309s] Level 5:colcon.colcon_core.verb:set package 'serial' build argument 'cmake_target_skip_unavailable' from command line to 'False'
[0.309s] Level 5:colcon.colcon_core.verb:set package 'serial' build argument 'cmake_clean_cache' from command line to 'False'
[0.309s] Level 5:colcon.colcon_core.verb:set package 'serial' build argument 'cmake_clean_first' from command line to 'False'
[0.309s] Level 5:colcon.colcon_core.verb:set package 'serial' build argument 'cmake_force_configure' from command line to 'False'
[0.309s] Level 5:colcon.colcon_core.verb:set package 'serial' build argument 'ament_cmake_args' from command line to 'None'
[0.309s] Level 5:colcon.colcon_core.verb:set package 'serial' build argument 'catkin_cmake_args' from command line to 'None'
[0.309s] Level 5:colcon.colcon_core.verb:set package 'serial' build argument 'catkin_skip_building_tests' from command line to 'False'
[0.309s] DEBUG:colcon.colcon_core.verb:Building package 'serial' with the following arguments: {'ament_cmake_args': None, 'build_base': '/home/arjun/optimus1_ws/build/serial', 'catkin_cmake_args': None, 'catkin_skip_building_tests': False, 'cmake_args': None, 'cmake_clean_cache': False, 'cmake_clean_first': False, 'cmake_force_configure': False, 'cmake_target': None, 'cmake_target_skip_unavailable': False, 'install_base': '/home/arjun/optimus1_ws/install/serial', 'merge_install': False, 'path': '/home/arjun/optimus1_ws/src/serial', 'symlink_install': True, 'test_result_base': None}
[0.309s] Level 5:colcon.colcon_core.verb:set package 'serial_motor_demo_msgs' build argument 'cmake_args' from command line to 'None'
[0.309s] Level 5:colcon.colcon_core.verb:set package 'serial_motor_demo_msgs' build argument 'cmake_target' from command line to 'None'
[0.309s] Level 5:colcon.colcon_core.verb:set package 'serial_motor_demo_msgs' build argument 'cmake_target_skip_unavailable' from command line to 'False'
[0.309s] Level 5:colcon.colcon_core.verb:set package 'serial_motor_demo_msgs' build argument 'cmake_clean_cache' from command line to 'False'
[0.309s] Level 5:colcon.colcon_core.verb:set package 'serial_motor_demo_msgs' build argument 'cmake_clean_first' from command line to 'False'
[0.309s] Level 5:colcon.colcon_core.verb:set package 'serial_motor_demo_msgs' build argument 'cmake_force_configure' from command line to 'False'
[0.309s] Level 5:colcon.colcon_core.verb:set package 'serial_motor_demo_msgs' build argument 'ament_cmake_args' from command line to 'None'
[0.309s] Level 5:colcon.colcon_core.verb:set package 'serial_motor_demo_msgs' build argument 'catkin_cmake_args' from command line to 'None'
[0.309s] Level 5:colcon.colcon_core.verb:set package 'serial_motor_demo_msgs' build argument 'catkin_skip_building_tests' from command line to 'False'
[0.309s] DEBUG:colcon.colcon_core.verb:Building package 'serial_motor_demo_msgs' with the following arguments: {'ament_cmake_args': None, 'build_base': '/home/arjun/optimus1_ws/build/serial_motor_demo_msgs', 'catkin_cmake_args': None, 'catkin_skip_building_tests': False, 'cmake_args': None, 'cmake_clean_cache': False, 'cmake_clean_first': False, 'cmake_force_configure': False, 'cmake_target': None, 'cmake_target_skip_unavailable': False, 'install_base': '/home/arjun/optimus1_ws/install/serial_motor_demo_msgs', 'merge_install': False, 'path': '/home/arjun/optimus1_ws/serial_motor_demo_msgs', 'symlink_install': True, 'test_result_base': None}
[0.310s] Level 5:colcon.colcon_core.verb:set package 'serial_motor_demo' build argument 'cmake_args' from command line to 'None'
[0.310s] Level 5:colcon.colcon_core.verb:set package 'serial_motor_demo' build argument 'cmake_target' from command line to 'None'
[0.310s] Level 5:colcon.colcon_core.verb:set package 'serial_motor_demo' build argument 'cmake_target_skip_unavailable' from command line to 'False'
[0.310s] Level 5:colcon.colcon_core.verb:set package 'serial_motor_demo' build argument 'cmake_clean_cache' from command line to 'False'
[0.310s] Level 5:colcon.colcon_core.verb:set package 'serial_motor_demo' build argument 'cmake_clean_first' from command line to 'False'
[0.310s] Level 5:colcon.colcon_core.verb:set package 'serial_motor_demo' build argument 'cmake_force_configure' from command line to 'False'
[0.310s] Level 5:colcon.colcon_core.verb:set package 'serial_motor_demo' build argument 'ament_cmake_args' from command line to 'None'
[0.310s] Level 5:colcon.colcon_core.verb:set package 'serial_motor_demo' build argument 'catkin_cmake_args' from command line to 'None'
[0.310s] Level 5:colcon.colcon_core.verb:set package 'serial_motor_demo' build argument 'catkin_skip_building_tests' from command line to 'False'
[0.310s] DEBUG:colcon.colcon_core.verb:Building package 'serial_motor_demo' with the following arguments: {'ament_cmake_args': None, 'build_base': '/home/arjun/optimus1_ws/build/serial_motor_demo', 'catkin_cmake_args': None, 'catkin_skip_building_tests': False, 'cmake_args': None, 'cmake_clean_cache': False, 'cmake_clean_first': False, 'cmake_force_configure': False, 'cmake_target': None, 'cmake_target_skip_unavailable': False, 'install_base': '/home/arjun/optimus1_ws/install/serial_motor_demo', 'merge_install': False, 'path': '/home/arjun/optimus1_ws/serial_motor_demo', 'symlink_install': True, 'test_result_base': None}
[0.310s] INFO:colcon.colcon_core.executor:Executing jobs using 'parallel' executor
[0.311s] DEBUG:colcon.colcon_parallel_executor.executor.parallel:run_until_complete
[0.311s] INFO:colcon.colcon_ros.task.ament_cmake.build:Building ROS package in '/home/arjun/optimus1_ws/serial_motor_demo_msgs' with build type 'ament_cmake'
[0.311s] INFO:colcon.colcon_cmake.task.cmake.build:Building CMake package in '/home/arjun/optimus1_ws/serial_motor_demo_msgs'
[0.313s] INFO:colcon.colcon_core.plugin_system:Skipping extension 'colcon_core.shell.bat': Not used on non-Windows systems
[0.313s] INFO:colcon.colcon_core.shell:Skip shell extension 'powershell' for command environment: Not usable outside of PowerShell
[0.313s] DEBUG:colcon.colcon_core.shell:Skip shell extension 'dsv' for command environment
[0.317s] INFO:colcon.colcon_ros.task.ament_cmake.build:Building ROS package in '/home/arjun/optimus1_ws/src/amr' with build type 'ament_cmake'
[0.318s] INFO:colcon.colcon_cmake.task.cmake.build:Building CMake package in '/home/arjun/optimus1_ws/src/amr'
[0.318s] INFO:colcon.colcon_core.shell:Skip shell extension 'powershell' for command environment: Not usable outside of PowerShell
[0.318s] DEBUG:colcon.colcon_core.shell:Skip shell extension 'dsv' for command environment
[0.322s] INFO:colcon.colcon_ros.task.ament_cmake.build:Building ROS package in '/home/arjun/optimus1_ws/src/diffdrive_arduino' with build type 'ament_cmake'
[0.322s] INFO:colcon.colcon_cmake.task.cmake.build:Building CMake package in '/home/arjun/optimus1_ws/src/diffdrive_arduino'
[0.322s] INFO:colcon.colcon_core.shell:Skip shell extension 'powershell' for command environment: Not usable outside of PowerShell
[0.322s] DEBUG:colcon.colcon_core.shell:Skip shell extension 'dsv' for command environment
[0.327s] INFO:colcon.colcon_ros.task.ament_cmake.build:Building ROS package in '/home/arjun/optimus1_ws/src/ldlidar_sl_ros2' with build type 'ament_cmake'
[0.327s] INFO:colcon.colcon_cmake.task.cmake.build:Building CMake package in '/home/arjun/optimus1_ws/src/ldlidar_sl_ros2'
[0.327s] INFO:colcon.colcon_core.shell:Skip shell extension 'powershell' for command environment: Not usable outside of PowerShell
[0.328s] DEBUG:colcon.colcon_core.shell:Skip shell extension 'dsv' for command environment
[0.332s] INFO:colcon.colcon_ros.task.ament_cmake.build:Building ROS package in '/home/arjun/optimus1_ws/src/serial' with build type 'ament_cmake'
[0.332s] INFO:colcon.colcon_cmake.task.cmake.build:Building CMake package in '/home/arjun/optimus1_ws/src/serial'
[0.332s] INFO:colcon.colcon_core.shell:Skip shell extension 'powershell' for command environment: Not usable outside of PowerShell
[0.332s] DEBUG:colcon.colcon_core.shell:Skip shell extension 'dsv' for command environment
[0.340s] DEBUG:colcon.colcon_core.event_handler.log_command:Invoking command in '/home/arjun/optimus1_ws/build/serial_motor_demo_msgs': CMAKE_PREFIX_PATH=${CMAKE_PREFIX_PATH}:/home/arjun/optimus1_ws/install/serial_motor_demo:/home/arjun/opt_ws/install/my_bot_controller:/home/arjun/ros2_ws/install/my_robot_controller:/opt/ros/humble /usr/bin/cmake --build /home/arjun/optimus1_ws/build/serial_motor_demo_msgs -- -j8 -l8
[0.346s] DEBUG:colcon.colcon_core.event_handler.log_command:Invoking command in '/home/arjun/optimus1_ws/build/amr': CMAKE_PREFIX_PATH=${CMAKE_PREFIX_PATH}:/home/arjun/optimus1_ws/install/serial_motor_demo:/home/arjun/opt_ws/install/my_bot_controller:/home/arjun/ros2_ws/install/my_robot_controller:/opt/ros/humble /usr/bin/cmake --build /home/arjun/optimus1_ws/build/amr -- -j8 -l8
[0.351s] DEBUG:colcon.colcon_core.event_handler.log_command:Invoking command in '/home/arjun/optimus1_ws/build/diffdrive_arduino': CMAKE_PREFIX_PATH=${CMAKE_PREFIX_PATH}:/home/arjun/optimus1_ws/install/serial_motor_demo:/home/arjun/opt_ws/install/my_bot_controller:/home/arjun/ros2_ws/install/my_robot_controller:/opt/ros/humble /usr/bin/cmake --build /home/arjun/optimus1_ws/build/diffdrive_arduino -- -j8 -l8
[0.356s] DEBUG:colcon.colcon_core.event_handler.log_command:Invoking command in '/home/arjun/optimus1_ws/build/ldlidar_sl_ros2': CMAKE_PREFIX_PATH=${CMAKE_PREFIX_PATH}:/home/arjun/optimus1_ws/install/serial_motor_demo:/home/arjun/opt_ws/install/my_bot_controller:/home/arjun/ros2_ws/install/my_robot_controller:/opt/ros/humble /usr/bin/cmake --build /home/arjun/optimus1_ws/build/ldlidar_sl_ros2 -- -j8 -l8
[0.360s] DEBUG:colcon.colcon_core.event_handler.log_command:Invoking command in '/home/arjun/optimus1_ws/build/serial': CMAKE_PREFIX_PATH=${CMAKE_PREFIX_PATH}:/home/arjun/optimus1_ws/install/serial_motor_demo:/home/arjun/opt_ws/install/my_bot_controller:/home/arjun/ros2_ws/install/my_robot_controller:/opt/ros/humble /usr/bin/cmake --build /home/arjun/optimus1_ws/build/serial -- -j8 -l8
[0.386s] DEBUG:colcon.colcon_core.event_handler.log_command:Invoked command in '/home/arjun/optimus1_ws/build/amr' returned '0': CMAKE_PREFIX_PATH=${CMAKE_PREFIX_PATH}:/home/arjun/optimus1_ws/install/serial_motor_demo:/home/arjun/opt_ws/install/my_bot_controller:/home/arjun/ros2_ws/install/my_robot_controller:/opt/ros/humble /usr/bin/cmake --build /home/arjun/optimus1_ws/build/amr -- -j8 -l8
[0.436s] DEBUG:colcon.colcon_core.event_handler.log_command:Invoking command in '/home/arjun/optimus1_ws/build/amr': CMAKE_PREFIX_PATH=${CMAKE_PREFIX_PATH}:/home/arjun/optimus1_ws/install/serial_motor_demo:/home/arjun/opt_ws/install/my_bot_controller:/home/arjun/ros2_ws/install/my_robot_controller:/opt/ros/humble /usr/bin/cmake --install /home/arjun/optimus1_ws/build/amr
[0.442s] DEBUG:colcon.colcon_core.event_handler.log_command:Invoked command in '/home/arjun/optimus1_ws/build/diffdrive_arduino' returned '0': CMAKE_PREFIX_PATH=${CMAKE_PREFIX_PATH}:/home/arjun/optimus1_ws/install/serial_motor_demo:/home/arjun/opt_ws/install/my_bot_controller:/home/arjun/ros2_ws/install/my_robot_controller:/opt/ros/humble /usr/bin/cmake --build /home/arjun/optimus1_ws/build/diffdrive_arduino -- -j8 -l8
[0.459s] DEBUG:colcon.colcon_core.event_handler.log_command:Invoked command in '/home/arjun/optimus1_ws/build/ldlidar_sl_ros2' returned '0': CMAKE_PREFIX_PATH=${CMAKE_PREFIX_PATH}:/home/arjun/optimus1_ws/install/serial_motor_demo:/home/arjun/opt_ws/install/my_bot_controller:/home/arjun/ros2_ws/install/my_robot_controller:/opt/ros/humble /usr/bin/cmake --build /home/arjun/optimus1_ws/build/ldlidar_sl_ros2 -- -j8 -l8
[0.480s] Level 1:colcon.colcon_core.environment:create_environment_scripts_only(amr)
[0.480s] DEBUG:colcon.colcon_core.event_handler.log_command:Invoked command in '/home/arjun/optimus1_ws/build/amr' returned '0': CMAKE_PREFIX_PATH=${CMAKE_PREFIX_PATH}:/home/arjun/optimus1_ws/install/serial_motor_demo:/home/arjun/opt_ws/install/my_bot_controller:/home/arjun/ros2_ws/install/my_robot_controller:/opt/ros/humble /usr/bin/cmake --install /home/arjun/optimus1_ws/build/amr
[0.485s] Level 1:colcon.colcon_core.environment:checking '/home/arjun/optimus1_ws/install/amr' for CMake module files
[0.485s] Level 1:colcon.colcon_core.environment:checking '/home/arjun/optimus1_ws/install/amr' for CMake config files
[0.486s] Level 1:colcon.colcon_core.shell:create_environment_hook('amr', 'cmake_prefix_path')
[0.486s] INFO:colcon.colcon_core.shell:Creating environment hook '/home/arjun/optimus1_ws/install/amr/share/amr/hook/cmake_prefix_path.ps1'
[0.487s] INFO:colcon.colcon_core.shell:Creating environment descriptor '/home/arjun/optimus1_ws/install/amr/share/amr/hook/cmake_prefix_path.dsv'
[0.487s] INFO:colcon.colcon_core.shell:Creating environment hook '/home/arjun/optimus1_ws/install/amr/share/amr/hook/cmake_prefix_path.sh'
[0.488s] Level 1:colcon.colcon_core.environment:checking '/home/arjun/optimus1_ws/install/amr/bin'
[0.488s] Level 1:colcon.colcon_core.environment:checking '/home/arjun/optimus1_ws/install/amr/lib/pkgconfig/amr.pc'
[0.489s] Level 1:colcon.colcon_core.environment:checking '/home/arjun/optimus1_ws/install/amr/lib/python3.10/site-packages'
[0.489s] Level 1:colcon.colcon_core.environment:checking '/home/arjun/optimus1_ws/install/amr/bin'
[0.489s] INFO:colcon.colcon_core.shell:Creating package script '/home/arjun/optimus1_ws/install/amr/share/amr/package.ps1'
[0.490s] INFO:colcon.colcon_core.shell:Creating package descriptor '/home/arjun/optimus1_ws/install/amr/share/amr/package.dsv'
[0.491s] INFO:colcon.colcon_core.shell:Creating package script '/home/arjun/optimus1_ws/install/amr/share/amr/package.sh'
[0.491s] INFO:colcon.colcon_core.shell:Creating package script '/home/arjun/optimus1_ws/install/amr/share/amr/package.bash'
[0.492s] INFO:colcon.colcon_core.shell:Creating package script '/home/arjun/optimus1_ws/install/amr/share/amr/package.zsh'
[0.493s] Level 1:colcon.colcon_core.environment:create_file_with_runtime_dependencies(/home/arjun/optimus1_ws/install/amr/share/colcon-core/packages/amr)
[0.496s] DEBUG:colcon.colcon_core.event_handler.log_command:Invoking command in '/home/arjun/optimus1_ws/build/diffdrive_arduino': CMAKE_PREFIX_PATH=${CMAKE_PREFIX_PATH}:/home/arjun/optimus1_ws/install/serial_motor_demo:/home/arjun/opt_ws/install/my_bot_controller:/home/arjun/ros2_ws/install/my_robot_controller:/opt/ros/humble /usr/bin/cmake --install /home/arjun/optimus1_ws/build/diffdrive_arduino
[0.498s] DEBUG:colcon.colcon_core.event_handler.log_command:Invoking command in '/home/arjun/optimus1_ws/build/ldlidar_sl_ros2': CMAKE_PREFIX_PATH=${CMAKE_PREFIX_PATH}:/home/arjun/optimus1_ws/install/serial_motor_demo:/home/arjun/opt_ws/install/my_bot_controller:/home/arjun/ros2_ws/install/my_robot_controller:/opt/ros/humble /usr/bin/cmake --install /home/arjun/optimus1_ws/build/ldlidar_sl_ros2
[0.499s] DEBUG:colcon.colcon_core.event_handler.log_command:Invoked command in '/home/arjun/optimus1_ws/build/serial' returned '0': CMAKE_PREFIX_PATH=${CMAKE_PREFIX_PATH}:/home/arjun/optimus1_ws/install/serial_motor_demo:/home/arjun/opt_ws/install/my_bot_controller:/home/arjun/ros2_ws/install/my_robot_controller:/opt/ros/humble /usr/bin/cmake --build /home/arjun/optimus1_ws/build/serial -- -j8 -l8
[0.515s] Level 1:colcon.colcon_core.environment:create_environment_scripts_only(amr)
[0.516s] Level 1:colcon.colcon_core.environment:checking '/home/arjun/optimus1_ws/install/amr' for CMake module files
[0.516s] Level 1:colcon.colcon_core.environment:checking '/home/arjun/optimus1_ws/install/amr' for CMake config files
[0.517s] Level 1:colcon.colcon_core.shell:create_environment_hook('amr', 'cmake_prefix_path')
[0.517s] INFO:colcon.colcon_core.shell:Creating environment hook '/home/arjun/optimus1_ws/install/amr/share/amr/hook/cmake_prefix_path.ps1'
[0.518s] INFO:colcon.colcon_core.shell:Creating environment descriptor '/home/arjun/optimus1_ws/install/amr/share/amr/hook/cmake_prefix_path.dsv'
[0.518s] INFO:colcon.colcon_core.shell:Creating environment hook '/home/arjun/optimus1_ws/install/amr/share/amr/hook/cmake_prefix_path.sh'
[0.519s] Level 1:colcon.colcon_core.environment:checking '/home/arjun/optimus1_ws/install/amr/bin'
[0.519s] Level 1:colcon.colcon_core.environment:checking '/home/arjun/optimus1_ws/install/amr/lib/pkgconfig/amr.pc'
[0.519s] Level 1:colcon.colcon_core.environment:checking '/home/arjun/optimus1_ws/install/amr/lib/python3.10/site-packages'
[0.519s] Level 1:colcon.colcon_core.environment:checking '/home/arjun/optimus1_ws/install/amr/bin'
[0.520s] INFO:colcon.colcon_core.shell:Creating package script '/home/arjun/optimus1_ws/install/amr/share/amr/package.ps1'
[0.521s] INFO:colcon.colcon_core.shell:Creating package descriptor '/home/arjun/optimus1_ws/install/amr/share/amr/package.dsv'
[0.522s] INFO:colcon.colcon_core.shell:Creating package script '/home/arjun/optimus1_ws/install/amr/share/amr/package.sh'
[0.523s] INFO:colcon.colcon_core.shell:Creating package script '/home/arjun/optimus1_ws/install/amr/share/amr/package.bash'
[0.523s] INFO:colcon.colcon_core.shell:Creating package script '/home/arjun/optimus1_ws/install/amr/share/amr/package.zsh'
[0.523s] Level 1:colcon.colcon_core.environment:create_file_with_runtime_dependencies(/home/arjun/optimus1_ws/install/amr/share/colcon-core/packages/amr)
[0.524s] Level 1:colcon.colcon_core.environment:create_environment_scripts_only(ldlidar_sl_ros2)
[0.525s] Level 1:colcon.colcon_core.environment:checking '/home/arjun/optimus1_ws/install/ldlidar_sl_ros2' for CMake module files
[0.525s] DEBUG:colcon.colcon_core.event_handler.log_command:Invoked command in '/home/arjun/optimus1_ws/build/ldlidar_sl_ros2' returned '0': CMAKE_PREFIX_PATH=${CMAKE_PREFIX_PATH}:/home/arjun/optimus1_ws/install/serial_motor_demo:/home/arjun/opt_ws/install/my_bot_controller:/home/arjun/ros2_ws/install/my_robot_controller:/opt/ros/humble /usr/bin/cmake --install /home/arjun/optimus1_ws/build/ldlidar_sl_ros2
[0.525s] Level 1:colcon.colcon_core.environment:checking '/home/arjun/optimus1_ws/install/ldlidar_sl_ros2' for CMake config files
[0.526s] Level 1:colcon.colcon_core.shell:create_environment_hook('ldlidar_sl_ros2', 'cmake_prefix_path')
[0.526s] INFO:colcon.colcon_core.shell:Creating environment hook '/home/arjun/optimus1_ws/install/ldlidar_sl_ros2/share/ldlidar_sl_ros2/hook/cmake_prefix_path.ps1'
[0.526s] INFO:colcon.colcon_core.shell:Creating environment descriptor '/home/arjun/optimus1_ws/install/ldlidar_sl_ros2/share/ldlidar_sl_ros2/hook/cmake_prefix_path.dsv'
[0.526s] INFO:colcon.colcon_core.shell:Creating environment hook '/home/arjun/optimus1_ws/install/ldlidar_sl_ros2/share/ldlidar_sl_ros2/hook/cmake_prefix_path.sh'
[0.527s] Level 1:colcon.colcon_core.environment:checking '/home/arjun/optimus1_ws/install/ldlidar_sl_ros2/lib'
[0.527s] Level 1:colcon.colcon_core.environment:checking '/home/arjun/optimus1_ws/install/ldlidar_sl_ros2/bin'
[0.527s] Level 1:colcon.colcon_core.environment:checking '/home/arjun/optimus1_ws/install/ldlidar_sl_ros2/lib/pkgconfig/ldlidar_sl_ros2.pc'
[0.527s] Level 1:colcon.colcon_core.environment:checking '/home/arjun/optimus1_ws/install/ldlidar_sl_ros2/lib/python3.10/site-packages'
[0.527s] Level 1:colcon.colcon_core.environment:checking '/home/arjun/optimus1_ws/install/ldlidar_sl_ros2/bin'
[0.528s] INFO:colcon.colcon_core.shell:Creating package script '/home/arjun/optimus1_ws/install/ldlidar_sl_ros2/share/ldlidar_sl_ros2/package.ps1'
[0.528s] INFO:colcon.colcon_core.shell:Creating package descriptor '/home/arjun/optimus1_ws/install/ldlidar_sl_ros2/share/ldlidar_sl_ros2/package.dsv'
[0.528s] INFO:colcon.colcon_core.shell:Creating package script '/home/arjun/optimus1_ws/install/ldlidar_sl_ros2/share/ldlidar_sl_ros2/package.sh'
[0.529s] INFO:colcon.colcon_core.shell:Creating package script '/home/arjun/optimus1_ws/install/ldlidar_sl_ros2/share/ldlidar_sl_ros2/package.bash'
[0.529s] INFO:colcon.colcon_core.shell:Creating package script '/home/arjun/optimus1_ws/install/ldlidar_sl_ros2/share/ldlidar_sl_ros2/package.zsh'
[0.529s] Level 1:colcon.colcon_core.environment:create_file_with_runtime_dependencies(/home/arjun/optimus1_ws/install/ldlidar_sl_ros2/share/colcon-core/packages/ldlidar_sl_ros2)
[0.530s] Level 1:colcon.colcon_core.environment:create_environment_scripts_only(diffdrive_arduino)
[0.530s] Level 1:colcon.colcon_core.environment:checking '/home/arjun/optimus1_ws/install/diffdrive_arduino' for CMake module files
[0.531s] DEBUG:colcon.colcon_core.event_handler.log_command:Invoked command in '/home/arjun/optimus1_ws/build/diffdrive_arduino' returned '0': CMAKE_PREFIX_PATH=${CMAKE_PREFIX_PATH}:/home/arjun/optimus1_ws/install/serial_motor_demo:/home/arjun/opt_ws/install/my_bot_controller:/home/arjun/ros2_ws/install/my_robot_controller:/opt/ros/humble /usr/bin/cmake --install /home/arjun/optimus1_ws/build/diffdrive_arduino
[0.531s] Level 1:colcon.colcon_core.environment:checking '/home/arjun/optimus1_ws/install/diffdrive_arduino' for CMake config files
[0.532s] Level 1:colcon.colcon_core.shell:create_environment_hook('diffdrive_arduino', 'cmake_prefix_path')
[0.532s] INFO:colcon.colcon_core.shell:Creating environment hook '/home/arjun/optimus1_ws/install/diffdrive_arduino/share/diffdrive_arduino/hook/cmake_prefix_path.ps1'
[0.533s] INFO:colcon.colcon_core.shell:Creating environment descriptor '/home/arjun/optimus1_ws/install/diffdrive_arduino/share/diffdrive_arduino/hook/cmake_prefix_path.dsv'
[0.533s] INFO:colcon.colcon_core.shell:Creating environment hook '/home/arjun/optimus1_ws/install/diffdrive_arduino/share/diffdrive_arduino/hook/cmake_prefix_path.sh'
[0.534s] Level 1:colcon.colcon_core.environment:checking '/home/arjun/optimus1_ws/install/diffdrive_arduino/lib'
[0.534s] Level 1:colcon.colcon_core.shell:create_environment_hook('diffdrive_arduino', 'ld_library_path_lib')
[0.534s] INFO:colcon.colcon_core.shell:Creating environment hook '/home/arjun/optimus1_ws/install/diffdrive_arduino/share/diffdrive_arduino/hook/ld_library_path_lib.ps1'
[0.534s] INFO:colcon.colcon_core.shell:Creating environment descriptor '/home/arjun/optimus1_ws/install/diffdrive_arduino/share/diffdrive_arduino/hook/ld_library_path_lib.dsv'
[0.534s] INFO:colcon.colcon_core.shell:Creating environment hook '/home/arjun/optimus1_ws/install/diffdrive_arduino/share/diffdrive_arduino/hook/ld_library_path_lib.sh'
[0.535s] Level 1:colcon.colcon_core.environment:checking '/home/arjun/optimus1_ws/install/diffdrive_arduino/bin'
[0.535s] Level 1:colcon.colcon_core.environment:checking '/home/arjun/optimus1_ws/install/diffdrive_arduino/lib/pkgconfig/diffdrive_arduino.pc'
[0.535s] Level 1:colcon.colcon_core.environment:checking '/home/arjun/optimus1_ws/install/diffdrive_arduino/lib/python3.10/site-packages'
[0.535s] Level 1:colcon.colcon_core.environment:checking '/home/arjun/optimus1_ws/install/diffdrive_arduino/bin'
[0.536s] INFO:colcon.colcon_core.shell:Creating package script '/home/arjun/optimus1_ws/install/diffdrive_arduino/share/diffdrive_arduino/package.ps1'
[0.536s] INFO:colcon.colcon_core.shell:Creating package descriptor '/home/arjun/optimus1_ws/install/diffdrive_arduino/share/diffdrive_arduino/package.dsv'
[0.537s] INFO:colcon.colcon_core.shell:Creating package script '/home/arjun/optimus1_ws/install/diffdrive_arduino/share/diffdrive_arduino/package.sh'
[0.537s] INFO:colcon.colcon_core.shell:Creating package script '/home/arjun/optimus1_ws/install/diffdrive_arduino/share/diffdrive_arduino/package.bash'
[0.538s] INFO:colcon.colcon_core.shell:Creating package script '/home/arjun/optimus1_ws/install/diffdrive_arduino/share/diffdrive_arduino/package.zsh'
[0.538s] Level 1:colcon.colcon_core.environment:create_file_with_runtime_dependencies(/home/arjun/optimus1_ws/install/diffdrive_arduino/share/colcon-core/packages/diffdrive_arduino)
[0.546s] DEBUG:colcon.colcon_core.event_handler.log_command:Invoking command in '/home/arjun/optimus1_ws/build/serial': CMAKE_PREFIX_PATH=${CMAKE_PREFIX_PATH}:/home/arjun/optimus1_ws/install/serial_motor_demo:/home/arjun/opt_ws/install/my_bot_controller:/home/arjun/ros2_ws/install/my_robot_controller:/opt/ros/humble /usr/bin/cmake --install /home/arjun/optimus1_ws/build/serial
[0.569s] Level 1:colcon.colcon_core.environment:create_environment_scripts_only(diffdrive_arduino)
[0.569s] Level 1:colcon.colcon_core.environment:checking '/home/arjun/optimus1_ws/install/diffdrive_arduino' for CMake module files
[0.570s] Level 1:colcon.colcon_core.environment:checking '/home/arjun/optimus1_ws/install/diffdrive_arduino' for CMake config files
[0.571s] Level 1:colcon.colcon_core.shell:create_environment_hook('diffdrive_arduino', 'cmake_prefix_path')
[0.571s] INFO:colcon.colcon_core.shell:Creating environment hook '/home/arjun/optimus1_ws/install/diffdrive_arduino/share/diffdrive_arduino/hook/cmake_prefix_path.ps1'
[0.572s] INFO:colcon.colcon_core.shell:Creating environment descriptor '/home/arjun/optimus1_ws/install/diffdrive_arduino/share/diffdrive_arduino/hook/cmake_prefix_path.dsv'
[0.572s] INFO:colcon.colcon_core.shell:Creating environment hook '/home/arjun/optimus1_ws/install/diffdrive_arduino/share/diffdrive_arduino/hook/cmake_prefix_path.sh'
[0.572s] Level 1:colcon.colcon_core.environment:checking '/home/arjun/optimus1_ws/install/diffdrive_arduino/lib'
[0.572s] Level 1:colcon.colcon_core.shell:create_environment_hook('diffdrive_arduino', 'ld_library_path_lib')
[0.573s] INFO:colcon.colcon_core.shell:Creating environment hook '/home/arjun/optimus1_ws/install/diffdrive_arduino/share/diffdrive_arduino/hook/ld_library_path_lib.ps1'
[0.573s] INFO:colcon.colcon_core.shell:Creating environment descriptor '/home/arjun/optimus1_ws/install/diffdrive_arduino/share/diffdrive_arduino/hook/ld_library_path_lib.dsv'
[0.573s] INFO:colcon.colcon_core.shell:Creating environment hook '/home/arjun/optimus1_ws/install/diffdrive_arduino/share/diffdrive_arduino/hook/ld_library_path_lib.sh'
[0.573s] Level 1:colcon.colcon_core.environment:checking '/home/arjun/optimus1_ws/install/diffdrive_arduino/bin'
[0.574s] Level 1:colcon.colcon_core.environment:checking '/home/arjun/optimus1_ws/install/diffdrive_arduino/lib/pkgconfig/diffdrive_arduino.pc'
[0.574s] Level 1:colcon.colcon_core.environment:checking '/home/arjun/optimus1_ws/install/diffdrive_arduino/lib/python3.10/site-packages'
[0.574s] Level 1:colcon.colcon_core.environment:checking '/home/arjun/optimus1_ws/install/diffdrive_arduino/bin'
[0.574s] INFO:colcon.colcon_core.shell:Creating package script '/home/arjun/optimus1_ws/install/diffdrive_arduino/share/diffdrive_arduino/package.ps1'
[0.575s] INFO:colcon.colcon_core.shell:Creating package descriptor '/home/arjun/optimus1_ws/install/diffdrive_arduino/share/diffdrive_arduino/package.dsv'
[0.575s] INFO:colcon.colcon_core.shell:Creating package script '/home/arjun/optimus1_ws/install/diffdrive_arduino/share/diffdrive_arduino/package.sh'
[0.575s] INFO:colcon.colcon_core.shell:Creating package script '/home/arjun/optimus1_ws/install/diffdrive_arduino/share/diffdrive_arduino/package.bash'
[0.576s] INFO:colcon.colcon_core.shell:Creating package script '/home/arjun/optimus1_ws/install/diffdrive_arduino/share/diffdrive_arduino/package.zsh'
[0.576s] Level 1:colcon.colcon_core.environment:create_file_with_runtime_dependencies(/home/arjun/optimus1_ws/install/diffdrive_arduino/share/colcon-core/packages/diffdrive_arduino)
[0.577s] Level 1:colcon.colcon_core.environment:create_environment_scripts_only(ldlidar_sl_ros2)
[0.577s] Level 1:colcon.colcon_core.environment:checking '/home/arjun/optimus1_ws/install/ldlidar_sl_ros2' for CMake module files
[0.577s] Level 1:colcon.colcon_core.environment:checking '/home/arjun/optimus1_ws/install/ldlidar_sl_ros2' for CMake config files
[0.578s] Level 1:colcon.colcon_core.shell:create_environment_hook('ldlidar_sl_ros2', 'cmake_prefix_path')
[0.578s] INFO:colcon.colcon_core.shell:Creating environment hook '/home/arjun/optimus1_ws/install/ldlidar_sl_ros2/share/ldlidar_sl_ros2/hook/cmake_prefix_path.ps1'
[0.578s] INFO:colcon.colcon_core.shell:Creating environment descriptor '/home/arjun/optimus1_ws/install/ldlidar_sl_ros2/share/ldlidar_sl_ros2/hook/cmake_prefix_path.dsv'
[0.578s] INFO:colcon.colcon_core.shell:Creating environment hook '/home/arjun/optimus1_ws/install/ldlidar_sl_ros2/share/ldlidar_sl_ros2/hook/cmake_prefix_path.sh'
[0.579s] Level 1:colcon.colcon_core.environment:checking '/home/arjun/optimus1_ws/install/ldlidar_sl_ros2/lib'
[0.579s] Level 1:colcon.colcon_core.environment:checking '/home/arjun/optimus1_ws/install/ldlidar_sl_ros2/bin'
[0.579s] Level 1:colcon.colcon_core.environment:checking '/home/arjun/optimus1_ws/install/ldlidar_sl_ros2/lib/pkgconfig/ldlidar_sl_ros2.pc'
[0.579s] Level 1:colcon.colcon_core.environment:checking '/home/arjun/optimus1_ws/install/ldlidar_sl_ros2/lib/python3.10/site-packages'
[0.579s] Level 1:colcon.colcon_core.environment:checking '/home/arjun/optimus1_ws/install/ldlidar_sl_ros2/bin'
[0.579s] INFO:colcon.colcon_core.shell:Creating package script '/home/arjun/optimus1_ws/install/ldlidar_sl_ros2/share/ldlidar_sl_ros2/package.ps1'
[0.580s] INFO:colcon.colcon_core.shell:Creating package descriptor '/home/arjun/optimus1_ws/install/ldlidar_sl_ros2/share/ldlidar_sl_ros2/package.dsv'
[0.580s] INFO:colcon.colcon_core.shell:Creating package script '/home/arjun/optimus1_ws/install/ldlidar_sl_ros2/share/ldlidar_sl_ros2/package.sh'
[0.580s] INFO:colcon.colcon_core.shell:Creating package script '/home/arjun/optimus1_ws/install/ldlidar_sl_ros2/share/ldlidar_sl_ros2/package.bash'
[0.580s] INFO:colcon.colcon_core.shell:Creating package script '/home/arjun/optimus1_ws/install/ldlidar_sl_ros2/share/ldlidar_sl_ros2/package.zsh'
[0.581s] Level 1:colcon.colcon_core.environment:create_file_with_runtime_dependencies(/home/arjun/optimus1_ws/install/ldlidar_sl_ros2/share/colcon-core/packages/ldlidar_sl_ros2)
[0.581s] Level 1:colcon.colcon_core.environment:create_environment_scripts_only(serial)
[0.581s] Level 1:colcon.colcon_core.environment:checking '/home/arjun/optimus1_ws/install/serial' for CMake module files
[0.582s] DEBUG:colcon.colcon_core.event_handler.log_command:Invoked command in '/home/arjun/optimus1_ws/build/serial' returned '0': CMAKE_PREFIX_PATH=${CMAKE_PREFIX_PATH}:/home/arjun/optimus1_ws/install/serial_motor_demo:/home/arjun/opt_ws/install/my_bot_controller:/home/arjun/ros2_ws/install/my_robot_controller:/opt/ros/humble /usr/bin/cmake --install /home/arjun/optimus1_ws/build/serial
[0.582s] Level 1:colcon.colcon_core.environment:checking '/home/arjun/optimus1_ws/install/serial' for CMake config files
[0.582s] Level 1:colcon.colcon_core.shell:create_environment_hook('serial', 'cmake_prefix_path')
[0.582s] INFO:colcon.colcon_core.shell:Creating environment hook '/home/arjun/optimus1_ws/install/serial/share/serial/hook/cmake_prefix_path.ps1'
[0.583s] INFO:colcon.colcon_core.shell:Creating environment descriptor '/home/arjun/optimus1_ws/install/serial/share/serial/hook/cmake_prefix_path.dsv'
[0.583s] INFO:colcon.colcon_core.shell:Creating environment hook '/home/arjun/optimus1_ws/install/serial/share/serial/hook/cmake_prefix_path.sh'
[0.583s] Level 1:colcon.colcon_core.environment:checking '/home/arjun/optimus1_ws/install/serial/lib'
[0.583s] Level 1:colcon.colcon_core.environment:checking '/home/arjun/optimus1_ws/install/serial/bin'
[0.583s] Level 1:colcon.colcon_core.environment:checking '/home/arjun/optimus1_ws/install/serial/lib/pkgconfig/serial.pc'
[0.584s] Level 1:colcon.colcon_core.environment:checking '/home/arjun/optimus1_ws/install/serial/lib/python3.10/site-packages'
[0.584s] Level 1:colcon.colcon_core.environment:checking '/home/arjun/optimus1_ws/install/serial/bin'
[0.584s] INFO:colcon.colcon_core.shell:Creating package script '/home/arjun/optimus1_ws/install/serial/share/serial/package.ps1'
[0.584s] INFO:colcon.colcon_core.shell:Creating package descriptor '/home/arjun/optimus1_ws/install/serial/share/serial/package.dsv'
[0.585s] INFO:colcon.colcon_core.shell:Creating package script '/home/arjun/optimus1_ws/install/serial/share/serial/package.sh'
[0.585s] INFO:colcon.colcon_core.shell:Creating package script '/home/arjun/optimus1_ws/install/serial/share/serial/package.bash'
[0.585s] INFO:colcon.colcon_core.shell:Creating package script '/home/arjun/optimus1_ws/install/serial/share/serial/package.zsh'
[0.585s] Level 1:colcon.colcon_core.environment:create_file_with_runtime_dependencies(/home/arjun/optimus1_ws/install/serial/share/colcon-core/packages/serial)
[0.611s] Level 1:colcon.colcon_core.environment:create_environment_scripts_only(serial)
[0.611s] Level 1:colcon.colcon_core.environment:checking '/home/arjun/optimus1_ws/install/serial' for CMake module files
[0.612s] Level 1:colcon.colcon_core.environment:checking '/home/arjun/optimus1_ws/install/serial' for CMake config files
[0.612s] Level 1:colcon.colcon_core.shell:create_environment_hook('serial', 'cmake_prefix_path')
[0.612s] INFO:colcon.colcon_core.shell:Creating environment hook '/home/arjun/optimus1_ws/install/serial/share/serial/hook/cmake_prefix_path.ps1'
[0.612s] INFO:colcon.colcon_core.shell:Creating environment descriptor '/home/arjun/optimus1_ws/install/serial/share/serial/hook/cmake_prefix_path.dsv'
[0.613s] INFO:colcon.colcon_core.shell:Creating environment hook '/home/arjun/optimus1_ws/install/serial/share/serial/hook/cmake_prefix_path.sh'
[0.613s] Level 1:colcon.colcon_core.environment:checking '/home/arjun/optimus1_ws/install/serial/lib'
[0.613s] Level 1:colcon.colcon_core.environment:checking '/home/arjun/optimus1_ws/install/serial/bin'
[0.613s] Level 1:colcon.colcon_core.environment:checking '/home/arjun/optimus1_ws/install/serial/lib/pkgconfig/serial.pc'
[0.613s] Level 1:colcon.colcon_core.environment:checking '/home/arjun/optimus1_ws/install/serial/lib/python3.10/site-packages'
[0.614s] Level 1:colcon.colcon_core.environment:checking '/home/arjun/optimus1_ws/install/serial/bin'
[0.614s] INFO:colcon.colcon_core.shell:Creating package script '/home/arjun/optimus1_ws/install/serial/share/serial/package.ps1'
[0.614s] INFO:colcon.colcon_core.shell:Creating package descriptor '/home/arjun/optimus1_ws/install/serial/share/serial/package.dsv'
[0.614s] INFO:colcon.colcon_core.shell:Creating package script '/home/arjun/optimus1_ws/install/serial/share/serial/package.sh'
[0.615s] INFO:colcon.colcon_core.shell:Creating package script '/home/arjun/optimus1_ws/install/serial/share/serial/package.bash'
[0.615s] INFO:colcon.colcon_core.shell:Creating package script '/home/arjun/optimus1_ws/install/serial/share/serial/package.zsh'
[0.615s] Level 1:colcon.colcon_core.environment:create_file_with_runtime_dependencies(/home/arjun/optimus1_ws/install/serial/share/colcon-core/packages/serial)
[0.793s] DEBUG:colcon.colcon_core.event_handler.log_command:Invoked command in '/home/arjun/optimus1_ws/build/serial_motor_demo_msgs' returned '0': CMAKE_PREFIX_PATH=${CMAKE_PREFIX_PATH}:/home/arjun/optimus1_ws/install/serial_motor_demo:/home/arjun/opt_ws/install/my_bot_controller:/home/arjun/ros2_ws/install/my_robot_controller:/opt/ros/humble /usr/bin/cmake --build /home/arjun/optimus1_ws/build/serial_motor_demo_msgs -- -j8 -l8
[0.859s] DEBUG:colcon.colcon_core.event_handler.log_command:Invoking command in '/home/arjun/optimus1_ws/build/serial_motor_demo_msgs': CMAKE_PREFIX_PATH=${CMAKE_PREFIX_PATH}:/home/arjun/optimus1_ws/install/serial_motor_demo:/home/arjun/opt_ws/install/my_bot_controller:/home/arjun/ros2_ws/install/my_robot_controller:/opt/ros/humble /usr/bin/cmake --install /home/arjun/optimus1_ws/build/serial_motor_demo_msgs
[0.924s] Level 1:colcon.colcon_core.environment:create_environment_scripts_only(serial_motor_demo_msgs)
[0.924s] DEBUG:colcon.colcon_core.event_handler.log_command:Invoked command in '/home/arjun/optimus1_ws/build/serial_motor_demo_msgs' returned '0': CMAKE_PREFIX_PATH=${CMAKE_PREFIX_PATH}:/home/arjun/optimus1_ws/install/serial_motor_demo:/home/arjun/opt_ws/install/my_bot_controller:/home/arjun/ros2_ws/install/my_robot_controller:/opt/ros/humble /usr/bin/cmake --install /home/arjun/optimus1_ws/build/serial_motor_demo_msgs
[0.925s] Level 1:colcon.colcon_core.environment:checking '/home/arjun/optimus1_ws/install/serial_motor_demo_msgs' for CMake module files
[0.925s] Level 1:colcon.colcon_core.environment:checking '/home/arjun/optimus1_ws/install/serial_motor_demo_msgs' for CMake config files
[0.926s] Level 1:colcon.colcon_core.shell:create_environment_hook('serial_motor_demo_msgs', 'cmake_prefix_path')
[0.926s] INFO:colcon.colcon_core.shell:Creating environment hook '/home/arjun/optimus1_ws/install/serial_motor_demo_msgs/share/serial_motor_demo_msgs/hook/cmake_prefix_path.ps1'
[0.926s] INFO:colcon.colcon_core.shell:Creating environment descriptor '/home/arjun/optimus1_ws/install/serial_motor_demo_msgs/share/serial_motor_demo_msgs/hook/cmake_prefix_path.dsv'
[0.927s] INFO:colcon.colcon_core.shell:Creating environment hook '/home/arjun/optimus1_ws/install/serial_motor_demo_msgs/share/serial_motor_demo_msgs/hook/cmake_prefix_path.sh'
[0.927s] Level 1:colcon.colcon_core.environment:checking '/home/arjun/optimus1_ws/install/serial_motor_demo_msgs/lib'
[0.927s] Level 1:colcon.colcon_core.shell:create_environment_hook('serial_motor_demo_msgs', 'ld_library_path_lib')
[0.927s] INFO:colcon.colcon_core.shell:Creating environment hook '/home/arjun/optimus1_ws/install/serial_motor_demo_msgs/share/serial_motor_demo_msgs/hook/ld_library_path_lib.ps1'
[0.927s] INFO:colcon.colcon_core.shell:Creating environment descriptor '/home/arjun/optimus1_ws/install/serial_motor_demo_msgs/share/serial_motor_demo_msgs/hook/ld_library_path_lib.dsv'
[0.928s] INFO:colcon.colcon_core.shell:Creating environment hook '/home/arjun/optimus1_ws/install/serial_motor_demo_msgs/share/serial_motor_demo_msgs/hook/ld_library_path_lib.sh'
[0.928s] Level 1:colcon.colcon_core.environment:checking '/home/arjun/optimus1_ws/install/serial_motor_demo_msgs/bin'
[0.928s] Level 1:colcon.colcon_core.environment:checking '/home/arjun/optimus1_ws/install/serial_motor_demo_msgs/lib/pkgconfig/serial_motor_demo_msgs.pc'
[0.928s] Level 1:colcon.colcon_core.environment:checking '/home/arjun/optimus1_ws/install/serial_motor_demo_msgs/lib/python3.10/site-packages'
[0.928s] Level 1:colcon.colcon_core.environment:checking '/home/arjun/optimus1_ws/install/serial_motor_demo_msgs/bin'
[0.929s] INFO:colcon.colcon_core.shell:Creating package script '/home/arjun/optimus1_ws/install/serial_motor_demo_msgs/share/serial_motor_demo_msgs/package.ps1'
[0.929s] INFO:colcon.colcon_core.shell:Creating package descriptor '/home/arjun/optimus1_ws/install/serial_motor_demo_msgs/share/serial_motor_demo_msgs/package.dsv'
[0.929s] INFO:colcon.colcon_core.shell:Creating package script '/home/arjun/optimus1_ws/install/serial_motor_demo_msgs/share/serial_motor_demo_msgs/package.sh'
[0.929s] INFO:colcon.colcon_core.shell:Creating package script '/home/arjun/optimus1_ws/install/serial_motor_demo_msgs/share/serial_motor_demo_msgs/package.bash'
[0.930s] INFO:colcon.colcon_core.shell:Creating package script '/home/arjun/optimus1_ws/install/serial_motor_demo_msgs/share/serial_motor_demo_msgs/package.zsh'
[0.930s] Level 1:colcon.colcon_core.environment:create_file_with_runtime_dependencies(/home/arjun/optimus1_ws/install/serial_motor_demo_msgs/share/colcon-core/packages/serial_motor_demo_msgs)
[0.996s] Level 1:colcon.colcon_core.environment:create_environment_scripts_only(serial_motor_demo_msgs)
[0.996s] Level 1:colcon.colcon_core.environment:checking '/home/arjun/optimus1_ws/install/serial_motor_demo_msgs' for CMake module files
[0.996s] Level 1:colcon.colcon_core.environment:checking '/home/arjun/optimus1_ws/install/serial_motor_demo_msgs' for CMake config files
[0.997s] Level 1:colcon.colcon_core.shell:create_environment_hook('serial_motor_demo_msgs', 'cmake_prefix_path')
[0.997s] INFO:colcon.colcon_core.shell:Creating environment hook '/home/arjun/optimus1_ws/install/serial_motor_demo_msgs/share/serial_motor_demo_msgs/hook/cmake_prefix_path.ps1'
[0.998s] INFO:colcon.colcon_core.shell:Creating environment descriptor '/home/arjun/optimus1_ws/install/serial_motor_demo_msgs/share/serial_motor_demo_msgs/hook/cmake_prefix_path.dsv'
[0.998s] INFO:colcon.colcon_core.shell:Creating environment hook '/home/arjun/optimus1_ws/install/serial_motor_demo_msgs/share/serial_motor_demo_msgs/hook/cmake_prefix_path.sh'
[0.998s] Level 1:colcon.colcon_core.environment:checking '/home/arjun/optimus1_ws/install/serial_motor_demo_msgs/lib'
[0.998s] Level 1:colcon.colcon_core.shell:create_environment_hook('serial_motor_demo_msgs', 'ld_library_path_lib')
[0.999s] INFO:colcon.colcon_core.shell:Creating environment hook '/home/arjun/optimus1_ws/install/serial_motor_demo_msgs/share/serial_motor_demo_msgs/hook/ld_library_path_lib.ps1'
[0.999s] INFO:colcon.colcon_core.shell:Creating environment descriptor '/home/arjun/optimus1_ws/install/serial_motor_demo_msgs/share/serial_motor_demo_msgs/hook/ld_library_path_lib.dsv'
[0.999s] INFO:colcon.colcon_core.shell:Creating environment hook '/home/arjun/optimus1_ws/install/serial_motor_demo_msgs/share/serial_motor_demo_msgs/hook/ld_library_path_lib.sh'
[0.999s] Level 1:colcon.colcon_core.environment:checking '/home/arjun/optimus1_ws/install/serial_motor_demo_msgs/bin'
[0.999s] Level 1:colcon.colcon_core.environment:checking '/home/arjun/optimus1_ws/install/serial_motor_demo_msgs/lib/pkgconfig/serial_motor_demo_msgs.pc'
[0.999s] Level 1:colcon.colcon_core.environment:checking '/home/arjun/optimus1_ws/install/serial_motor_demo_msgs/lib/python3.10/site-packages'
[1.000s] Level 1:colcon.colcon_core.environment:checking '/home/arjun/optimus1_ws/install/serial_motor_demo_msgs/bin'
[1.000s] INFO:colcon.colcon_core.shell:Creating package script '/home/arjun/optimus1_ws/install/serial_motor_demo_msgs/share/serial_motor_demo_msgs/package.ps1'
[1.000s] INFO:colcon.colcon_core.shell:Creating package descriptor '/home/arjun/optimus1_ws/install/serial_motor_demo_msgs/share/serial_motor_demo_msgs/package.dsv'
[1.001s] INFO:colcon.colcon_core.shell:Creating package script '/home/arjun/optimus1_ws/install/serial_motor_demo_msgs/share/serial_motor_demo_msgs/package.sh'
[1.001s] INFO:colcon.colcon_core.shell:Creating package script '/home/arjun/optimus1_ws/install/serial_motor_demo_msgs/share/serial_motor_demo_msgs/package.bash'
[1.001s] INFO:colcon.colcon_core.shell:Creating package script '/home/arjun/optimus1_ws/install/serial_motor_demo_msgs/share/serial_motor_demo_msgs/package.zsh'
[1.002s] Level 1:colcon.colcon_core.environment:create_file_with_runtime_dependencies(/home/arjun/optimus1_ws/install/serial_motor_demo_msgs/share/colcon-core/packages/serial_motor_demo_msgs)
[1.002s] INFO:colcon.colcon_ros.task.ament_python.build:Building ROS package in '/home/arjun/optimus1_ws/serial_motor_demo' with build type 'ament_python'
[1.002s] Level 1:colcon.colcon_core.shell:create_environment_hook('serial_motor_demo', 'ament_prefix_path')
[1.002s] INFO:colcon.colcon_core.shell:Creating environment hook '/home/arjun/optimus1_ws/install/serial_motor_demo/share/serial_motor_demo/hook/ament_prefix_path.ps1'
[1.003s] INFO:colcon.colcon_core.shell:Creating environment descriptor '/home/arjun/optimus1_ws/install/serial_motor_demo/share/serial_motor_demo/hook/ament_prefix_path.dsv'
[1.003s] INFO:colcon.colcon_core.shell:Creating environment hook '/home/arjun/optimus1_ws/install/serial_motor_demo/share/serial_motor_demo/hook/ament_prefix_path.sh'
[1.003s] INFO:colcon.colcon_core.shell:Skip shell extension 'powershell' for command environment: Not usable outside of PowerShell
[1.003s] DEBUG:colcon.colcon_core.shell:Skip shell extension 'dsv' for command environment
[1.284s] INFO:colcon.colcon_core.task.python.build:Building Python package in '/home/arjun/optimus1_ws/serial_motor_demo'
[1.284s] INFO:colcon.colcon_core.shell:Skip shell extension 'powershell' for command environment: Not usable outside of PowerShell
[1.284s] DEBUG:colcon.colcon_core.shell:Skip shell extension 'dsv' for command environment
[1.740s] DEBUG:colcon.colcon_core.event_handler.log_command:Invoking command in '/home/arjun/optimus1_ws/build/serial_motor_demo': LD_LIBRARY_PATH=/home/arjun/optimus1_ws/install/serial_motor_demo_msgs/lib:/home/arjun/optimus1_ws/install/serial/lib:/home/arjun/optimus1_ws/install/diffdrive_arduino/lib:/usr/lib/x86_64-linux-gnu/gazebo-11/plugins:/opt/ros/humble/opt/rviz_ogre_vendor/lib:/opt/ros/humble/lib/x86_64-linux-gnu:/opt/ros/humble/lib:/usr/share/gazebo-11/../../lib/x86_64-linux-gnu/gazebo-11/plugins PYTHONPATH=/home/arjun/optimus1_ws/build/serial_motor_demo/prefix_override:/usr/lib/python3/dist-packages/colcon_core/task/python/colcon_distutils_commands:/home/arjun/optimus1_ws/install/serial_motor_demo/lib/python3.10/site-packages:${PYTHONPATH} /usr/bin/python3 -W ignore:setup.py install is deprecated setup.py develop --editable --build-directory /home/arjun/optimus1_ws/build/serial_motor_demo/build --no-deps symlink_data
[2.149s] Level 1:colcon.colcon_core.shell:create_environment_hook('serial_motor_demo', 'pythonpath_develop')
[2.150s] INFO:colcon.colcon_core.shell:Creating environment hook '/home/arjun/optimus1_ws/build/serial_motor_demo/share/serial_motor_demo/hook/pythonpath_develop.ps1'
[2.151s] DEBUG:colcon.colcon_core.event_handler.log_command:Invoked command in '/home/arjun/optimus1_ws/build/serial_motor_demo' returned '0': LD_LIBRARY_PATH=/home/arjun/optimus1_ws/install/serial_motor_demo_msgs/lib:/home/arjun/optimus1_ws/install/serial/lib:/home/arjun/optimus1_ws/install/diffdrive_arduino/lib:/usr/lib/x86_64-linux-gnu/gazebo-11/plugins:/opt/ros/humble/opt/rviz_ogre_vendor/lib:/opt/ros/humble/lib/x86_64-linux-gnu:/opt/ros/humble/lib:/usr/share/gazebo-11/../../lib/x86_64-linux-gnu/gazebo-11/plugins PYTHONPATH=/home/arjun/optimus1_ws/build/serial_motor_demo/prefix_override:/usr/lib/python3/dist-packages/colcon_core/task/python/colcon_distutils_commands:/home/arjun/optimus1_ws/install/serial_motor_demo/lib/python3.10/site-packages:${PYTHONPATH} /usr/bin/python3 -W ignore:setup.py install is deprecated setup.py develop --editable --build-directory /home/arjun/optimus1_ws/build/serial_motor_demo/build --no-deps symlink_data
[2.151s] INFO:colcon.colcon_core.shell:Creating environment descriptor '/home/arjun/optimus1_ws/build/serial_motor_demo/share/serial_motor_demo/hook/pythonpath_develop.dsv'
[2.152s] INFO:colcon.colcon_core.shell:Creating environment hook '/home/arjun/optimus1_ws/build/serial_motor_demo/share/serial_motor_demo/hook/pythonpath_develop.sh'
[2.152s] Level 1:colcon.colcon_core.environment:checking '/home/arjun/optimus1_ws/install/serial_motor_demo' for CMake module files
[2.153s] Level 1:colcon.colcon_core.environment:checking '/home/arjun/optimus1_ws/install/serial_motor_demo' for CMake config files
[2.153s] Level 1:colcon.colcon_core.environment:checking '/home/arjun/optimus1_ws/install/serial_motor_demo/lib'
[2.153s] Level 1:colcon.colcon_core.environment:checking '/home/arjun/optimus1_ws/install/serial_motor_demo/bin'
[2.153s] Level 1:colcon.colcon_core.environment:checking '/home/arjun/optimus1_ws/install/serial_motor_demo/lib/pkgconfig/serial_motor_demo.pc'
[2.154s] Level 1:colcon.colcon_core.environment:checking '/home/arjun/optimus1_ws/install/serial_motor_demo/lib/python3.10/site-packages'
[2.154s] Level 1:colcon.colcon_core.shell:create_environment_hook('serial_motor_demo', 'pythonpath')
[2.154s] INFO:colcon.colcon_core.shell:Creating environment hook '/home/arjun/optimus1_ws/install/serial_motor_demo/share/serial_motor_demo/hook/pythonpath.ps1'
[2.154s] INFO:colcon.colcon_core.shell:Creating environment descriptor '/home/arjun/optimus1_ws/install/serial_motor_demo/share/serial_motor_demo/hook/pythonpath.dsv'
[2.154s] INFO:colcon.colcon_core.shell:Creating environment hook '/home/arjun/optimus1_ws/install/serial_motor_demo/share/serial_motor_demo/hook/pythonpath.sh'
[2.155s] Level 1:colcon.colcon_core.environment:checking '/home/arjun/optimus1_ws/install/serial_motor_demo/bin'
[2.155s] Level 1:colcon.colcon_core.environment:create_environment_scripts_only(serial_motor_demo)
[2.155s] INFO:colcon.colcon_core.shell:Creating package script '/home/arjun/optimus1_ws/install/serial_motor_demo/share/serial_motor_demo/package.ps1'
[2.156s] INFO:colcon.colcon_core.shell:Creating package descriptor '/home/arjun/optimus1_ws/install/serial_motor_demo/share/serial_motor_demo/package.dsv'
[2.156s] INFO:colcon.colcon_core.shell:Creating package script '/home/arjun/optimus1_ws/install/serial_motor_demo/share/serial_motor_demo/package.sh'
[2.156s] INFO:colcon.colcon_core.shell:Creating package script '/home/arjun/optimus1_ws/install/serial_motor_demo/share/serial_motor_demo/package.bash'
[2.157s] INFO:colcon.colcon_core.shell:Creating package script '/home/arjun/optimus1_ws/install/serial_motor_demo/share/serial_motor_demo/package.zsh'
[2.157s] Level 1:colcon.colcon_core.environment:create_file_with_runtime_dependencies(/home/arjun/optimus1_ws/install/serial_motor_demo/share/colcon-core/packages/serial_motor_demo)
[2.157s] DEBUG:colcon.colcon_parallel_executor.executor.parallel:closing loop
[2.157s] DEBUG:colcon.colcon_parallel_executor.executor.parallel:loop closed
[2.158s] DEBUG:colcon.colcon_parallel_executor.executor.parallel:run_until_complete finished with '0'
[2.158s] DEBUG:colcon.colcon_core.event_reactor:joining thread
[2.162s] INFO:colcon.colcon_core.plugin_system:Skipping extension 'colcon_notification.desktop_notification.terminal_notifier': Not used on non-Darwin systems
[2.162s] INFO:colcon.colcon_core.plugin_system:Skipping extension 'colcon_notification.desktop_notification.win32': Not used on non-Windows systems
[2.163s] INFO:colcon.colcon_notification.desktop_notification:Sending desktop notification using 'notify2'
[2.171s] DEBUG:colcon.colcon_core.event_reactor:joined thread
[2.171s] INFO:colcon.colcon_core.shell:Creating prefix script '/home/arjun/optimus1_ws/install/local_setup.ps1'
[2.172s] INFO:colcon.colcon_core.shell:Creating prefix util module '/home/arjun/optimus1_ws/install/_local_setup_util_ps1.py'
[2.174s] INFO:colcon.colcon_core.shell:Creating prefix chain script '/home/arjun/optimus1_ws/install/setup.ps1'
[2.177s] INFO:colcon.colcon_core.shell:Creating prefix script '/home/arjun/optimus1_ws/install/local_setup.sh'
[2.178s] INFO:colcon.colcon_core.shell:Creating prefix util module '/home/arjun/optimus1_ws/install/_local_setup_util_sh.py'
[2.179s] INFO:colcon.colcon_core.shell:Creating prefix chain script '/home/arjun/optimus1_ws/install/setup.sh'
[2.181s] INFO:colcon.colcon_core.shell:Creating prefix script '/home/arjun/optimus1_ws/install/local_setup.bash'
[2.182s] INFO:colcon.colcon_core.shell:Creating prefix chain script '/home/arjun/optimus1_ws/install/setup.bash'
[2.185s] INFO:colcon.colcon_core.shell:Creating prefix script '/home/arjun/optimus1_ws/install/local_setup.zsh'
[2.186s] INFO:colcon.colcon_core.shell:Creating prefix chain script '/home/arjun/optimus1_ws/install/setup.zsh'
