[0.091s] DEBUG:colcon:Command line arguments: ['/usr/bin/colcon', 'build', '--symlink-install']
[0.091s] DEBUG:colcon:Parsed command line arguments: Namespace(log_base=None, log_level=None, verb_name='build', build_base='build', install_base='install', merge_install=False, symlink_install=True, test_result_base=None, continue_on_error=False, executor='parallel', parallel_workers=8, event_handlers=None, ignore_user_meta=False, metas=['./colcon.meta'], base_paths=['.'], packages_ignore=None, packages_ignore_regex=None, paths=None, packages_up_to=None, packages_up_to_regex=None, packages_above=None, packages_above_and_dependencies=None, packages_above_depth=None, packages_select_by_dep=None, packages_skip_by_dep=None, packages_skip_up_to=None, packages_select_build_failed=False, packages_skip_build_finished=False, packages_select_test_failures=False, packages_skip_test_passed=False, packages_select=None, packages_skip=None, packages_select_regex=None, packages_skip_regex=None, packages_start=None, packages_end=None, allow_overriding=[], cmake_args=None, cmake_target=None, cmake_target_skip_unavailable=False, cmake_clean_cache=False, cmake_clean_first=False, cmake_force_configure=False, ament_cmake_args=None, catkin_cmake_args=None, catkin_skip_building_tests=False, mixin_files=None, mixin=None, verb_parser=<colcon_mixin.mixin.mixin_argument.MixinArgumentDecorator object at 0x7d23f4d474f0>, verb_extension=<colcon_core.verb.build.BuildVerb object at 0x7d23f4e43c70>, main=<bound method BuildVerb.main of <colcon_core.verb.build.BuildVerb object at 0x7d23f4e43c70>>, mixin_verb=('build',))
[0.235s] Level 1:colcon.colcon_core.package_discovery:discover_packages(colcon_meta) check parameters
[0.235s] Level 1:colcon.colcon_core.package_discovery:discover_packages(recursive) check parameters
[0.235s] Level 1:colcon.colcon_core.package_discovery:discover_packages(ignore) check parameters
[0.235s] Level 1:colcon.colcon_core.package_discovery:discover_packages(path) check parameters
[0.235s] Level 1:colcon.colcon_core.package_discovery:discover_packages(colcon_meta) discover
[0.235s] Level 1:colcon.colcon_core.package_discovery:discover_packages(recursive) discover
[0.235s] INFO:colcon.colcon_core.package_discovery:Crawling recursively for packages in '/home/arjun/optimus1_ws'
[0.235s] Level 1:colcon.colcon_core.package_identification:_identify(.) by extensions ['ignore', 'ignore_ament_install']
[0.235s] Level 1:colcon.colcon_core.package_identification:_identify(.) by extension 'ignore'
[0.235s] Level 1:colcon.colcon_core.package_identification:_identify(.) by extension 'ignore_ament_install'
[0.236s] Level 1:colcon.colcon_core.package_identification:_identify(.) by extensions ['colcon_pkg']
[0.236s] Level 1:colcon.colcon_core.package_identification:_identify(.) by extension 'colcon_pkg'
[0.236s] Level 1:colcon.colcon_core.package_identification:_identify(.) by extensions ['colcon_meta']
[0.236s] Level 1:colcon.colcon_core.package_identification:_identify(.) by extension 'colcon_meta'
[0.236s] Level 1:colcon.colcon_core.package_identification:_identify(.) by extensions ['ros']
[0.236s] Level 1:colcon.colcon_core.package_identification:_identify(.) by extension 'ros'
[0.245s] Level 1:colcon.colcon_core.package_identification:_identify(.) by extensions ['cmake', 'python']
[0.245s] Level 1:colcon.colcon_core.package_identification:_identify(.) by extension 'cmake'
[0.245s] Level 1:colcon.colcon_core.package_identification:_identify(.) by extension 'python'
[0.245s] Level 1:colcon.colcon_core.package_identification:_identify(.) by extensions ['python_setup_py']
[0.245s] Level 1:colcon.colcon_core.package_identification:_identify(.) by extension 'python_setup_py'
[0.245s] Level 1:colcon.colcon_core.package_identification:_identify(build) by extensions ['ignore', 'ignore_ament_install']
[0.245s] Level 1:colcon.colcon_core.package_identification:_identify(build) by extension 'ignore'
[0.245s] Level 1:colcon.colcon_core.package_identification:_identify(build) ignored
[0.245s] Level 1:colcon.colcon_core.package_identification:_identify(install) by extensions ['ignore', 'ignore_ament_install']
[0.245s] Level 1:colcon.colcon_core.package_identification:_identify(install) by extension 'ignore'
[0.245s] Level 1:colcon.colcon_core.package_identification:_identify(install) ignored
[0.246s] Level 1:colcon.colcon_core.package_identification:_identify(log) by extensions ['ignore', 'ignore_ament_install']
[0.246s] Level 1:colcon.colcon_core.package_identification:_identify(log) by extension 'ignore'
[0.246s] Level 1:colcon.colcon_core.package_identification:_identify(log) ignored
[0.246s] Level 1:colcon.colcon_core.package_identification:_identify(ros_arduino_bridge) by extensions ['ignore', 'ignore_ament_install']
[0.246s] Level 1:colcon.colcon_core.package_identification:_identify(ros_arduino_bridge) by extension 'ignore'
[0.246s] Level 1:colcon.colcon_core.package_identification:_identify(ros_arduino_bridge) by extension 'ignore_ament_install'
[0.246s] Level 1:colcon.colcon_core.package_identification:_identify(ros_arduino_bridge) by extensions ['colcon_pkg']
[0.246s] Level 1:colcon.colcon_core.package_identification:_identify(ros_arduino_bridge) by extension 'colcon_pkg'
[0.246s] Level 1:colcon.colcon_core.package_identification:_identify(ros_arduino_bridge) by extensions ['colcon_meta']
[0.246s] Level 1:colcon.colcon_core.package_identification:_identify(ros_arduino_bridge) by extension 'colcon_meta'
[0.246s] Level 1:colcon.colcon_core.package_identification:_identify(ros_arduino_bridge) by extensions ['ros']
[0.246s] Level 1:colcon.colcon_core.package_identification:_identify(ros_arduino_bridge) by extension 'ros'
[0.247s] Level 1:colcon.colcon_core.package_identification:_identify(ros_arduino_bridge) by extensions ['cmake', 'python']
[0.247s] Level 1:colcon.colcon_core.package_identification:_identify(ros_arduino_bridge) by extension 'cmake'
[0.247s] Level 1:colcon.colcon_core.package_identification:_identify(ros_arduino_bridge) by extension 'python'
[0.247s] Level 1:colcon.colcon_core.package_identification:_identify(ros_arduino_bridge) by extensions ['python_setup_py']
[0.247s] Level 1:colcon.colcon_core.package_identification:_identify(ros_arduino_bridge) by extension 'python_setup_py'
[0.247s] Level 1:colcon.colcon_core.package_identification:_identify(serial_motor_demo) by extensions ['ignore', 'ignore_ament_install']
[0.247s] Level 1:colcon.colcon_core.package_identification:_identify(serial_motor_demo) by extension 'ignore'
[0.247s] Level 1:colcon.colcon_core.package_identification:_identify(serial_motor_demo) by extension 'ignore_ament_install'
[0.247s] Level 1:colcon.colcon_core.package_identification:_identify(serial_motor_demo) by extensions ['colcon_pkg']
[0.247s] Level 1:colcon.colcon_core.package_identification:_identify(serial_motor_demo) by extension 'colcon_pkg'
[0.247s] Level 1:colcon.colcon_core.package_identification:_identify(serial_motor_demo) by extensions ['colcon_meta']
[0.247s] Level 1:colcon.colcon_core.package_identification:_identify(serial_motor_demo) by extension 'colcon_meta'
[0.247s] Level 1:colcon.colcon_core.package_identification:_identify(serial_motor_demo) by extensions ['ros']
[0.247s] Level 1:colcon.colcon_core.package_identification:_identify(serial_motor_demo) by extension 'ros'
[0.249s] DEBUG:colcon.colcon_core.package_identification:Package 'serial_motor_demo' with type 'ros.ament_python' and name 'serial_motor_demo'
[0.249s] Level 1:colcon.colcon_core.package_identification:_identify(serial_motor_demo_msgs) by extensions ['ignore', 'ignore_ament_install']
[0.250s] Level 1:colcon.colcon_core.package_identification:_identify(serial_motor_demo_msgs) by extension 'ignore'
[0.250s] Level 1:colcon.colcon_core.package_identification:_identify(serial_motor_demo_msgs) by extension 'ignore_ament_install'
[0.250s] Level 1:colcon.colcon_core.package_identification:_identify(serial_motor_demo_msgs) by extensions ['colcon_pkg']
[0.250s] Level 1:colcon.colcon_core.package_identification:_identify(serial_motor_demo_msgs) by extension 'colcon_pkg'
[0.250s] Level 1:colcon.colcon_core.package_identification:_identify(serial_motor_demo_msgs) by extensions ['colcon_meta']
[0.250s] Level 1:colcon.colcon_core.package_identification:_identify(serial_motor_demo_msgs) by extension 'colcon_meta'
[0.250s] Level 1:colcon.colcon_core.package_identification:_identify(serial_motor_demo_msgs) by extensions ['ros']
[0.250s] Level 1:colcon.colcon_core.package_identification:_identify(serial_motor_demo_msgs) by extension 'ros'
[0.250s] DEBUG:colcon.colcon_core.package_identification:Package 'serial_motor_demo_msgs' with type 'ros.ament_cmake' and name 'serial_motor_demo_msgs'
[0.251s] Level 1:colcon.colcon_core.package_identification:_identify(src) by extensions ['ignore', 'ignore_ament_install']
[0.251s] Level 1:colcon.colcon_core.package_identification:_identify(src) by extension 'ignore'
[0.251s] Level 1:colcon.colcon_core.package_identification:_identify(src) by extension 'ignore_ament_install'
[0.251s] Level 1:colcon.colcon_core.package_identification:_identify(src) by extensions ['colcon_pkg']
[0.251s] Level 1:colcon.colcon_core.package_identification:_identify(src) by extension 'colcon_pkg'
[0.251s] Level 1:colcon.colcon_core.package_identification:_identify(src) by extensions ['colcon_meta']
[0.251s] Level 1:colcon.colcon_core.package_identification:_identify(src) by extension 'colcon_meta'
[0.251s] Level 1:colcon.colcon_core.package_identification:_identify(src) by extensions ['ros']
[0.251s] Level 1:colcon.colcon_core.package_identification:_identify(src) by extension 'ros'
[0.251s] Level 1:colcon.colcon_core.package_identification:_identify(src) by extensions ['cmake', 'python']
[0.251s] Level 1:colcon.colcon_core.package_identification:_identify(src) by extension 'cmake'
[0.251s] Level 1:colcon.colcon_core.package_identification:_identify(src) by extension 'python'
[0.251s] Level 1:colcon.colcon_core.package_identification:_identify(src) by extensions ['python_setup_py']
[0.252s] Level 1:colcon.colcon_core.package_identification:_identify(src) by extension 'python_setup_py'
[0.252s] Level 1:colcon.colcon_core.package_identification:_identify(src/amr) by extensions ['ignore', 'ignore_ament_install']
[0.252s] Level 1:colcon.colcon_core.package_identification:_identify(src/amr) by extension 'ignore'
[0.252s] Level 1:colcon.colcon_core.package_identification:_identify(src/amr) by extension 'ignore_ament_install'
[0.252s] Level 1:colcon.colcon_core.package_identification:_identify(src/amr) by extensions ['colcon_pkg']
[0.252s] Level 1:colcon.colcon_core.package_identification:_identify(src/amr) by extension 'colcon_pkg'
[0.252s] Level 1:colcon.colcon_core.package_identification:_identify(src/amr) by extensions ['colcon_meta']
[0.252s] Level 1:colcon.colcon_core.package_identification:_identify(src/amr) by extension 'colcon_meta'
[0.252s] Level 1:colcon.colcon_core.package_identification:_identify(src/amr) by extensions ['ros']
[0.252s] Level 1:colcon.colcon_core.package_identification:_identify(src/amr) by extension 'ros'
[0.253s] DEBUG:colcon.colcon_core.package_identification:Package 'src/amr' with type 'ros.ament_cmake' and name 'amr'
[0.253s] Level 1:colcon.colcon_core.package_identification:_identify(src/diffdrive_arduino) by extensions ['ignore', 'ignore_ament_install']
[0.253s] Level 1:colcon.colcon_core.package_identification:_identify(src/diffdrive_arduino) by extension 'ignore'
[0.253s] Level 1:colcon.colcon_core.package_identification:_identify(src/diffdrive_arduino) by extension 'ignore_ament_install'
[0.253s] Level 1:colcon.colcon_core.package_identification:_identify(src/diffdrive_arduino) by extensions ['colcon_pkg']
[0.253s] Level 1:colcon.colcon_core.package_identification:_identify(src/diffdrive_arduino) by extension 'colcon_pkg'
[0.253s] Level 1:colcon.colcon_core.package_identification:_identify(src/diffdrive_arduino) by extensions ['colcon_meta']
[0.253s] Level 1:colcon.colcon_core.package_identification:_identify(src/diffdrive_arduino) by extension 'colcon_meta'
[0.253s] Level 1:colcon.colcon_core.package_identification:_identify(src/diffdrive_arduino) by extensions ['ros']
[0.253s] Level 1:colcon.colcon_core.package_identification:_identify(src/diffdrive_arduino) by extension 'ros'
[0.254s] DEBUG:colcon.colcon_core.package_identification:Package 'src/diffdrive_arduino' with type 'ros.ament_cmake' and name 'diffdrive_arduino'
[0.254s] Level 1:colcon.colcon_core.package_identification:_identify(src/ldlidar_sl_ros2) by extensions ['ignore', 'ignore_ament_install']
[0.254s] Level 1:colcon.colcon_core.package_identification:_identify(src/ldlidar_sl_ros2) by extension 'ignore'
[0.254s] Level 1:colcon.colcon_core.package_identification:_identify(src/ldlidar_sl_ros2) by extension 'ignore_ament_install'
[0.255s] Level 1:colcon.colcon_core.package_identification:_identify(src/ldlidar_sl_ros2) by extensions ['colcon_pkg']
[0.255s] Level 1:colcon.colcon_core.package_identification:_identify(src/ldlidar_sl_ros2) by extension 'colcon_pkg'
[0.255s] Level 1:colcon.colcon_core.package_identification:_identify(src/ldlidar_sl_ros2) by extensions ['colcon_meta']
[0.255s] Level 1:colcon.colcon_core.package_identification:_identify(src/ldlidar_sl_ros2) by extension 'colcon_meta'
[0.255s] Level 1:colcon.colcon_core.package_identification:_identify(src/ldlidar_sl_ros2) by extensions ['ros']
[0.255s] Level 1:colcon.colcon_core.package_identification:_identify(src/ldlidar_sl_ros2) by extension 'ros'
[0.255s] DEBUG:colcon.colcon_core.package_identification:Package 'src/ldlidar_sl_ros2' with type 'ros.ament_cmake' and name 'ldlidar_sl_ros2'
[0.256s] Level 1:colcon.colcon_core.package_identification:_identify(src/serial) by extensions ['ignore', 'ignore_ament_install']
[0.256s] Level 1:colcon.colcon_core.package_identification:_identify(src/serial) by extension 'ignore'
[0.256s] Level 1:colcon.colcon_core.package_identification:_identify(src/serial) by extension 'ignore_ament_install'
[0.256s] Level 1:colcon.colcon_core.package_identification:_identify(src/serial) by extensions ['colcon_pkg']
[0.256s] Level 1:colcon.colcon_core.package_identification:_identify(src/serial) by extension 'colcon_pkg'
[0.256s] Level 1:colcon.colcon_core.package_identification:_identify(src/serial) by extensions ['colcon_meta']
[0.256s] Level 1:colcon.colcon_core.package_identification:_identify(src/serial) by extension 'colcon_meta'
[0.256s] Level 1:colcon.colcon_core.package_identification:_identify(src/serial) by extensions ['ros']
[0.256s] Level 1:colcon.colcon_core.package_identification:_identify(src/serial) by extension 'ros'
[0.257s] DEBUG:colcon.colcon_core.package_identification:Package 'src/serial' with type 'ros.ament_cmake' and name 'serial'
[0.257s] Level 1:colcon.colcon_core.package_discovery:discover_packages(recursive) using defaults
[0.257s] Level 1:colcon.colcon_core.package_discovery:discover_packages(ignore) discover
[0.257s] Level 1:colcon.colcon_core.package_discovery:discover_packages(ignore) using defaults
[0.257s] Level 1:colcon.colcon_core.package_discovery:discover_packages(path) discover
[0.257s] Level 1:colcon.colcon_core.package_discovery:discover_packages(path) using defaults
[0.274s] Level 1:colcon.colcon_core.package_discovery:discover_packages(prefix_path) check parameters
[0.274s] Level 1:colcon.colcon_core.package_discovery:discover_packages(prefix_path) discover
[0.276s] DEBUG:colcon.colcon_installed_package_information.package_discovery:Found 1 installed packages in /home/arjun/optimus_ws/install
[0.276s] DEBUG:colcon.colcon_installed_package_information.package_discovery:Found 1 installed packages in /home/arjun/opt_ws/install
[0.277s] DEBUG:colcon.colcon_installed_package_information.package_discovery:Found 1 installed packages in /home/arjun/ros2_ws/install
[0.277s] DEBUG:colcon.colcon_installed_package_information.package_discovery:Found 6 installed packages in /home/arjun/optimus1_ws/install
[0.278s] DEBUG:colcon.colcon_installed_package_information.package_discovery:Found 1 installed packages in /home/arjun/js_ws/install
[0.278s] DEBUG:colcon.colcon_installed_package_information.package_discovery:Found 2 installed packages in /home/arjun/jetbot_ws/install
[0.279s] DEBUG:colcon.colcon_installed_package_information.package_discovery:Found 395 installed packages in /opt/ros/humble
[0.281s] Level 1:colcon.colcon_core.package_discovery:discover_packages(prefix_path) using defaults
[0.329s] Level 5:colcon.colcon_core.verb:set package 'amr' build argument 'cmake_args' from command line to 'None'
[0.329s] Level 5:colcon.colcon_core.verb:set package 'amr' build argument 'cmake_target' from command line to 'None'
[0.329s] Level 5:colcon.colcon_core.verb:set package 'amr' build argument 'cmake_target_skip_unavailable' from command line to 'False'
[0.329s] Level 5:colcon.colcon_core.verb:set package 'amr' build argument 'cmake_clean_cache' from command line to 'False'
[0.329s] Level 5:colcon.colcon_core.verb:set package 'amr' build argument 'cmake_clean_first' from command line to 'False'
[0.329s] Level 5:colcon.colcon_core.verb:set package 'amr' build argument 'cmake_force_configure' from command line to 'False'
[0.329s] Level 5:colcon.colcon_core.verb:set package 'amr' build argument 'ament_cmake_args' from command line to 'None'
[0.329s] Level 5:colcon.colcon_core.verb:set package 'amr' build argument 'catkin_cmake_args' from command line to 'None'
[0.330s] Level 5:colcon.colcon_core.verb:set package 'amr' build argument 'catkin_skip_building_tests' from command line to 'False'
[0.330s] DEBUG:colcon.colcon_core.verb:Building package 'amr' with the following arguments: {'ament_cmake_args': None, 'build_base': '/home/arjun/optimus1_ws/build/amr', 'catkin_cmake_args': None, 'catkin_skip_building_tests': False, 'cmake_args': None, 'cmake_clean_cache': False, 'cmake_clean_first': False, 'cmake_force_configure': False, 'cmake_target': None, 'cmake_target_skip_unavailable': False, 'install_base': '/home/arjun/optimus1_ws/install/amr', 'merge_install': False, 'path': '/home/arjun/optimus1_ws/src/amr', 'symlink_install': True, 'test_result_base': None}
[0.330s] Level 5:colcon.colcon_core.verb:set package 'diffdrive_arduino' build argument 'cmake_args' from command line to 'None'
[0.330s] Level 5:colcon.colcon_core.verb:set package 'diffdrive_arduino' build argument 'cmake_target' from command line to 'None'
[0.330s] Level 5:colcon.colcon_core.verb:set package 'diffdrive_arduino' build argument 'cmake_target_skip_unavailable' from command line to 'False'
[0.330s] Level 5:colcon.colcon_core.verb:set package 'diffdrive_arduino' build argument 'cmake_clean_cache' from command line to 'False'
[0.330s] Level 5:colcon.colcon_core.verb:set package 'diffdrive_arduino' build argument 'cmake_clean_first' from command line to 'False'
[0.330s] Level 5:colcon.colcon_core.verb:set package 'diffdrive_arduino' build argument 'cmake_force_configure' from command line to 'False'
[0.330s] Level 5:colcon.colcon_core.verb:set package 'diffdrive_arduino' build argument 'ament_cmake_args' from command line to 'None'
[0.330s] Level 5:colcon.colcon_core.verb:set package 'diffdrive_arduino' build argument 'catkin_cmake_args' from command line to 'None'
[0.330s] Level 5:colcon.colcon_core.verb:set package 'diffdrive_arduino' build argument 'catkin_skip_building_tests' from command line to 'False'
[0.330s] DEBUG:colcon.colcon_core.verb:Building package 'diffdrive_arduino' with the following arguments: {'ament_cmake_args': None, 'build_base': '/home/arjun/optimus1_ws/build/diffdrive_arduino', 'catkin_cmake_args': None, 'catkin_skip_building_tests': False, 'cmake_args': None, 'cmake_clean_cache': False, 'cmake_clean_first': False, 'cmake_force_configure': False, 'cmake_target': None, 'cmake_target_skip_unavailable': False, 'install_base': '/home/arjun/optimus1_ws/install/diffdrive_arduino', 'merge_install': False, 'path': '/home/arjun/optimus1_ws/src/diffdrive_arduino', 'symlink_install': True, 'test_result_base': None}
[0.331s] Level 5:colcon.colcon_core.verb:set package 'ldlidar_sl_ros2' build argument 'cmake_args' from command line to 'None'
[0.331s] Level 5:colcon.colcon_core.verb:set package 'ldlidar_sl_ros2' build argument 'cmake_target' from command line to 'None'
[0.331s] Level 5:colcon.colcon_core.verb:set package 'ldlidar_sl_ros2' build argument 'cmake_target_skip_unavailable' from command line to 'False'
[0.331s] Level 5:colcon.colcon_core.verb:set package 'ldlidar_sl_ros2' build argument 'cmake_clean_cache' from command line to 'False'
[0.331s] Level 5:colcon.colcon_core.verb:set package 'ldlidar_sl_ros2' build argument 'cmake_clean_first' from command line to 'False'
[0.331s] Level 5:colcon.colcon_core.verb:set package 'ldlidar_sl_ros2' build argument 'cmake_force_configure' from command line to 'False'
[0.331s] Level 5:colcon.colcon_core.verb:set package 'ldlidar_sl_ros2' build argument 'ament_cmake_args' from command line to 'None'
[0.331s] Level 5:colcon.colcon_core.verb:set package 'ldlidar_sl_ros2' build argument 'catkin_cmake_args' from command line to 'None'
[0.331s] Level 5:colcon.colcon_core.verb:set package 'ldlidar_sl_ros2' build argument 'catkin_skip_building_tests' from command line to 'False'
[0.331s] DEBUG:colcon.colcon_core.verb:Building package 'ldlidar_sl_ros2' with the following arguments: {'ament_cmake_args': None, 'build_base': '/home/arjun/optimus1_ws/build/ldlidar_sl_ros2', 'catkin_cmake_args': None, 'catkin_skip_building_tests': False, 'cmake_args': None, 'cmake_clean_cache': False, 'cmake_clean_first': False, 'cmake_force_configure': False, 'cmake_target': None, 'cmake_target_skip_unavailable': False, 'install_base': '/home/arjun/optimus1_ws/install/ldlidar_sl_ros2', 'merge_install': False, 'path': '/home/arjun/optimus1_ws/src/ldlidar_sl_ros2', 'symlink_install': True, 'test_result_base': None}
[0.331s] Level 5:colcon.colcon_core.verb:set package 'serial' build argument 'cmake_args' from command line to 'None'
[0.331s] Level 5:colcon.colcon_core.verb:set package 'serial' build argument 'cmake_target' from command line to 'None'
[0.332s] Level 5:colcon.colcon_core.verb:set package 'serial' build argument 'cmake_target_skip_unavailable' from command line to 'False'
[0.332s] Level 5:colcon.colcon_core.verb:set package 'serial' build argument 'cmake_clean_cache' from command line to 'False'
[0.332s] Level 5:colcon.colcon_core.verb:set package 'serial' build argument 'cmake_clean_first' from command line to 'False'
[0.332s] Level 5:colcon.colcon_core.verb:set package 'serial' build argument 'cmake_force_configure' from command line to 'False'
[0.332s] Level 5:colcon.colcon_core.verb:set package 'serial' build argument 'ament_cmake_args' from command line to 'None'
[0.332s] Level 5:colcon.colcon_core.verb:set package 'serial' build argument 'catkin_cmake_args' from command line to 'None'
[0.332s] Level 5:colcon.colcon_core.verb:set package 'serial' build argument 'catkin_skip_building_tests' from command line to 'False'
[0.332s] DEBUG:colcon.colcon_core.verb:Building package 'serial' with the following arguments: {'ament_cmake_args': None, 'build_base': '/home/arjun/optimus1_ws/build/serial', 'catkin_cmake_args': None, 'catkin_skip_building_tests': False, 'cmake_args': None, 'cmake_clean_cache': False, 'cmake_clean_first': False, 'cmake_force_configure': False, 'cmake_target': None, 'cmake_target_skip_unavailable': False, 'install_base': '/home/arjun/optimus1_ws/install/serial', 'merge_install': False, 'path': '/home/arjun/optimus1_ws/src/serial', 'symlink_install': True, 'test_result_base': None}
[0.332s] Level 5:colcon.colcon_core.verb:set package 'serial_motor_demo_msgs' build argument 'cmake_args' from command line to 'None'
[0.332s] Level 5:colcon.colcon_core.verb:set package 'serial_motor_demo_msgs' build argument 'cmake_target' from command line to 'None'
[0.332s] Level 5:colcon.colcon_core.verb:set package 'serial_motor_demo_msgs' build argument 'cmake_target_skip_unavailable' from command line to 'False'
[0.332s] Level 5:colcon.colcon_core.verb:set package 'serial_motor_demo_msgs' build argument 'cmake_clean_cache' from command line to 'False'
[0.332s] Level 5:colcon.colcon_core.verb:set package 'serial_motor_demo_msgs' build argument 'cmake_clean_first' from command line to 'False'
[0.332s] Level 5:colcon.colcon_core.verb:set package 'serial_motor_demo_msgs' build argument 'cmake_force_configure' from command line to 'False'
[0.332s] Level 5:colcon.colcon_core.verb:set package 'serial_motor_demo_msgs' build argument 'ament_cmake_args' from command line to 'None'
[0.332s] Level 5:colcon.colcon_core.verb:set package 'serial_motor_demo_msgs' build argument 'catkin_cmake_args' from command line to 'None'
[0.332s] Level 5:colcon.colcon_core.verb:set package 'serial_motor_demo_msgs' build argument 'catkin_skip_building_tests' from command line to 'False'
[0.332s] DEBUG:colcon.colcon_core.verb:Building package 'serial_motor_demo_msgs' with the following arguments: {'ament_cmake_args': None, 'build_base': '/home/arjun/optimus1_ws/build/serial_motor_demo_msgs', 'catkin_cmake_args': None, 'catkin_skip_building_tests': False, 'cmake_args': None, 'cmake_clean_cache': False, 'cmake_clean_first': False, 'cmake_force_configure': False, 'cmake_target': None, 'cmake_target_skip_unavailable': False, 'install_base': '/home/arjun/optimus1_ws/install/serial_motor_demo_msgs', 'merge_install': False, 'path': '/home/arjun/optimus1_ws/serial_motor_demo_msgs', 'symlink_install': True, 'test_result_base': None}
[0.333s] Level 5:colcon.colcon_core.verb:set package 'serial_motor_demo' build argument 'cmake_args' from command line to 'None'
[0.333s] Level 5:colcon.colcon_core.verb:set package 'serial_motor_demo' build argument 'cmake_target' from command line to 'None'
[0.333s] Level 5:colcon.colcon_core.verb:set package 'serial_motor_demo' build argument 'cmake_target_skip_unavailable' from command line to 'False'
[0.333s] Level 5:colcon.colcon_core.verb:set package 'serial_motor_demo' build argument 'cmake_clean_cache' from command line to 'False'
[0.333s] Level 5:colcon.colcon_core.verb:set package 'serial_motor_demo' build argument 'cmake_clean_first' from command line to 'False'
[0.333s] Level 5:colcon.colcon_core.verb:set package 'serial_motor_demo' build argument 'cmake_force_configure' from command line to 'False'
[0.333s] Level 5:colcon.colcon_core.verb:set package 'serial_motor_demo' build argument 'ament_cmake_args' from command line to 'None'
[0.333s] Level 5:colcon.colcon_core.verb:set package 'serial_motor_demo' build argument 'catkin_cmake_args' from command line to 'None'
[0.333s] Level 5:colcon.colcon_core.verb:set package 'serial_motor_demo' build argument 'catkin_skip_building_tests' from command line to 'False'
[0.333s] DEBUG:colcon.colcon_core.verb:Building package 'serial_motor_demo' with the following arguments: {'ament_cmake_args': None, 'build_base': '/home/arjun/optimus1_ws/build/serial_motor_demo', 'catkin_cmake_args': None, 'catkin_skip_building_tests': False, 'cmake_args': None, 'cmake_clean_cache': False, 'cmake_clean_first': False, 'cmake_force_configure': False, 'cmake_target': None, 'cmake_target_skip_unavailable': False, 'install_base': '/home/arjun/optimus1_ws/install/serial_motor_demo', 'merge_install': False, 'path': '/home/arjun/optimus1_ws/serial_motor_demo', 'symlink_install': True, 'test_result_base': None}
[0.333s] INFO:colcon.colcon_core.executor:Executing jobs using 'parallel' executor
[0.334s] DEBUG:colcon.colcon_parallel_executor.executor.parallel:run_until_complete
[0.335s] INFO:colcon.colcon_ros.task.ament_cmake.build:Building ROS package in '/home/arjun/optimus1_ws/serial_motor_demo_msgs' with build type 'ament_cmake'
[0.335s] INFO:colcon.colcon_cmake.task.cmake.build:Building CMake package in '/home/arjun/optimus1_ws/serial_motor_demo_msgs'
[0.337s] INFO:colcon.colcon_core.plugin_system:Skipping extension 'colcon_core.shell.bat': Not used on non-Windows systems
[0.338s] INFO:colcon.colcon_core.shell:Skip shell extension 'powershell' for command environment: Not usable outside of PowerShell
[0.338s] DEBUG:colcon.colcon_core.shell:Skip shell extension 'dsv' for command environment
[0.343s] INFO:colcon.colcon_ros.task.ament_cmake.build:Building ROS package in '/home/arjun/optimus1_ws/src/amr' with build type 'ament_cmake'
[0.343s] INFO:colcon.colcon_cmake.task.cmake.build:Building CMake package in '/home/arjun/optimus1_ws/src/amr'
[0.343s] INFO:colcon.colcon_core.shell:Skip shell extension 'powershell' for command environment: Not usable outside of PowerShell
[0.343s] DEBUG:colcon.colcon_core.shell:Skip shell extension 'dsv' for command environment
[0.349s] INFO:colcon.colcon_ros.task.ament_cmake.build:Building ROS package in '/home/arjun/optimus1_ws/src/diffdrive_arduino' with build type 'ament_cmake'
[0.349s] INFO:colcon.colcon_cmake.task.cmake.build:Building CMake package in '/home/arjun/optimus1_ws/src/diffdrive_arduino'
[0.350s] INFO:colcon.colcon_core.shell:Skip shell extension 'powershell' for command environment: Not usable outside of PowerShell
[0.350s] DEBUG:colcon.colcon_core.shell:Skip shell extension 'dsv' for command environment
[0.356s] INFO:colcon.colcon_ros.task.ament_cmake.build:Building ROS package in '/home/arjun/optimus1_ws/src/ldlidar_sl_ros2' with build type 'ament_cmake'
[0.356s] INFO:colcon.colcon_cmake.task.cmake.build:Building CMake package in '/home/arjun/optimus1_ws/src/ldlidar_sl_ros2'
[0.356s] INFO:colcon.colcon_core.shell:Skip shell extension 'powershell' for command environment: Not usable outside of PowerShell
[0.357s] DEBUG:colcon.colcon_core.shell:Skip shell extension 'dsv' for command environment
[0.362s] INFO:colcon.colcon_ros.task.ament_cmake.build:Building ROS package in '/home/arjun/optimus1_ws/src/serial' with build type 'ament_cmake'
[0.363s] INFO:colcon.colcon_cmake.task.cmake.build:Building CMake package in '/home/arjun/optimus1_ws/src/serial'
[0.363s] INFO:colcon.colcon_core.shell:Skip shell extension 'powershell' for command environment: Not usable outside of PowerShell
[0.363s] DEBUG:colcon.colcon_core.shell:Skip shell extension 'dsv' for command environment
[0.378s] DEBUG:colcon.colcon_core.event_handler.log_command:Invoking command in '/home/arjun/optimus1_ws/build/serial_motor_demo_msgs': CMAKE_PREFIX_PATH=${CMAKE_PREFIX_PATH}:/home/arjun/optimus1_ws/install/serial_motor_demo:/home/arjun/opt_ws/install/my_bot_controller:/home/arjun/ros2_ws/install/my_robot_controller:/opt/ros/humble /usr/bin/cmake --build /home/arjun/optimus1_ws/build/serial_motor_demo_msgs -- -j8 -l8
[0.382s] DEBUG:colcon.colcon_core.event_handler.log_command:Invoking command in '/home/arjun/optimus1_ws/build/amr': CMAKE_PREFIX_PATH=${CMAKE_PREFIX_PATH}:/home/arjun/optimus1_ws/install/serial_motor_demo:/home/arjun/opt_ws/install/my_bot_controller:/home/arjun/ros2_ws/install/my_robot_controller:/opt/ros/humble /usr/bin/cmake --build /home/arjun/optimus1_ws/build/amr -- -j8 -l8
[0.386s] DEBUG:colcon.colcon_core.event_handler.log_command:Invoking command in '/home/arjun/optimus1_ws/build/diffdrive_arduino': CMAKE_PREFIX_PATH=${CMAKE_PREFIX_PATH}:/home/arjun/optimus1_ws/install/serial_motor_demo:/home/arjun/opt_ws/install/my_bot_controller:/home/arjun/ros2_ws/install/my_robot_controller:/opt/ros/humble /usr/bin/cmake --build /home/arjun/optimus1_ws/build/diffdrive_arduino -- -j8 -l8
[0.391s] DEBUG:colcon.colcon_core.event_handler.log_command:Invoking command in '/home/arjun/optimus1_ws/build/ldlidar_sl_ros2': CMAKE_PREFIX_PATH=${CMAKE_PREFIX_PATH}:/home/arjun/optimus1_ws/install/serial_motor_demo:/home/arjun/opt_ws/install/my_bot_controller:/home/arjun/ros2_ws/install/my_robot_controller:/opt/ros/humble /usr/bin/cmake --build /home/arjun/optimus1_ws/build/ldlidar_sl_ros2 -- -j8 -l8
[0.394s] DEBUG:colcon.colcon_core.event_handler.log_command:Invoking command in '/home/arjun/optimus1_ws/build/serial': CMAKE_PREFIX_PATH=${CMAKE_PREFIX_PATH}:/home/arjun/optimus1_ws/install/serial_motor_demo:/home/arjun/opt_ws/install/my_bot_controller:/home/arjun/ros2_ws/install/my_robot_controller:/opt/ros/humble /usr/bin/cmake --build /home/arjun/optimus1_ws/build/serial -- -j8 -l8
[0.442s] DEBUG:colcon.colcon_core.event_handler.log_command:Invoked command in '/home/arjun/optimus1_ws/build/amr' returned '0': CMAKE_PREFIX_PATH=${CMAKE_PREFIX_PATH}:/home/arjun/optimus1_ws/install/serial_motor_demo:/home/arjun/opt_ws/install/my_bot_controller:/home/arjun/ros2_ws/install/my_robot_controller:/opt/ros/humble /usr/bin/cmake --build /home/arjun/optimus1_ws/build/amr -- -j8 -l8
[0.534s] DEBUG:colcon.colcon_core.event_handler.log_command:Invoking command in '/home/arjun/optimus1_ws/build/amr': CMAKE_PREFIX_PATH=${CMAKE_PREFIX_PATH}:/home/arjun/optimus1_ws/install/serial_motor_demo:/home/arjun/opt_ws/install/my_bot_controller:/home/arjun/ros2_ws/install/my_robot_controller:/opt/ros/humble /usr/bin/cmake --install /home/arjun/optimus1_ws/build/amr
[0.551s] DEBUG:colcon.colcon_core.event_handler.log_command:Invoked command in '/home/arjun/optimus1_ws/build/ldlidar_sl_ros2' returned '0': CMAKE_PREFIX_PATH=${CMAKE_PREFIX_PATH}:/home/arjun/optimus1_ws/install/serial_motor_demo:/home/arjun/opt_ws/install/my_bot_controller:/home/arjun/ros2_ws/install/my_robot_controller:/opt/ros/humble /usr/bin/cmake --build /home/arjun/optimus1_ws/build/ldlidar_sl_ros2 -- -j8 -l8
[0.586s] Level 1:colcon.colcon_core.environment:create_environment_scripts_only(amr)
[0.587s] DEBUG:colcon.colcon_core.event_handler.log_command:Invoked command in '/home/arjun/optimus1_ws/build/amr' returned '0': CMAKE_PREFIX_PATH=${CMAKE_PREFIX_PATH}:/home/arjun/optimus1_ws/install/serial_motor_demo:/home/arjun/opt_ws/install/my_bot_controller:/home/arjun/ros2_ws/install/my_robot_controller:/opt/ros/humble /usr/bin/cmake --install /home/arjun/optimus1_ws/build/amr
[0.591s] Level 1:colcon.colcon_core.environment:checking '/home/arjun/optimus1_ws/install/amr' for CMake module files
[0.592s] Level 1:colcon.colcon_core.environment:checking '/home/arjun/optimus1_ws/install/amr' for CMake config files
[0.593s] Level 1:colcon.colcon_core.shell:create_environment_hook('amr', 'cmake_prefix_path')
[0.593s] INFO:colcon.colcon_core.shell:Creating environment hook '/home/arjun/optimus1_ws/install/amr/share/amr/hook/cmake_prefix_path.ps1'
[0.594s] INFO:colcon.colcon_core.shell:Creating environment descriptor '/home/arjun/optimus1_ws/install/amr/share/amr/hook/cmake_prefix_path.dsv'
[0.595s] INFO:colcon.colcon_core.shell:Creating environment hook '/home/arjun/optimus1_ws/install/amr/share/amr/hook/cmake_prefix_path.sh'
[0.596s] Level 1:colcon.colcon_core.environment:checking '/home/arjun/optimus1_ws/install/amr/bin'
[0.596s] Level 1:colcon.colcon_core.environment:checking '/home/arjun/optimus1_ws/install/amr/lib/pkgconfig/amr.pc'
[0.596s] Level 1:colcon.colcon_core.environment:checking '/home/arjun/optimus1_ws/install/amr/lib/python3.10/site-packages'
[0.597s] Level 1:colcon.colcon_core.environment:checking '/home/arjun/optimus1_ws/install/amr/bin'
[0.597s] INFO:colcon.colcon_core.shell:Creating package script '/home/arjun/optimus1_ws/install/amr/share/amr/package.ps1'
[0.598s] INFO:colcon.colcon_core.shell:Creating package descriptor '/home/arjun/optimus1_ws/install/amr/share/amr/package.dsv'
[0.598s] INFO:colcon.colcon_core.shell:Creating package script '/home/arjun/optimus1_ws/install/amr/share/amr/package.sh'
[0.599s] INFO:colcon.colcon_core.shell:Creating package script '/home/arjun/optimus1_ws/install/amr/share/amr/package.bash'
[0.600s] INFO:colcon.colcon_core.shell:Creating package script '/home/arjun/optimus1_ws/install/amr/share/amr/package.zsh'
[0.601s] Level 1:colcon.colcon_core.environment:create_file_with_runtime_dependencies(/home/arjun/optimus1_ws/install/amr/share/colcon-core/packages/amr)
[0.603s] DEBUG:colcon.colcon_core.event_handler.log_command:Invoked command in '/home/arjun/optimus1_ws/build/diffdrive_arduino' returned '0': CMAKE_PREFIX_PATH=${CMAKE_PREFIX_PATH}:/home/arjun/optimus1_ws/install/serial_motor_demo:/home/arjun/opt_ws/install/my_bot_controller:/home/arjun/ros2_ws/install/my_robot_controller:/opt/ros/humble /usr/bin/cmake --build /home/arjun/optimus1_ws/build/diffdrive_arduino -- -j8 -l8
[0.605s] DEBUG:colcon.colcon_core.event_handler.log_command:Invoked command in '/home/arjun/optimus1_ws/build/serial' returned '0': CMAKE_PREFIX_PATH=${CMAKE_PREFIX_PATH}:/home/arjun/optimus1_ws/install/serial_motor_demo:/home/arjun/opt_ws/install/my_bot_controller:/home/arjun/ros2_ws/install/my_robot_controller:/opt/ros/humble /usr/bin/cmake --build /home/arjun/optimus1_ws/build/serial -- -j8 -l8
[0.609s] DEBUG:colcon.colcon_core.event_handler.log_command:Invoking command in '/home/arjun/optimus1_ws/build/ldlidar_sl_ros2': CMAKE_PREFIX_PATH=${CMAKE_PREFIX_PATH}:/home/arjun/optimus1_ws/install/serial_motor_demo:/home/arjun/opt_ws/install/my_bot_controller:/home/arjun/ros2_ws/install/my_robot_controller:/opt/ros/humble /usr/bin/cmake --install /home/arjun/optimus1_ws/build/ldlidar_sl_ros2
[0.633s] Level 1:colcon.colcon_core.environment:create_environment_scripts_only(amr)
[0.633s] Level 1:colcon.colcon_core.environment:checking '/home/arjun/optimus1_ws/install/amr' for CMake module files
[0.634s] Level 1:colcon.colcon_core.environment:checking '/home/arjun/optimus1_ws/install/amr' for CMake config files
[0.635s] Level 1:colcon.colcon_core.shell:create_environment_hook('amr', 'cmake_prefix_path')
[0.635s] INFO:colcon.colcon_core.shell:Creating environment hook '/home/arjun/optimus1_ws/install/amr/share/amr/hook/cmake_prefix_path.ps1'
[0.636s] INFO:colcon.colcon_core.shell:Creating environment descriptor '/home/arjun/optimus1_ws/install/amr/share/amr/hook/cmake_prefix_path.dsv'
[0.637s] INFO:colcon.colcon_core.shell:Creating environment hook '/home/arjun/optimus1_ws/install/amr/share/amr/hook/cmake_prefix_path.sh'
[0.637s] Level 1:colcon.colcon_core.environment:checking '/home/arjun/optimus1_ws/install/amr/bin'
[0.638s] Level 1:colcon.colcon_core.environment:checking '/home/arjun/optimus1_ws/install/amr/lib/pkgconfig/amr.pc'
[0.638s] Level 1:colcon.colcon_core.environment:checking '/home/arjun/optimus1_ws/install/amr/lib/python3.10/site-packages'
[0.639s] Level 1:colcon.colcon_core.environment:checking '/home/arjun/optimus1_ws/install/amr/bin'
[0.639s] INFO:colcon.colcon_core.shell:Creating package script '/home/arjun/optimus1_ws/install/amr/share/amr/package.ps1'
[0.640s] INFO:colcon.colcon_core.shell:Creating package descriptor '/home/arjun/optimus1_ws/install/amr/share/amr/package.dsv'
[0.641s] INFO:colcon.colcon_core.shell:Creating package script '/home/arjun/optimus1_ws/install/amr/share/amr/package.sh'
[0.642s] INFO:colcon.colcon_core.shell:Creating package script '/home/arjun/optimus1_ws/install/amr/share/amr/package.bash'
[0.643s] INFO:colcon.colcon_core.shell:Creating package script '/home/arjun/optimus1_ws/install/amr/share/amr/package.zsh'
[0.644s] Level 1:colcon.colcon_core.environment:create_file_with_runtime_dependencies(/home/arjun/optimus1_ws/install/amr/share/colcon-core/packages/amr)
[0.647s] DEBUG:colcon.colcon_core.event_handler.log_command:Invoking command in '/home/arjun/optimus1_ws/build/diffdrive_arduino': CMAKE_PREFIX_PATH=${CMAKE_PREFIX_PATH}:/home/arjun/optimus1_ws/install/serial_motor_demo:/home/arjun/opt_ws/install/my_bot_controller:/home/arjun/ros2_ws/install/my_robot_controller:/opt/ros/humble /usr/bin/cmake --install /home/arjun/optimus1_ws/build/diffdrive_arduino
[0.649s] Level 1:colcon.colcon_core.environment:create_environment_scripts_only(ldlidar_sl_ros2)
[0.649s] Level 1:colcon.colcon_core.environment:checking '/home/arjun/optimus1_ws/install/ldlidar_sl_ros2' for CMake module files
[0.650s] DEBUG:colcon.colcon_core.event_handler.log_command:Invoked command in '/home/arjun/optimus1_ws/build/ldlidar_sl_ros2' returned '0': CMAKE_PREFIX_PATH=${CMAKE_PREFIX_PATH}:/home/arjun/optimus1_ws/install/serial_motor_demo:/home/arjun/opt_ws/install/my_bot_controller:/home/arjun/ros2_ws/install/my_robot_controller:/opt/ros/humble /usr/bin/cmake --install /home/arjun/optimus1_ws/build/ldlidar_sl_ros2
[0.651s] Level 1:colcon.colcon_core.environment:checking '/home/arjun/optimus1_ws/install/ldlidar_sl_ros2' for CMake config files
[0.651s] Level 1:colcon.colcon_core.shell:create_environment_hook('ldlidar_sl_ros2', 'cmake_prefix_path')
[0.651s] INFO:colcon.colcon_core.shell:Creating environment hook '/home/arjun/optimus1_ws/install/ldlidar_sl_ros2/share/ldlidar_sl_ros2/hook/cmake_prefix_path.ps1'
[0.652s] INFO:colcon.colcon_core.shell:Creating environment descriptor '/home/arjun/optimus1_ws/install/ldlidar_sl_ros2/share/ldlidar_sl_ros2/hook/cmake_prefix_path.dsv'
[0.653s] INFO:colcon.colcon_core.shell:Creating environment hook '/home/arjun/optimus1_ws/install/ldlidar_sl_ros2/share/ldlidar_sl_ros2/hook/cmake_prefix_path.sh'
[0.653s] Level 1:colcon.colcon_core.environment:checking '/home/arjun/optimus1_ws/install/ldlidar_sl_ros2/lib'
[0.654s] Level 1:colcon.colcon_core.environment:checking '/home/arjun/optimus1_ws/install/ldlidar_sl_ros2/bin'
[0.654s] Level 1:colcon.colcon_core.environment:checking '/home/arjun/optimus1_ws/install/ldlidar_sl_ros2/lib/pkgconfig/ldlidar_sl_ros2.pc'
[0.654s] Level 1:colcon.colcon_core.environment:checking '/home/arjun/optimus1_ws/install/ldlidar_sl_ros2/lib/python3.10/site-packages'
[0.655s] Level 1:colcon.colcon_core.environment:checking '/home/arjun/optimus1_ws/install/ldlidar_sl_ros2/bin'
[0.655s] INFO:colcon.colcon_core.shell:Creating package script '/home/arjun/optimus1_ws/install/ldlidar_sl_ros2/share/ldlidar_sl_ros2/package.ps1'
[0.656s] INFO:colcon.colcon_core.shell:Creating package descriptor '/home/arjun/optimus1_ws/install/ldlidar_sl_ros2/share/ldlidar_sl_ros2/package.dsv'
[0.657s] INFO:colcon.colcon_core.shell:Creating package script '/home/arjun/optimus1_ws/install/ldlidar_sl_ros2/share/ldlidar_sl_ros2/package.sh'
[0.657s] INFO:colcon.colcon_core.shell:Creating package script '/home/arjun/optimus1_ws/install/ldlidar_sl_ros2/share/ldlidar_sl_ros2/package.bash'
[0.658s] INFO:colcon.colcon_core.shell:Creating package script '/home/arjun/optimus1_ws/install/ldlidar_sl_ros2/share/ldlidar_sl_ros2/package.zsh'
[0.658s] Level 1:colcon.colcon_core.environment:create_file_with_runtime_dependencies(/home/arjun/optimus1_ws/install/ldlidar_sl_ros2/share/colcon-core/packages/ldlidar_sl_ros2)
[0.672s] DEBUG:colcon.colcon_core.event_handler.log_command:Invoking command in '/home/arjun/optimus1_ws/build/serial': CMAKE_PREFIX_PATH=${CMAKE_PREFIX_PATH}:/home/arjun/optimus1_ws/install/serial_motor_demo:/home/arjun/opt_ws/install/my_bot_controller:/home/arjun/ros2_ws/install/my_robot_controller:/opt/ros/humble /usr/bin/cmake --install /home/arjun/optimus1_ws/build/serial
[0.690s] Level 1:colcon.colcon_core.environment:create_environment_scripts_only(diffdrive_arduino)
[0.691s] Level 1:colcon.colcon_core.environment:checking '/home/arjun/optimus1_ws/install/diffdrive_arduino' for CMake module files
[0.692s] Level 1:colcon.colcon_core.environment:checking '/home/arjun/optimus1_ws/install/diffdrive_arduino' for CMake config files
[0.693s] Level 1:colcon.colcon_core.shell:create_environment_hook('diffdrive_arduino', 'cmake_prefix_path')
[0.693s] INFO:colcon.colcon_core.shell:Creating environment hook '/home/arjun/optimus1_ws/install/diffdrive_arduino/share/diffdrive_arduino/hook/cmake_prefix_path.ps1'
[0.694s] DEBUG:colcon.colcon_core.event_handler.log_command:Invoked command in '/home/arjun/optimus1_ws/build/diffdrive_arduino' returned '0': CMAKE_PREFIX_PATH=${CMAKE_PREFIX_PATH}:/home/arjun/optimus1_ws/install/serial_motor_demo:/home/arjun/opt_ws/install/my_bot_controller:/home/arjun/ros2_ws/install/my_robot_controller:/opt/ros/humble /usr/bin/cmake --install /home/arjun/optimus1_ws/build/diffdrive_arduino
[0.695s] INFO:colcon.colcon_core.shell:Creating environment descriptor '/home/arjun/optimus1_ws/install/diffdrive_arduino/share/diffdrive_arduino/hook/cmake_prefix_path.dsv'
[0.696s] INFO:colcon.colcon_core.shell:Creating environment hook '/home/arjun/optimus1_ws/install/diffdrive_arduino/share/diffdrive_arduino/hook/cmake_prefix_path.sh'
[0.697s] Level 1:colcon.colcon_core.environment:checking '/home/arjun/optimus1_ws/install/diffdrive_arduino/lib'
[0.697s] Level 1:colcon.colcon_core.shell:create_environment_hook('diffdrive_arduino', 'ld_library_path_lib')
[0.698s] INFO:colcon.colcon_core.shell:Creating environment hook '/home/arjun/optimus1_ws/install/diffdrive_arduino/share/diffdrive_arduino/hook/ld_library_path_lib.ps1'
[0.700s] INFO:colcon.colcon_core.shell:Creating environment descriptor '/home/arjun/optimus1_ws/install/diffdrive_arduino/share/diffdrive_arduino/hook/ld_library_path_lib.dsv'
[0.701s] INFO:colcon.colcon_core.shell:Creating environment hook '/home/arjun/optimus1_ws/install/diffdrive_arduino/share/diffdrive_arduino/hook/ld_library_path_lib.sh'
[0.705s] Level 1:colcon.colcon_core.environment:checking '/home/arjun/optimus1_ws/install/diffdrive_arduino/bin'
[0.705s] Level 1:colcon.colcon_core.environment:checking '/home/arjun/optimus1_ws/install/diffdrive_arduino/lib/pkgconfig/diffdrive_arduino.pc'
[0.706s] Level 1:colcon.colcon_core.environment:checking '/home/arjun/optimus1_ws/install/diffdrive_arduino/lib/python3.10/site-packages'
[0.708s] Level 1:colcon.colcon_core.environment:checking '/home/arjun/optimus1_ws/install/diffdrive_arduino/bin'
[0.709s] INFO:colcon.colcon_core.shell:Creating package script '/home/arjun/optimus1_ws/install/diffdrive_arduino/share/diffdrive_arduino/package.ps1'
[0.709s] INFO:colcon.colcon_core.shell:Creating package descriptor '/home/arjun/optimus1_ws/install/diffdrive_arduino/share/diffdrive_arduino/package.dsv'
[0.710s] INFO:colcon.colcon_core.shell:Creating package script '/home/arjun/optimus1_ws/install/diffdrive_arduino/share/diffdrive_arduino/package.sh'
[0.711s] INFO:colcon.colcon_core.shell:Creating package script '/home/arjun/optimus1_ws/install/diffdrive_arduino/share/diffdrive_arduino/package.bash'
[0.711s] INFO:colcon.colcon_core.shell:Creating package script '/home/arjun/optimus1_ws/install/diffdrive_arduino/share/diffdrive_arduino/package.zsh'
[0.712s] Level 1:colcon.colcon_core.environment:create_file_with_runtime_dependencies(/home/arjun/optimus1_ws/install/diffdrive_arduino/share/colcon-core/packages/diffdrive_arduino)
[0.715s] Level 1:colcon.colcon_core.environment:create_environment_scripts_only(serial)
[0.720s] Level 1:colcon.colcon_core.environment:checking '/home/arjun/optimus1_ws/install/serial' for CMake module files
[0.721s] Level 1:colcon.colcon_core.environment:checking '/home/arjun/optimus1_ws/install/serial' for CMake config files
[0.722s] Level 1:colcon.colcon_core.shell:create_environment_hook('serial', 'cmake_prefix_path')
[0.722s] INFO:colcon.colcon_core.shell:Creating environment hook '/home/arjun/optimus1_ws/install/serial/share/serial/hook/cmake_prefix_path.ps1'
[0.723s] INFO:colcon.colcon_core.shell:Creating environment descriptor '/home/arjun/optimus1_ws/install/serial/share/serial/hook/cmake_prefix_path.dsv'
[0.715s] DEBUG:colcon.colcon_core.event_handler.log_command:Invoked command in '/home/arjun/optimus1_ws/build/serial' returned '0': CMAKE_PREFIX_PATH=${CMAKE_PREFIX_PATH}:/home/arjun/optimus1_ws/install/serial_motor_demo:/home/arjun/opt_ws/install/my_bot_controller:/home/arjun/ros2_ws/install/my_robot_controller:/opt/ros/humble /usr/bin/cmake --install /home/arjun/optimus1_ws/build/serial
[0.727s] INFO:colcon.colcon_core.shell:Creating environment hook '/home/arjun/optimus1_ws/install/serial/share/serial/hook/cmake_prefix_path.sh'
[0.728s] Level 1:colcon.colcon_core.environment:checking '/home/arjun/optimus1_ws/install/serial/lib'
[0.728s] Level 1:colcon.colcon_core.environment:checking '/home/arjun/optimus1_ws/install/serial/bin'
[0.728s] Level 1:colcon.colcon_core.environment:checking '/home/arjun/optimus1_ws/install/serial/lib/pkgconfig/serial.pc'
[0.729s] Level 1:colcon.colcon_core.environment:checking '/home/arjun/optimus1_ws/install/serial/lib/python3.10/site-packages'
[0.729s] Level 1:colcon.colcon_core.environment:checking '/home/arjun/optimus1_ws/install/serial/bin'
[0.731s] INFO:colcon.colcon_core.shell:Creating package script '/home/arjun/optimus1_ws/install/serial/share/serial/package.ps1'
[0.734s] INFO:colcon.colcon_core.shell:Creating package descriptor '/home/arjun/optimus1_ws/install/serial/share/serial/package.dsv'
[0.738s] INFO:colcon.colcon_core.shell:Creating package script '/home/arjun/optimus1_ws/install/serial/share/serial/package.sh'
[0.739s] INFO:colcon.colcon_core.shell:Creating package script '/home/arjun/optimus1_ws/install/serial/share/serial/package.bash'
[0.739s] INFO:colcon.colcon_core.shell:Creating package script '/home/arjun/optimus1_ws/install/serial/share/serial/package.zsh'
[0.740s] Level 1:colcon.colcon_core.environment:create_file_with_runtime_dependencies(/home/arjun/optimus1_ws/install/serial/share/colcon-core/packages/serial)
[0.743s] Level 1:colcon.colcon_core.environment:create_environment_scripts_only(ldlidar_sl_ros2)
[0.743s] Level 1:colcon.colcon_core.environment:checking '/home/arjun/optimus1_ws/install/ldlidar_sl_ros2' for CMake module files
[0.745s] Level 1:colcon.colcon_core.environment:checking '/home/arjun/optimus1_ws/install/ldlidar_sl_ros2' for CMake config files
[0.745s] Level 1:colcon.colcon_core.shell:create_environment_hook('ldlidar_sl_ros2', 'cmake_prefix_path')
[0.746s] INFO:colcon.colcon_core.shell:Creating environment hook '/home/arjun/optimus1_ws/install/ldlidar_sl_ros2/share/ldlidar_sl_ros2/hook/cmake_prefix_path.ps1'
[0.746s] INFO:colcon.colcon_core.shell:Creating environment descriptor '/home/arjun/optimus1_ws/install/ldlidar_sl_ros2/share/ldlidar_sl_ros2/hook/cmake_prefix_path.dsv'
[0.747s] INFO:colcon.colcon_core.shell:Creating environment hook '/home/arjun/optimus1_ws/install/ldlidar_sl_ros2/share/ldlidar_sl_ros2/hook/cmake_prefix_path.sh'
[0.748s] Level 1:colcon.colcon_core.environment:checking '/home/arjun/optimus1_ws/install/ldlidar_sl_ros2/lib'
[0.748s] Level 1:colcon.colcon_core.environment:checking '/home/arjun/optimus1_ws/install/ldlidar_sl_ros2/bin'
[0.748s] Level 1:colcon.colcon_core.environment:checking '/home/arjun/optimus1_ws/install/ldlidar_sl_ros2/lib/pkgconfig/ldlidar_sl_ros2.pc'
[0.749s] Level 1:colcon.colcon_core.environment:checking '/home/arjun/optimus1_ws/install/ldlidar_sl_ros2/lib/python3.10/site-packages'
[0.749s] Level 1:colcon.colcon_core.environment:checking '/home/arjun/optimus1_ws/install/ldlidar_sl_ros2/bin'
[0.750s] INFO:colcon.colcon_core.shell:Creating package script '/home/arjun/optimus1_ws/install/ldlidar_sl_ros2/share/ldlidar_sl_ros2/package.ps1'
[0.751s] INFO:colcon.colcon_core.shell:Creating package descriptor '/home/arjun/optimus1_ws/install/ldlidar_sl_ros2/share/ldlidar_sl_ros2/package.dsv'
[0.751s] INFO:colcon.colcon_core.shell:Creating package script '/home/arjun/optimus1_ws/install/ldlidar_sl_ros2/share/ldlidar_sl_ros2/package.sh'
[0.752s] INFO:colcon.colcon_core.shell:Creating package script '/home/arjun/optimus1_ws/install/ldlidar_sl_ros2/share/ldlidar_sl_ros2/package.bash'
[0.753s] INFO:colcon.colcon_core.shell:Creating package script '/home/arjun/optimus1_ws/install/ldlidar_sl_ros2/share/ldlidar_sl_ros2/package.zsh'
[0.753s] Level 1:colcon.colcon_core.environment:create_file_with_runtime_dependencies(/home/arjun/optimus1_ws/install/ldlidar_sl_ros2/share/colcon-core/packages/ldlidar_sl_ros2)
[0.760s] Level 1:colcon.colcon_core.environment:create_environment_scripts_only(diffdrive_arduino)
[0.761s] Level 1:colcon.colcon_core.environment:checking '/home/arjun/optimus1_ws/install/diffdrive_arduino' for CMake module files
[0.762s] Level 1:colcon.colcon_core.environment:checking '/home/arjun/optimus1_ws/install/diffdrive_arduino' for CMake config files
[0.763s] Level 1:colcon.colcon_core.shell:create_environment_hook('diffdrive_arduino', 'cmake_prefix_path')
[0.764s] INFO:colcon.colcon_core.shell:Creating environment hook '/home/arjun/optimus1_ws/install/diffdrive_arduino/share/diffdrive_arduino/hook/cmake_prefix_path.ps1'
[0.765s] INFO:colcon.colcon_core.shell:Creating environment descriptor '/home/arjun/optimus1_ws/install/diffdrive_arduino/share/diffdrive_arduino/hook/cmake_prefix_path.dsv'
[0.766s] INFO:colcon.colcon_core.shell:Creating environment hook '/home/arjun/optimus1_ws/install/diffdrive_arduino/share/diffdrive_arduino/hook/cmake_prefix_path.sh'
[0.767s] Level 1:colcon.colcon_core.environment:checking '/home/arjun/optimus1_ws/install/diffdrive_arduino/lib'
[0.767s] Level 1:colcon.colcon_core.shell:create_environment_hook('diffdrive_arduino', 'ld_library_path_lib')
[0.768s] INFO:colcon.colcon_core.shell:Creating environment hook '/home/arjun/optimus1_ws/install/diffdrive_arduino/share/diffdrive_arduino/hook/ld_library_path_lib.ps1'
[0.768s] INFO:colcon.colcon_core.shell:Creating environment descriptor '/home/arjun/optimus1_ws/install/diffdrive_arduino/share/diffdrive_arduino/hook/ld_library_path_lib.dsv'
[0.769s] INFO:colcon.colcon_core.shell:Creating environment hook '/home/arjun/optimus1_ws/install/diffdrive_arduino/share/diffdrive_arduino/hook/ld_library_path_lib.sh'
[0.769s] Level 1:colcon.colcon_core.environment:checking '/home/arjun/optimus1_ws/install/diffdrive_arduino/bin'
[0.769s] Level 1:colcon.colcon_core.environment:checking '/home/arjun/optimus1_ws/install/diffdrive_arduino/lib/pkgconfig/diffdrive_arduino.pc'
[0.770s] Level 1:colcon.colcon_core.environment:checking '/home/arjun/optimus1_ws/install/diffdrive_arduino/lib/python3.10/site-packages'
[0.770s] Level 1:colcon.colcon_core.environment:checking '/home/arjun/optimus1_ws/install/diffdrive_arduino/bin'
[0.771s] INFO:colcon.colcon_core.shell:Creating package script '/home/arjun/optimus1_ws/install/diffdrive_arduino/share/diffdrive_arduino/package.ps1'
[0.772s] INFO:colcon.colcon_core.shell:Creating package descriptor '/home/arjun/optimus1_ws/install/diffdrive_arduino/share/diffdrive_arduino/package.dsv'
[0.773s] INFO:colcon.colcon_core.shell:Creating package script '/home/arjun/optimus1_ws/install/diffdrive_arduino/share/diffdrive_arduino/package.sh'
[0.774s] INFO:colcon.colcon_core.shell:Creating package script '/home/arjun/optimus1_ws/install/diffdrive_arduino/share/diffdrive_arduino/package.bash'
[0.774s] INFO:colcon.colcon_core.shell:Creating package script '/home/arjun/optimus1_ws/install/diffdrive_arduino/share/diffdrive_arduino/package.zsh'
[0.775s] Level 1:colcon.colcon_core.environment:create_file_with_runtime_dependencies(/home/arjun/optimus1_ws/install/diffdrive_arduino/share/colcon-core/packages/diffdrive_arduino)
[0.795s] Level 1:colcon.colcon_core.environment:create_environment_scripts_only(serial)
[0.796s] Level 1:colcon.colcon_core.environment:checking '/home/arjun/optimus1_ws/install/serial' for CMake module files
[0.796s] Level 1:colcon.colcon_core.environment:checking '/home/arjun/optimus1_ws/install/serial' for CMake config files
[0.797s] Level 1:colcon.colcon_core.shell:create_environment_hook('serial', 'cmake_prefix_path')
[0.797s] INFO:colcon.colcon_core.shell:Creating environment hook '/home/arjun/optimus1_ws/install/serial/share/serial/hook/cmake_prefix_path.ps1'
[0.798s] INFO:colcon.colcon_core.shell:Creating environment descriptor '/home/arjun/optimus1_ws/install/serial/share/serial/hook/cmake_prefix_path.dsv'
[0.798s] INFO:colcon.colcon_core.shell:Creating environment hook '/home/arjun/optimus1_ws/install/serial/share/serial/hook/cmake_prefix_path.sh'
[0.799s] Level 1:colcon.colcon_core.environment:checking '/home/arjun/optimus1_ws/install/serial/lib'
[0.799s] Level 1:colcon.colcon_core.environment:checking '/home/arjun/optimus1_ws/install/serial/bin'
[0.799s] Level 1:colcon.colcon_core.environment:checking '/home/arjun/optimus1_ws/install/serial/lib/pkgconfig/serial.pc'
[0.800s] Level 1:colcon.colcon_core.environment:checking '/home/arjun/optimus1_ws/install/serial/lib/python3.10/site-packages'
[0.800s] Level 1:colcon.colcon_core.environment:checking '/home/arjun/optimus1_ws/install/serial/bin'
[0.801s] INFO:colcon.colcon_core.shell:Creating package script '/home/arjun/optimus1_ws/install/serial/share/serial/package.ps1'
[0.802s] INFO:colcon.colcon_core.shell:Creating package descriptor '/home/arjun/optimus1_ws/install/serial/share/serial/package.dsv'
[0.802s] INFO:colcon.colcon_core.shell:Creating package script '/home/arjun/optimus1_ws/install/serial/share/serial/package.sh'
[0.803s] INFO:colcon.colcon_core.shell:Creating package script '/home/arjun/optimus1_ws/install/serial/share/serial/package.bash'
[0.803s] INFO:colcon.colcon_core.shell:Creating package script '/home/arjun/optimus1_ws/install/serial/share/serial/package.zsh'
[0.804s] Level 1:colcon.colcon_core.environment:create_file_with_runtime_dependencies(/home/arjun/optimus1_ws/install/serial/share/colcon-core/packages/serial)
[1.001s] DEBUG:colcon.colcon_core.event_handler.log_command:Invoked command in '/home/arjun/optimus1_ws/build/serial_motor_demo_msgs' returned '0': CMAKE_PREFIX_PATH=${CMAKE_PREFIX_PATH}:/home/arjun/optimus1_ws/install/serial_motor_demo:/home/arjun/opt_ws/install/my_bot_controller:/home/arjun/ros2_ws/install/my_robot_controller:/opt/ros/humble /usr/bin/cmake --build /home/arjun/optimus1_ws/build/serial_motor_demo_msgs -- -j8 -l8
[1.093s] DEBUG:colcon.colcon_core.event_handler.log_command:Invoking command in '/home/arjun/optimus1_ws/build/serial_motor_demo_msgs': CMAKE_PREFIX_PATH=${CMAKE_PREFIX_PATH}:/home/arjun/optimus1_ws/install/serial_motor_demo:/home/arjun/opt_ws/install/my_bot_controller:/home/arjun/ros2_ws/install/my_robot_controller:/opt/ros/humble /usr/bin/cmake --install /home/arjun/optimus1_ws/build/serial_motor_demo_msgs
[1.178s] Level 1:colcon.colcon_core.environment:create_environment_scripts_only(serial_motor_demo_msgs)
[1.178s] DEBUG:colcon.colcon_core.event_handler.log_command:Invoked command in '/home/arjun/optimus1_ws/build/serial_motor_demo_msgs' returned '0': CMAKE_PREFIX_PATH=${CMAKE_PREFIX_PATH}:/home/arjun/optimus1_ws/install/serial_motor_demo:/home/arjun/opt_ws/install/my_bot_controller:/home/arjun/ros2_ws/install/my_robot_controller:/opt/ros/humble /usr/bin/cmake --install /home/arjun/optimus1_ws/build/serial_motor_demo_msgs
[1.179s] Level 1:colcon.colcon_core.environment:checking '/home/arjun/optimus1_ws/install/serial_motor_demo_msgs' for CMake module files
[1.179s] Level 1:colcon.colcon_core.environment:checking '/home/arjun/optimus1_ws/install/serial_motor_demo_msgs' for CMake config files
[1.181s] Level 1:colcon.colcon_core.shell:create_environment_hook('serial_motor_demo_msgs', 'cmake_prefix_path')
[1.181s] INFO:colcon.colcon_core.shell:Creating environment hook '/home/arjun/optimus1_ws/install/serial_motor_demo_msgs/share/serial_motor_demo_msgs/hook/cmake_prefix_path.ps1'
[1.182s] INFO:colcon.colcon_core.shell:Creating environment descriptor '/home/arjun/optimus1_ws/install/serial_motor_demo_msgs/share/serial_motor_demo_msgs/hook/cmake_prefix_path.dsv'
[1.182s] INFO:colcon.colcon_core.shell:Creating environment hook '/home/arjun/optimus1_ws/install/serial_motor_demo_msgs/share/serial_motor_demo_msgs/hook/cmake_prefix_path.sh'
[1.183s] Level 1:colcon.colcon_core.environment:checking '/home/arjun/optimus1_ws/install/serial_motor_demo_msgs/lib'
[1.183s] Level 1:colcon.colcon_core.shell:create_environment_hook('serial_motor_demo_msgs', 'ld_library_path_lib')
[1.183s] INFO:colcon.colcon_core.shell:Creating environment hook '/home/arjun/optimus1_ws/install/serial_motor_demo_msgs/share/serial_motor_demo_msgs/hook/ld_library_path_lib.ps1'
[1.183s] INFO:colcon.colcon_core.shell:Creating environment descriptor '/home/arjun/optimus1_ws/install/serial_motor_demo_msgs/share/serial_motor_demo_msgs/hook/ld_library_path_lib.dsv'
[1.184s] INFO:colcon.colcon_core.shell:Creating environment hook '/home/arjun/optimus1_ws/install/serial_motor_demo_msgs/share/serial_motor_demo_msgs/hook/ld_library_path_lib.sh'
[1.184s] Level 1:colcon.colcon_core.environment:checking '/home/arjun/optimus1_ws/install/serial_motor_demo_msgs/bin'
[1.184s] Level 1:colcon.colcon_core.environment:checking '/home/arjun/optimus1_ws/install/serial_motor_demo_msgs/lib/pkgconfig/serial_motor_demo_msgs.pc'
[1.184s] Level 1:colcon.colcon_core.environment:checking '/home/arjun/optimus1_ws/install/serial_motor_demo_msgs/lib/python3.10/site-packages'
[1.184s] Level 1:colcon.colcon_core.environment:checking '/home/arjun/optimus1_ws/install/serial_motor_demo_msgs/bin'
[1.185s] INFO:colcon.colcon_core.shell:Creating package script '/home/arjun/optimus1_ws/install/serial_motor_demo_msgs/share/serial_motor_demo_msgs/package.ps1'
[1.185s] INFO:colcon.colcon_core.shell:Creating package descriptor '/home/arjun/optimus1_ws/install/serial_motor_demo_msgs/share/serial_motor_demo_msgs/package.dsv'
[1.186s] INFO:colcon.colcon_core.shell:Creating package script '/home/arjun/optimus1_ws/install/serial_motor_demo_msgs/share/serial_motor_demo_msgs/package.sh'
[1.186s] INFO:colcon.colcon_core.shell:Creating package script '/home/arjun/optimus1_ws/install/serial_motor_demo_msgs/share/serial_motor_demo_msgs/package.bash'
[1.187s] INFO:colcon.colcon_core.shell:Creating package script '/home/arjun/optimus1_ws/install/serial_motor_demo_msgs/share/serial_motor_demo_msgs/package.zsh'
[1.187s] Level 1:colcon.colcon_core.environment:create_file_with_runtime_dependencies(/home/arjun/optimus1_ws/install/serial_motor_demo_msgs/share/colcon-core/packages/serial_motor_demo_msgs)
[1.285s] Level 1:colcon.colcon_core.environment:create_environment_scripts_only(serial_motor_demo_msgs)
[1.285s] Level 1:colcon.colcon_core.environment:checking '/home/arjun/optimus1_ws/install/serial_motor_demo_msgs' for CMake module files
[1.286s] Level 1:colcon.colcon_core.environment:checking '/home/arjun/optimus1_ws/install/serial_motor_demo_msgs' for CMake config files
[1.287s] Level 1:colcon.colcon_core.shell:create_environment_hook('serial_motor_demo_msgs', 'cmake_prefix_path')
[1.287s] INFO:colcon.colcon_core.shell:Creating environment hook '/home/arjun/optimus1_ws/install/serial_motor_demo_msgs/share/serial_motor_demo_msgs/hook/cmake_prefix_path.ps1'
[1.287s] INFO:colcon.colcon_core.shell:Creating environment descriptor '/home/arjun/optimus1_ws/install/serial_motor_demo_msgs/share/serial_motor_demo_msgs/hook/cmake_prefix_path.dsv'
[1.288s] INFO:colcon.colcon_core.shell:Creating environment hook '/home/arjun/optimus1_ws/install/serial_motor_demo_msgs/share/serial_motor_demo_msgs/hook/cmake_prefix_path.sh'
[1.288s] Level 1:colcon.colcon_core.environment:checking '/home/arjun/optimus1_ws/install/serial_motor_demo_msgs/lib'
[1.288s] Level 1:colcon.colcon_core.shell:create_environment_hook('serial_motor_demo_msgs', 'ld_library_path_lib')
[1.289s] INFO:colcon.colcon_core.shell:Creating environment hook '/home/arjun/optimus1_ws/install/serial_motor_demo_msgs/share/serial_motor_demo_msgs/hook/ld_library_path_lib.ps1'
[1.289s] INFO:colcon.colcon_core.shell:Creating environment descriptor '/home/arjun/optimus1_ws/install/serial_motor_demo_msgs/share/serial_motor_demo_msgs/hook/ld_library_path_lib.dsv'
[1.289s] INFO:colcon.colcon_core.shell:Creating environment hook '/home/arjun/optimus1_ws/install/serial_motor_demo_msgs/share/serial_motor_demo_msgs/hook/ld_library_path_lib.sh'
[1.290s] Level 1:colcon.colcon_core.environment:checking '/home/arjun/optimus1_ws/install/serial_motor_demo_msgs/bin'
[1.290s] Level 1:colcon.colcon_core.environment:checking '/home/arjun/optimus1_ws/install/serial_motor_demo_msgs/lib/pkgconfig/serial_motor_demo_msgs.pc'
[1.290s] Level 1:colcon.colcon_core.environment:checking '/home/arjun/optimus1_ws/install/serial_motor_demo_msgs/lib/python3.10/site-packages'
[1.290s] Level 1:colcon.colcon_core.environment:checking '/home/arjun/optimus1_ws/install/serial_motor_demo_msgs/bin'
[1.291s] INFO:colcon.colcon_core.shell:Creating package script '/home/arjun/optimus1_ws/install/serial_motor_demo_msgs/share/serial_motor_demo_msgs/package.ps1'
[1.291s] INFO:colcon.colcon_core.shell:Creating package descriptor '/home/arjun/optimus1_ws/install/serial_motor_demo_msgs/share/serial_motor_demo_msgs/package.dsv'
[1.292s] INFO:colcon.colcon_core.shell:Creating package script '/home/arjun/optimus1_ws/install/serial_motor_demo_msgs/share/serial_motor_demo_msgs/package.sh'
[1.292s] INFO:colcon.colcon_core.shell:Creating package script '/home/arjun/optimus1_ws/install/serial_motor_demo_msgs/share/serial_motor_demo_msgs/package.bash'
[1.293s] INFO:colcon.colcon_core.shell:Creating package script '/home/arjun/optimus1_ws/install/serial_motor_demo_msgs/share/serial_motor_demo_msgs/package.zsh'
[1.293s] Level 1:colcon.colcon_core.environment:create_file_with_runtime_dependencies(/home/arjun/optimus1_ws/install/serial_motor_demo_msgs/share/colcon-core/packages/serial_motor_demo_msgs)
[1.294s] INFO:colcon.colcon_ros.task.ament_python.build:Building ROS package in '/home/arjun/optimus1_ws/serial_motor_demo' with build type 'ament_python'
[1.294s] Level 1:colcon.colcon_core.shell:create_environment_hook('serial_motor_demo', 'ament_prefix_path')
[1.294s] INFO:colcon.colcon_core.shell:Creating environment hook '/home/arjun/optimus1_ws/install/serial_motor_demo/share/serial_motor_demo/hook/ament_prefix_path.ps1'
[1.295s] INFO:colcon.colcon_core.shell:Creating environment descriptor '/home/arjun/optimus1_ws/install/serial_motor_demo/share/serial_motor_demo/hook/ament_prefix_path.dsv'
[1.295s] INFO:colcon.colcon_core.shell:Creating environment hook '/home/arjun/optimus1_ws/install/serial_motor_demo/share/serial_motor_demo/hook/ament_prefix_path.sh'
[1.296s] INFO:colcon.colcon_core.shell:Skip shell extension 'powershell' for command environment: Not usable outside of PowerShell
[1.296s] DEBUG:colcon.colcon_core.shell:Skip shell extension 'dsv' for command environment
[1.723s] INFO:colcon.colcon_core.task.python.build:Building Python package in '/home/arjun/optimus1_ws/serial_motor_demo'
[1.723s] INFO:colcon.colcon_core.shell:Skip shell extension 'powershell' for command environment: Not usable outside of PowerShell
[1.723s] DEBUG:colcon.colcon_core.shell:Skip shell extension 'dsv' for command environment
[2.167s] DEBUG:colcon.colcon_core.event_handler.log_command:Invoking command in '/home/arjun/optimus1_ws/build/serial_motor_demo': LD_LIBRARY_PATH=/home/arjun/optimus1_ws/install/serial_motor_demo_msgs/lib:/home/arjun/optimus1_ws/install/serial/lib:/home/arjun/optimus1_ws/install/diffdrive_arduino/lib:/usr/lib/x86_64-linux-gnu/gazebo-11/plugins:/opt/ros/humble/opt/rviz_ogre_vendor/lib:/opt/ros/humble/lib/x86_64-linux-gnu:/opt/ros/humble/lib:/usr/share/gazebo-11/../../lib/x86_64-linux-gnu/gazebo-11/plugins PYTHONPATH=/home/arjun/optimus1_ws/build/serial_motor_demo/prefix_override:/usr/lib/python3/dist-packages/colcon_core/task/python/colcon_distutils_commands:/home/arjun/optimus1_ws/install/serial_motor_demo/lib/python3.10/site-packages:${PYTHONPATH} /usr/bin/python3 -W ignore:setup.py install is deprecated setup.py develop --editable --build-directory /home/arjun/optimus1_ws/build/serial_motor_demo/build --no-deps symlink_data
[2.616s] Level 1:colcon.colcon_core.shell:create_environment_hook('serial_motor_demo', 'pythonpath_develop')
[2.617s] INFO:colcon.colcon_core.shell:Creating environment hook '/home/arjun/optimus1_ws/build/serial_motor_demo/share/serial_motor_demo/hook/pythonpath_develop.ps1'
[2.617s] DEBUG:colcon.colcon_core.event_handler.log_command:Invoked command in '/home/arjun/optimus1_ws/build/serial_motor_demo' returned '0': LD_LIBRARY_PATH=/home/arjun/optimus1_ws/install/serial_motor_demo_msgs/lib:/home/arjun/optimus1_ws/install/serial/lib:/home/arjun/optimus1_ws/install/diffdrive_arduino/lib:/usr/lib/x86_64-linux-gnu/gazebo-11/plugins:/opt/ros/humble/opt/rviz_ogre_vendor/lib:/opt/ros/humble/lib/x86_64-linux-gnu:/opt/ros/humble/lib:/usr/share/gazebo-11/../../lib/x86_64-linux-gnu/gazebo-11/plugins PYTHONPATH=/home/arjun/optimus1_ws/build/serial_motor_demo/prefix_override:/usr/lib/python3/dist-packages/colcon_core/task/python/colcon_distutils_commands:/home/arjun/optimus1_ws/install/serial_motor_demo/lib/python3.10/site-packages:${PYTHONPATH} /usr/bin/python3 -W ignore:setup.py install is deprecated setup.py develop --editable --build-directory /home/arjun/optimus1_ws/build/serial_motor_demo/build --no-deps symlink_data
[2.617s] INFO:colcon.colcon_core.shell:Creating environment descriptor '/home/arjun/optimus1_ws/build/serial_motor_demo/share/serial_motor_demo/hook/pythonpath_develop.dsv'
[2.618s] INFO:colcon.colcon_core.shell:Creating environment hook '/home/arjun/optimus1_ws/build/serial_motor_demo/share/serial_motor_demo/hook/pythonpath_develop.sh'
[2.618s] Level 1:colcon.colcon_core.environment:checking '/home/arjun/optimus1_ws/install/serial_motor_demo' for CMake module files
[2.619s] Level 1:colcon.colcon_core.environment:checking '/home/arjun/optimus1_ws/install/serial_motor_demo' for CMake config files
[2.619s] Level 1:colcon.colcon_core.environment:checking '/home/arjun/optimus1_ws/install/serial_motor_demo/lib'
[2.619s] Level 1:colcon.colcon_core.environment:checking '/home/arjun/optimus1_ws/install/serial_motor_demo/bin'
[2.619s] Level 1:colcon.colcon_core.environment:checking '/home/arjun/optimus1_ws/install/serial_motor_demo/lib/pkgconfig/serial_motor_demo.pc'
[2.620s] Level 1:colcon.colcon_core.environment:checking '/home/arjun/optimus1_ws/install/serial_motor_demo/lib/python3.10/site-packages'
[2.620s] Level 1:colcon.colcon_core.shell:create_environment_hook('serial_motor_demo', 'pythonpath')
[2.620s] INFO:colcon.colcon_core.shell:Creating environment hook '/home/arjun/optimus1_ws/install/serial_motor_demo/share/serial_motor_demo/hook/pythonpath.ps1'
[2.620s] INFO:colcon.colcon_core.shell:Creating environment descriptor '/home/arjun/optimus1_ws/install/serial_motor_demo/share/serial_motor_demo/hook/pythonpath.dsv'
[2.620s] INFO:colcon.colcon_core.shell:Creating environment hook '/home/arjun/optimus1_ws/install/serial_motor_demo/share/serial_motor_demo/hook/pythonpath.sh'
[2.621s] Level 1:colcon.colcon_core.environment:checking '/home/arjun/optimus1_ws/install/serial_motor_demo/bin'
[2.621s] Level 1:colcon.colcon_core.environment:create_environment_scripts_only(serial_motor_demo)
[2.621s] INFO:colcon.colcon_core.shell:Creating package script '/home/arjun/optimus1_ws/install/serial_motor_demo/share/serial_motor_demo/package.ps1'
[2.622s] INFO:colcon.colcon_core.shell:Creating package descriptor '/home/arjun/optimus1_ws/install/serial_motor_demo/share/serial_motor_demo/package.dsv'
[2.622s] INFO:colcon.colcon_core.shell:Creating package script '/home/arjun/optimus1_ws/install/serial_motor_demo/share/serial_motor_demo/package.sh'
[2.623s] INFO:colcon.colcon_core.shell:Creating package script '/home/arjun/optimus1_ws/install/serial_motor_demo/share/serial_motor_demo/package.bash'
[2.623s] INFO:colcon.colcon_core.shell:Creating package script '/home/arjun/optimus1_ws/install/serial_motor_demo/share/serial_motor_demo/package.zsh'
[2.624s] Level 1:colcon.colcon_core.environment:create_file_with_runtime_dependencies(/home/arjun/optimus1_ws/install/serial_motor_demo/share/colcon-core/packages/serial_motor_demo)
[2.624s] DEBUG:colcon.colcon_parallel_executor.executor.parallel:closing loop
[2.624s] DEBUG:colcon.colcon_parallel_executor.executor.parallel:loop closed
[2.624s] DEBUG:colcon.colcon_parallel_executor.executor.parallel:run_until_complete finished with '0'
[2.625s] DEBUG:colcon.colcon_core.event_reactor:joining thread
[2.630s] INFO:colcon.colcon_core.plugin_system:Skipping extension 'colcon_notification.desktop_notification.terminal_notifier': Not used on non-Darwin systems
[2.630s] INFO:colcon.colcon_core.plugin_system:Skipping extension 'colcon_notification.desktop_notification.win32': Not used on non-Windows systems
[2.630s] INFO:colcon.colcon_notification.desktop_notification:Sending desktop notification using 'notify2'
[2.642s] DEBUG:colcon.colcon_core.event_reactor:joined thread
[2.642s] INFO:colcon.colcon_core.shell:Creating prefix script '/home/arjun/optimus1_ws/install/local_setup.ps1'
[2.643s] INFO:colcon.colcon_core.shell:Creating prefix util module '/home/arjun/optimus1_ws/install/_local_setup_util_ps1.py'
[2.645s] INFO:colcon.colcon_core.shell:Creating prefix chain script '/home/arjun/optimus1_ws/install/setup.ps1'
[2.646s] INFO:colcon.colcon_core.shell:Creating prefix script '/home/arjun/optimus1_ws/install/local_setup.sh'
[2.647s] INFO:colcon.colcon_core.shell:Creating prefix util module '/home/arjun/optimus1_ws/install/_local_setup_util_sh.py'
[2.648s] INFO:colcon.colcon_core.shell:Creating prefix chain script '/home/arjun/optimus1_ws/install/setup.sh'
[2.650s] INFO:colcon.colcon_core.shell:Creating prefix script '/home/arjun/optimus1_ws/install/local_setup.bash'
[2.650s] INFO:colcon.colcon_core.shell:Creating prefix chain script '/home/arjun/optimus1_ws/install/setup.bash'
[2.653s] INFO:colcon.colcon_core.shell:Creating prefix script '/home/arjun/optimus1_ws/install/local_setup.zsh'
[2.654s] INFO:colcon.colcon_core.shell:Creating prefix chain script '/home/arjun/optimus1_ws/install/setup.zsh'
