[0.044s] Invoking command in '/home/arjun/optimus1_ws/build/diffdrive_arduino': CMAKE_PREFIX_PATH=${CMAKE_PREFIX_PATH}:/home/arjun/opt_ws/install/my_bot_controller:/home/arjun/ros2_ws/install/my_robot_controller:/opt/ros/humble /usr/bin/cmake --build /home/arjun/optimus1_ws/build/diffdrive_arduino -- -j8 -l8
[0.111s] [ 50%] [32mBuilding CXX object CMakeFiles/diffdrive_arduino.dir/hardware/diffbot_system.cpp.o[0m
[3.301s] [100%] [32m[1mLinking CXX shared library libdiffdrive_arduino.so[0m
[3.508s] [100%] Built target diffdrive_arduino
[3.516s] Invoked command in '/home/arjun/optimus1_ws/build/diffdrive_arduino' returned '0': CMAKE_PREFIX_PATH=${CMAKE_PREFIX_PATH}:/home/arjun/opt_ws/install/my_bot_controller:/home/arjun/ros2_ws/install/my_robot_controller:/opt/ros/humble /usr/bin/cmake --build /home/arjun/optimus1_ws/build/diffdrive_arduino -- -j8 -l8
[3.538s] Invoking command in '/home/arjun/optimus1_ws/build/diffdrive_arduino': CMAKE_PREFIX_PATH=${CMAKE_PREFIX_PATH}:/home/arjun/opt_ws/install/my_bot_controller:/home/arjun/ros2_ws/install/my_robot_controller:/opt/ros/humble /usr/bin/cmake --install /home/arjun/optimus1_ws/build/diffdrive_arduino
[3.544s] -- Install configuration: ""
[3.544s] -- Installing: /home/arjun/optimus1_ws/install/diffdrive_arduino/share/diffdrive_arduino/diffdrive_arduino.xml
[3.544s] -- Installing: /home/arjun/optimus1_ws/install/diffdrive_arduino/include/diffdrive_arduino
[3.545s] -- Installing: /home/arjun/optimus1_ws/install/diffdrive_arduino/include/diffdrive_arduino/diffdrive_arduino
[3.545s] -- Installing: /home/arjun/optimus1_ws/install/diffdrive_arduino/include/diffdrive_arduino/diffdrive_arduino/arduino_comms.hpp
[3.545s] -- Installing: /home/arjun/optimus1_ws/install/diffdrive_arduino/include/diffdrive_arduino/diffdrive_arduino/wheel.hpp
[3.545s] -- Installing: /home/arjun/optimus1_ws/install/diffdrive_arduino/include/diffdrive_arduino/diffdrive_arduino/visibility_control.h
[3.545s] -- Installing: /home/arjun/optimus1_ws/install/diffdrive_arduino/include/diffdrive_arduino/diffdrive_arduino/diffbot_system.hpp
[3.545s] -- Installing: /home/arjun/optimus1_ws/install/diffdrive_arduino/share/diffdrive_arduino/launch
[3.545s] -- Installing: /home/arjun/optimus1_ws/install/diffdrive_arduino/share/diffdrive_arduino/launch/view_robot.launch.py
[3.545s] -- Installing: /home/arjun/optimus1_ws/install/diffdrive_arduino/share/diffdrive_arduino/ros2_control
[3.545s] -- Installing: /home/arjun/optimus1_ws/install/diffdrive_arduino/share/diffdrive_arduino/ros2_control/diffbot.ros2_control.xacro
[3.545s] -- Installing: /home/arjun/optimus1_ws/install/diffdrive_arduino/share/diffdrive_arduino/urdf
[3.545s] -- Installing: /home/arjun/optimus1_ws/install/diffdrive_arduino/share/diffdrive_arduino/urdf/diffbot.materials.xacro
[3.546s] -- Installing: /home/arjun/optimus1_ws/install/diffdrive_arduino/share/diffdrive_arduino/urdf/diffbot_description.urdf.xacro
[3.546s] -- Installing: /home/arjun/optimus1_ws/install/diffdrive_arduino/share/diffdrive_arduino/urdf/diffbot.urdf.xacro
[3.546s] -- Installing: /home/arjun/optimus1_ws/install/diffdrive_arduino/share/diffdrive_arduino/rviz
[3.546s] -- Installing: /home/arjun/optimus1_ws/install/diffdrive_arduino/share/diffdrive_arduino/rviz/diffbot.rviz
[3.546s] -- Installing: /home/arjun/optimus1_ws/install/diffdrive_arduino/share/diffdrive_arduino/rviz/diffbot_view.rviz
[3.547s] -- Up-to-date: /home/arjun/optimus1_ws/install/diffdrive_arduino/share/diffdrive_arduino/launch
[3.547s] -- Installing: /home/arjun/optimus1_ws/install/diffdrive_arduino/share/diffdrive_arduino/launch/diffbot.launch.py
[3.547s] -- Installing: /home/arjun/optimus1_ws/install/diffdrive_arduino/share/diffdrive_arduino/config
[3.547s] -- Installing: /home/arjun/optimus1_ws/install/diffdrive_arduino/share/diffdrive_arduino/config/diffbot_controllers.yaml
[3.547s] -- Installing: /home/arjun/optimus1_ws/install/diffdrive_arduino/lib/libdiffdrive_arduino.so
[3.548s] -- Set runtime path of "/home/arjun/optimus1_ws/install/diffdrive_arduino/lib/libdiffdrive_arduino.so" to ""
[3.548s] -- Installing: /home/arjun/optimus1_ws/install/diffdrive_arduino/share/diffdrive_arduino/environment/library_path.sh
[3.548s] -- Installing: /home/arjun/optimus1_ws/install/diffdrive_arduino/share/diffdrive_arduino/environment/library_path.dsv
[3.548s] -- Installing: /home/arjun/optimus1_ws/install/diffdrive_arduino/share/ament_index/resource_index/package_run_dependencies/diffdrive_arduino
[3.548s] -- Installing: /home/arjun/optimus1_ws/install/diffdrive_arduino/share/ament_index/resource_index/parent_prefix_path/diffdrive_arduino
[3.549s] -- Installing: /home/arjun/optimus1_ws/install/diffdrive_arduino/share/diffdrive_arduino/environment/ament_prefix_path.sh
[3.549s] -- Installing: /home/arjun/optimus1_ws/install/diffdrive_arduino/share/diffdrive_arduino/environment/ament_prefix_path.dsv
[3.549s] -- Installing: /home/arjun/optimus1_ws/install/diffdrive_arduino/share/diffdrive_arduino/environment/path.sh
[3.549s] -- Installing: /home/arjun/optimus1_ws/install/diffdrive_arduino/share/diffdrive_arduino/environment/path.dsv
[3.549s] -- Installing: /home/arjun/optimus1_ws/install/diffdrive_arduino/share/diffdrive_arduino/local_setup.bash
[3.549s] -- Installing: /home/arjun/optimus1_ws/install/diffdrive_arduino/share/diffdrive_arduino/local_setup.sh
[3.549s] -- Installing: /home/arjun/optimus1_ws/install/diffdrive_arduino/share/diffdrive_arduino/local_setup.zsh
[3.550s] -- Installing: /home/arjun/optimus1_ws/install/diffdrive_arduino/share/diffdrive_arduino/local_setup.dsv
[3.550s] -- Installing: /home/arjun/optimus1_ws/install/diffdrive_arduino/share/diffdrive_arduino/package.dsv
[3.550s] -- Installing: /home/arjun/optimus1_ws/install/diffdrive_arduino/share/ament_index/resource_index/packages/diffdrive_arduino
[3.550s] -- Installing: /home/arjun/optimus1_ws/install/diffdrive_arduino/share/ament_index/resource_index/hardware_interface__pluginlib__plugin/diffdrive_arduino
[3.551s] -- Installing: /home/arjun/optimus1_ws/install/diffdrive_arduino/share/diffdrive_arduino/cmake/export_diffdrive_arduinoExport.cmake
[3.551s] -- Installing: /home/arjun/optimus1_ws/install/diffdrive_arduino/share/diffdrive_arduino/cmake/export_diffdrive_arduinoExport-noconfig.cmake
[3.551s] -- Installing: /home/arjun/optimus1_ws/install/diffdrive_arduino/share/diffdrive_arduino/cmake/ament_cmake_export_targets-extras.cmake
[3.551s] -- Installing: /home/arjun/optimus1_ws/install/diffdrive_arduino/share/diffdrive_arduino/cmake/ament_cmake_export_dependencies-extras.cmake
[3.551s] -- Installing: /home/arjun/optimus1_ws/install/diffdrive_arduino/share/diffdrive_arduino/cmake/diffdrive_arduinoConfig.cmake
[3.552s] -- Installing: /home/arjun/optimus1_ws/install/diffdrive_arduino/share/diffdrive_arduino/cmake/diffdrive_arduinoConfig-version.cmake
[3.552s] -- Installing: /home/arjun/optimus1_ws/install/diffdrive_arduino/share/diffdrive_arduino/package.xml
[3.556s] Invoked command in '/home/arjun/optimus1_ws/build/diffdrive_arduino' returned '0': CMAKE_PREFIX_PATH=${CMAKE_PREFIX_PATH}:/home/arjun/opt_ws/install/my_bot_controller:/home/arjun/ros2_ws/install/my_robot_controller:/opt/ros/humble /usr/bin/cmake --install /home/arjun/optimus1_ws/build/diffdrive_arduino
