[0.027s] Invoking command in '/home/arjun/optimus1_ws/build/diffdrive_arduino': CMAKE_PREFIX_PATH=${CMAKE_PREFIX_PATH}:/home/arjun/optimus1_ws/install/serial_motor_demo:/home/arjun/optimus1_ws/install/diffdrive_arduino:/home/arjun/opt_ws/install/my_bot_controller:/home/arjun/ros2_ws/install/my_robot_controller:/opt/ros/humble /usr/bin/cmake /home/arjun/optimus1_ws/src/diffdrive_arduino -DCMAKE_INSTALL_PREFIX=/home/arjun/optimus1_ws/install/diffdrive_arduino
[0.042s] -- Found ament_cmake: 1.3.10 (/opt/ros/humble/share/ament_cmake/cmake)
[0.166s] -- Override CMake install command with custom implementation using symlinks instead of copying resources
[0.183s] -- Found hardware_interface: 2.43.0 (/opt/ros/humble/share/hardware_interface/cmake)
[0.231s] -- Found rosidl_generator_c: 3.1.5 (/opt/ros/humble/share/rosidl_generator_c/cmake)
[0.236s] -- Found rosidl_adapter: 3.1.5 (/opt/ros/humble/share/rosidl_adapter/cmake)
[0.246s] -- Found rosidl_generator_cpp: 3.1.5 (/opt/ros/humble/share/rosidl_generator_cpp/cmake)
[0.260s] -- Using all available rosidl_typesupport_c: rosidl_typesupport_fastrtps_c;rosidl_typesupport_introspection_c
[0.279s] -- Using all available rosidl_typesupport_cpp: rosidl_typesupport_fastrtps_cpp;rosidl_typesupport_introspection_cpp
[0.533s] -- Found rmw_implementation_cmake: 6.1.2 (/opt/ros/humble/share/rmw_implementation_cmake/cmake)
[0.535s] -- Found rmw_cyclonedds_cpp: 1.3.4 (/opt/ros/humble/share/rmw_cyclonedds_cpp/cmake)
[0.557s] -- Using RMW implementation 'rmw_cyclonedds_cpp' as default
[0.603s] -- Found ament_cmake_gtest: 1.3.10 (/opt/ros/humble/share/ament_cmake_gtest/cmake)
[0.672s] -- Configuring done
[0.722s] -- Generating done
[0.723s] -- Build files have been written to: /home/arjun/optimus1_ws/build/diffdrive_arduino
[0.729s] Invoked command in '/home/arjun/optimus1_ws/build/diffdrive_arduino' returned '0': CMAKE_PREFIX_PATH=${CMAKE_PREFIX_PATH}:/home/arjun/optimus1_ws/install/serial_motor_demo:/home/arjun/optimus1_ws/install/diffdrive_arduino:/home/arjun/opt_ws/install/my_bot_controller:/home/arjun/ros2_ws/install/my_robot_controller:/opt/ros/humble /usr/bin/cmake /home/arjun/optimus1_ws/src/diffdrive_arduino -DCMAKE_INSTALL_PREFIX=/home/arjun/optimus1_ws/install/diffdrive_arduino
[0.730s] Invoking command in '/home/arjun/optimus1_ws/build/diffdrive_arduino': CMAKE_PREFIX_PATH=${CMAKE_PREFIX_PATH}:/home/arjun/optimus1_ws/install/serial_motor_demo:/home/arjun/optimus1_ws/install/diffdrive_arduino:/home/arjun/opt_ws/install/my_bot_controller:/home/arjun/ros2_ws/install/my_robot_controller:/opt/ros/humble /usr/bin/cmake --build /home/arjun/optimus1_ws/build/diffdrive_arduino -- -j8 -l8
[0.765s] [35m[1mConsolidate compiler generated dependencies of target diffdrive_arduino[0m
[0.779s] [100%] Built target diffdrive_arduino
[0.788s] Invoked command in '/home/arjun/optimus1_ws/build/diffdrive_arduino' returned '0': CMAKE_PREFIX_PATH=${CMAKE_PREFIX_PATH}:/home/arjun/optimus1_ws/install/serial_motor_demo:/home/arjun/optimus1_ws/install/diffdrive_arduino:/home/arjun/opt_ws/install/my_bot_controller:/home/arjun/ros2_ws/install/my_robot_controller:/opt/ros/humble /usr/bin/cmake --build /home/arjun/optimus1_ws/build/diffdrive_arduino -- -j8 -l8
[0.806s] Invoking command in '/home/arjun/optimus1_ws/build/diffdrive_arduino': CMAKE_PREFIX_PATH=${CMAKE_PREFIX_PATH}:/home/arjun/optimus1_ws/install/serial_motor_demo:/home/arjun/optimus1_ws/install/diffdrive_arduino:/home/arjun/opt_ws/install/my_bot_controller:/home/arjun/ros2_ws/install/my_robot_controller:/opt/ros/humble /usr/bin/cmake --install /home/arjun/optimus1_ws/build/diffdrive_arduino
[0.813s] -- Install configuration: ""
[0.814s] -- Execute custom install script
[0.814s] -- Up-to-date symlink: /home/arjun/optimus1_ws/install/diffdrive_arduino/share/diffdrive_arduino//diffdrive_arduino.xml
[0.814s] -- Up-to-date symlink: /home/arjun/optimus1_ws/install/diffdrive_arduino/include/diffdrive_arduino/diffdrive_arduino/arduino_comms.hpp
[0.814s] -- Up-to-date symlink: /home/arjun/optimus1_ws/install/diffdrive_arduino/include/diffdrive_arduino/diffdrive_arduino/diffbot_system.hpp
[0.814s] -- Up-to-date symlink: /home/arjun/optimus1_ws/install/diffdrive_arduino/include/diffdrive_arduino/diffdrive_arduino/visibility_control.h
[0.814s] -- Up-to-date symlink: /home/arjun/optimus1_ws/install/diffdrive_arduino/include/diffdrive_arduino/diffdrive_arduino/wheel.hpp
[0.815s] -- Up-to-date symlink: /home/arjun/optimus1_ws/install/diffdrive_arduino/share/diffdrive_arduino/launch/view_robot.launch.py
[0.815s] -- Up-to-date symlink: /home/arjun/optimus1_ws/install/diffdrive_arduino/share/diffdrive_arduino/ros2_control/diffbot.ros2_control.xacro
[0.815s] -- Up-to-date symlink: /home/arjun/optimus1_ws/install/diffdrive_arduino/share/diffdrive_arduino/urdf/diffbot.materials.xacro
[0.815s] -- Up-to-date symlink: /home/arjun/optimus1_ws/install/diffdrive_arduino/share/diffdrive_arduino/urdf/diffbot.urdf.xacro
[0.816s] -- Up-to-date symlink: /home/arjun/optimus1_ws/install/diffdrive_arduino/share/diffdrive_arduino/urdf/diffbot_description.urdf.xacro
[0.816s] -- Up-to-date symlink: /home/arjun/optimus1_ws/install/diffdrive_arduino/share/diffdrive_arduino/rviz/diffbot.rviz
[0.816s] -- Up-to-date symlink: /home/arjun/optimus1_ws/install/diffdrive_arduino/share/diffdrive_arduino/rviz/diffbot_view.rviz
[0.816s] -- Up-to-date symlink: /home/arjun/optimus1_ws/install/diffdrive_arduino/share/diffdrive_arduino/launch/diffbot.launch.py
[0.816s] -- Up-to-date symlink: /home/arjun/optimus1_ws/install/diffdrive_arduino/share/diffdrive_arduino/config/diffbot_controllers.yaml
[0.817s] -- Up-to-date symlink: /home/arjun/optimus1_ws/install/diffdrive_arduino/share/diffdrive_arduino/environment/library_path.sh
[0.817s] -- Up-to-date symlink: /home/arjun/optimus1_ws/install/diffdrive_arduino/share/diffdrive_arduino/environment/library_path.dsv
[0.817s] -- Up-to-date symlink: /home/arjun/optimus1_ws/install/diffdrive_arduino/share/ament_index/resource_index/package_run_dependencies/diffdrive_arduino
[0.817s] -- Up-to-date symlink: /home/arjun/optimus1_ws/install/diffdrive_arduino/share/ament_index/resource_index/parent_prefix_path/diffdrive_arduino
[0.817s] -- Up-to-date symlink: /home/arjun/optimus1_ws/install/diffdrive_arduino/share/diffdrive_arduino/environment/ament_prefix_path.sh
[0.817s] -- Up-to-date symlink: /home/arjun/optimus1_ws/install/diffdrive_arduino/share/diffdrive_arduino/environment/ament_prefix_path.dsv
[0.818s] -- Up-to-date symlink: /home/arjun/optimus1_ws/install/diffdrive_arduino/share/diffdrive_arduino/environment/path.sh
[0.818s] -- Up-to-date symlink: /home/arjun/optimus1_ws/install/diffdrive_arduino/share/diffdrive_arduino/environment/path.dsv
[0.818s] -- Up-to-date symlink: /home/arjun/optimus1_ws/install/diffdrive_arduino/share/diffdrive_arduino/local_setup.bash
[0.818s] -- Up-to-date symlink: /home/arjun/optimus1_ws/install/diffdrive_arduino/share/diffdrive_arduino/local_setup.sh
[0.818s] -- Up-to-date symlink: /home/arjun/optimus1_ws/install/diffdrive_arduino/share/diffdrive_arduino/local_setup.zsh
[0.818s] -- Up-to-date symlink: /home/arjun/optimus1_ws/install/diffdrive_arduino/share/diffdrive_arduino/local_setup.dsv
[0.819s] -- Up-to-date symlink: /home/arjun/optimus1_ws/install/diffdrive_arduino/share/diffdrive_arduino/package.dsv
[0.819s] -- Up-to-date symlink: /home/arjun/optimus1_ws/install/diffdrive_arduino/share/ament_index/resource_index/packages/diffdrive_arduino
[0.819s] -- Up-to-date symlink: /home/arjun/optimus1_ws/install/diffdrive_arduino/share/ament_index/resource_index/hardware_interface__pluginlib__plugin/diffdrive_arduino
[0.819s] -- Up-to-date symlink: /home/arjun/optimus1_ws/install/diffdrive_arduino/share/diffdrive_arduino/cmake/ament_cmake_export_targets-extras.cmake
[0.819s] -- Up-to-date symlink: /home/arjun/optimus1_ws/install/diffdrive_arduino/share/diffdrive_arduino/cmake/ament_cmake_export_dependencies-extras.cmake
[0.819s] -- Up-to-date symlink: /home/arjun/optimus1_ws/install/diffdrive_arduino/share/diffdrive_arduino/cmake/diffdrive_arduinoConfig.cmake
[0.820s] -- Up-to-date symlink: /home/arjun/optimus1_ws/install/diffdrive_arduino/share/diffdrive_arduino/cmake/diffdrive_arduinoConfig-version.cmake
[0.820s] -- Up-to-date symlink: /home/arjun/optimus1_ws/install/diffdrive_arduino/share/diffdrive_arduino/package.xml
[0.821s] -- Installing: /home/arjun/optimus1_ws/install/diffdrive_arduino/lib/libdiffdrive_arduino.so
[0.822s] -- Set runtime path of "/home/arjun/optimus1_ws/install/diffdrive_arduino/lib/libdiffdrive_arduino.so" to ""
[0.823s] -- Up-to-date: /home/arjun/optimus1_ws/install/diffdrive_arduino/share/diffdrive_arduino/cmake/export_diffdrive_arduinoExport.cmake
[0.823s] -- Up-to-date: /home/arjun/optimus1_ws/install/diffdrive_arduino/share/diffdrive_arduino/cmake/export_diffdrive_arduinoExport-noconfig.cmake
[0.824s] Invoked command in '/home/arjun/optimus1_ws/build/diffdrive_arduino' returned '0': CMAKE_PREFIX_PATH=${CMAKE_PREFIX_PATH}:/home/arjun/optimus1_ws/install/serial_motor_demo:/home/arjun/optimus1_ws/install/diffdrive_arduino:/home/arjun/opt_ws/install/my_bot_controller:/home/arjun/ros2_ws/install/my_robot_controller:/opt/ros/humble /usr/bin/cmake --install /home/arjun/optimus1_ws/build/diffdrive_arduino
