[0.501s] DEBUG:colcon:Command line arguments: ['/usr/bin/colcon', 'list', '-p', '--base-paths', '/home/arjun/optimus1_ws']
[0.501s] DEBUG:colcon:Parsed command line arguments: Namespace(log_base=None, log_level=None, verb_name='list', build_base='build', ignore_user_meta=False, metas=['./colcon.meta'], base_paths=['/home/arjun/optimus1_ws'], packages_ignore=None, packages_ignore_regex=None, paths=None, packages_up_to=None, packages_up_to_regex=None, packages_above=None, packages_above_and_dependencies=None, packages_above_depth=None, packages_select_by_dep=None, packages_skip_by_dep=None, packages_skip_up_to=None, packages_select_build_failed=False, packages_skip_build_finished=False, packages_select_test_failures=False, packages_skip_test_passed=False, packages_select=None, packages_skip=None, packages_select_regex=None, packages_skip_regex=None, packages_start=None, packages_end=None, allow_overriding=[], topological_order=False, names_only=False, paths_only=True, topological_graph=False, topological_graph_dot=False, topological_graph_density=False, topological_graph_legend=False, topological_graph_dot_cluster=False, topological_graph_dot_include_skipped=False, verb_parser=<colcon_defaults.argument_parser.defaults.DefaultArgumentsDecorator object at 0x7fcacd5edcc0>, verb_extension=<colcon_package_information.verb.list.ListVerb object at 0x7fcacd56a350>, main=<bound method ListVerb.main of <colcon_package_information.verb.list.ListVerb object at 0x7fcacd56a350>>)
[0.555s] Level 1:colcon.colcon_core.package_discovery:discover_packages(colcon_meta) check parameters
[0.556s] Level 1:colcon.colcon_core.package_discovery:discover_packages(recursive) check parameters
[0.556s] Level 1:colcon.colcon_core.package_discovery:discover_packages(ignore) check parameters
[0.556s] Level 1:colcon.colcon_core.package_discovery:discover_packages(path) check parameters
[0.556s] Level 1:colcon.colcon_core.package_discovery:discover_packages(recursive) discover
[0.556s] INFO:colcon.colcon_core.package_discovery:Crawling recursively for packages in '/home/arjun/optimus1_ws'
[0.556s] Level 1:colcon.colcon_core.package_identification:_identify(/home/arjun/optimus1_ws) by extensions ['ignore', 'ignore_ament_install']
[0.556s] Level 1:colcon.colcon_core.package_identification:_identify(/home/arjun/optimus1_ws) by extension 'ignore'
[0.556s] Level 1:colcon.colcon_core.package_identification:_identify(/home/arjun/optimus1_ws) by extension 'ignore_ament_install'
[0.556s] Level 1:colcon.colcon_core.package_identification:_identify(/home/arjun/optimus1_ws) by extensions ['colcon_pkg']
[0.556s] Level 1:colcon.colcon_core.package_identification:_identify(/home/arjun/optimus1_ws) by extension 'colcon_pkg'
[0.557s] Level 1:colcon.colcon_core.package_identification:_identify(/home/arjun/optimus1_ws) by extensions ['colcon_meta']
[0.557s] Level 1:colcon.colcon_core.package_identification:_identify(/home/arjun/optimus1_ws) by extension 'colcon_meta'
[0.557s] Level 1:colcon.colcon_core.package_identification:_identify(/home/arjun/optimus1_ws) by extensions ['ros']
[0.557s] Level 1:colcon.colcon_core.package_identification:_identify(/home/arjun/optimus1_ws) by extension 'ros'
[0.573s] Level 1:colcon.colcon_core.package_identification:_identify(/home/arjun/optimus1_ws) by extensions ['cmake', 'python']
[0.574s] Level 1:colcon.colcon_core.package_identification:_identify(/home/arjun/optimus1_ws) by extension 'cmake'
[0.574s] Level 1:colcon.colcon_core.package_identification:_identify(/home/arjun/optimus1_ws) by extension 'python'
[0.574s] Level 1:colcon.colcon_core.package_identification:_identify(/home/arjun/optimus1_ws) by extensions ['python_setup_py']
[0.574s] Level 1:colcon.colcon_core.package_identification:_identify(/home/arjun/optimus1_ws) by extension 'python_setup_py'
[0.574s] Level 1:colcon.colcon_core.package_identification:_identify(/home/arjun/optimus1_ws/build) by extensions ['ignore', 'ignore_ament_install']
[0.574s] Level 1:colcon.colcon_core.package_identification:_identify(/home/arjun/optimus1_ws/build) by extension 'ignore'
[0.574s] Level 1:colcon.colcon_core.package_identification:_identify(/home/arjun/optimus1_ws/build) ignored
[0.575s] Level 1:colcon.colcon_core.package_identification:_identify(/home/arjun/optimus1_ws/install) by extensions ['ignore', 'ignore_ament_install']
[0.575s] Level 1:colcon.colcon_core.package_identification:_identify(/home/arjun/optimus1_ws/install) by extension 'ignore'
[0.575s] Level 1:colcon.colcon_core.package_identification:_identify(/home/arjun/optimus1_ws/install) ignored
[0.575s] Level 1:colcon.colcon_core.package_identification:_identify(/home/arjun/optimus1_ws/log) by extensions ['ignore', 'ignore_ament_install']
[0.575s] Level 1:colcon.colcon_core.package_identification:_identify(/home/arjun/optimus1_ws/log) by extension 'ignore'
[0.575s] Level 1:colcon.colcon_core.package_identification:_identify(/home/arjun/optimus1_ws/log) ignored
[0.575s] Level 1:colcon.colcon_core.package_identification:_identify(/home/arjun/optimus1_ws/ros_arduino_bridge) by extensions ['ignore', 'ignore_ament_install']
[0.575s] Level 1:colcon.colcon_core.package_identification:_identify(/home/arjun/optimus1_ws/ros_arduino_bridge) by extension 'ignore'
[0.575s] Level 1:colcon.colcon_core.package_identification:_identify(/home/arjun/optimus1_ws/ros_arduino_bridge) by extension 'ignore_ament_install'
[0.576s] Level 1:colcon.colcon_core.package_identification:_identify(/home/arjun/optimus1_ws/ros_arduino_bridge) by extensions ['colcon_pkg']
[0.576s] Level 1:colcon.colcon_core.package_identification:_identify(/home/arjun/optimus1_ws/ros_arduino_bridge) by extension 'colcon_pkg'
[0.576s] Level 1:colcon.colcon_core.package_identification:_identify(/home/arjun/optimus1_ws/ros_arduino_bridge) by extensions ['colcon_meta']
[0.576s] Level 1:colcon.colcon_core.package_identification:_identify(/home/arjun/optimus1_ws/ros_arduino_bridge) by extension 'colcon_meta'
[0.576s] Level 1:colcon.colcon_core.package_identification:_identify(/home/arjun/optimus1_ws/ros_arduino_bridge) by extensions ['ros']
[0.576s] Level 1:colcon.colcon_core.package_identification:_identify(/home/arjun/optimus1_ws/ros_arduino_bridge) by extension 'ros'
[0.576s] Level 1:colcon.colcon_core.package_identification:_identify(/home/arjun/optimus1_ws/ros_arduino_bridge) by extensions ['cmake', 'python']
[0.576s] Level 1:colcon.colcon_core.package_identification:_identify(/home/arjun/optimus1_ws/ros_arduino_bridge) by extension 'cmake'
[0.576s] Level 1:colcon.colcon_core.package_identification:_identify(/home/arjun/optimus1_ws/ros_arduino_bridge) by extension 'python'
[0.576s] Level 1:colcon.colcon_core.package_identification:_identify(/home/arjun/optimus1_ws/ros_arduino_bridge) by extensions ['python_setup_py']
[0.576s] Level 1:colcon.colcon_core.package_identification:_identify(/home/arjun/optimus1_ws/ros_arduino_bridge) by extension 'python_setup_py'
[0.576s] Level 1:colcon.colcon_core.package_identification:_identify(/home/arjun/optimus1_ws/serial_motor_demo) by extensions ['ignore', 'ignore_ament_install']
[0.577s] Level 1:colcon.colcon_core.package_identification:_identify(/home/arjun/optimus1_ws/serial_motor_demo) by extension 'ignore'
[0.577s] Level 1:colcon.colcon_core.package_identification:_identify(/home/arjun/optimus1_ws/serial_motor_demo) by extension 'ignore_ament_install'
[0.577s] Level 1:colcon.colcon_core.package_identification:_identify(/home/arjun/optimus1_ws/serial_motor_demo) by extensions ['colcon_pkg']
[0.577s] Level 1:colcon.colcon_core.package_identification:_identify(/home/arjun/optimus1_ws/serial_motor_demo) by extension 'colcon_pkg'
[0.577s] Level 1:colcon.colcon_core.package_identification:_identify(/home/arjun/optimus1_ws/serial_motor_demo) by extensions ['colcon_meta']
[0.577s] Level 1:colcon.colcon_core.package_identification:_identify(/home/arjun/optimus1_ws/serial_motor_demo) by extension 'colcon_meta'
[0.577s] Level 1:colcon.colcon_core.package_identification:_identify(/home/arjun/optimus1_ws/serial_motor_demo) by extensions ['ros']
[0.577s] Level 1:colcon.colcon_core.package_identification:_identify(/home/arjun/optimus1_ws/serial_motor_demo) by extension 'ros'
[0.581s] DEBUG:colcon.colcon_core.package_identification:Package '/home/arjun/optimus1_ws/serial_motor_demo' with type 'ros.ament_python' and name 'serial_motor_demo'
[0.581s] Level 1:colcon.colcon_core.package_identification:_identify(/home/arjun/optimus1_ws/serial_motor_demo_msgs) by extensions ['ignore', 'ignore_ament_install']
[0.581s] Level 1:colcon.colcon_core.package_identification:_identify(/home/arjun/optimus1_ws/serial_motor_demo_msgs) by extension 'ignore'
[0.581s] Level 1:colcon.colcon_core.package_identification:_identify(/home/arjun/optimus1_ws/serial_motor_demo_msgs) by extension 'ignore_ament_install'
[0.581s] Level 1:colcon.colcon_core.package_identification:_identify(/home/arjun/optimus1_ws/serial_motor_demo_msgs) by extensions ['colcon_pkg']
[0.581s] Level 1:colcon.colcon_core.package_identification:_identify(/home/arjun/optimus1_ws/serial_motor_demo_msgs) by extension 'colcon_pkg'
[0.581s] Level 1:colcon.colcon_core.package_identification:_identify(/home/arjun/optimus1_ws/serial_motor_demo_msgs) by extensions ['colcon_meta']
[0.582s] Level 1:colcon.colcon_core.package_identification:_identify(/home/arjun/optimus1_ws/serial_motor_demo_msgs) by extension 'colcon_meta'
[0.582s] Level 1:colcon.colcon_core.package_identification:_identify(/home/arjun/optimus1_ws/serial_motor_demo_msgs) by extensions ['ros']
[0.582s] Level 1:colcon.colcon_core.package_identification:_identify(/home/arjun/optimus1_ws/serial_motor_demo_msgs) by extension 'ros'
[0.582s] DEBUG:colcon.colcon_core.package_identification:Package '/home/arjun/optimus1_ws/serial_motor_demo_msgs' with type 'ros.ament_cmake' and name 'serial_motor_demo_msgs'
[0.583s] Level 1:colcon.colcon_core.package_identification:_identify(/home/arjun/optimus1_ws/src) by extensions ['ignore', 'ignore_ament_install']
[0.583s] Level 1:colcon.colcon_core.package_identification:_identify(/home/arjun/optimus1_ws/src) by extension 'ignore'
[0.583s] Level 1:colcon.colcon_core.package_identification:_identify(/home/arjun/optimus1_ws/src) by extension 'ignore_ament_install'
[0.583s] Level 1:colcon.colcon_core.package_identification:_identify(/home/arjun/optimus1_ws/src) by extensions ['colcon_pkg']
[0.583s] Level 1:colcon.colcon_core.package_identification:_identify(/home/arjun/optimus1_ws/src) by extension 'colcon_pkg'
[0.583s] Level 1:colcon.colcon_core.package_identification:_identify(/home/arjun/optimus1_ws/src) by extensions ['colcon_meta']
[0.583s] Level 1:colcon.colcon_core.package_identification:_identify(/home/arjun/optimus1_ws/src) by extension 'colcon_meta'
[0.583s] Level 1:colcon.colcon_core.package_identification:_identify(/home/arjun/optimus1_ws/src) by extensions ['ros']
[0.583s] Level 1:colcon.colcon_core.package_identification:_identify(/home/arjun/optimus1_ws/src) by extension 'ros'
[0.583s] Level 1:colcon.colcon_core.package_identification:_identify(/home/arjun/optimus1_ws/src) by extensions ['cmake', 'python']
[0.583s] Level 1:colcon.colcon_core.package_identification:_identify(/home/arjun/optimus1_ws/src) by extension 'cmake'
[0.583s] Level 1:colcon.colcon_core.package_identification:_identify(/home/arjun/optimus1_ws/src) by extension 'python'
[0.584s] Level 1:colcon.colcon_core.package_identification:_identify(/home/arjun/optimus1_ws/src) by extensions ['python_setup_py']
[0.584s] Level 1:colcon.colcon_core.package_identification:_identify(/home/arjun/optimus1_ws/src) by extension 'python_setup_py'
[0.584s] Level 1:colcon.colcon_core.package_identification:_identify(/home/arjun/optimus1_ws/src/amr) by extensions ['ignore', 'ignore_ament_install']
[0.584s] Level 1:colcon.colcon_core.package_identification:_identify(/home/arjun/optimus1_ws/src/amr) by extension 'ignore'
[0.584s] Level 1:colcon.colcon_core.package_identification:_identify(/home/arjun/optimus1_ws/src/amr) by extension 'ignore_ament_install'
[0.584s] Level 1:colcon.colcon_core.package_identification:_identify(/home/arjun/optimus1_ws/src/amr) by extensions ['colcon_pkg']
[0.584s] Level 1:colcon.colcon_core.package_identification:_identify(/home/arjun/optimus1_ws/src/amr) by extension 'colcon_pkg'
[0.584s] Level 1:colcon.colcon_core.package_identification:_identify(/home/arjun/optimus1_ws/src/amr) by extensions ['colcon_meta']
[0.584s] Level 1:colcon.colcon_core.package_identification:_identify(/home/arjun/optimus1_ws/src/amr) by extension 'colcon_meta'
[0.584s] Level 1:colcon.colcon_core.package_identification:_identify(/home/arjun/optimus1_ws/src/amr) by extensions ['ros']
[0.584s] Level 1:colcon.colcon_core.package_identification:_identify(/home/arjun/optimus1_ws/src/amr) by extension 'ros'
[0.585s] DEBUG:colcon.colcon_core.package_identification:Package '/home/arjun/optimus1_ws/src/amr' with type 'ros.ament_cmake' and name 'amr'
[0.585s] Level 1:colcon.colcon_core.package_identification:_identify(/home/arjun/optimus1_ws/src/diffdrive_arduino) by extensions ['ignore', 'ignore_ament_install']
[0.585s] Level 1:colcon.colcon_core.package_identification:_identify(/home/arjun/optimus1_ws/src/diffdrive_arduino) by extension 'ignore'
[0.585s] Level 1:colcon.colcon_core.package_identification:_identify(/home/arjun/optimus1_ws/src/diffdrive_arduino) by extension 'ignore_ament_install'
[0.585s] Level 1:colcon.colcon_core.package_identification:_identify(/home/arjun/optimus1_ws/src/diffdrive_arduino) by extensions ['colcon_pkg']
[0.585s] Level 1:colcon.colcon_core.package_identification:_identify(/home/arjun/optimus1_ws/src/diffdrive_arduino) by extension 'colcon_pkg'
[0.586s] Level 1:colcon.colcon_core.package_identification:_identify(/home/arjun/optimus1_ws/src/diffdrive_arduino) by extensions ['colcon_meta']
[0.586s] Level 1:colcon.colcon_core.package_identification:_identify(/home/arjun/optimus1_ws/src/diffdrive_arduino) by extension 'colcon_meta'
[0.586s] Level 1:colcon.colcon_core.package_identification:_identify(/home/arjun/optimus1_ws/src/diffdrive_arduino) by extensions ['ros']
[0.586s] Level 1:colcon.colcon_core.package_identification:_identify(/home/arjun/optimus1_ws/src/diffdrive_arduino) by extension 'ros'
[0.587s] DEBUG:colcon.colcon_core.package_identification:Package '/home/arjun/optimus1_ws/src/diffdrive_arduino' with type 'ros.ament_cmake' and name 'diffdrive_arduino'
[0.588s] Level 1:colcon.colcon_core.package_identification:_identify(/home/arjun/optimus1_ws/src/ldlidar_sl_ros2) by extensions ['ignore', 'ignore_ament_install']
[0.588s] Level 1:colcon.colcon_core.package_identification:_identify(/home/arjun/optimus1_ws/src/ldlidar_sl_ros2) by extension 'ignore'
[0.588s] Level 1:colcon.colcon_core.package_identification:_identify(/home/arjun/optimus1_ws/src/ldlidar_sl_ros2) by extension 'ignore_ament_install'
[0.588s] Level 1:colcon.colcon_core.package_identification:_identify(/home/arjun/optimus1_ws/src/ldlidar_sl_ros2) by extensions ['colcon_pkg']
[0.588s] Level 1:colcon.colcon_core.package_identification:_identify(/home/arjun/optimus1_ws/src/ldlidar_sl_ros2) by extension 'colcon_pkg'
[0.588s] Level 1:colcon.colcon_core.package_identification:_identify(/home/arjun/optimus1_ws/src/ldlidar_sl_ros2) by extensions ['colcon_meta']
[0.588s] Level 1:colcon.colcon_core.package_identification:_identify(/home/arjun/optimus1_ws/src/ldlidar_sl_ros2) by extension 'colcon_meta'
[0.588s] Level 1:colcon.colcon_core.package_identification:_identify(/home/arjun/optimus1_ws/src/ldlidar_sl_ros2) by extensions ['ros']
[0.588s] Level 1:colcon.colcon_core.package_identification:_identify(/home/arjun/optimus1_ws/src/ldlidar_sl_ros2) by extension 'ros'
[0.589s] DEBUG:colcon.colcon_core.package_identification:Package '/home/arjun/optimus1_ws/src/ldlidar_sl_ros2' with type 'ros.ament_cmake' and name 'ldlidar_sl_ros2'
[0.590s] Level 1:colcon.colcon_core.package_identification:_identify(/home/arjun/optimus1_ws/src/serial) by extensions ['ignore', 'ignore_ament_install']
[0.590s] Level 1:colcon.colcon_core.package_identification:_identify(/home/arjun/optimus1_ws/src/serial) by extension 'ignore'
[0.590s] Level 1:colcon.colcon_core.package_identification:_identify(/home/arjun/optimus1_ws/src/serial) by extension 'ignore_ament_install'
[0.590s] Level 1:colcon.colcon_core.package_identification:_identify(/home/arjun/optimus1_ws/src/serial) by extensions ['colcon_pkg']
[0.590s] Level 1:colcon.colcon_core.package_identification:_identify(/home/arjun/optimus1_ws/src/serial) by extension 'colcon_pkg'
[0.590s] Level 1:colcon.colcon_core.package_identification:_identify(/home/arjun/optimus1_ws/src/serial) by extensions ['colcon_meta']
[0.590s] Level 1:colcon.colcon_core.package_identification:_identify(/home/arjun/optimus1_ws/src/serial) by extension 'colcon_meta'
[0.590s] Level 1:colcon.colcon_core.package_identification:_identify(/home/arjun/optimus1_ws/src/serial) by extensions ['ros']
[0.590s] Level 1:colcon.colcon_core.package_identification:_identify(/home/arjun/optimus1_ws/src/serial) by extension 'ros'
[0.591s] DEBUG:colcon.colcon_core.package_identification:Package '/home/arjun/optimus1_ws/src/serial' with type 'ros.ament_cmake' and name 'serial'
[0.591s] Level 1:colcon.colcon_core.package_discovery:discover_packages(recursive) using defaults
