[0.024s] Invoking command in '/home/arjun/optimus1_ws/build/serial': CMAKE_PREFIX_PATH=${CMAKE_PREFIX_PATH}:/home/arjun/optimus1_ws/install/serial_motor_demo:/home/arjun/opt_ws/install/my_bot_controller:/home/arjun/ros2_ws/install/my_robot_controller:/opt/ros/humble /usr/bin/cmake --build /home/arjun/optimus1_ws/build/serial -- -j8 -l8
[0.090s] [ 28%] Built target serial
[0.091s] [ 42%] Built target gtest_main
[0.094s] [ 57%] Built target gtest
[0.122s] [ 71%] Built target serial_example
[0.122s] [ 85%] Built target serial-test-timer
[0.127s] [100%] Built target serial-test
[0.137s] Invoked command in '/home/arjun/optimus1_ws/build/serial' returned '0': CMAKE_PREFIX_PATH=${CMAKE_PREFIX_PATH}:/home/arjun/optimus1_ws/install/serial_motor_demo:/home/arjun/opt_ws/install/my_bot_controller:/home/arjun/ros2_ws/install/my_robot_controller:/opt/ros/humble /usr/bin/cmake --build /home/arjun/optimus1_ws/build/serial -- -j8 -l8
[0.168s] Invoking command in '/home/arjun/optimus1_ws/build/serial': CMAKE_PREFIX_PATH=${CMAKE_PREFIX_PATH}:/home/arjun/optimus1_ws/install/serial_motor_demo:/home/arjun/opt_ws/install/my_bot_controller:/home/arjun/ros2_ws/install/my_robot_controller:/opt/ros/humble /usr/bin/cmake --install /home/arjun/optimus1_ws/build/serial
[0.175s] -- Install configuration: ""
[0.175s] -- Execute custom install script
[0.176s] -- Up-to-date symlink: /home/arjun/optimus1_ws/install/serial/lib/libserial.a
[0.176s] -- Up-to-date symlink: /home/arjun/optimus1_ws/install/serial/include/serial/serial.h
[0.177s] -- Up-to-date symlink: /home/arjun/optimus1_ws/install/serial/include/serial/v8stdint.h
[0.177s] -- Up-to-date symlink: /home/arjun/optimus1_ws/install/serial/share/serial/environment/library_path.sh
[0.178s] -- Up-to-date symlink: /home/arjun/optimus1_ws/install/serial/share/serial/environment/library_path.dsv
[0.178s] -- Up-to-date symlink: /home/arjun/optimus1_ws/install/serial/share/ament_index/resource_index/package_run_dependencies/serial
[0.178s] -- Up-to-date symlink: /home/arjun/optimus1_ws/install/serial/share/ament_index/resource_index/parent_prefix_path/serial
[0.179s] -- Up-to-date symlink: /home/arjun/optimus1_ws/install/serial/share/serial/environment/ament_prefix_path.sh
[0.179s] -- Up-to-date symlink: /home/arjun/optimus1_ws/install/serial/share/serial/environment/ament_prefix_path.dsv
[0.180s] -- Up-to-date symlink: /home/arjun/optimus1_ws/install/serial/share/serial/environment/path.sh
[0.180s] -- Up-to-date symlink: /home/arjun/optimus1_ws/install/serial/share/serial/environment/path.dsv
[0.180s] -- Up-to-date symlink: /home/arjun/optimus1_ws/install/serial/share/serial/local_setup.bash
[0.180s] -- Up-to-date symlink: /home/arjun/optimus1_ws/install/serial/share/serial/local_setup.sh
[0.180s] -- Up-to-date symlink: /home/arjun/optimus1_ws/install/serial/share/serial/local_setup.zsh
[0.181s] -- Up-to-date symlink: /home/arjun/optimus1_ws/install/serial/share/serial/local_setup.dsv
[0.181s] -- Symlinking: /home/arjun/optimus1_ws/install/serial/share/serial/package.dsv
[0.187s] -- Up-to-date symlink: /home/arjun/optimus1_ws/install/serial/share/ament_index/resource_index/packages/serial
[0.188s] -- Up-to-date symlink: /home/arjun/optimus1_ws/install/serial/share/serial/cmake/ament_cmake_export_include_directories-extras.cmake
[0.188s] -- Up-to-date symlink: /home/arjun/optimus1_ws/install/serial/share/serial/cmake/ament_cmake_export_libraries-extras.cmake
[0.188s] -- Up-to-date symlink: /home/arjun/optimus1_ws/install/serial/share/serial/cmake/serialConfig.cmake
[0.189s] -- Up-to-date symlink: /home/arjun/optimus1_ws/install/serial/share/serial/cmake/serialConfig-version.cmake
[0.189s] -- Up-to-date symlink: /home/arjun/optimus1_ws/install/serial/share/serial/package.xml
