-- Install configuration: ""
-- Up-to-date: /home/arjun/optimus1_ws/install/amr/share/amr//config
-- Up-to-date: /home/arjun/optimus1_ws/install/amr/share/amr//config/empty.yaml
-- Up-to-date: /home/arjun/optimus1_ws/install/amr/share/amr//config/nav2_params.yaml
-- Up-to-date: /home/arjun/optimus1_ws/install/amr/share/amr//config/main.rviz
-- Up-to-date: /home/arjun/optimus1_ws/install/amr/share/amr//config/drive_bot.rviz
-- Up-to-date: /home/arjun/optimus1_ws/install/amr/share/amr//config/gazebo_params.yaml
-- Up-to-date: /home/arjun/optimus1_ws/install/amr/share/amr//config/gaz_ros2_ctl_use_sim.yaml
-- Up-to-date: /home/arjun/optimus1_ws/install/amr/share/amr//config/my_controllers.yaml
-- Up-to-date: /home/arjun/optimus1_ws/install/amr/share/amr//config/twist_mux.yaml
-- Up-to-date: /home/arjun/optimus1_ws/install/amr/share/amr//config/joystick.yaml
-- Up-to-date: /home/arjun/optimus1_ws/install/amr/share/amr//config/view_bot.rviz
-- Up-to-date: /home/arjun/optimus1_ws/install/amr/share/amr//config/map.rviz
-- Up-to-date: /home/arjun/optimus1_ws/install/amr/share/amr//config/mapper_params_online_async.yaml
-- Up-to-date: /home/arjun/optimus1_ws/install/amr/share/amr//description
-- Up-to-date: /home/arjun/optimus1_ws/install/amr/share/amr//description/lidar.xacro
-- Up-to-date: /home/arjun/optimus1_ws/install/amr/share/amr//description/robot.urdf.xacro
-- Up-to-date: /home/arjun/optimus1_ws/install/amr/share/amr//description/gazebo_control.xacro
-- Up-to-date: /home/arjun/optimus1_ws/install/amr/share/amr//description/lifting.xacro
-- Up-to-date: /home/arjun/optimus1_ws/install/amr/share/amr//description/robot_core.xacro
-- Up-to-date: /home/arjun/optimus1_ws/install/amr/share/amr//description/ros2_control.xacro
-- Up-to-date: /home/arjun/optimus1_ws/install/amr/share/amr//description/inertial_macros.xacro
-- Up-to-date: /home/arjun/optimus1_ws/install/amr/share/amr//launch
-- Up-to-date: /home/arjun/optimus1_ws/install/amr/share/amr//launch/localization_launch.py
-- Up-to-date: /home/arjun/optimus1_ws/install/amr/share/amr//launch/rsp.launch.py
-- Up-to-date: /home/arjun/optimus1_ws/install/amr/share/amr//launch/joystick.launch.py
-- Up-to-date: /home/arjun/optimus1_ws/install/amr/share/amr//launch/rplidar.launch.py
-- Up-to-date: /home/arjun/optimus1_ws/install/amr/share/amr//launch/launch_sim.launch.py
-- Up-to-date: /home/arjun/optimus1_ws/install/amr/share/amr//launch/launch_robot.launch.py
-- Up-to-date: /home/arjun/optimus1_ws/install/amr/share/amr//launch/navigation_launch.py
-- Up-to-date: /home/arjun/optimus1_ws/install/amr/share/amr//launch/online_async_launch.py
-- Up-to-date: /home/arjun/optimus1_ws/install/amr/share/amr//worlds
-- Up-to-date: /home/arjun/optimus1_ws/install/amr/share/amr//worlds/empty.world
-- Up-to-date: /home/arjun/optimus1_ws/install/amr/share/amr//worlds/obstacles.world
-- Up-to-date: /home/arjun/optimus1_ws/install/amr/share/ament_index/resource_index/package_run_dependencies/amr
-- Up-to-date: /home/arjun/optimus1_ws/install/amr/share/ament_index/resource_index/parent_prefix_path/amr
-- Up-to-date: /home/arjun/optimus1_ws/install/amr/share/amr/environment/ament_prefix_path.sh
-- Up-to-date: /home/arjun/optimus1_ws/install/amr/share/amr/environment/ament_prefix_path.dsv
-- Up-to-date: /home/arjun/optimus1_ws/install/amr/share/amr/environment/path.sh
-- Up-to-date: /home/arjun/optimus1_ws/install/amr/share/amr/environment/path.dsv
-- Up-to-date: /home/arjun/optimus1_ws/install/amr/share/amr/local_setup.bash
-- Up-to-date: /home/arjun/optimus1_ws/install/amr/share/amr/local_setup.sh
-- Up-to-date: /home/arjun/optimus1_ws/install/amr/share/amr/local_setup.zsh
-- Up-to-date: /home/arjun/optimus1_ws/install/amr/share/amr/local_setup.dsv
-- Installing: /home/arjun/optimus1_ws/install/amr/share/amr/package.dsv
-- Up-to-date: /home/arjun/optimus1_ws/install/amr/share/ament_index/resource_index/packages/amr
-- Up-to-date: /home/arjun/optimus1_ws/install/amr/share/amr/cmake/amrConfig.cmake
-- Up-to-date: /home/arjun/optimus1_ws/install/amr/share/amr/cmake/amrConfig-version.cmake
-- Up-to-date: /home/arjun/optimus1_ws/install/amr/share/amr/package.xml
