-- Found ament_cmake: 1.3.10 (/opt/ros/humble/share/ament_cmake/cmake)
-- Override CMake install command with custom implementation using symlinks instead of copying resources
-- Found rclcpp: 16.0.10 (/opt/ros/humble/share/rclcpp/cmake)
-- Found rosidl_generator_c: 3.1.5 (/opt/ros/humble/share/rosidl_generator_c/cmake)
-- Found rosidl_adapter: 3.1.5 (/opt/ros/humble/share/rosidl_adapter/cmake)
-- Found rosidl_generator_cpp: 3.1.5 (/opt/ros/humble/share/rosidl_generator_cpp/cmake)
-- Using all available rosidl_typesupport_c: rosidl_typesupport_fastrtps_c;rosidl_typesupport_introspection_c
-- Using all available rosidl_typesupport_cpp: rosidl_typesupport_fastrtps_cpp;rosidl_typesupport_introspection_cpp
-- Found rmw_implementation_cmake: 6.1.2 (/opt/ros/humble/share/rmw_implementation_cmake/cmake)
-- Found rmw_cyclonedds_cpp: 1.3.4 (/opt/ros/humble/share/rmw_cyclonedds_cpp/cmake)
-- Using RMW implementation 'rmw_cyclonedds_cpp' as default
-- Found sensor_msgs: 4.2.4 (/opt/ros/humble/share/sensor_msgs/cmake)
-- Found ament_lint_auto: 0.12.11 (/opt/ros/humble/share/ament_lint_auto/cmake)
-- Added test 'copyright' to check source files copyright and LICENSE
-- Added test 'cppcheck' to perform static code analysis on C / C++ code
-- Configured cppcheck include dirs: /home/arjun/optimus1_ws/src/ldlidar_sl_ros2/include;/home/arjun/optimus1_ws/src/ldlidar_sl_ros2/ldlidar_driver/include
-- Configured cppcheck exclude dirs and/or files: 
-- Added test 'cpplint' to check C / C++ code against the Google style
-- Configured cpplint exclude dirs and/or files: 
-- Added test 'flake8' to check Python code syntax and style conventions
-- Added test 'lint_cmake' to check CMake code style
-- Added test 'pep257' to check Python code against some of the docstring style conventions in PEP 257
-- Added test 'uncrustify' to check C / C++ code style
-- Configured uncrustify additional arguments: 
-- Added test 'xmllint' to check XML markup files
-- Configuring done
-- Generating done
-- Build files have been written to: /home/arjun/optimus1_ws/build/ldlidar_sl_ros2
[35m[1mConsolidate compiler generated dependencies of target ldlidar_sl_ros2_node[0m
[100%] Built target ldlidar_sl_ros2_node
-- Install configuration: ""
-- Execute custom install script
-- Up-to-date symlink: /home/arjun/optimus1_ws/install/ldlidar_sl_ros2/lib/ldlidar_sl_ros2/ldlidar_sl_ros2_node
-- Up-to-date symlink: /home/arjun/optimus1_ws/install/ldlidar_sl_ros2/share/ldlidar_sl_ros2//launch/ld14.launch.py
-- Up-to-date symlink: /home/arjun/optimus1_ws/install/ldlidar_sl_ros2/share/ldlidar_sl_ros2//launch/ld14p.launch.py
-- Up-to-date symlink: /home/arjun/optimus1_ws/install/ldlidar_sl_ros2/share/ldlidar_sl_ros2//launch/viewer_ld14.launch.py
-- Up-to-date symlink: /home/arjun/optimus1_ws/install/ldlidar_sl_ros2/share/ldlidar_sl_ros2//launch/viewer_ld14p.launch.py
-- Up-to-date symlink: /home/arjun/optimus1_ws/install/ldlidar_sl_ros2/share/ldlidar_sl_ros2//rviz2/ldlidar.rviz
-- Up-to-date symlink: /home/arjun/optimus1_ws/install/ldlidar_sl_ros2/share/ldlidar_sl_ros2//scripts/create_udev_rules.sh
-- Up-to-date symlink: /home/arjun/optimus1_ws/install/ldlidar_sl_ros2/share/ldlidar_sl_ros2//scripts/delete_udev_rules.sh
-- Up-to-date symlink: /home/arjun/optimus1_ws/install/ldlidar_sl_ros2/share/ldlidar_sl_ros2//scripts/ldlidar.rules
-- Up-to-date symlink: /home/arjun/optimus1_ws/install/ldlidar_sl_ros2/share/ament_index/resource_index/package_run_dependencies/ldlidar_sl_ros2
-- Up-to-date symlink: /home/arjun/optimus1_ws/install/ldlidar_sl_ros2/share/ament_index/resource_index/parent_prefix_path/ldlidar_sl_ros2
-- Up-to-date symlink: /home/arjun/optimus1_ws/install/ldlidar_sl_ros2/share/ldlidar_sl_ros2/environment/ament_prefix_path.sh
-- Up-to-date symlink: /home/arjun/optimus1_ws/install/ldlidar_sl_ros2/share/ldlidar_sl_ros2/environment/ament_prefix_path.dsv
-- Up-to-date symlink: /home/arjun/optimus1_ws/install/ldlidar_sl_ros2/share/ldlidar_sl_ros2/environment/path.sh
-- Up-to-date symlink: /home/arjun/optimus1_ws/install/ldlidar_sl_ros2/share/ldlidar_sl_ros2/environment/path.dsv
-- Up-to-date symlink: /home/arjun/optimus1_ws/install/ldlidar_sl_ros2/share/ldlidar_sl_ros2/local_setup.bash
-- Up-to-date symlink: /home/arjun/optimus1_ws/install/ldlidar_sl_ros2/share/ldlidar_sl_ros2/local_setup.sh
-- Up-to-date symlink: /home/arjun/optimus1_ws/install/ldlidar_sl_ros2/share/ldlidar_sl_ros2/local_setup.zsh
-- Up-to-date symlink: /home/arjun/optimus1_ws/install/ldlidar_sl_ros2/share/ldlidar_sl_ros2/local_setup.dsv
-- Symlinking: /home/arjun/optimus1_ws/install/ldlidar_sl_ros2/share/ldlidar_sl_ros2/package.dsv
-- Up-to-date symlink: /home/arjun/optimus1_ws/install/ldlidar_sl_ros2/share/ament_index/resource_index/packages/ldlidar_sl_ros2
-- Up-to-date symlink: /home/arjun/optimus1_ws/install/ldlidar_sl_ros2/share/ldlidar_sl_ros2/cmake/ldlidar_sl_ros2Config.cmake
-- Up-to-date symlink: /home/arjun/optimus1_ws/install/ldlidar_sl_ros2/share/ldlidar_sl_ros2/cmake/ldlidar_sl_ros2Config-version.cmake
-- Up-to-date symlink: /home/arjun/optimus1_ws/install/ldlidar_sl_ros2/share/ldlidar_sl_ros2/package.xml
