[0.022s] Invoking command in '/home/arjun/optimus1_ws/build/serial': CMAKE_PREFIX_PATH=${CMAKE_PREFIX_PATH}:/home/arjun/opt_ws/install/my_bot_controller:/home/arjun/ros2_ws/install/my_robot_controller:/opt/ros/humble /usr/bin/cmake --build /home/arjun/optimus1_ws/build/serial -- -j8 -l8
[0.081s] [35m[1mConsolidate compiler generated dependencies of target gtest[0m
[0.083s] [35m[1mConsolidate compiler generated dependencies of target gtest_main[0m
[0.083s] [35m[1mConsolidate compiler generated dependencies of target serial[0m
[0.103s] [ 14%] Built target gtest_main
[0.108s] [ 42%] Built target serial
[0.112s] [ 57%] Built target gtest
[0.125s] [35m[1mConsolidate compiler generated dependencies of target serial-test-timer[0m
[0.126s] [35m[1mConsolidate compiler generated dependencies of target serial_example[0m
[0.131s] [35m[1mConsolidate compiler generated dependencies of target serial-test[0m
[0.143s] [ 71%] Built target serial-test-timer
[0.147s] [ 85%] Built target serial_example
[0.151s] [100%] Built target serial-test
[0.160s] Invoked command in '/home/arjun/optimus1_ws/build/serial' returned '0': CMAKE_PREFIX_PATH=${CMAKE_PREFIX_PATH}:/home/arjun/opt_ws/install/my_bot_controller:/home/arjun/ros2_ws/install/my_robot_controller:/opt/ros/humble /usr/bin/cmake --build /home/arjun/optimus1_ws/build/serial -- -j8 -l8
[0.189s] Invoking command in '/home/arjun/optimus1_ws/build/serial': CMAKE_PREFIX_PATH=${CMAKE_PREFIX_PATH}:/home/arjun/opt_ws/install/my_bot_controller:/home/arjun/ros2_ws/install/my_robot_controller:/opt/ros/humble /usr/bin/cmake --install /home/arjun/optimus1_ws/build/serial
[0.195s] -- Install configuration: ""
[0.195s] -- Installing: /home/arjun/optimus1_ws/install/serial/lib/libserial.a
[0.196s] -- Installing: /home/arjun/optimus1_ws/install/serial/include/serial/serial.h
[0.197s] -- Installing: /home/arjun/optimus1_ws/install/serial/include/serial/v8stdint.h
[0.197s] -- Installing: /home/arjun/optimus1_ws/install/serial/share/serial/environment/library_path.sh
[0.197s] -- Installing: /home/arjun/optimus1_ws/install/serial/share/serial/environment/library_path.dsv
[0.197s] -- Installing: /home/arjun/optimus1_ws/install/serial/share/ament_index/resource_index/package_run_dependencies/serial
[0.198s] -- Installing: /home/arjun/optimus1_ws/install/serial/share/ament_index/resource_index/parent_prefix_path/serial
[0.198s] -- Installing: /home/arjun/optimus1_ws/install/serial/share/serial/environment/ament_prefix_path.sh
[0.198s] -- Installing: /home/arjun/optimus1_ws/install/serial/share/serial/environment/ament_prefix_path.dsv
[0.198s] -- Installing: /home/arjun/optimus1_ws/install/serial/share/serial/environment/path.sh
[0.198s] -- Installing: /home/arjun/optimus1_ws/install/serial/share/serial/environment/path.dsv
[0.199s] -- Installing: /home/arjun/optimus1_ws/install/serial/share/serial/local_setup.bash
[0.199s] -- Installing: /home/arjun/optimus1_ws/install/serial/share/serial/local_setup.sh
[0.199s] -- Installing: /home/arjun/optimus1_ws/install/serial/share/serial/local_setup.zsh
[0.199s] -- Installing: /home/arjun/optimus1_ws/install/serial/share/serial/local_setup.dsv
[0.200s] -- Installing: /home/arjun/optimus1_ws/install/serial/share/serial/package.dsv
[0.200s] -- Installing: /home/arjun/optimus1_ws/install/serial/share/ament_index/resource_index/packages/serial
[0.200s] -- Installing: /home/arjun/optimus1_ws/install/serial/share/serial/cmake/ament_cmake_export_include_directories-extras.cmake
[0.200s] -- Installing: /home/arjun/optimus1_ws/install/serial/share/serial/cmake/ament_cmake_export_libraries-extras.cmake
[0.200s] -- Installing: /home/arjun/optimus1_ws/install/serial/share/serial/cmake/serialConfig.cmake
[0.201s] -- Installing: /home/arjun/optimus1_ws/install/serial/share/serial/cmake/serialConfig-version.cmake
[0.201s] -- Installing: /home/arjun/optimus1_ws/install/serial/share/serial/package.xml
[0.206s] Invoked command in '/home/arjun/optimus1_ws/build/serial' returned '0': CMAKE_PREFIX_PATH=${CMAKE_PREFIX_PATH}:/home/arjun/opt_ws/install/my_bot_controller:/home/arjun/ros2_ws/install/my_robot_controller:/opt/ros/humble /usr/bin/cmake --install /home/arjun/optimus1_ws/build/serial
